Loaded dependency [python3/3.10.12]: gcc/11.4.0-binutils-2.40
Loaded dependency [python3/3.10.12]: sqlite3/3.42.0

Switching from python3/3.8.2 to python3/3.10.12
  Loading requirement: gcc/11.4.0-binutils-2.40 sqlite3/3.42.0
2024-05-02 08:12:32.245395: E tensorflow/compiler/xla/stream_executor/cuda/cuda_dnn.cc:9342] Unable to register cuDNN factory: Attempting to register factory for plugin cuDNN when one has already been registered
2024-05-02 08:12:32.245596: E tensorflow/compiler/xla/stream_executor/cuda/cuda_fft.cc:609] Unable to register cuFFT factory: Attempting to register factory for plugin cuFFT when one has already been registered
2024-05-02 08:12:32.251339: E tensorflow/compiler/xla/stream_executor/cuda/cuda_blas.cc:1518] Unable to register cuBLAS factory: Attempting to register factory for plugin cuBLAS when one has already been registered
using M.Exp for Logarithm
Epoch: 100 	 loss = -1006.3672
Epoch: 200 	 loss = -1010.1462
Epoch: 300 	 loss = -1007.2004
Epoch: 400 	 loss = -1005.8743
Epoch: 500 	 loss = -1016.4608
Epoch: 600 	 loss = -1001.6981
Epoch: 700 	 loss = -1004.4264
Epoch: 800 	 loss = -1008.0864
Epoch: 900 	 loss = -1013.0877
Epoch: 1000 	 loss = -1007.0166
Epoch: 1100 	 loss = -1013.1155
Epoch: 1200 	 loss = -1007.5226
Epoch: 1300 	 loss = -1005.6555
Epoch: 1400 	 loss = -1001.2600
Epoch: 1500 	 loss = -1008.8188
Epoch: 1600 	 loss = -1007.8309
Epoch: 1700 	 loss = -1007.2628
Epoch: 1800 	 loss = -1005.2495
Epoch: 1900 	 loss = -1006.8497
Epoch: 2000 	 loss = -1009.3652
Epoch: 2100 	 loss = -1005.1639
Epoch: 2200 	 loss = -1008.6587
Epoch: 2300 	 loss = -1010.8947
Epoch: 2400 	 loss = -1004.7279
Epoch: 2500 	 loss = -1011.3385
Epoch: 2600 	 loss = -1015.9156
Epoch: 2700 	 loss = -1006.8438
Epoch: 2800 	 loss = -1009.3425
Epoch: 2900 	 loss = -1009.0797
Epoch: 3000 	 loss = -1013.4019
Epoch: 3100 	 loss = -1005.4462
Epoch: 3200 	 loss = -1008.5972
Epoch: 3300 	 loss = -1009.7399
Epoch: 3400 	 loss = -1009.3536
Epoch: 3500 	 loss = -1010.6401
Epoch: 3600 	 loss = -1005.4253
Epoch: 3700 	 loss = -1009.1584
Epoch: 3800 	 loss = -1013.4557
Epoch: 3900 	 loss = -1008.0546
Epoch: 4000 	 loss = -1008.1246
Epoch: 4100 	 loss = -1009.4399
Epoch: 4200 	 loss = -1012.9399
Epoch: 4300 	 loss = -1008.2975
Epoch: 4400 	 loss = -1004.0872
Epoch: 4500 	 loss = -1009.1705
Epoch: 4600 	 loss = -1013.3973
Epoch: 4700 	 loss = -1010.3884
Epoch: 4800 	 loss = -1008.3749
Epoch: 4900 	 loss = -1006.8961
Epoch: 5000 	 loss = -1009.7781
Epoch: 5100 	 loss = -1012.6406
Epoch: 5200 	 loss = -1010.0084
Epoch: 5300 	 loss = -1005.2323
Epoch: 5400 	 loss = -1008.1637
Epoch: 5500 	 loss = -1009.3129
Epoch: 5600 	 loss = -1009.9537
Epoch: 5700 	 loss = -1010.9930
Epoch: 5800 	 loss = -1009.1334
Epoch: 5900 	 loss = -1010.0526
Epoch: 6000 	 loss = -1010.1052
Epoch: 6100 	 loss = -1006.4498
Epoch: 6200 	 loss = -1006.6733
Epoch: 6300 	 loss = -1007.5945
Epoch: 6400 	 loss = -1006.9382
Epoch: 6500 	 loss = -1006.1674
Epoch: 6600 	 loss = -1007.8160
Epoch: 6700 	 loss = -1014.4438
Epoch: 6800 	 loss = -1005.0204
Epoch: 6900 	 loss = -1003.7870
Epoch: 7000 	 loss = -1009.3442
Epoch: 7100 	 loss = -1003.3806
Epoch: 7200 	 loss = -1006.8087
Epoch: 7300 	 loss = -1002.5001
Epoch: 7400 	 loss = -1005.1925
Epoch: 7500 	 loss = -1001.4879
Epoch: 7600 	 loss = -1012.0143
Epoch: 7700 	 loss = -1006.7405
Epoch: 7800 	 loss = -1010.2148
Epoch: 7900 	 loss = -1007.4207
Epoch: 8000 	 loss = -1005.2771
Epoch: 8100 	 loss = -1006.9036
Epoch: 8200 	 loss = -1002.9305
Epoch: 8300 	 loss = -1012.5306
Epoch: 8400 	 loss = -1009.1002
Epoch: 8500 	 loss = -1000.8397
Epoch: 8600 	 loss = -1008.1064
Epoch: 8700 	 loss = -1009.0285
Epoch: 8800 	 loss = -1008.1179
Epoch: 8900 	 loss = -1004.9014
Epoch: 9000 	 loss = -1011.4086
Epoch: 9100 	 loss = -1001.1213
Epoch: 9200 	 loss = -1004.5518
Epoch: 9300 	 loss = -1007.0049
Epoch: 9400 	 loss = -1005.7357
Epoch: 9500 	 loss = -1003.7977
Epoch: 9600 	 loss = -1005.8923
Epoch: 9700 	 loss = -1005.0308
Epoch: 9800 	 loss = -1007.6036
Epoch: 9900 	 loss = -1011.9677
Epoch: 10000 	 loss = -1007.6146
Epoch: 10100 	 loss = -1009.4825
Epoch: 10200 	 loss = -1011.7101
Epoch: 10300 	 loss = -1003.8513
Epoch: 10400 	 loss = -1013.3610
Epoch: 10500 	 loss = -1007.7560
Epoch: 10600 	 loss = -1002.5486
Epoch: 10700 	 loss = -1007.1205
Epoch: 10800 	 loss = -1012.9404
Epoch: 10900 	 loss = -1007.4084
Epoch: 11000 	 loss = -1007.4875
Epoch: 11100 	 loss = -1009.2311
Epoch: 11200 	 loss = -1010.3621
Epoch: 11300 	 loss = -1010.0337
Epoch: 11400 	 loss = -1006.3954
Epoch: 11500 	 loss = -1005.1163
Epoch: 11600 	 loss = -1008.5668
Epoch: 11700 	 loss = -1006.5633
Epoch: 11800 	 loss = -1009.7670
Epoch: 11900 	 loss = -1005.9290
Epoch: 12000 	 loss = -1009.2130
Epoch: 12100 	 loss = -1003.0563
Epoch: 12200 	 loss = -1005.0536
Epoch: 12300 	 loss = -1004.6656
Epoch: 12400 	 loss = -1009.9808
Epoch: 12500 	 loss = -1008.8081
Epoch: 12600 	 loss = -1003.8689
Epoch: 12700 	 loss = -1003.4243
Epoch: 12800 	 loss = -1006.0788
Epoch: 12900 	 loss = -1012.0527
Epoch: 13000 	 loss = -1006.0463
Epoch: 13100 	 loss = -1009.6805
Epoch: 13200 	 loss = -1014.7524
Epoch: 13300 	 loss = -1008.9118
Epoch: 13400 	 loss = -1007.5826
Epoch: 13500 	 loss = -1002.7385
Epoch: 13600 	 loss = -1008.3624
Epoch: 13700 	 loss = -1002.5264
Epoch: 13800 	 loss = -1009.6873
Epoch: 13900 	 loss = -1009.5925
Epoch: 14000 	 loss = -1006.4342
Epoch: 14100 	 loss = -1003.5873
Epoch: 14200 	 loss = -1006.0609
Epoch: 14300 	 loss = -1008.8752
Epoch: 14400 	 loss = -1007.7753
Epoch: 14500 	 loss = -1011.5199
Epoch: 14600 	 loss = -1005.2682
Epoch: 14700 	 loss = -1004.9643
Epoch: 14800 	 loss = -1003.1674
Epoch: 14900 	 loss = -1009.6118
Epoch: 15000 	 loss = -1005.3503
Epoch: 15100 	 loss = -1004.3312
Epoch: 15200 	 loss = -1007.0178
Epoch: 15300 	 loss = -1006.1136
Epoch: 15400 	 loss = -1007.9114
Epoch: 15500 	 loss = -1004.9112
Epoch: 15600 	 loss = -1007.4036
Epoch: 15700 	 loss = -1009.0675
Epoch: 15800 	 loss = -1013.8854
Epoch: 15900 	 loss = -1001.5663
Epoch: 16000 	 loss = -1009.0093
Epoch: 16100 	 loss = -1004.6561
Epoch: 16200 	 loss = -1008.0375
Epoch: 16300 	 loss = -1004.8042
Epoch: 16400 	 loss = -1003.0215
Epoch: 16500 	 loss = -1008.6434
Epoch: 16600 	 loss = -1011.7749
Epoch: 16700 	 loss = -1003.9224
Epoch: 16800 	 loss = -1010.6830
Epoch: 16900 	 loss = -1004.3568
Epoch: 17000 	 loss = -1006.1155
Epoch: 17100 	 loss = -1010.4812
Epoch: 17200 	 loss = -1009.0571
Epoch: 17300 	 loss = -1008.2684
Epoch: 17400 	 loss = -1007.4274
Epoch: 17500 	 loss = -1010.3188
Epoch: 17600 	 loss = -1006.8791
Epoch: 17700 	 loss = -1009.4665
Epoch: 17800 	 loss = -1002.9589
Epoch: 17900 	 loss = -1000.4948
Epoch: 18000 	 loss = -1003.7046
Epoch: 18100 	 loss = -1008.9109
Epoch: 18200 	 loss = -1017.2162
Epoch: 18300 	 loss = -1007.5844
Epoch: 18400 	 loss = -1003.6318
Epoch: 18500 	 loss = -1013.8104
Epoch: 18600 	 loss = -1000.6917
Epoch: 18700 	 loss = -1012.2780
Epoch: 18800 	 loss = -1010.1915
Epoch: 18900 	 loss = -1013.8237
Epoch: 19000 	 loss = -1011.4713
Epoch: 19100 	 loss = -1003.4140
Epoch: 19200 	 loss = -1006.4860
Epoch: 19300 	 loss = -1011.2094
Epoch: 19400 	 loss = -1004.5455
Epoch: 19500 	 loss = -1004.6646
Epoch: 19600 	 loss = -1010.4082
Epoch: 19700 	 loss = -1002.3907
Epoch: 19800 	 loss = -1009.4425
Epoch: 19900 	 loss = -1009.9404
Epoch: 20000 	 loss = -1012.7599
Epoch: 20100 	 loss = -1005.3019
Epoch: 20200 	 loss = -1007.0928
Epoch: 20300 	 loss = -1011.1934
Epoch: 20400 	 loss = -1011.6142
Epoch: 20500 	 loss = -1013.2897
Epoch: 20600 	 loss = -1009.7279
Epoch: 20700 	 loss = -1010.2388
Epoch: 20800 	 loss = -1003.1907
Epoch: 20900 	 loss = -1004.9685
Epoch: 21000 	 loss = -1006.2555
Epoch: 21100 	 loss = -1004.8821
Epoch: 21200 	 loss = -1010.0855
Epoch: 21300 	 loss = -1007.7838
Epoch: 21400 	 loss = -1007.8162
Epoch: 21500 	 loss = -1007.4765
Epoch: 21600 	 loss = -1006.0420
Epoch: 21700 	 loss = -1006.1833
Epoch: 21800 	 loss = -1010.4283
Epoch: 21900 	 loss = -1010.0763
Epoch: 22000 	 loss = -1009.2831
Epoch: 22100 	 loss = -1005.2291
Epoch: 22200 	 loss = -1005.0311
Epoch: 22300 	 loss = -1009.7241
Epoch: 22400 	 loss = -1012.3766
Epoch: 22500 	 loss = -1002.8735
Epoch: 22600 	 loss = -1005.0596
Epoch: 22700 	 loss = -1002.6486
Epoch: 22800 	 loss = -1005.1381
Epoch: 22900 	 loss = -1010.3489
Epoch: 23000 	 loss = -1008.3485
Epoch: 23100 	 loss = -1007.6843
Epoch: 23200 	 loss = -1004.8978
Epoch: 23300 	 loss = -1011.9633
Epoch: 23400 	 loss = -1012.0040
Epoch: 23500 	 loss = -1004.7039
Epoch: 23600 	 loss = -1009.3685
Epoch: 23700 	 loss = -1006.4382
Epoch: 23800 	 loss = -1004.8684
Epoch: 23900 	 loss = -1006.2807
Epoch: 24000 	 loss = -1011.7274
Epoch: 24100 	 loss = -1009.8965
Epoch: 24200 	 loss = -1006.5752
Epoch: 24300 	 loss = -1006.5531
Epoch: 24400 	 loss = -1005.2274
Epoch: 24500 	 loss = -1006.8657
Epoch: 24600 	 loss = -1003.5282
Epoch: 24700 	 loss = -1007.5770
Epoch: 24800 	 loss = -1010.8856
Epoch: 24900 	 loss = -1012.4308
Epoch: 25000 	 loss = -1003.2299
Epoch: 25100 	 loss = -1004.8840
Epoch: 25200 	 loss = -1007.5298
Epoch: 25300 	 loss = -1010.9979
Epoch: 25400 	 loss = -1012.9495
Epoch: 25500 	 loss = -1005.6097
Epoch: 25600 	 loss = -1007.5140
Epoch: 25700 	 loss = -1008.0032
Epoch: 25800 	 loss = -1005.9609
Epoch: 25900 	 loss = -1010.5958
Epoch: 26000 	 loss = -1011.9480
Epoch: 26100 	 loss = -1004.5383
Epoch: 26200 	 loss = -1009.5832
Epoch: 26300 	 loss = -1012.7757
Epoch: 26400 	 loss = -1006.5068
Epoch: 26500 	 loss = -1007.3445
Epoch: 26600 	 loss = -1010.7587
Epoch: 26700 	 loss = -1014.1368
Epoch: 26800 	 loss = -1009.3094
Epoch: 26900 	 loss = -1006.2043
Epoch: 27000 	 loss = -1004.5077
Epoch: 27100 	 loss = -1007.3997
Epoch: 27200 	 loss = -1009.2945
Epoch: 27300 	 loss = -1005.8639
Epoch: 27400 	 loss = -1013.4654
Epoch: 27500 	 loss = -1010.0439
Epoch: 27600 	 loss = -1009.0289
Epoch: 27700 	 loss = -1003.4390
Epoch: 27800 	 loss = -1003.3752
Epoch: 27900 	 loss = -1010.5988
Epoch: 28000 	 loss = -1000.6526
Epoch: 28100 	 loss = -1004.8487
Epoch: 28200 	 loss = -1002.8362
Epoch: 28300 	 loss = -1008.7299
Epoch: 28400 	 loss = -1007.1740
Epoch: 28500 	 loss = -1011.9896
Epoch: 28600 	 loss = -1007.4802
Epoch: 28700 	 loss = -1009.1060
Epoch: 28800 	 loss = -1010.0888
Epoch: 28900 	 loss = -1005.0495
Epoch: 29000 	 loss = -1015.0087
Epoch: 29100 	 loss = -1004.6069
Epoch: 29200 	 loss = -1007.2612
Epoch: 29300 	 loss = -1008.7952
Epoch: 29400 	 loss = -1007.1160
Epoch: 29500 	 loss = -1007.9672
Epoch: 29600 	 loss = -1004.1527
Epoch: 29700 	 loss = -1006.9447
Epoch: 29800 	 loss = -1006.0777
Epoch: 29900 	 loss = -1004.3986
Epoch: 30000 	 loss = -1005.1960
Epoch: 30100 	 loss = -1005.3970
Epoch: 30200 	 loss = -1006.7590
Epoch: 30300 	 loss = -1005.1522
Epoch: 30400 	 loss = -1010.3533
Epoch: 30500 	 loss = -1006.1638
Epoch: 30600 	 loss = -1007.1801
Epoch: 30700 	 loss = -1003.1703
Epoch: 30800 	 loss = -1009.8853
Epoch: 30900 	 loss = -1010.1927
Epoch: 31000 	 loss = -1002.7573
Epoch: 31100 	 loss = -1004.4583
Epoch: 31200 	 loss = -1003.8357
Epoch: 31300 	 loss = -1002.7506
Epoch: 31400 	 loss = -1009.1320
Epoch: 31500 	 loss = -1010.0686
Epoch: 31600 	 loss = -1007.5350
Epoch: 31700 	 loss = -1011.9891
Epoch: 31800 	 loss = -1005.7159
Epoch: 31900 	 loss = -1011.8287
Epoch: 32000 	 loss = -1011.1603
Epoch: 32100 	 loss = -1005.2497
Epoch: 32200 	 loss = -1004.0123
Epoch: 32300 	 loss = -1001.5919
Epoch: 32400 	 loss = -1005.2057
Epoch: 32500 	 loss = -1005.5216
Epoch: 32600 	 loss = -1008.0475
Epoch: 32700 	 loss = -1004.0828
Epoch: 32800 	 loss = -1010.6606
Epoch: 32900 	 loss = -1006.8000
Epoch: 33000 	 loss = -1007.5657
Epoch: 33100 	 loss = -1005.7692
Epoch: 33200 	 loss = -1004.7995
Epoch: 33300 	 loss = -1011.0440
Epoch: 33400 	 loss = -1003.6461
Epoch: 33500 	 loss = -1006.4184
Epoch: 33600 	 loss = -1005.4417
Epoch: 33700 	 loss = -1008.0426
Epoch: 33800 	 loss = -1005.4841
Epoch: 33900 	 loss = -1006.7870
Epoch: 34000 	 loss = -1006.7174
Epoch: 34100 	 loss = -1011.0808
Epoch: 34200 	 loss = -1007.8456
Epoch: 34300 	 loss = -1007.4528
Epoch: 34400 	 loss = -1006.9287
Epoch: 34500 	 loss = -1015.0156
Epoch: 34600 	 loss = -1013.1643
Epoch: 34700 	 loss = -1007.0431
Epoch: 34800 	 loss = -1005.7959
Epoch: 34900 	 loss = -1011.0488
Epoch: 35000 	 loss = -1004.9137
Epoch: 35100 	 loss = -1004.7012
Epoch: 35200 	 loss = -1008.7300
Epoch: 35300 	 loss = -1005.8353
Epoch: 35400 	 loss = -1006.4529
Epoch: 35500 	 loss = -1007.4179
Epoch: 35600 	 loss = -1004.8367
Epoch: 35700 	 loss = -1006.4976
Epoch: 35800 	 loss = -1012.4792
Epoch: 35900 	 loss = -1002.9297
Epoch: 36000 	 loss = -1011.2466
Epoch: 36100 	 loss = -1008.6915
Epoch: 36200 	 loss = -1002.7052
Epoch: 36300 	 loss = -1007.7117
Epoch: 36400 	 loss = -1008.2200
Epoch: 36500 	 loss = -1003.3656
Epoch: 36600 	 loss = -1006.6744
Epoch: 36700 	 loss = -1005.7272
Epoch: 36800 	 loss = -1011.7755
Epoch: 36900 	 loss = -1010.1030
Epoch: 37000 	 loss = -1007.6978
Epoch: 37100 	 loss = -1013.3632
Epoch: 37200 	 loss = -1007.6149
Epoch: 37300 	 loss = -1005.7355
Epoch: 37400 	 loss = -1006.5665
Epoch: 37500 	 loss = -1006.2473
Epoch: 37600 	 loss = -1008.8461
Epoch: 37700 	 loss = -1007.0247
Epoch: 37800 	 loss = -1004.4734
Epoch: 37900 	 loss = -1006.9032
Epoch: 38000 	 loss = -1010.2990
Epoch: 38100 	 loss = -1006.8755
Epoch: 38200 	 loss = -1014.5203
Epoch: 38300 	 loss = -1011.8691
Epoch: 38400 	 loss = -1008.0360
Epoch: 38500 	 loss = -1011.5360
Epoch: 38600 	 loss = -1003.2703
Epoch: 38700 	 loss = -1007.9210
Epoch: 38800 	 loss = -1007.8475
Epoch: 38900 	 loss = -1008.7890
Epoch: 39000 	 loss = -1011.9379
Epoch: 39100 	 loss = -1005.0461
Epoch: 39200 	 loss = -1008.3247
Epoch: 39300 	 loss = -1008.5354
Epoch: 39400 	 loss = -1007.8529
Epoch: 39500 	 loss = -1008.4160
Epoch: 39600 	 loss = -1010.5393
Epoch: 39700 	 loss = -1010.9695
Epoch: 39800 	 loss = -1005.9388
Epoch: 39900 	 loss = -1009.2217
Epoch: 40000 	 loss = -1003.9548
Epoch: 40100 	 loss = -1014.0859
Epoch: 40200 	 loss = -1007.6697
Epoch: 40300 	 loss = -1008.5553
Epoch: 40400 	 loss = -1002.1960
Epoch: 40500 	 loss = -1005.9203
Epoch: 40600 	 loss = -1012.0211
Epoch: 40700 	 loss = -1006.1812
Epoch: 40800 	 loss = -1009.8458
Epoch: 40900 	 loss = -1005.0179
Epoch: 41000 	 loss = -1007.0886
Epoch: 41100 	 loss = -1004.4113
Epoch: 41200 	 loss = -1007.7859
Epoch: 41300 	 loss = -1003.1208
Epoch: 41400 	 loss = -1006.2181
Epoch: 41500 	 loss = -1004.0013
Epoch: 41600 	 loss = -1003.5142
Epoch: 41700 	 loss = -1008.0778
Epoch: 41800 	 loss = -1002.3138
Epoch: 41900 	 loss = -1004.3917
Epoch: 42000 	 loss = -1009.3816
Epoch: 42100 	 loss = -1008.5509
Epoch: 42200 	 loss = -1009.1024
Epoch: 42300 	 loss = -1006.0408
Epoch: 42400 	 loss = -1008.2898
Epoch: 42500 	 loss = -1003.6041
Epoch: 42600 	 loss = -1007.0273
Epoch: 42700 	 loss = -1004.0468
Epoch: 42800 	 loss = -1008.5519
Epoch: 42900 	 loss = -1006.7384
Epoch: 43000 	 loss = -1009.1105
Epoch: 43100 	 loss = -1010.9459
Epoch: 43200 	 loss = -1002.1702
Epoch: 43300 	 loss = -1013.5935
Epoch: 43400 	 loss = -1012.4883
Epoch: 43500 	 loss = -1003.8972
Epoch: 43600 	 loss = -1001.7148
Epoch: 43700 	 loss = -1006.3891
Epoch: 43800 	 loss = -1005.8317
Epoch: 43900 	 loss = -1008.5408
Epoch: 44000 	 loss = -1006.2199
Epoch: 44100 	 loss = -1005.3044
Epoch: 44200 	 loss = -1004.6559
Epoch: 44300 	 loss = -1014.1482
Epoch: 44400 	 loss = -1003.1270
Epoch: 44500 	 loss = -1004.6314
Epoch: 44600 	 loss = -1010.0375
Epoch: 44700 	 loss = -1005.9380
Epoch: 44800 	 loss = -1004.6785
Epoch: 44900 	 loss = -1009.3084
Epoch: 45000 	 loss = -1006.8859
Epoch: 45100 	 loss = -1010.8037
Epoch: 45200 	 loss = -1008.4820
Epoch: 45300 	 loss = -1004.1906
Epoch: 45400 	 loss = -1010.3682
Epoch: 45500 	 loss = -1009.0347
Epoch: 45600 	 loss = -1012.4327
Epoch: 45700 	 loss = -1006.2820
Epoch: 45800 	 loss = -1008.3920
Epoch: 45900 	 loss = -1002.2614
Epoch: 46000 	 loss = -1007.7236
Epoch: 46100 	 loss = -1003.8015
Epoch: 46200 	 loss = -1010.5486
Epoch: 46300 	 loss = -1006.9594
Epoch: 46400 	 loss = -1003.8491
Epoch: 46500 	 loss = -1011.0691
Epoch: 46600 	 loss = -1005.2086
Epoch: 46700 	 loss = -1008.0542
Epoch: 46800 	 loss = -1005.3562
Epoch: 46900 	 loss = -1006.2951
Epoch: 47000 	 loss = -1003.1708
Epoch: 47100 	 loss = -1007.5582
Epoch: 47200 	 loss = -1003.9951
Epoch: 47300 	 loss = -1005.1260
Epoch: 47400 	 loss = -1009.5304
Epoch: 47500 	 loss = -1008.8072
Epoch: 47600 	 loss = -1004.6520
Epoch: 47700 	 loss = -1009.2452
Epoch: 47800 	 loss = -1009.5149
Epoch: 47900 	 loss = -1007.5361
Epoch: 48000 	 loss = -1006.9628
Epoch: 48100 	 loss = -998.9071
Epoch: 48200 	 loss = -1005.7700
Epoch: 48300 	 loss = -1006.8657
Epoch: 48400 	 loss = -1011.1680
Epoch: 48500 	 loss = -1006.2358
Epoch: 48600 	 loss = -1013.2896
Epoch: 48700 	 loss = -1006.6812
Epoch: 48800 	 loss = -1004.2152
Epoch: 48900 	 loss = -1003.8616
Epoch: 49000 	 loss = -1001.0868
Epoch: 49100 	 loss = -1010.1549
Epoch: 49200 	 loss = -1001.0142
Epoch: 49300 	 loss = -1004.1655
Epoch: 49400 	 loss = -1013.9148
Epoch: 49500 	 loss = -1008.1556
Epoch: 49600 	 loss = -1005.0134
Epoch: 49700 	 loss = -1006.3071
Epoch: 49800 	 loss = -1004.5499
Epoch: 49900 	 loss = -1005.1550
Epoch: 50000 	 loss = -1004.6238
Epoch: 50000 	 loss = -1004.6238
