Loaded dependency [python3/3.10.12]: gcc/11.4.0-binutils-2.40
Loaded dependency [python3/3.10.12]: sqlite3/3.42.0

Switching from python3/3.8.2 to python3/3.10.12
  Loading requirement: gcc/11.4.0-binutils-2.40 sqlite3/3.42.0
2024-05-02 16:49:55.048769: E tensorflow/compiler/xla/stream_executor/cuda/cuda_dnn.cc:9342] Unable to register cuDNN factory: Attempting to register factory for plugin cuDNN when one has already been registered
2024-05-02 16:49:55.048809: E tensorflow/compiler/xla/stream_executor/cuda/cuda_fft.cc:609] Unable to register cuFFT factory: Attempting to register factory for plugin cuFFT when one has already been registered
2024-05-02 16:49:55.081543: E tensorflow/compiler/xla/stream_executor/cuda/cuda_blas.cc:1518] Unable to register cuBLAS factory: Attempting to register factory for plugin cuBLAS when one has already been registered
using M.Exp for Logarithm
Epoch: 100 	 loss = -160.3782
Epoch: 200 	 loss = -157.3722
Epoch: 300 	 loss = -170.3616
Epoch: 400 	 loss = -172.3273
Epoch: 500 	 loss = -163.5995
Epoch: 600 	 loss = -149.7030
Epoch: 700 	 loss = -162.4549
Epoch: 800 	 loss = -157.1736
Epoch: 900 	 loss = -170.4266
Epoch: 1000 	 loss = -168.3639
Epoch: 1100 	 loss = -162.7415
Epoch: 1200 	 loss = -162.2071
Epoch: 1300 	 loss = -158.2843
Epoch: 1400 	 loss = -163.7368
Epoch: 1500 	 loss = -160.0727
Epoch: 1600 	 loss = -166.8211
Epoch: 1700 	 loss = -169.3300
Epoch: 1800 	 loss = -171.6023
Epoch: 1900 	 loss = -161.0640
Epoch: 2000 	 loss = -172.1643
Epoch: 2100 	 loss = -152.2207
Epoch: 2200 	 loss = -163.7054
Epoch: 2300 	 loss = -154.3761
Epoch: 2400 	 loss = -162.8958
Epoch: 2500 	 loss = -153.4714
Epoch: 2600 	 loss = -176.1294
Epoch: 2700 	 loss = -161.1646
Epoch: 2800 	 loss = -173.7978
Epoch: 2900 	 loss = -160.2572
Epoch: 3000 	 loss = -162.9831
Epoch: 3100 	 loss = -169.3699
Epoch: 3200 	 loss = -165.5427
Epoch: 3300 	 loss = -161.2976
Epoch: 3400 	 loss = -174.6519
Epoch: 3500 	 loss = -168.5951
Epoch: 3600 	 loss = -164.3008
Epoch: 3700 	 loss = -171.6625
Epoch: 3800 	 loss = -154.0636
Epoch: 3900 	 loss = -155.1202
Epoch: 4000 	 loss = -176.0224
Epoch: 4100 	 loss = -170.3920
Epoch: 4200 	 loss = -161.7603
Epoch: 4300 	 loss = -161.4831
Epoch: 4400 	 loss = -174.3224
Epoch: 4500 	 loss = -172.5246
Epoch: 4600 	 loss = -156.6506
Epoch: 4700 	 loss = -157.1557
Epoch: 4800 	 loss = -149.5030
Epoch: 4900 	 loss = -171.4428
Epoch: 5000 	 loss = -167.7405
Epoch: 5100 	 loss = -162.2573
Epoch: 5200 	 loss = -158.6988
Epoch: 5300 	 loss = -156.8355
Epoch: 5400 	 loss = -165.9650
Epoch: 5500 	 loss = -168.2015
Epoch: 5600 	 loss = -171.8590
Epoch: 5700 	 loss = -156.6283
Epoch: 5800 	 loss = -164.9142
Epoch: 5900 	 loss = -163.9004
Epoch: 6000 	 loss = -166.0116
Epoch: 6100 	 loss = -174.6269
Epoch: 6200 	 loss = -166.6432
Epoch: 6300 	 loss = -163.4020
Epoch: 6400 	 loss = -166.3036
Epoch: 6500 	 loss = -159.3202
Epoch: 6600 	 loss = -166.0309
Epoch: 6700 	 loss = -149.1069
Epoch: 6800 	 loss = -175.8040
Epoch: 6900 	 loss = -158.4239
Epoch: 7000 	 loss = -165.6115
Epoch: 7100 	 loss = -154.0133
Epoch: 7200 	 loss = -162.6398
Epoch: 7300 	 loss = -152.5194
Epoch: 7400 	 loss = -152.3262
Epoch: 7500 	 loss = -150.8136
Epoch: 7600 	 loss = -164.2991
Epoch: 7700 	 loss = -154.5965
Epoch: 7800 	 loss = -148.3157
Epoch: 7900 	 loss = -161.9341
Epoch: 8000 	 loss = -167.8937
Epoch: 8100 	 loss = -165.9702
Epoch: 8200 	 loss = -163.6270
Epoch: 8300 	 loss = -157.6180
Epoch: 8400 	 loss = -158.5223
Epoch: 8500 	 loss = -171.5145
Epoch: 8600 	 loss = -160.1037
Epoch: 8700 	 loss = -148.9224
Epoch: 8800 	 loss = -165.7812
Epoch: 8900 	 loss = -166.6911
Epoch: 9000 	 loss = -155.2781
Epoch: 9100 	 loss = -169.0258
Epoch: 9200 	 loss = -163.2052
Epoch: 9300 	 loss = -155.6487
Epoch: 9400 	 loss = -156.9680
Epoch: 9500 	 loss = -165.2675
Epoch: 9600 	 loss = -163.3052
Epoch: 9700 	 loss = -169.7287
Epoch: 9800 	 loss = -163.4014
Epoch: 9900 	 loss = -154.7382
Epoch: 10000 	 loss = -178.9389
Epoch: 10100 	 loss = -152.3249
Epoch: 10200 	 loss = -159.9885
Epoch: 10300 	 loss = -179.6068
Epoch: 10400 	 loss = -153.0970
Epoch: 10500 	 loss = -144.1368
Epoch: 10600 	 loss = -172.8629
Epoch: 10700 	 loss = -158.3933
Epoch: 10800 	 loss = -168.2763
Epoch: 10900 	 loss = -169.3063
Epoch: 11000 	 loss = -183.1981
Epoch: 11100 	 loss = -165.4757
Epoch: 11200 	 loss = -167.4279
Epoch: 11300 	 loss = -167.8241
Epoch: 11400 	 loss = -167.5450
Epoch: 11500 	 loss = -166.6696
Epoch: 11600 	 loss = -158.3023
Epoch: 11700 	 loss = -167.0390
Epoch: 11800 	 loss = -165.4375
Epoch: 11900 	 loss = -167.3541
Epoch: 12000 	 loss = -154.6580
Epoch: 12100 	 loss = -132.9301
Epoch: 12200 	 loss = -157.3217
Epoch: 12300 	 loss = -154.7116
Epoch: 12400 	 loss = -155.5708
Epoch: 12500 	 loss = -163.1303
Epoch: 12600 	 loss = -177.7486
Epoch: 12700 	 loss = -173.1039
Epoch: 12800 	 loss = -163.9438
Epoch: 12900 	 loss = -159.3148
Epoch: 13000 	 loss = -171.7216
Epoch: 13100 	 loss = -164.0708
Epoch: 13200 	 loss = -179.3326
Epoch: 13300 	 loss = -173.6847
Epoch: 13400 	 loss = -157.8817
Epoch: 13500 	 loss = -161.7807
Epoch: 13600 	 loss = -153.4049
Epoch: 13700 	 loss = -166.2919
Epoch: 13800 	 loss = -157.5074
Epoch: 13900 	 loss = -160.2681
Epoch: 14000 	 loss = -170.7039
Epoch: 14100 	 loss = -159.9620
Epoch: 14200 	 loss = -157.1655
Epoch: 14300 	 loss = -158.8760
Epoch: 14400 	 loss = -157.4866
Epoch: 14500 	 loss = -163.7517
Epoch: 14600 	 loss = -167.6808
Epoch: 14700 	 loss = -162.2886
Epoch: 14800 	 loss = -157.8191
Epoch: 14900 	 loss = -162.6436
Epoch: 15000 	 loss = -148.3445
Epoch: 15100 	 loss = -167.6326
Epoch: 15200 	 loss = -166.5077
Epoch: 15300 	 loss = -166.3331
Epoch: 15400 	 loss = -159.5758
Epoch: 15500 	 loss = -172.9184
Epoch: 15600 	 loss = -179.9048
Epoch: 15700 	 loss = -150.6759
Epoch: 15800 	 loss = -156.2982
Epoch: 15900 	 loss = -170.1581
Epoch: 16000 	 loss = -169.7988
Epoch: 16100 	 loss = -163.5402
Epoch: 16200 	 loss = -162.3624
Epoch: 16300 	 loss = -160.6741
Epoch: 16400 	 loss = -161.4633
Epoch: 16500 	 loss = -164.9604
Epoch: 16600 	 loss = -155.4677
Epoch: 16700 	 loss = -170.9817
Epoch: 16800 	 loss = -147.8589
Epoch: 16900 	 loss = -158.7139
Epoch: 17000 	 loss = -160.2346
Epoch: 17100 	 loss = -176.9508
Epoch: 17200 	 loss = -157.9619
Epoch: 17300 	 loss = -172.4178
Epoch: 17400 	 loss = -145.6487
Epoch: 17500 	 loss = -161.0468
Epoch: 17600 	 loss = -157.0144
Epoch: 17700 	 loss = -164.9901
Epoch: 17800 	 loss = -149.9949
Epoch: 17900 	 loss = -167.5079
Epoch: 18000 	 loss = -161.1064
Epoch: 18100 	 loss = -146.5413
Epoch: 18200 	 loss = -158.1339
Epoch: 18300 	 loss = -158.5360
Epoch: 18400 	 loss = -163.3629
Epoch: 18500 	 loss = -163.8872
Epoch: 18600 	 loss = -166.1648
Epoch: 18700 	 loss = -155.3807
Epoch: 18800 	 loss = -161.6150
Epoch: 18900 	 loss = -171.5712
Epoch: 19000 	 loss = -171.9652
Epoch: 19100 	 loss = -171.8345
Epoch: 19200 	 loss = -172.0588
Epoch: 19300 	 loss = -164.2857
Epoch: 19400 	 loss = -171.0642
Epoch: 19500 	 loss = -144.8815
Epoch: 19600 	 loss = -169.8737
Epoch: 19700 	 loss = -150.8203
Epoch: 19800 	 loss = -177.2405
Epoch: 19900 	 loss = -168.1233
Epoch: 20000 	 loss = -168.7162
Epoch: 20100 	 loss = -168.8764
Epoch: 20200 	 loss = -166.4142
Epoch: 20300 	 loss = -168.5941
Epoch: 20400 	 loss = -165.7781
Epoch: 20500 	 loss = -159.1794
Epoch: 20600 	 loss = -160.1945
Epoch: 20700 	 loss = -188.2321
Epoch: 20800 	 loss = -165.8732
Epoch: 20900 	 loss = -167.9572
Epoch: 21000 	 loss = -168.5948
Epoch: 21100 	 loss = -155.3097
Epoch: 21200 	 loss = -172.0305
Epoch: 21300 	 loss = -158.2499
Epoch: 21400 	 loss = -165.0015
Epoch: 21500 	 loss = -162.3902
Epoch: 21600 	 loss = -161.1842
Epoch: 21700 	 loss = -163.2330
Epoch: 21800 	 loss = -167.4858
Epoch: 21900 	 loss = -154.2192
Epoch: 22000 	 loss = -174.5541
Epoch: 22100 	 loss = -175.9175
Epoch: 22200 	 loss = -157.0799
Epoch: 22300 	 loss = -170.6023
Epoch: 22400 	 loss = -171.5808
Epoch: 22500 	 loss = -158.1940
Epoch: 22600 	 loss = -160.2902
Epoch: 22700 	 loss = -157.0781
Epoch: 22800 	 loss = -175.7330
Epoch: 22900 	 loss = -165.6978
Epoch: 23000 	 loss = -164.3104
Epoch: 23100 	 loss = -163.9029
Epoch: 23200 	 loss = -175.4764
Epoch: 23300 	 loss = -167.0871
Epoch: 23400 	 loss = -164.3863
Epoch: 23500 	 loss = -149.2459
Epoch: 23600 	 loss = -158.2429
Epoch: 23700 	 loss = -166.2341
Epoch: 23800 	 loss = -155.8246
Epoch: 23900 	 loss = -163.9235
Epoch: 24000 	 loss = -164.2406
Epoch: 24100 	 loss = -170.0191
Epoch: 24200 	 loss = -155.7451
Epoch: 24300 	 loss = -175.5438
Epoch: 24400 	 loss = -151.9106
Epoch: 24500 	 loss = -156.9135
Epoch: 24600 	 loss = -158.9524
Epoch: 24700 	 loss = -163.3848
Epoch: 24800 	 loss = -148.8806
Epoch: 24900 	 loss = -149.4110
Epoch: 25000 	 loss = -167.0494
Epoch: 25100 	 loss = -158.8107
Epoch: 25200 	 loss = -166.4814
Epoch: 25300 	 loss = -165.4187
Epoch: 25400 	 loss = -159.4600
Epoch: 25500 	 loss = -158.9480
Epoch: 25600 	 loss = -167.7482
Epoch: 25700 	 loss = -158.1534
Epoch: 25800 	 loss = -165.3059
Epoch: 25900 	 loss = -163.6670
Epoch: 26000 	 loss = -173.6179
Epoch: 26100 	 loss = -153.3266
Epoch: 26200 	 loss = -167.0759
Epoch: 26300 	 loss = -162.5464
Epoch: 26400 	 loss = -166.6829
Epoch: 26500 	 loss = -167.0725
Epoch: 26600 	 loss = -160.6541
Epoch: 26700 	 loss = -156.1969
Epoch: 26800 	 loss = -156.1365
Epoch: 26900 	 loss = -148.1293
Epoch: 27000 	 loss = -162.4368
Epoch: 27100 	 loss = -164.8540
Epoch: 27200 	 loss = -175.8171
Epoch: 27300 	 loss = -158.2925
Epoch: 27400 	 loss = -161.6310
Epoch: 27500 	 loss = -155.0870
Epoch: 27600 	 loss = -158.6495
Epoch: 27700 	 loss = -167.4972
Epoch: 27800 	 loss = -168.4498
Epoch: 27900 	 loss = -162.3641
Epoch: 28000 	 loss = -150.0334
Epoch: 28100 	 loss = -158.4740
Epoch: 28200 	 loss = -161.0442
Epoch: 28300 	 loss = -179.0329
Epoch: 28400 	 loss = -165.2192
Epoch: 28500 	 loss = -164.8484
Epoch: 28600 	 loss = -158.7250
Epoch: 28700 	 loss = -155.9858
Epoch: 28800 	 loss = -153.6416
Epoch: 28900 	 loss = -160.2614
Epoch: 29000 	 loss = -169.6238
Epoch: 29100 	 loss = -164.6279
Epoch: 29200 	 loss = -162.1480
Epoch: 29300 	 loss = -157.9936
Epoch: 29400 	 loss = -170.5298
Epoch: 29500 	 loss = -149.1570
Epoch: 29600 	 loss = -161.3177
Epoch: 29700 	 loss = -172.6718
Epoch: 29800 	 loss = -159.3972
Epoch: 29900 	 loss = -168.3767
Epoch: 30000 	 loss = -171.1441
Epoch: 30100 	 loss = -170.3694
Epoch: 30200 	 loss = -154.6370
Epoch: 30300 	 loss = -173.9593
Epoch: 30400 	 loss = -171.6972
Epoch: 30500 	 loss = -164.5424
Epoch: 30600 	 loss = -160.3648
Epoch: 30700 	 loss = -161.1471
Epoch: 30800 	 loss = -156.8500
Epoch: 30900 	 loss = -167.4909
Epoch: 31000 	 loss = -167.2115
Epoch: 31100 	 loss = -170.0496
Epoch: 31200 	 loss = -166.6138
Epoch: 31300 	 loss = -159.6438
Epoch: 31400 	 loss = -167.9417
Epoch: 31500 	 loss = -169.2851
Epoch: 31600 	 loss = -169.3912
Epoch: 31700 	 loss = -162.5069
Epoch: 31800 	 loss = -159.6886
Epoch: 31900 	 loss = -149.7768
Epoch: 32000 	 loss = -175.2872
Epoch: 32100 	 loss = -175.1724
Epoch: 32200 	 loss = -151.6155
Epoch: 32300 	 loss = -165.4826
Epoch: 32400 	 loss = -168.0913
Epoch: 32500 	 loss = -163.8313
Epoch: 32600 	 loss = -174.9183
Epoch: 32700 	 loss = -162.5049
Epoch: 32800 	 loss = -179.9949
Epoch: 32900 	 loss = -159.4748
Epoch: 33000 	 loss = -173.7946
Epoch: 33100 	 loss = -163.4421
Epoch: 33200 	 loss = -167.6690
Epoch: 33300 	 loss = -162.2625
Epoch: 33400 	 loss = -151.9141
Epoch: 33500 	 loss = -169.5849
Epoch: 33600 	 loss = -163.2587
Epoch: 33700 	 loss = -172.3522
Epoch: 33800 	 loss = -162.6418
Epoch: 33900 	 loss = -150.3152
Epoch: 34000 	 loss = -168.6004
Epoch: 34100 	 loss = -166.6432
Epoch: 34200 	 loss = -186.7239
Epoch: 34300 	 loss = -170.2363
Epoch: 34400 	 loss = -166.3569
Epoch: 34500 	 loss = -162.4149
Epoch: 34600 	 loss = -168.3254
Epoch: 34700 	 loss = -175.0545
Epoch: 34800 	 loss = -172.6600
Epoch: 34900 	 loss = -163.6806
Epoch: 35000 	 loss = -158.7059
Epoch: 35100 	 loss = -163.7471
Epoch: 35200 	 loss = -161.1278
Epoch: 35300 	 loss = -160.9196
Epoch: 35400 	 loss = -169.0417
Epoch: 35500 	 loss = -163.1365
Epoch: 35600 	 loss = -168.0727
Epoch: 35700 	 loss = -168.6434
Epoch: 35800 	 loss = -162.6989
Epoch: 35900 	 loss = -172.0336
Epoch: 36000 	 loss = -166.7278
Epoch: 36100 	 loss = -170.7213
Epoch: 36200 	 loss = -159.4942
Epoch: 36300 	 loss = -177.8055
Epoch: 36400 	 loss = -160.4401
Epoch: 36500 	 loss = -159.8682
Epoch: 36600 	 loss = -159.6326
Epoch: 36700 	 loss = -152.8271
Epoch: 36800 	 loss = -191.9606
Epoch: 36900 	 loss = -153.1972
Epoch: 37000 	 loss = -166.2543
Epoch: 37100 	 loss = -165.5527
Epoch: 37200 	 loss = -174.1282
Epoch: 37300 	 loss = -160.8175
Epoch: 37400 	 loss = -162.6892
Epoch: 37500 	 loss = -146.1899
Epoch: 37600 	 loss = -162.8847
Epoch: 37700 	 loss = -169.2930
Epoch: 37800 	 loss = -164.6933
Epoch: 37900 	 loss = -166.9242
Epoch: 38000 	 loss = -159.4762
Epoch: 38100 	 loss = -172.7192
Epoch: 38200 	 loss = -162.1138
Epoch: 38300 	 loss = -163.8379
Epoch: 38400 	 loss = -159.7802
Epoch: 38500 	 loss = -150.2468
Epoch: 38600 	 loss = -161.5858
Epoch: 38700 	 loss = -162.3599
Epoch: 38800 	 loss = -165.6409
Epoch: 38900 	 loss = -170.9265
Epoch: 39000 	 loss = -156.9830
Epoch: 39100 	 loss = -153.8271
Epoch: 39200 	 loss = -154.0672
Epoch: 39300 	 loss = -168.0948
Epoch: 39400 	 loss = -179.3440
Epoch: 39500 	 loss = -160.9111
Epoch: 39600 	 loss = -158.6445
Epoch: 39700 	 loss = -162.4887
Epoch: 39800 	 loss = -163.2687
Epoch: 39900 	 loss = -173.3878
Epoch: 40000 	 loss = -162.0952
Epoch: 40100 	 loss = -157.3276
Epoch: 40200 	 loss = -163.7515
Epoch: 40300 	 loss = -146.4290
Epoch: 40400 	 loss = -160.8139
Epoch: 40500 	 loss = -161.3693
Epoch: 40600 	 loss = -171.9077
Epoch: 40700 	 loss = -154.0729
Epoch: 40800 	 loss = -168.7238
Epoch: 40900 	 loss = -159.9573
Epoch: 41000 	 loss = -172.1543
Epoch: 41100 	 loss = -164.7020
Epoch: 41200 	 loss = -164.5688
Epoch: 41300 	 loss = -168.1393
Epoch: 41400 	 loss = -168.2736
Epoch: 41500 	 loss = -166.0167
Epoch: 41600 	 loss = -178.8991
Epoch: 41700 	 loss = -164.6872
Epoch: 41800 	 loss = -156.6227
Epoch: 41900 	 loss = -164.7065
Epoch: 42000 	 loss = -159.6068
Epoch: 42100 	 loss = -149.9758
Epoch: 42200 	 loss = -156.2267
Epoch: 42300 	 loss = -172.3259
Epoch: 42400 	 loss = -160.2696
Epoch: 42500 	 loss = -159.2802
Epoch: 42600 	 loss = -159.3606
Epoch: 42700 	 loss = -172.9388
Epoch: 42800 	 loss = -161.7316
Epoch: 42900 	 loss = -172.1896
Epoch: 43000 	 loss = -159.5687
Epoch: 43100 	 loss = -163.5824
Epoch: 43200 	 loss = -157.4047
Epoch: 43300 	 loss = -158.6449
Epoch: 43400 	 loss = -166.8038
Epoch: 43500 	 loss = -161.3618
Epoch: 43600 	 loss = -162.3415
Epoch: 43700 	 loss = -169.9026
Epoch: 43800 	 loss = -166.3457
Epoch: 43900 	 loss = -165.5335
Epoch: 44000 	 loss = -160.2504
Epoch: 44100 	 loss = -157.2910
Epoch: 44200 	 loss = -155.7285
Epoch: 44300 	 loss = -167.9515
Epoch: 44400 	 loss = -170.1764
Epoch: 44500 	 loss = -175.3554
Epoch: 44600 	 loss = -169.3554
Epoch: 44700 	 loss = -163.2187
Epoch: 44800 	 loss = -164.3475
Epoch: 44900 	 loss = -147.3579
Epoch: 45000 	 loss = -167.7458
Epoch: 45100 	 loss = -158.1705
Epoch: 45200 	 loss = -164.7481
Epoch: 45300 	 loss = -167.8841
Epoch: 45400 	 loss = -167.1400
Epoch: 45500 	 loss = -165.1301
Epoch: 45600 	 loss = -172.9135
Epoch: 45700 	 loss = -154.8582
Epoch: 45800 	 loss = -160.2215
Epoch: 45900 	 loss = -183.4472
Epoch: 46000 	 loss = -159.2677
Epoch: 46100 	 loss = -168.4018
Epoch: 46200 	 loss = -159.3872
Epoch: 46300 	 loss = -174.3526
Epoch: 46400 	 loss = -187.4571
Epoch: 46500 	 loss = -159.8340
Epoch: 46600 	 loss = -175.8046
Epoch: 46700 	 loss = -164.0137
Epoch: 46800 	 loss = -165.6478
Epoch: 46900 	 loss = -166.1859
Epoch: 47000 	 loss = -163.3362
Epoch: 47100 	 loss = -155.4136
Epoch: 47200 	 loss = -160.6264
Epoch: 47300 	 loss = -176.5096
Epoch: 47400 	 loss = -163.5184
Epoch: 47500 	 loss = -162.0038
Epoch: 47600 	 loss = -152.5718
Epoch: 47700 	 loss = -171.9816
Epoch: 47800 	 loss = -166.3378
Epoch: 47900 	 loss = -161.2746
Epoch: 48000 	 loss = -153.4361
Epoch: 48100 	 loss = -168.7413
Epoch: 48200 	 loss = -161.1146
Epoch: 48300 	 loss = -158.9413
Epoch: 48400 	 loss = -162.1664
Epoch: 48500 	 loss = -172.9788
Epoch: 48600 	 loss = -164.7352
Epoch: 48700 	 loss = -162.4067
Epoch: 48800 	 loss = -162.8393
Epoch: 48900 	 loss = -174.6510
Epoch: 49000 	 loss = -159.0147
Epoch: 49100 	 loss = -164.3985
Epoch: 49200 	 loss = -151.5278
Epoch: 49300 	 loss = -155.1633
Epoch: 49400 	 loss = -161.7442
Epoch: 49500 	 loss = -173.2737
Epoch: 49600 	 loss = -167.5054
Epoch: 49700 	 loss = -176.1125
Epoch: 49800 	 loss = -157.8831
Epoch: 49900 	 loss = -157.7654
Epoch: 50000 	 loss = -165.1805
Epoch: 50000 	 loss = -165.1805
