Loaded dependency [python3/3.10.12]: gcc/11.4.0-binutils-2.40
Loaded dependency [python3/3.10.12]: sqlite3/3.42.0

Switching from python3/3.8.2 to python3/3.10.12
  Loading requirement: gcc/11.4.0-binutils-2.40 sqlite3/3.42.0
2024-05-02 11:47:05.574765: E tensorflow/compiler/xla/stream_executor/cuda/cuda_dnn.cc:9342] Unable to register cuDNN factory: Attempting to register factory for plugin cuDNN when one has already been registered
2024-05-02 11:47:05.575086: E tensorflow/compiler/xla/stream_executor/cuda/cuda_fft.cc:609] Unable to register cuFFT factory: Attempting to register factory for plugin cuFFT when one has already been registered
2024-05-02 11:47:05.617686: E tensorflow/compiler/xla/stream_executor/cuda/cuda_blas.cc:1518] Unable to register cuBLAS factory: Attempting to register factory for plugin cuBLAS when one has already been registered
using M.Exp for Logarithm
Epoch: 100 	 loss = -1004.0483
Epoch: 200 	 loss = -1004.5530
Epoch: 300 	 loss = -1002.1797
Epoch: 400 	 loss = -1011.2174
Epoch: 500 	 loss = -1007.4313
Epoch: 600 	 loss = -1010.4947
Epoch: 700 	 loss = -1007.8444
Epoch: 800 	 loss = -1002.7986
Epoch: 900 	 loss = -1006.4661
Epoch: 1000 	 loss = -1009.9078
Epoch: 1100 	 loss = -1004.5690
Epoch: 1200 	 loss = -1000.2076
Epoch: 1300 	 loss = -1011.0409
Epoch: 1400 	 loss = -1004.9845
Epoch: 1500 	 loss = -1004.5293
Epoch: 1600 	 loss = -1012.4959
Epoch: 1700 	 loss = -1012.4906
Epoch: 1800 	 loss = -1010.2098
Epoch: 1900 	 loss = -1012.4922
Epoch: 2000 	 loss = -1008.6880
Epoch: 2100 	 loss = -1005.0800
Epoch: 2200 	 loss = -1007.8808
Epoch: 2300 	 loss = -1008.2399
Epoch: 2400 	 loss = -1006.9702
Epoch: 2500 	 loss = -1012.9479
Epoch: 2600 	 loss = -1006.9165
Epoch: 2700 	 loss = -1006.9196
Epoch: 2800 	 loss = -1013.5710
Epoch: 2900 	 loss = -1009.7446
Epoch: 3000 	 loss = -1009.4113
Epoch: 3100 	 loss = -1002.5454
Epoch: 3200 	 loss = -1009.7351
Epoch: 3300 	 loss = -1011.7719
Epoch: 3400 	 loss = -1008.9268
Epoch: 3500 	 loss = -1003.5679
Epoch: 3600 	 loss = -1002.1863
Epoch: 3700 	 loss = -1006.2977
Epoch: 3800 	 loss = -1004.2689
Epoch: 3900 	 loss = -1008.6005
Epoch: 4000 	 loss = -1004.7878
Epoch: 4100 	 loss = -1008.9977
Epoch: 4200 	 loss = -1004.9236
Epoch: 4300 	 loss = -1008.5637
Epoch: 4400 	 loss = -1005.1157
Epoch: 4500 	 loss = -1012.8354
Epoch: 4600 	 loss = -1004.6727
Epoch: 4700 	 loss = -1006.6994
Epoch: 4800 	 loss = -1005.9469
Epoch: 4900 	 loss = -1006.0868
Epoch: 5000 	 loss = -1009.3175
Epoch: 5100 	 loss = -1010.3965
Epoch: 5200 	 loss = -1005.0311
Epoch: 5300 	 loss = -1004.1201
Epoch: 5400 	 loss = -1011.6880
Epoch: 5500 	 loss = -1005.6005
Epoch: 5600 	 loss = -1009.2375
Epoch: 5700 	 loss = -1010.7538
Epoch: 5800 	 loss = -1009.5856
Epoch: 5900 	 loss = -1009.9192
Epoch: 6000 	 loss = -1007.7599
Epoch: 6100 	 loss = -1009.9827
Epoch: 6200 	 loss = -1007.9988
Epoch: 6300 	 loss = -1005.6442
Epoch: 6400 	 loss = -1005.7158
Epoch: 6500 	 loss = -1006.5014
Epoch: 6600 	 loss = -1008.3149
Epoch: 6700 	 loss = -1005.0300
Epoch: 6800 	 loss = -1006.5870
Epoch: 6900 	 loss = -1005.6121
Epoch: 7000 	 loss = -1007.7734
Epoch: 7100 	 loss = -1005.5983
Epoch: 7200 	 loss = -1006.1781
Epoch: 7300 	 loss = -1006.4813
Epoch: 7400 	 loss = -1008.3977
Epoch: 7500 	 loss = -1009.0360
Epoch: 7600 	 loss = -1001.2103
Epoch: 7700 	 loss = -1010.2067
Epoch: 7800 	 loss = -1008.3959
Epoch: 7900 	 loss = -1007.2446
Epoch: 8000 	 loss = -1009.2139
Epoch: 8100 	 loss = -1008.4738
Epoch: 8200 	 loss = -1011.1233
Epoch: 8300 	 loss = -1006.6083
Epoch: 8400 	 loss = -1007.4025
Epoch: 8500 	 loss = -1008.9675
Epoch: 8600 	 loss = -1010.1528
Epoch: 8700 	 loss = -1009.4765
Epoch: 8800 	 loss = -1005.7933
Epoch: 8900 	 loss = -1005.0433
Epoch: 9000 	 loss = -1007.4411
Epoch: 9100 	 loss = -1004.5939
Epoch: 9200 	 loss = -1011.0623
Epoch: 9300 	 loss = -1009.3053
Epoch: 9400 	 loss = -1004.4319
Epoch: 9500 	 loss = -1007.1622
Epoch: 9600 	 loss = -1006.3011
Epoch: 9700 	 loss = -1002.3986
Epoch: 9800 	 loss = -1005.2523
Epoch: 9900 	 loss = -1002.0704
Epoch: 10000 	 loss = -1006.5878
Epoch: 10100 	 loss = -1005.6202
Epoch: 10200 	 loss = -1008.5348
Epoch: 10300 	 loss = -1005.2206
Epoch: 10400 	 loss = -1007.1656
Epoch: 10500 	 loss = -1004.0785
Epoch: 10600 	 loss = -1003.8327
Epoch: 10700 	 loss = -1004.9185
Epoch: 10800 	 loss = -1007.4791
Epoch: 10900 	 loss = -1003.7474
Epoch: 11000 	 loss = -1007.3027
Epoch: 11100 	 loss = -1005.6586
Epoch: 11200 	 loss = -1007.6872
Epoch: 11300 	 loss = -1009.2004
Epoch: 11400 	 loss = -1007.2045
Epoch: 11500 	 loss = -1005.9321
Epoch: 11600 	 loss = -1007.6571
Epoch: 11700 	 loss = -1005.4945
Epoch: 11800 	 loss = -1006.0166
Epoch: 11900 	 loss = -1002.5635
Epoch: 12000 	 loss = -1002.7548
Epoch: 12100 	 loss = -1008.5952
Epoch: 12200 	 loss = -1006.0973
Epoch: 12300 	 loss = -1006.6348
Epoch: 12400 	 loss = -1007.8710
Epoch: 12500 	 loss = -1004.8140
Epoch: 12600 	 loss = -1006.5845
Epoch: 12700 	 loss = -1008.2421
Epoch: 12800 	 loss = -1007.0804
Epoch: 12900 	 loss = -1008.5657
Epoch: 13000 	 loss = -1007.1058
Epoch: 13100 	 loss = -1009.5616
Epoch: 13200 	 loss = -1007.7625
Epoch: 13300 	 loss = -1005.4646
Epoch: 13400 	 loss = -1003.8466
Epoch: 13500 	 loss = -1012.2689
Epoch: 13600 	 loss = -1005.8359
Epoch: 13700 	 loss = -1007.3656
Epoch: 13800 	 loss = -1002.9655
Epoch: 13900 	 loss = -1004.0461
Epoch: 14000 	 loss = -1006.5652
Epoch: 14100 	 loss = -1007.2771
Epoch: 14200 	 loss = -1005.1689
Epoch: 14300 	 loss = -1007.6347
Epoch: 14400 	 loss = -1006.1537
Epoch: 14500 	 loss = -1002.4429
Epoch: 14600 	 loss = -1013.5168
Epoch: 14700 	 loss = -1005.9109
Epoch: 14800 	 loss = -1014.2750
Epoch: 14900 	 loss = -1005.4556
Epoch: 15000 	 loss = -1007.8492
Epoch: 15100 	 loss = -1008.6439
Epoch: 15200 	 loss = -1010.2686
Epoch: 15300 	 loss = -1008.3065
Epoch: 15400 	 loss = -1003.3920
Epoch: 15500 	 loss = -1010.7224
Epoch: 15600 	 loss = -1007.8279
Epoch: 15700 	 loss = -1012.4012
Epoch: 15800 	 loss = -1007.2753
Epoch: 15900 	 loss = -1010.4189
Epoch: 16000 	 loss = -1008.3740
Epoch: 16100 	 loss = -1005.6412
Epoch: 16200 	 loss = -1007.1779
Epoch: 16300 	 loss = -1007.2036
Epoch: 16400 	 loss = -1009.3671
Epoch: 16500 	 loss = -1008.7356
Epoch: 16600 	 loss = -1005.3168
Epoch: 16700 	 loss = -1010.2003
Epoch: 16800 	 loss = -1005.6523
Epoch: 16900 	 loss = -1008.0704
Epoch: 17000 	 loss = -1011.1803
Epoch: 17100 	 loss = -1003.7455
Epoch: 17200 	 loss = -1005.8079
Epoch: 17300 	 loss = -1002.0169
Epoch: 17400 	 loss = -1008.0879
Epoch: 17500 	 loss = -1008.2386
Epoch: 17600 	 loss = -1008.8466
Epoch: 17700 	 loss = -1010.5315
Epoch: 17800 	 loss = -1012.0403
Epoch: 17900 	 loss = -1007.6341
Epoch: 18000 	 loss = -1006.4661
Epoch: 18100 	 loss = -1007.6264
Epoch: 18200 	 loss = -1009.2518
Epoch: 18300 	 loss = -1004.7650
Epoch: 18400 	 loss = -1005.6169
Epoch: 18500 	 loss = -1010.0853
Epoch: 18600 	 loss = -1011.0913
Epoch: 18700 	 loss = -1001.9288
Epoch: 18800 	 loss = -1008.1264
Epoch: 18900 	 loss = -1005.1717
Epoch: 19000 	 loss = -1005.4218
Epoch: 19100 	 loss = -1004.6142
Epoch: 19200 	 loss = -1009.7158
Epoch: 19300 	 loss = -1008.7941
Epoch: 19400 	 loss = -1008.1058
Epoch: 19500 	 loss = -1006.4941
Epoch: 19600 	 loss = -1005.3675
Epoch: 19700 	 loss = -1003.5714
Epoch: 19800 	 loss = -1008.5459
Epoch: 19900 	 loss = -1004.7542
Epoch: 20000 	 loss = -1004.4381
Epoch: 20100 	 loss = -1012.9340
Epoch: 20200 	 loss = -1006.9081
Epoch: 20300 	 loss = -1006.1481
Epoch: 20400 	 loss = -1015.2695
Epoch: 20500 	 loss = -1009.5913
Epoch: 20600 	 loss = -1010.5918
Epoch: 20700 	 loss = -1001.7126
Epoch: 20800 	 loss = -1005.5288
Epoch: 20900 	 loss = -1004.8745
Epoch: 21000 	 loss = -1007.7335
Epoch: 21100 	 loss = -1005.7235
Epoch: 21200 	 loss = -1006.2402
Epoch: 21300 	 loss = -1010.7512
Epoch: 21400 	 loss = -1008.4605
Epoch: 21500 	 loss = -1005.0112
Epoch: 21600 	 loss = -1007.4101
Epoch: 21700 	 loss = -1005.2220
Epoch: 21800 	 loss = -1008.5552
Epoch: 21900 	 loss = -1002.7593
Epoch: 22000 	 loss = -1004.4393
Epoch: 22100 	 loss = -1009.8136
Epoch: 22200 	 loss = -1009.2080
Epoch: 22300 	 loss = -1003.8986
Epoch: 22400 	 loss = -1009.0970
Epoch: 22500 	 loss = -1006.0341
Epoch: 22600 	 loss = -1005.0328
Epoch: 22700 	 loss = -1011.4124
Epoch: 22800 	 loss = -1005.7742
Epoch: 22900 	 loss = -1006.7475
Epoch: 23000 	 loss = -1009.3417
Epoch: 23100 	 loss = -1000.7775
Epoch: 23200 	 loss = -1010.9206
Epoch: 23300 	 loss = -1005.4968
Epoch: 23400 	 loss = -1004.9556
Epoch: 23500 	 loss = -1007.6852
Epoch: 23600 	 loss = -1012.3748
Epoch: 23700 	 loss = -1002.8315
Epoch: 23800 	 loss = -1004.6154
Epoch: 23900 	 loss = -1006.6956
Epoch: 24000 	 loss = -1005.9841
Epoch: 24100 	 loss = -1005.1052
Epoch: 24200 	 loss = -1004.5115
Epoch: 24300 	 loss = -1003.7416
Epoch: 24400 	 loss = -1003.8060
Epoch: 24500 	 loss = -1003.6449
Epoch: 24600 	 loss = -1013.5131
Epoch: 24700 	 loss = -1010.5837
Epoch: 24800 	 loss = -1004.9933
Epoch: 24900 	 loss = -1007.3304
Epoch: 25000 	 loss = -1010.1266
Epoch: 25100 	 loss = -1004.1163
Epoch: 25200 	 loss = -1004.6067
Epoch: 25300 	 loss = -1004.5585
Epoch: 25400 	 loss = -1009.2308
Epoch: 25500 	 loss = -1008.8353
Epoch: 25600 	 loss = -1008.2318
Epoch: 25700 	 loss = -1007.2679
Epoch: 25800 	 loss = -1006.6940
Epoch: 25900 	 loss = -1001.7936
Epoch: 26000 	 loss = -1011.7734
Epoch: 26100 	 loss = -1008.6951
Epoch: 26200 	 loss = -1004.7358
Epoch: 26300 	 loss = -1001.1998
Epoch: 26400 	 loss = -1012.4066
Epoch: 26500 	 loss = -1005.1096
Epoch: 26600 	 loss = -1010.9533
Epoch: 26700 	 loss = -1007.4919
Epoch: 26800 	 loss = -1008.0146
Epoch: 26900 	 loss = -1015.6149
Epoch: 27000 	 loss = -1004.5694
Epoch: 27100 	 loss = -1008.3943
Epoch: 27200 	 loss = -1003.5839
Epoch: 27300 	 loss = -1011.9331
Epoch: 27400 	 loss = -1005.7711
Epoch: 27500 	 loss = -1011.8881
Epoch: 27600 	 loss = -1012.0905
Epoch: 27700 	 loss = -1013.2009
Epoch: 27800 	 loss = -1012.8152
Epoch: 27900 	 loss = -1006.5919
Epoch: 28000 	 loss = -1005.1257
Epoch: 28100 	 loss = -1010.6688
Epoch: 28200 	 loss = -1006.1339
Epoch: 28300 	 loss = -1006.4015
Epoch: 28400 	 loss = -1006.5894
Epoch: 28500 	 loss = -1008.4233
Epoch: 28600 	 loss = -1005.3419
Epoch: 28700 	 loss = -1009.4024
Epoch: 28800 	 loss = -1009.3485
Epoch: 28900 	 loss = -1014.1765
Epoch: 29000 	 loss = -1007.8784
Epoch: 29100 	 loss = -1007.2107
Epoch: 29200 	 loss = -1006.4603
Epoch: 29300 	 loss = -1006.0859
Epoch: 29400 	 loss = -1007.1350
Epoch: 29500 	 loss = -1010.6329
Epoch: 29600 	 loss = -1006.7161
Epoch: 29700 	 loss = -1010.9136
Epoch: 29800 	 loss = -1006.9797
Epoch: 29900 	 loss = -1005.1497
Epoch: 30000 	 loss = -1009.2252
Epoch: 30100 	 loss = -1003.6974
Epoch: 30200 	 loss = -1011.1721
Epoch: 30300 	 loss = -1008.0106
Epoch: 30400 	 loss = -1003.6597
Epoch: 30500 	 loss = -1015.3013
Epoch: 30600 	 loss = -1012.2354
Epoch: 30700 	 loss = -1005.9321
Epoch: 30800 	 loss = -1008.4117
Epoch: 30900 	 loss = -1008.3668
Epoch: 31000 	 loss = -1005.2264
Epoch: 31100 	 loss = -1006.3566
Epoch: 31200 	 loss = -1010.3143
Epoch: 31300 	 loss = -1011.6518
Epoch: 31400 	 loss = -1007.0075
Epoch: 31500 	 loss = -1007.4788
Epoch: 31600 	 loss = -1007.0071
Epoch: 31700 	 loss = -1002.5292
Epoch: 31800 	 loss = -1005.2780
Epoch: 31900 	 loss = -1008.6857
Epoch: 32000 	 loss = -1004.2687
Epoch: 32100 	 loss = -1012.5798
Epoch: 32200 	 loss = -1005.4210
Epoch: 32300 	 loss = -1007.0862
Epoch: 32400 	 loss = -1005.4033
Epoch: 32500 	 loss = -1005.7900
Epoch: 32600 	 loss = -1006.8606
Epoch: 32700 	 loss = -1006.2090
Epoch: 32800 	 loss = -1003.6107
Epoch: 32900 	 loss = -1004.8070
Epoch: 33000 	 loss = -1007.2688
Epoch: 33100 	 loss = -1010.5464
Epoch: 33200 	 loss = -1007.7285
Epoch: 33300 	 loss = -1004.9253
Epoch: 33400 	 loss = -1011.9175
Epoch: 33500 	 loss = -1008.0687
Epoch: 33600 	 loss = -1007.8312
Epoch: 33700 	 loss = -1008.1796
Epoch: 33800 	 loss = -1010.0552
Epoch: 33900 	 loss = -1009.1382
Epoch: 34000 	 loss = -1010.7303
Epoch: 34100 	 loss = -1001.2838
Epoch: 34200 	 loss = -1010.8390
Epoch: 34300 	 loss = -1009.3506
Epoch: 34400 	 loss = -1008.1359
Epoch: 34500 	 loss = -1011.3293
Epoch: 34600 	 loss = -1004.8131
Epoch: 34700 	 loss = -1011.7319
Epoch: 34800 	 loss = -1009.0793
Epoch: 34900 	 loss = -1009.6346
Epoch: 35000 	 loss = -1006.7200
Epoch: 35100 	 loss = -1007.2943
Epoch: 35200 	 loss = -1010.5845
Epoch: 35300 	 loss = -1010.7931
Epoch: 35400 	 loss = -1008.8000
Epoch: 35500 	 loss = -1008.5167
Epoch: 35600 	 loss = -1007.2346
Epoch: 35700 	 loss = -1007.8323
Epoch: 35800 	 loss = -1008.1766
Epoch: 35900 	 loss = -1008.0486
Epoch: 36000 	 loss = -1010.6954
Epoch: 36100 	 loss = -1009.4772
Epoch: 36200 	 loss = -1004.6067
Epoch: 36300 	 loss = -1007.0513
Epoch: 36400 	 loss = -1004.4039
Epoch: 36500 	 loss = -1009.7277
Epoch: 36600 	 loss = -1009.7984
Epoch: 36700 	 loss = -1004.7849
Epoch: 36800 	 loss = -1004.8210
Epoch: 36900 	 loss = -1003.2486
Epoch: 37000 	 loss = -1009.9977
Epoch: 37100 	 loss = -1002.5489
Epoch: 37200 	 loss = -1003.6332
Epoch: 37300 	 loss = -1011.5498
Epoch: 37400 	 loss = -1005.3397
Epoch: 37500 	 loss = -1013.0317
Epoch: 37600 	 loss = -1004.8958
Epoch: 37700 	 loss = -1001.4954
Epoch: 37800 	 loss = -1006.8271
Epoch: 37900 	 loss = -1011.3006
Epoch: 38000 	 loss = -1011.6953
Epoch: 38100 	 loss = -1004.9301
Epoch: 38200 	 loss = -1003.9651
Epoch: 38300 	 loss = -1007.3535
Epoch: 38400 	 loss = -1011.6084
Epoch: 38500 	 loss = -1004.2626
Epoch: 38600 	 loss = -1004.3828
Epoch: 38700 	 loss = -1011.3986
Epoch: 38800 	 loss = -1008.8683
Epoch: 38900 	 loss = -1007.7600
Epoch: 39000 	 loss = -999.5820
Epoch: 39100 	 loss = -1007.7404
Epoch: 39200 	 loss = -1008.9220
Epoch: 39300 	 loss = -1003.7363
Epoch: 39400 	 loss = -1002.6205
Epoch: 39500 	 loss = -1004.3352
Epoch: 39600 	 loss = -1007.5457
Epoch: 39700 	 loss = -1006.6874
Epoch: 39800 	 loss = -1002.8503
Epoch: 39900 	 loss = -1011.6043
Epoch: 40000 	 loss = -1011.6483
Epoch: 40100 	 loss = -1004.6429
Epoch: 40200 	 loss = -1008.3953
Epoch: 40300 	 loss = -1005.4264
Epoch: 40400 	 loss = -1010.4164
Epoch: 40500 	 loss = -1007.5940
Epoch: 40600 	 loss = -1009.1888
Epoch: 40700 	 loss = -1004.2628
Epoch: 40800 	 loss = -1008.4190
Epoch: 40900 	 loss = -1008.9089
Epoch: 41000 	 loss = -1011.3320
Epoch: 41100 	 loss = -1004.6848
Epoch: 41200 	 loss = -1005.7664
Epoch: 41300 	 loss = -1006.4661
Epoch: 41400 	 loss = -1005.2736
Epoch: 41500 	 loss = -1008.2522
Epoch: 41600 	 loss = -1011.1763
Epoch: 41700 	 loss = -1007.4578
Epoch: 41800 	 loss = -1010.7683
Epoch: 41900 	 loss = -1010.9483
Epoch: 42000 	 loss = -1004.9882
Epoch: 42100 	 loss = -1002.2853
Epoch: 42200 	 loss = -1007.7853
Epoch: 42300 	 loss = -1006.2665
Epoch: 42400 	 loss = -1003.1692
Epoch: 42500 	 loss = -1009.1189
Epoch: 42600 	 loss = -1004.7993
Epoch: 42700 	 loss = -1005.7744
Epoch: 42800 	 loss = -1008.4987
Epoch: 42900 	 loss = -1006.5239
Epoch: 43000 	 loss = -1011.7021
Epoch: 43100 	 loss = -1006.3085
Epoch: 43200 	 loss = -1006.5363
Epoch: 43300 	 loss = -1004.0499
Epoch: 43400 	 loss = -1005.9614
Epoch: 43500 	 loss = -1009.3598
Epoch: 43600 	 loss = -1005.0744
Epoch: 43700 	 loss = -1007.1356
Epoch: 43800 	 loss = -1007.8504
Epoch: 43900 	 loss = -1006.7849
Epoch: 44000 	 loss = -1005.0280
Epoch: 44100 	 loss = -1004.6613
Epoch: 44200 	 loss = -1003.7539
Epoch: 44300 	 loss = -1005.0124
Epoch: 44400 	 loss = -1006.6824
Epoch: 44500 	 loss = -1010.5146
Epoch: 44600 	 loss = -1003.2433
Epoch: 44700 	 loss = -1006.0756
Epoch: 44800 	 loss = -1004.5396
Epoch: 44900 	 loss = -1002.9274
Epoch: 45000 	 loss = -1003.3202
Epoch: 45100 	 loss = -1007.1879
Epoch: 45200 	 loss = -1010.8602
Epoch: 45300 	 loss = -1005.8899
Epoch: 45400 	 loss = -1010.4161
Epoch: 45500 	 loss = -1005.9036
Epoch: 45600 	 loss = -1006.7268
Epoch: 45700 	 loss = -1004.9618
Epoch: 45800 	 loss = -1006.4446
Epoch: 45900 	 loss = -1012.5854
Epoch: 46000 	 loss = -1007.8269
Epoch: 46100 	 loss = -1008.3943
Epoch: 46200 	 loss = -1010.6118
Epoch: 46300 	 loss = -1005.1306
Epoch: 46400 	 loss = -1006.5712
Epoch: 46500 	 loss = -1003.9382
Epoch: 46600 	 loss = -1006.5643
Epoch: 46700 	 loss = -1007.6431
Epoch: 46800 	 loss = -1012.7725
Epoch: 46900 	 loss = -1003.1152
Epoch: 47000 	 loss = -1010.2856
Epoch: 47100 	 loss = -1005.4888
Epoch: 47200 	 loss = -1008.4668
Epoch: 47300 	 loss = -1009.1051
Epoch: 47400 	 loss = -1009.1770
Epoch: 47500 	 loss = -1006.3085
Epoch: 47600 	 loss = -1008.5250
Epoch: 47700 	 loss = -1009.2024
Epoch: 47800 	 loss = -1012.9017
Epoch: 47900 	 loss = -1010.6017
Epoch: 48000 	 loss = -1006.7175
Epoch: 48100 	 loss = -1010.7404
Epoch: 48200 	 loss = -1002.5970
Epoch: 48300 	 loss = -1003.9548
Epoch: 48400 	 loss = -1003.9687
Epoch: 48500 	 loss = -1009.7119
Epoch: 48600 	 loss = -1007.1491
Epoch: 48700 	 loss = -1004.4852
Epoch: 48800 	 loss = -1004.9902
Epoch: 48900 	 loss = -1009.6483
Epoch: 49000 	 loss = -1007.8281
Epoch: 49100 	 loss = -1007.0710
Epoch: 49200 	 loss = -1003.8240
Epoch: 49300 	 loss = -1006.6157
Epoch: 49400 	 loss = -1006.7703
Epoch: 49500 	 loss = -1008.1237
Epoch: 49600 	 loss = -1010.6312
Epoch: 49700 	 loss = -1012.2625
Epoch: 49800 	 loss = -1006.8995
Epoch: 49900 	 loss = -1009.9729
Epoch: 50000 	 loss = -1006.4595
Epoch: 50000 	 loss = -1006.4595
