Loaded dependency [python3/3.10.12]: gcc/11.4.0-binutils-2.40
Loaded dependency [python3/3.10.12]: sqlite3/3.42.0

Switching from python3/3.8.2 to python3/3.10.12
  Loading requirement: gcc/11.4.0-binutils-2.40 sqlite3/3.42.0
2024-05-02 00:17:14.315711: E tensorflow/compiler/xla/stream_executor/cuda/cuda_dnn.cc:9342] Unable to register cuDNN factory: Attempting to register factory for plugin cuDNN when one has already been registered
2024-05-02 00:17:14.315774: E tensorflow/compiler/xla/stream_executor/cuda/cuda_fft.cc:609] Unable to register cuFFT factory: Attempting to register factory for plugin cuFFT when one has already been registered
2024-05-02 00:17:14.319092: E tensorflow/compiler/xla/stream_executor/cuda/cuda_blas.cc:1518] Unable to register cuBLAS factory: Attempting to register factory for plugin cuBLAS when one has already been registered
using M.Exp for Logarithm
Epoch: 100 	 loss = -1025.6349
Epoch: 200 	 loss = -1037.3522
Epoch: 300 	 loss = -1049.3551
Epoch: 400 	 loss = -1053.3381
Epoch: 500 	 loss = -1064.0682
Epoch: 600 	 loss = -1076.0459
Epoch: 700 	 loss = -1079.0697
Epoch: 800 	 loss = -1099.4157
Epoch: 900 	 loss = -1099.6456
Epoch: 1000 	 loss = -1109.6488
Epoch: 1100 	 loss = -1109.9121
Epoch: 1200 	 loss = -1128.9978
Epoch: 1300 	 loss = -1141.8801
Epoch: 1400 	 loss = -1149.0386
Epoch: 1500 	 loss = -1155.0239
Epoch: 1600 	 loss = -1158.9033
Epoch: 1700 	 loss = -1180.4237
Epoch: 1800 	 loss = -1186.1498
Epoch: 1900 	 loss = -1187.1172
Epoch: 2000 	 loss = -1186.6203
Epoch: 2100 	 loss = -1208.7257
Epoch: 2200 	 loss = -1205.4400
Epoch: 2300 	 loss = -1205.6596
Epoch: 2400 	 loss = -1232.0142
Epoch: 2500 	 loss = -1253.9965
Epoch: 2600 	 loss = -1216.2872
Epoch: 2700 	 loss = -1254.8607
Epoch: 2800 	 loss = -1267.1652
Epoch: 2900 	 loss = -1274.0643
Epoch: 3000 	 loss = -1277.7894
Epoch: 3100 	 loss = -1264.0980
Epoch: 3200 	 loss = -1288.2501
Epoch: 3300 	 loss = -1286.8769
Epoch: 3400 	 loss = -1314.3496
Epoch: 3500 	 loss = -1320.7639
Epoch: 3600 	 loss = -1338.7599
Epoch: 3700 	 loss = -1329.9810
Epoch: 3800 	 loss = -1347.1023
Epoch: 3900 	 loss = -1346.8662
Epoch: 4000 	 loss = -1360.3118
Epoch: 4100 	 loss = -1368.3203
Epoch: 4200 	 loss = -1369.2390
Epoch: 4300 	 loss = -1348.4110
Epoch: 4400 	 loss = -1371.5986
Epoch: 4500 	 loss = -1402.4121
Epoch: 4600 	 loss = -1397.7893
Epoch: 4700 	 loss = -1412.6921
Epoch: 4800 	 loss = -1415.1113
Epoch: 4900 	 loss = -1443.3362
Epoch: 5000 	 loss = -1440.8543
Epoch: 5100 	 loss = -1442.5025
Epoch: 5200 	 loss = -1445.7837
Epoch: 5300 	 loss = -1443.4639
Epoch: 5400 	 loss = -1502.9198
Epoch: 5500 	 loss = -1457.9275
Epoch: 5600 	 loss = -1483.5161
Epoch: 5700 	 loss = -1474.4147
Epoch: 5800 	 loss = -1491.8404
Epoch: 5900 	 loss = -1501.2501
Epoch: 6000 	 loss = -1506.6166
Epoch: 6100 	 loss = -1518.4496
Epoch: 6200 	 loss = -1492.7863
Epoch: 6300 	 loss = -1506.0074
Epoch: 6400 	 loss = -1514.0679
Epoch: 6500 	 loss = -1542.4710
Epoch: 6600 	 loss = -1541.2531
Epoch: 6700 	 loss = -1546.3275
Epoch: 6800 	 loss = -1560.6871
Epoch: 6900 	 loss = -1564.4591
Epoch: 7000 	 loss = -1575.4440
Epoch: 7100 	 loss = -1594.8011
Epoch: 7200 	 loss = -1627.6438
Epoch: 7300 	 loss = -1620.0745
Epoch: 7400 	 loss = -1583.0277
Epoch: 7500 	 loss = -1601.3005
Epoch: 7600 	 loss = -1606.5343
Epoch: 7700 	 loss = -1635.6452
Epoch: 7800 	 loss = -1613.9265
Epoch: 7900 	 loss = -1682.0848
Epoch: 8000 	 loss = -1672.3854
Epoch: 8100 	 loss = -1650.6282
Epoch: 8200 	 loss = -1684.4983
Epoch: 8300 	 loss = -1671.6387
Epoch: 8400 	 loss = -1716.0747
Epoch: 8500 	 loss = -1699.7045
Epoch: 8600 	 loss = -1702.7300
Epoch: 8700 	 loss = -1697.4280
Epoch: 8800 	 loss = -1710.8380
Epoch: 8900 	 loss = -1675.7433
Epoch: 9000 	 loss = -1700.6831
Epoch: 9100 	 loss = -1710.4014
Epoch: 9200 	 loss = -1726.3305
Epoch: 9300 	 loss = -1745.3616
Epoch: 9400 	 loss = -1758.5677
Epoch: 9500 	 loss = -1770.3127
Epoch: 9600 	 loss = -1824.2245
Epoch: 9700 	 loss = -1717.3155
Epoch: 9800 	 loss = -1765.8632
Epoch: 9900 	 loss = -1785.9225
Epoch: 10000 	 loss = -1731.2981
Epoch: 10100 	 loss = -1734.7445
Epoch: 10200 	 loss = -1831.4752
Epoch: 10300 	 loss = -1810.9772
Epoch: 10400 	 loss = -1821.3280
Epoch: 10500 	 loss = -1782.1584
Epoch: 10600 	 loss = -1826.0280
Epoch: 10700 	 loss = -1833.9006
Epoch: 10800 	 loss = -1812.9660
Epoch: 10900 	 loss = -1875.7447
Epoch: 11000 	 loss = -1877.1487
Epoch: 11100 	 loss = -1889.9887
Epoch: 11200 	 loss = -1868.8003
Epoch: 11300 	 loss = -1880.9669
Epoch: 11400 	 loss = -1862.8647
Epoch: 11500 	 loss = -1877.5801
Epoch: 11600 	 loss = -1882.8916
Epoch: 11700 	 loss = -1900.2272
Epoch: 11800 	 loss = -1940.3076
Epoch: 11900 	 loss = -1958.0802
Epoch: 12000 	 loss = -1935.3179
Epoch: 12100 	 loss = -1965.0761
Epoch: 12200 	 loss = -1935.8626
Epoch: 12300 	 loss = -1904.3936
Epoch: 12400 	 loss = -1947.4807
Epoch: 12500 	 loss = -2011.9840
Epoch: 12600 	 loss = -1992.8992
Epoch: 12700 	 loss = -1931.8311
Epoch: 12800 	 loss = -1927.2715
Epoch: 12900 	 loss = -1926.3167
Epoch: 13000 	 loss = -2093.5024
Epoch: 13100 	 loss = -2037.1446
Epoch: 13200 	 loss = -2003.7342
Epoch: 13300 	 loss = -2006.5602
Epoch: 13400 	 loss = -2019.3500
Epoch: 13500 	 loss = -1981.7330
Epoch: 13600 	 loss = -2028.3073
Epoch: 13700 	 loss = -2037.5145
Epoch: 13800 	 loss = -2073.0617
Epoch: 13900 	 loss = -2095.3462
Epoch: 14000 	 loss = -2075.2337
Epoch: 14100 	 loss = -2032.5784
Epoch: 14200 	 loss = -2059.3605
Epoch: 14300 	 loss = -2102.5771
Epoch: 14400 	 loss = -2130.9462
Epoch: 14500 	 loss = -2004.4274
Epoch: 14600 	 loss = -2150.2845
Epoch: 14700 	 loss = -2098.1249
Epoch: 14800 	 loss = -2093.9459
Epoch: 14900 	 loss = -2056.6702
Epoch: 15000 	 loss = -2118.6943
Epoch: 15100 	 loss = -2123.6553
Epoch: 15200 	 loss = -2130.7243
Epoch: 15300 	 loss = -2143.9641
Epoch: 15400 	 loss = -2119.5142
Epoch: 15500 	 loss = -2110.5134
Epoch: 15600 	 loss = -2135.9260
Epoch: 15700 	 loss = -2149.2272
Epoch: 15800 	 loss = -2162.8329
Epoch: 15900 	 loss = -2156.6896
Epoch: 16000 	 loss = -2162.3467
Epoch: 16100 	 loss = -2162.2346
Epoch: 16200 	 loss = -2134.9260
Epoch: 16300 	 loss = -2190.5092
Epoch: 16400 	 loss = -2223.8830
Epoch: 16500 	 loss = -2081.0452
Epoch: 16600 	 loss = -2190.0256
Epoch: 16700 	 loss = -2236.4035
Epoch: 16800 	 loss = -2284.3541
Epoch: 16900 	 loss = -2246.0500
Epoch: 17000 	 loss = -2229.1714
Epoch: 17100 	 loss = -2262.8541
Epoch: 17200 	 loss = -2274.0073
Epoch: 17300 	 loss = -2237.6921
Epoch: 17400 	 loss = -2220.3807
Epoch: 17500 	 loss = -2194.7195
Epoch: 17600 	 loss = -2362.5525
Epoch: 17700 	 loss = -2168.8274
Epoch: 17800 	 loss = -2215.3052
Epoch: 17900 	 loss = -2261.9858
Epoch: 18000 	 loss = -2349.5628
Epoch: 18100 	 loss = -2394.2330
Epoch: 18200 	 loss = -2278.9824
Epoch: 18300 	 loss = -2370.5434
Epoch: 18400 	 loss = -2273.7184
Epoch: 18500 	 loss = -2268.9952
Epoch: 18600 	 loss = -2346.9830
Epoch: 18700 	 loss = -2332.9700
Epoch: 18800 	 loss = -2302.1585
Epoch: 18900 	 loss = -2358.8734
Epoch: 19000 	 loss = -2373.3977
Epoch: 19100 	 loss = -2417.5525
Epoch: 19200 	 loss = -2388.7227
Epoch: 19300 	 loss = -2430.8500
Epoch: 19400 	 loss = -2344.2722
Epoch: 19500 	 loss = -2361.7019
Epoch: 19600 	 loss = -2290.1583
Epoch: 19700 	 loss = -2366.2100
Epoch: 19800 	 loss = -2410.9926
Epoch: 19900 	 loss = -2370.0355
Epoch: 20000 	 loss = -2353.8919
Epoch: 20100 	 loss = -2350.3068
Epoch: 20200 	 loss = -2398.6706
Epoch: 20300 	 loss = -2364.7101
Epoch: 20400 	 loss = -2409.2185
Epoch: 20500 	 loss = -2462.3340
Epoch: 20600 	 loss = -2420.0366
Epoch: 20700 	 loss = -2404.1808
Epoch: 20800 	 loss = -2540.4663
Epoch: 20900 	 loss = -2544.0615
Epoch: 21000 	 loss = -2448.0476
Epoch: 21100 	 loss = -2416.3547
Epoch: 21200 	 loss = -2420.8801
Epoch: 21300 	 loss = -2422.9635
Epoch: 21400 	 loss = -2447.3468
Epoch: 21500 	 loss = -2416.3275
Epoch: 21600 	 loss = -2518.1091
Epoch: 21700 	 loss = -2560.0491
Epoch: 21800 	 loss = -2549.8541
Epoch: 21900 	 loss = -2350.5685
Epoch: 22000 	 loss = -2526.7669
Epoch: 22100 	 loss = -2580.1069
Epoch: 22200 	 loss = -2530.7090
Epoch: 22300 	 loss = -2483.0324
Epoch: 22400 	 loss = -2495.1814
Epoch: 22500 	 loss = -2588.8453
Epoch: 22600 	 loss = -2413.5613
Epoch: 22700 	 loss = -2520.7686
Epoch: 22800 	 loss = -2600.7259
Epoch: 22900 	 loss = -2551.1877
Epoch: 23000 	 loss = -2607.8462
Epoch: 23100 	 loss = -2611.6632
Epoch: 23200 	 loss = -2517.6164
Epoch: 23300 	 loss = -2628.1793
Epoch: 23400 	 loss = -2696.4602
Epoch: 23500 	 loss = -2584.9009
Epoch: 23600 	 loss = -2547.0722
Epoch: 23700 	 loss = -2665.9780
Epoch: 23800 	 loss = -2592.7446
Epoch: 23900 	 loss = -2659.7466
Epoch: 24000 	 loss = -2521.3167
Epoch: 24100 	 loss = -2516.1946
Epoch: 24200 	 loss = -2623.2393
Epoch: 24300 	 loss = -2614.9585
Epoch: 24400 	 loss = -2665.5004
Epoch: 24500 	 loss = -2711.3008
Epoch: 24600 	 loss = -2616.6720
Epoch: 24700 	 loss = -2715.4715
Epoch: 24800 	 loss = -2714.4118
Epoch: 24900 	 loss = -2585.5673
Epoch: 25000 	 loss = -2633.9536
Epoch: 25100 	 loss = -2581.7841
Epoch: 25200 	 loss = -2660.1681
Epoch: 25300 	 loss = -2604.2836
Epoch: 25400 	 loss = -2756.2489
Epoch: 25500 	 loss = -2760.8377
Epoch: 25600 	 loss = -2625.9156
Epoch: 25700 	 loss = -2793.8371
Epoch: 25800 	 loss = -2736.4580
Epoch: 25900 	 loss = -2690.0615
Epoch: 26000 	 loss = -2774.8412
Epoch: 26100 	 loss = -2734.2406
Epoch: 26200 	 loss = -2845.3855
Epoch: 26300 	 loss = -2853.0314
Epoch: 26400 	 loss = -2814.3715
Epoch: 26500 	 loss = -2824.0034
Epoch: 26600 	 loss = -2603.4522
Epoch: 26700 	 loss = -2659.8675
Epoch: 26800 	 loss = -2775.1705
Epoch: 26900 	 loss = -2775.1953
Epoch: 27000 	 loss = -2642.3707
Epoch: 27100 	 loss = -2727.1326
Epoch: 27200 	 loss = -2870.3549
Epoch: 27300 	 loss = -2722.3357
Epoch: 27400 	 loss = -2840.2210
Epoch: 27500 	 loss = -2855.8036
Epoch: 27600 	 loss = -2767.0499
Epoch: 27700 	 loss = -2782.2718
Epoch: 27800 	 loss = -2887.6235
Epoch: 27900 	 loss = -2830.5755
Epoch: 28000 	 loss = -2836.4280
Epoch: 28100 	 loss = -2906.5972
Epoch: 28200 	 loss = -2714.4350
Epoch: 28300 	 loss = -2814.2745
Epoch: 28400 	 loss = -2842.6039
Epoch: 28500 	 loss = -2892.0061
Epoch: 28600 	 loss = -2877.1694
Epoch: 28700 	 loss = -2824.8370
Epoch: 28800 	 loss = -2912.2498
Epoch: 28900 	 loss = -2857.4714
Epoch: 29000 	 loss = -2860.9435
Epoch: 29100 	 loss = -2928.8625
Epoch: 29200 	 loss = -2934.4072
Epoch: 29300 	 loss = -2892.5172
Epoch: 29400 	 loss = -2879.6645
Epoch: 29500 	 loss = -2874.0660
Epoch: 29600 	 loss = -2979.8077
Epoch: 29700 	 loss = -2793.8434
Epoch: 29800 	 loss = -2880.8092
Epoch: 29900 	 loss = -2960.0730
Epoch: 30000 	 loss = -2979.2528
Epoch: 30100 	 loss = -2918.9102
Epoch: 30200 	 loss = -2948.2516
Epoch: 30300 	 loss = -2957.9119
Epoch: 30400 	 loss = -2899.5476
Epoch: 30500 	 loss = -2853.3067
Epoch: 30600 	 loss = -2978.8695
Epoch: 30700 	 loss = -2956.6663
Epoch: 30800 	 loss = -2972.2888
Epoch: 30900 	 loss = -2997.0066
Epoch: 31000 	 loss = -3001.2473
Epoch: 31100 	 loss = -2946.5628
Epoch: 31200 	 loss = -2954.0743
Epoch: 31300 	 loss = -3004.0173
Epoch: 31400 	 loss = -3011.0390
Epoch: 31500 	 loss = -3130.4406
Epoch: 31600 	 loss = -2923.0192
Epoch: 31700 	 loss = -2974.6215
Epoch: 31800 	 loss = -3095.0708
Epoch: 31900 	 loss = -2961.0387
Epoch: 32000 	 loss = -3086.7980
Epoch: 32100 	 loss = -3056.9945
Epoch: 32200 	 loss = -3007.8602
Epoch: 32300 	 loss = -3063.7873
Epoch: 32400 	 loss = -3012.2764
Epoch: 32500 	 loss = -3210.9654
Epoch: 32600 	 loss = -3067.6234
Epoch: 32700 	 loss = -3177.0872
Epoch: 32800 	 loss = -2936.6173
Epoch: 32900 	 loss = -3097.9738
Epoch: 33000 	 loss = -3135.4600
Epoch: 33100 	 loss = -3050.1652
Epoch: 33200 	 loss = -3157.6724
Epoch: 33300 	 loss = -3114.3942
Epoch: 33400 	 loss = -3089.7552
Epoch: 33500 	 loss = -3092.1329
Epoch: 33600 	 loss = -3158.2140
Epoch: 33700 	 loss = -3045.8094
Epoch: 33800 	 loss = -3216.2156
Epoch: 33900 	 loss = -3089.5136
Epoch: 34000 	 loss = -3065.5316
Epoch: 34100 	 loss = -3112.1325
Epoch: 34200 	 loss = -3184.9991
Epoch: 34300 	 loss = -3173.8415
Epoch: 34400 	 loss = -3137.5671
Epoch: 34500 	 loss = -3160.8764
Epoch: 34600 	 loss = -3017.3949
Epoch: 34700 	 loss = -3185.7450
Epoch: 34800 	 loss = -3123.8856
Epoch: 34900 	 loss = -3166.4326
Epoch: 35000 	 loss = -3149.5252
Epoch: 35100 	 loss = -3167.3878
Epoch: 35200 	 loss = -3126.5609
Epoch: 35300 	 loss = -3240.0110
Epoch: 35400 	 loss = -3146.2059
Epoch: 35500 	 loss = -3247.8131
Epoch: 35600 	 loss = -3228.5753
Epoch: 35700 	 loss = -3295.9280
Epoch: 35800 	 loss = -3159.5880
Epoch: 35900 	 loss = -3302.7327
Epoch: 36000 	 loss = -3130.1066
Epoch: 36100 	 loss = -3249.5109
Epoch: 36200 	 loss = -3294.6430
Epoch: 36300 	 loss = -3388.6804
Epoch: 36400 	 loss = -3358.0223
Epoch: 36500 	 loss = -3301.7542
Epoch: 36600 	 loss = -3264.4711
Epoch: 36700 	 loss = -3330.6129
Epoch: 36800 	 loss = -3276.9291
Epoch: 36900 	 loss = -3326.4361
Epoch: 37000 	 loss = -3321.2918
Epoch: 37100 	 loss = -3376.5286
Epoch: 37200 	 loss = -3465.4042
Epoch: 37300 	 loss = -3236.8082
Epoch: 37400 	 loss = -3272.5476
Epoch: 37500 	 loss = -3271.8492
Epoch: 37600 	 loss = -3210.6732
Epoch: 37700 	 loss = -3382.1395
Epoch: 37800 	 loss = -3256.8822
Epoch: 37900 	 loss = -3255.9704
Epoch: 38000 	 loss = -3306.8177
Epoch: 38100 	 loss = -3514.7175
Epoch: 38200 	 loss = -3341.8436
Epoch: 38300 	 loss = -3386.5139
Epoch: 38400 	 loss = -3375.1747
Epoch: 38500 	 loss = -3238.6924
Epoch: 38600 	 loss = -3390.0704
Epoch: 38700 	 loss = -3323.2790
Epoch: 38800 	 loss = -3264.4028
Epoch: 38900 	 loss = -3276.0453
Epoch: 39000 	 loss = -3410.4240
Epoch: 39100 	 loss = -3347.4471
Epoch: 39200 	 loss = -3528.3153
Epoch: 39300 	 loss = -3526.4399
Epoch: 39400 	 loss = -3489.8371
Epoch: 39500 	 loss = -3488.4360
Epoch: 39600 	 loss = -3577.8811
Epoch: 39700 	 loss = -3561.8512
Epoch: 39800 	 loss = -3463.1749
Epoch: 39900 	 loss = -3458.0011
Epoch: 40000 	 loss = -3415.6818
Epoch: 40100 	 loss = -3489.9183
Epoch: 40200 	 loss = -3302.9084
Epoch: 40300 	 loss = -3483.8743
Epoch: 40400 	 loss = -3468.0472
Epoch: 40500 	 loss = -3518.1403
Epoch: 40600 	 loss = -3503.8829
Epoch: 40700 	 loss = -3617.1132
Epoch: 40800 	 loss = -3488.4739
Epoch: 40900 	 loss = -3438.7754
Epoch: 41000 	 loss = -3373.1964
Epoch: 41100 	 loss = -3445.4137
Epoch: 41200 	 loss = -3372.3410
Epoch: 41300 	 loss = -3494.0793
Epoch: 41400 	 loss = -3554.3761
Epoch: 41500 	 loss = -3487.3640
Epoch: 41600 	 loss = -3506.1669
Epoch: 41700 	 loss = -3516.5635
Epoch: 41800 	 loss = -3482.3357
Epoch: 41900 	 loss = -3533.1031
Epoch: 42000 	 loss = -3461.8951
Epoch: 42100 	 loss = -3589.3047
Epoch: 42200 	 loss = -3625.4459
Epoch: 42300 	 loss = -3652.0379
Epoch: 42400 	 loss = -3496.5267
Epoch: 42500 	 loss = -3585.2923
Epoch: 42600 	 loss = -3683.5275
Epoch: 42700 	 loss = -3442.5072
Epoch: 42800 	 loss = -3627.8246
Epoch: 42900 	 loss = -3589.1526
Epoch: 43000 	 loss = -3540.2635
Epoch: 43100 	 loss = -3692.5200
Epoch: 43200 	 loss = -3622.5650
Epoch: 43300 	 loss = -3678.6659
Epoch: 43400 	 loss = -3632.8241
Epoch: 43500 	 loss = -3510.0615
Epoch: 43600 	 loss = -3451.4992
Epoch: 43700 	 loss = -3578.1190
Epoch: 43800 	 loss = -3510.8016
Epoch: 43900 	 loss = -3656.4480
Epoch: 44000 	 loss = -3840.5192
Epoch: 44100 	 loss = -3575.9476
Epoch: 44200 	 loss = -3697.2132
Epoch: 44300 	 loss = -3507.9844
Epoch: 44400 	 loss = -3646.2039
Epoch: 44500 	 loss = -3609.4529
Epoch: 44600 	 loss = -3587.5372
Epoch: 44700 	 loss = -3646.1466
Epoch: 44800 	 loss = -3604.1445
Epoch: 44900 	 loss = -3563.7080
Epoch: 45000 	 loss = -3720.7029
Epoch: 45100 	 loss = -3715.2123
Epoch: 45200 	 loss = -3629.5004
Epoch: 45300 	 loss = -3746.0777
Epoch: 45400 	 loss = -3660.1533
Epoch: 45500 	 loss = -3703.6178
Epoch: 45600 	 loss = -3789.9688
Epoch: 45700 	 loss = -3764.1274
Epoch: 45800 	 loss = -3579.9070
Epoch: 45900 	 loss = -3784.1508
Epoch: 46000 	 loss = -3728.4239
Epoch: 46100 	 loss = -3711.0117
Epoch: 46200 	 loss = -3519.7104
Epoch: 46300 	 loss = -3725.2390
Epoch: 46400 	 loss = -3722.6953
Epoch: 46500 	 loss = -3663.3363
Epoch: 46600 	 loss = -3770.1571
Epoch: 46700 	 loss = -3722.8255
Epoch: 46800 	 loss = -3705.9034
Epoch: 46900 	 loss = -3675.8090
Epoch: 47000 	 loss = -3755.6027
Epoch: 47100 	 loss = -3695.1767
Epoch: 47200 	 loss = -3675.7943
Epoch: 47300 	 loss = -3751.1324
Epoch: 47400 	 loss = -3895.8696
Epoch: 47500 	 loss = -3831.8512
Epoch: 47600 	 loss = -3790.7638
Epoch: 47700 	 loss = -3778.9963
Epoch: 47800 	 loss = -3867.4714
Epoch: 47900 	 loss = -3941.5779
Epoch: 48000 	 loss = -3795.1323
Epoch: 48100 	 loss = -3828.5192
Epoch: 48200 	 loss = -3746.0534
Epoch: 48300 	 loss = -3826.0287
Epoch: 48400 	 loss = -3933.4581
Epoch: 48500 	 loss = -3770.7034
Epoch: 48600 	 loss = -3925.0728
Epoch: 48700 	 loss = -3971.4784
Epoch: 48800 	 loss = -3768.2459
Epoch: 48900 	 loss = -3908.6020
Epoch: 49000 	 loss = -3845.0151
Epoch: 49100 	 loss = -3935.7051
Epoch: 49200 	 loss = -3896.0445
Epoch: 49300 	 loss = -3952.8598
Epoch: 49400 	 loss = -3703.3443
Epoch: 49500 	 loss = -3788.1094
Epoch: 49600 	 loss = -3887.3307
Epoch: 49700 	 loss = -3808.6920
Epoch: 49800 	 loss = -3860.4268
Epoch: 49900 	 loss = -3933.3731
Epoch: 50000 	 loss = -3860.4341
Epoch: 50000 	 loss = -3860.4341
