Epoch: 100
Epoch: 200
Epoch: 300
Epoch: 400
Epoch: 500
Epoch: 600
Epoch: 700
Epoch: 800
Epoch: 900
Epoch: 1000
Epoch: 1100
Epoch: 1200
Epoch: 1300
Epoch: 1400
Epoch: 1500
Epoch: 1600
Epoch: 1700
Epoch: 1800
Epoch: 1900
Epoch: 2000
Epoch: 2100
Epoch: 2200
Epoch: 2300
Epoch: 2400
Epoch: 2500
Epoch: 2600
Epoch: 2700
Epoch: 2800
Epoch: 2900
Epoch: 3000
Epoch: 3100
Epoch: 3200
Epoch: 3300
Epoch: 3400
Epoch: 3500
Epoch: 3600
Epoch: 3700
Epoch: 3800
Epoch: 3900
Epoch: 4000
Epoch: 4100
Epoch: 4200
Epoch: 4300
Epoch: 4400
Epoch: 4500
Epoch: 4600
Epoch: 4700
Epoch: 4800
Epoch: 4900
Epoch: 5000
Epoch: 5100
Epoch: 5200
Epoch: 5300
Epoch: 5400
Epoch: 5500
Epoch: 5600
Epoch: 5700
Epoch: 5800
Epoch: 5900
Epoch: 6000
Epoch: 6100
Epoch: 6200
Epoch: 6300
Epoch: 6400
Epoch: 6500
Epoch: 6600
Epoch: 6700
Epoch: 6800
Epoch: 6900
Epoch: 7000
Epoch: 7100
Epoch: 7200
Epoch: 7300
Epoch: 7400
Epoch: 7500
Epoch: 7600
Epoch: 7700
Epoch: 7800
Epoch: 7900
Epoch: 8000
Epoch: 8100
Epoch: 8200
Epoch: 8300
Epoch: 8400
Epoch: 8500
Epoch: 8600
Epoch: 8700
Epoch: 8800
Epoch: 8900
Epoch: 9000
Epoch: 9100
Epoch: 9200
Epoch: 9300
Epoch: 9400
Epoch: 9500
Epoch: 9600
Epoch: 9700
Epoch: 9800
Epoch: 9900
Epoch: 10000
Epoch: 10100
Epoch: 10200
Epoch: 10300
Epoch: 10400
Epoch: 10500
Epoch: 10600
Epoch: 10700
Epoch: 10800
Epoch: 10900
Epoch: 11000
Epoch: 11100
Epoch: 11200
Epoch: 11300
Epoch: 11400
Epoch: 11500
Epoch: 11600
Epoch: 11700
Epoch: 11800
Epoch: 11900
Epoch: 12000
Epoch: 12100
Epoch: 12200
Epoch: 12300
Epoch: 12400
Epoch: 12500
Epoch: 12600
Epoch: 12700
Epoch: 12800
Epoch: 12900
Epoch: 13000
Epoch: 13100
Epoch: 13200
Epoch: 13300
Epoch: 13400
Epoch: 13500
Epoch: 13600
Epoch: 13700
Epoch: 13800
Epoch: 13900
Epoch: 14000
Epoch: 14100
Epoch: 14200
Epoch: 14300
Epoch: 14400
Epoch: 14500
Epoch: 14600
Epoch: 14700
Epoch: 14800
Epoch: 14900
Epoch: 15000
Epoch: 15100
Epoch: 15200
Epoch: 15300
Epoch: 15400
Epoch: 15500
Epoch: 15600
Epoch: 15700
Epoch: 15800
Epoch: 15900
Epoch: 16000
Epoch: 16100
Epoch: 16200
Epoch: 16300
Epoch: 16400
Epoch: 16500
Epoch: 16600
Epoch: 16700
Epoch: 16800
Epoch: 16900
Epoch: 17000
Epoch: 17100
Epoch: 17200
Epoch: 17300
Epoch: 17400
Epoch: 17500
Epoch: 17600
Epoch: 17700
Epoch: 17800
Epoch: 17900
Epoch: 18000
Epoch: 18100
Epoch: 18200
Epoch: 18300
Epoch: 18400
Epoch: 18500
Epoch: 18600
Epoch: 18700
Epoch: 18800
Epoch: 18900
Epoch: 19000
Epoch: 19100
Epoch: 19200
Epoch: 19300
Epoch: 19400
Epoch: 19500
Epoch: 19600
Epoch: 19700
Epoch: 19800
Epoch: 19900
Epoch: 20000
Epoch: 20100
Epoch: 20200
Epoch: 20300
Epoch: 20400
Epoch: 20500
Epoch: 20600
Epoch: 20700
Epoch: 20800
Epoch: 20900
Epoch: 21000
Epoch: 21100
Epoch: 21200
Epoch: 21300
Epoch: 21400
Epoch: 21500
Epoch: 21600
Epoch: 21700
Epoch: 21800
Epoch: 21900
Epoch: 22000
Epoch: 22100
Epoch: 22200
Epoch: 22300
Epoch: 22400
Epoch: 22500
Epoch: 22600
Epoch: 22700
Epoch: 22800
Epoch: 22900
Epoch: 23000
Epoch: 23100
Epoch: 23200
Epoch: 23300
Epoch: 23400
Epoch: 23500
Epoch: 23600
Epoch: 23700
Epoch: 23800
Epoch: 23900
Epoch: 24000
Epoch: 24100
Epoch: 24200
Epoch: 24300
Epoch: 24400
Epoch: 24500
Epoch: 24600
Epoch: 24700
