using M.Exp for Logarithm
1
2
3
4
5
6
7
8
9
10
11
12
Epoch: 10 	 loss = -967.6968
13
14
15
16
17
18
19
20
21
22
23
Epoch: 20 	 loss = -1976.5652
24
25
26
27
28
29
30
31
32
33
Epoch: 30 	 loss = -1060.5189
34
35
36
37
38
39
40
41
42
43
Epoch: 40 	 loss = -1286.0067
44
45
46
47
48
49
50
51
52
53
Epoch: 50 	 loss = -953.0369
54
55
56
57
58
59
60
61
62
63
Epoch: 60 	 loss = -3399.9375
64
65
66
67
68
69
70
71
72
73
Epoch: 70 	 loss = -1541.3052
74
75
76
77
78
79
80
81
82
83
Epoch: 80 	 loss = -1144.9983
84
85
86
87
88
89
90
91
92
93
Epoch: 90 	 loss = -1000.7429
94
95
96
97
98
99
100
101
1
2
Epoch: 100 	 loss = -11458.4355
3
4
5
6
7
8
9
10
11
12
Epoch: 110 	 loss = -3930.0269
13
14
15
16
17
18
19
20
21
22
Epoch: 120 	 loss = -1597.2286
23
24
25
26
27
28
29
30
31
32
Epoch: 130 	 loss = -2643.8965
33
34
35
36
37
38
39
40
41
42
Epoch: 140 	 loss = -1528.1753
43
44
45
46
47
48
49
50
51
52
Epoch: 150 	 loss = -1255.3098
53
54
55
56
57
58
59
60
61
62
Epoch: 160 	 loss = -1097.1055
63
64
65
66
67
68
69
70
71
72
Epoch: 170 	 loss = -1310.0459
73
74
75
76
77
78
79
80
81
82
Epoch: 180 	 loss = -1444.6893
83
84
85
86
87
88
89
90
91
92
Epoch: 190 	 loss = -1205.1057
93
94
95
96
97
98
99
100
101
1
Epoch: 200 	 loss = -1172.9633
2
3
4
5
6
7
8
9
10
11
Epoch: 210 	 loss = -1084.4781
12
13
14
15
16
17
18
19
20
21
Epoch: 220 	 loss = -3500.2661
22
23
24
25
26
27
28
29
30
31
Epoch: 230 	 loss = -2592.1638
32
33
34
35
36
37
38
39
40
41
Epoch: 240 	 loss = -1063.1976
42
43
44
45
46
47
48
49
50
51
Epoch: 250 	 loss = -1074.6466
52
53
54
55
56
57
58
59
60
61
Epoch: 260 	 loss = -1592.4020
62
63
64
65
66
67
68
69
70
71
Epoch: 270 	 loss = -1244.8436
72
73
74
75
76
77
78
79
80
81
Epoch: 280 	 loss = -1784.0531
82
83
84
85
86
87
88
89
90
91
Epoch: 290 	 loss = -1083.2819
92
93
94
95
96
97
98
99
100
101
Epoch: 300 	 loss = -1576.1667
1
2
3
4
5
6
7
8
9
10
Epoch: 310 	 loss = -2637.1750
11
12
13
14
15
16
17
18
19
20
Epoch: 320 	 loss = -1217.6423
21
22
23
24
25
26
27
28
29
30
Epoch: 330 	 loss = -1606.8718
31
32
33
34
35
36
37
38
39
40
Epoch: 340 	 loss = -1448.6001
41
42
43
44
45
46
47
48
49
50
Epoch: 350 	 loss = -1312.4181
51
52
53
54
55
56
57
58
59
60
Epoch: 360 	 loss = -808.2225
61
62
63
64
65
66
67
68
69
70
Epoch: 370 	 loss = -1118.0427
71
72
73
74
75
76
77
78
79
80
Epoch: 380 	 loss = -1019.4666
81
82
83
84
85
86
87
88
89
90
Epoch: 390 	 loss = -1172.0745
91
92
93
94
95
96
97
98
99
100
Epoch: 400 	 loss = -1162.7451
101
1
2
3
4
5
6
7
8
9
Epoch: 410 	 loss = -5404.1533
10
11
12
13
14
15
16
17
18
19
Epoch: 420 	 loss = -1774.3989
20
21
22
23
24
25
26
27
28
29
Epoch: 430 	 loss = -3378.1045
30
31
32
33
34
35
36
37
38
39
Epoch: 440 	 loss = -1193.6552
40
41
42
43
44
45
46
47
48
49
Epoch: 450 	 loss = -3608.7266
50
51
52
53
54
55
56
57
58
59
Epoch: 460 	 loss = -2657.5527
60
61
62
63
64
65
66
67
68
69
Epoch: 470 	 loss = -1101.0298
70
71
72
73
74
75
76
77
78
79
Epoch: 480 	 loss = -1223.1641
80
81
82
83
84
85
86
87
88
89
Epoch: 490 	 loss = -1019.9210
90
91
92
93
94
95
96
97
98
99
Epoch: 500 	 loss = -1184.4127
100
101
1
2
3
4
5
6
7
8
Epoch: 510 	 loss = -4732.4126
9
10
11
12
13
14
15
16
17
18
Epoch: 520 	 loss = -2715.6382
19
20
21
22
23
24
25
26
27
28
Epoch: 530 	 loss = -1045.5321
29
30
31
32
33
34
35
36
37
38
Epoch: 540 	 loss = -1127.3389
39
40
41
42
43
44
45
46
47
48
Epoch: 550 	 loss = -1004.0206
49
50
51
52
53
54
55
56
57
58
Epoch: 560 	 loss = -1838.2124
59
60
61
62
63
64
65
66
67
68
Epoch: 570 	 loss = -1261.7590
69
70
71
72
73
74
75
76
77
78
Epoch: 580 	 loss = -1153.4126
79
80
81
82
83
84
85
86
87
88
Epoch: 590 	 loss = -1157.7325
89
90
91
92
93
94
95
96
97
98
Epoch: 600 	 loss = -1188.7791
99
100
101
1
2
3
4
5
6
7
Epoch: 610 	 loss = -1154.6305
8
9
10
11
12
13
14
15
16
17
Epoch: 620 	 loss = -3151.5496
18
19
20
21
22
23
24
25
26
27
Epoch: 630 	 loss = -2609.1538
28
29
30
31
32
33
34
35
36
37
Epoch: 640 	 loss = -1769.5161
38
39
40
41
42
43
44
45
46
47
Epoch: 650 	 loss = -1293.3500
48
49
50
51
52
53
54
55
56
57
Epoch: 660 	 loss = -1376.8138
58
59
60
61
62
63
64
65
66
67
Epoch: 670 	 loss = -2626.7568
68
69
70
71
72
73
74
75
76
77
Epoch: 680 	 loss = -1373.5271
78
79
80
81
82
83
84
85
86
87
Epoch: 690 	 loss = -1586.7427
88
89
90
91
92
93
94
95
96
97
Epoch: 700 	 loss = -1483.4175
98
99
100
101
1
2
3
4
5
6
Epoch: 710 	 loss = -4051.0051
7
8
9
10
11
12
13
14
15
16
Epoch: 720 	 loss = -3156.4448
17
18
19
20
21
22
23
24
25
26
Epoch: 730 	 loss = -3922.9807
27
28
29
30
31
32
33
34
35
36
Epoch: 740 	 loss = -1707.3573
37
38
39
40
41
42
43
44
45
46
Epoch: 750 	 loss = -1147.9011
47
48
49
50
51
52
53
54
55
56
Epoch: 760 	 loss = -1397.0217
57
58
59
60
61
62
63
64
65
66
Epoch: 770 	 loss = -1072.6799
67
68
69
70
71
72
73
74
75
76
Epoch: 780 	 loss = -1162.7188
77
78
79
80
81
82
83
84
85
86
Epoch: 790 	 loss = -1886.9834
87
88
89
90
91
92
93
94
95
96
Epoch: 800 	 loss = -2819.8484
97
98
99
100
101
1
2
3
4
5
Epoch: 810 	 loss = -1493.6396
6
7
8
9
10
11
12
13
14
15
Epoch: 820 	 loss = -3236.4121
16
17
18
19
20
21
22
23
24
25
Epoch: 830 	 loss = -4076.5479
26
27
28
29
30
31
32
33
34
35
Epoch: 840 	 loss = -2374.2490
36
37
38
39
40
41
42
43
44
45
Epoch: 850 	 loss = -1970.6849
46
47
48
49
50
51
52
53
54
55
Epoch: 860 	 loss = -3517.2012
56
57
58
59
60
61
62
63
64
65
Epoch: 870 	 loss = -1135.0591
66
67
68
69
70
71
72
73
74
75
Epoch: 880 	 loss = -1011.2730
76
77
78
79
80
81
82
83
84
85
Epoch: 890 	 loss = -1028.3275
86
87
88
89
90
91
92
93
94
95
Epoch: 900 	 loss = -1412.6660
96
97
98
99
100
101
1
2
3
4
Epoch: 910 	 loss = -6138.6650
5
6
7
8
9
10
11
12
13
14
Epoch: 920 	 loss = -1314.7389
15
16
17
18
19
20
21
22
23
24
Epoch: 930 	 loss = -1315.9922
25
26
27
28
29
30
31
32
33
34
Epoch: 940 	 loss = -1774.9911
35
36
37
38
39
40
41
42
43
44
Epoch: 950 	 loss = -1133.1809
45
46
47
48
49
50
51
52
53
54
Epoch: 960 	 loss = -1608.3013
55
56
57
58
59
60
61
62
63
64
Epoch: 970 	 loss = -1693.4515
65
66
67
68
69
70
71
72
73
74
Epoch: 980 	 loss = -2729.0859
75
76
77
78
79
80
81
82
83
84
Epoch: 990 	 loss = -1627.9011
85
86
87
88
89
90
91
92
93
94
Epoch: 1000 	 loss = -1430.4719
95
96
97
98
99
100
101
1
2
3
Epoch: 1010 	 loss = -5856.7915
4
5
6
7
8
9
10
11
12
13
Epoch: 1020 	 loss = -4779.6318
14
15
16
17
18
19
20
21
22
23
Epoch: 1030 	 loss = -1212.5691
24
25
26
27
28
29
30
31
32
33
Epoch: 1040 	 loss = -4881.7422
34
35
36
37
38
39
40
41
42
43
Epoch: 1050 	 loss = -5886.1499
44
45
46
47
48
49
50
51
52
53
Epoch: 1060 	 loss = -2270.8838
54
55
56
57
58
59
60
61
62
63
Epoch: 1070 	 loss = -1491.8247
64
65
66
67
68
69
70
71
72
73
Epoch: 1080 	 loss = -1049.1688
74
75
76
77
78
79
80
81
82
83
Epoch: 1090 	 loss = -2139.3833
84
85
86
87
88
89
90
91
92
93
Epoch: 1100 	 loss = -1522.0098
94
95
96
97
98
99
100
101
1
2
Epoch: 1110 	 loss = -5815.2153
3
4
5
6
7
8
9
10
11
12
Epoch: 1120 	 loss = -1012.8472
13
14
15
16
17
18
19
20
21
22
Epoch: 1130 	 loss = -1129.8843
23
24
25
26
27
28
29
30
31
32
Epoch: 1140 	 loss = -1208.1674
33
34
35
36
37
38
39
40
41
42
Epoch: 1150 	 loss = -4765.4365
43
44
45
46
47
48
49
50
51
52
Epoch: 1160 	 loss = -1583.1881
53
54
55
56
57
58
59
60
61
62
Epoch: 1170 	 loss = -1130.9564
63
64
65
66
67
68
69
70
71
72
Epoch: 1180 	 loss = -1580.4043
73
74
75
76
77
78
79
80
81
82
Epoch: 1190 	 loss = -1341.0803
83
84
85
86
87
88
89
90
91
92
Epoch: 1200 	 loss = -2917.0830
93
94
95
96
97
98
99
100
101
1
Epoch: 1210 	 loss = -1371.0938
2
3
4
5
6
7
8
9
10
11
Epoch: 1220 	 loss = -1259.7760
12
13
14
15
16
17
18
19
20
21
Epoch: 1230 	 loss = -2085.4238
22
23
24
25
26
27
28
29
30
31
Epoch: 1240 	 loss = -1193.8453
32
33
34
35
36
37
38
39
40
41
Epoch: 1250 	 loss = -1818.4497
42
43
44
45
46
47
48
49
50
51
Epoch: 1260 	 loss = -1292.2063
52
53
54
55
56
57
58
59
60
61
Epoch: 1270 	 loss = -1247.4001
62
63
64
65
66
67
68
69
70
71
Epoch: 1280 	 loss = -1343.2482
72
73
74
75
76
77
78
79
80
81
Epoch: 1290 	 loss = -1120.7805
82
83
84
85
86
87
88
89
90
91
Epoch: 1300 	 loss = -1227.9375
92
93
94
95
96
97
98
99
100
101
Epoch: 1310 	 loss = -1036.2585
1
2
3
4
5
6
7
8
9
10
Epoch: 1320 	 loss = -1438.0408
11
12
13
14
15
16
17
18
19
20
Epoch: 1330 	 loss = -1734.1534
21
22
23
24
25
26
27
28
29
30
Epoch: 1340 	 loss = -2655.1125
31
32
33
34
35
36
37
38
39
40
Epoch: 1350 	 loss = -1371.5198
41
42
43
44
45
46
47
48
49
50
Epoch: 1360 	 loss = -1490.9613
51
52
53
54
55
56
57
58
59
60
Epoch: 1370 	 loss = -1128.3018
61
62
63
64
65
66
67
68
69
70
Epoch: 1380 	 loss = -1773.6824
71
72
73
74
75
76
77
78
79
80
Epoch: 1390 	 loss = -1421.5339
81
82
83
84
85
86
87
88
89
90
Epoch: 1400 	 loss = -1458.9556
91
92
93
94
95
96
97
98
99
100
Epoch: 1410 	 loss = -2115.7563
101
1
2
3
4
5
6
7
8
9
Epoch: 1420 	 loss = -1456.4479
10
11
12
13
14
15
16
17
18
19
Epoch: 1430 	 loss = -1539.2959
20
21
22
23
24
25
26
27
28
29
Epoch: 1440 	 loss = -3814.1499
30
31
32
33
34
35
36
37
38
39
Epoch: 1450 	 loss = -1251.6953
40
41
42
43
44
45
46
47
48
49
Epoch: 1460 	 loss = -1018.1997
50
51
52
53
54
55
56
57
58
59
Epoch: 1470 	 loss = -1540.1130
60
61
62
63
64
65
66
67
68
69
Epoch: 1480 	 loss = -1849.6683
70
71
72
73
74
75
76
77
78
79
Epoch: 1490 	 loss = -2223.9143
80
81
82
83
84
85
86
87
88
89
Epoch: 1500 	 loss = -1146.0431
90
91
92
93
94
95
96
97
98
99
Epoch: 1510 	 loss = -2703.7795
100
101
1
2
3
4
5
6
7
8
Epoch: 1520 	 loss = -3301.4194
9
10
11
12
13
14
15
16
17
18
Epoch: 1530 	 loss = -1803.4709
19
20
21
22
23
24
25
26
27
28
Epoch: 1540 	 loss = -1283.6636
29
30
31
32
33
34
35
36
37
38
Epoch: 1550 	 loss = -1099.7400
39
40
41
42
43
44
45
46
47
48
Epoch: 1560 	 loss = -3009.9277
49
50
51
52
53
54
55
56
57
58
Epoch: 1570 	 loss = -3065.9055
59
60
61
62
63
64
65
66
67
68
Epoch: 1580 	 loss = -1226.6425
69
70
71
72
73
74
75
76
77
78
Epoch: 1590 	 loss = -1197.3881
79
80
81
82
83
84
85
86
87
88
Epoch: 1600 	 loss = -2945.9536
89
90
91
92
93
94
95
96
97
98
Epoch: 1610 	 loss = -1486.0631
99
100
101
1
2
3
4
5
6
7
Epoch: 1620 	 loss = -1213.2347
8
9
10
11
12
13
14
15
16
17
Epoch: 1630 	 loss = -1459.2039
18
19
20
21
22
23
24
25
26
27
Epoch: 1640 	 loss = -3113.0034
28
29
30
31
32
33
34
35
36
37
Epoch: 1650 	 loss = -2606.4846
38
39
40
41
42
43
44
45
46
47
Epoch: 1660 	 loss = -1065.1471
48
49
50
51
52
53
54
55
56
57
Epoch: 1670 	 loss = -1534.2004
58
59
60
61
62
63
64
65
66
67
Epoch: 1680 	 loss = -2371.9292
68
69
70
71
72
73
74
75
76
77
Epoch: 1690 	 loss = -1221.0553
78
79
80
81
82
83
84
85
86
87
Epoch: 1700 	 loss = -1959.7106
88
89
90
91
92
93
94
95
96
97
Epoch: 1710 	 loss = -2812.5508
98
99
100
101
1
2
3
4
5
6
Epoch: 1720 	 loss = -2264.1528
7
8
9
10
11
12
13
14
15
16
Epoch: 1730 	 loss = -1499.3971
17
18
19
20
21
22
23
24
25
26
Epoch: 1740 	 loss = -1185.4717
27
28
29
30
31
32
33
34
35
36
Epoch: 1750 	 loss = -1509.7881
37
38
39
40
41
42
43
44
45
46
Epoch: 1760 	 loss = -3458.7095
47
48
49
50
51
52
53
54
55
56
Epoch: 1770 	 loss = -1264.6458
57
58
59
60
61
62
63
64
65
66
Epoch: 1780 	 loss = -1379.2382
67
68
69
70
71
72
73
74
75
76
Epoch: 1790 	 loss = -1372.5786
77
78
79
80
81
82
83
84
85
86
Epoch: 1800 	 loss = -1171.5626
87
88
89
90
91
92
93
94
95
96
Epoch: 1810 	 loss = -1251.1080
97
98
99
100
101
1
2
3
4
5
Epoch: 1820 	 loss = -1681.7043
6
7
8
9
10
11
12
13
14
15
Epoch: 1830 	 loss = -2685.8433
16
17
18
19
20
21
22
23
24
25
Epoch: 1840 	 loss = -1555.7417
26
27
28
29
30
31
32
33
34
35
Epoch: 1850 	 loss = -1416.2826
36
37
38
39
40
41
42
43
44
45
Epoch: 1860 	 loss = -2799.7019
46
47
48
49
50
51
52
53
54
55
Epoch: 1870 	 loss = -1589.9918
56
57
58
59
60
61
62
63
64
65
Epoch: 1880 	 loss = -2025.0078
66
67
68
69
70
71
72
73
74
75
Epoch: 1890 	 loss = -1272.6804
76
77
78
79
80
81
82
83
84
85
Epoch: 1900 	 loss = -1865.8213
86
87
88
89
90
91
92
93
94
95
Epoch: 1910 	 loss = -1966.3760
96
97
98
99
100
101
1
2
3
4
Epoch: 1920 	 loss = -2006.0999
5
6
7
8
9
10
11
12
13
14
Epoch: 1930 	 loss = -1143.3347
15
16
17
18
19
20
21
22
23
24
Epoch: 1940 	 loss = -1698.1375
25
26
27
28
29
30
31
32
33
34
Epoch: 1950 	 loss = -1378.3350
35
36
37
38
39
40
41
42
43
44
Epoch: 1960 	 loss = -2291.4722
45
46
47
48
49
50
51
52
53
54
Epoch: 1970 	 loss = -1139.4296
55
56
57
58
59
60
61
62
63
64
Epoch: 1980 	 loss = -1405.3134
65
66
67
68
69
70
71
72
73
74
Epoch: 1990 	 loss = -1561.8142
75
76
77
78
79
80
81
82
83
84
Epoch: 2000 	 loss = -999.5801
85
86
87
88
89
90
91
92
93
94
Epoch: 2010 	 loss = -1841.8124
95
96
97
98
99
100
101
1
2
3
Epoch: 2020 	 loss = -1390.7427
4
5
6
7
8
9
10
11
12
13
Epoch: 2030 	 loss = -1485.5526
14
15
16
17
18
19
20
21
22
23
Epoch: 2040 	 loss = -2871.8188
24
25
26
27
28
29
30
31
32
33
Epoch: 2050 	 loss = -2417.0298
34
35
36
37
38
39
40
41
42
43
Epoch: 2060 	 loss = -2337.5486
44
45
46
47
48
49
50
51
52
53
Epoch: 2070 	 loss = -1050.7578
54
55
56
57
58
59
60
61
62
63
Epoch: 2080 	 loss = -1064.3723
64
65
66
67
68
69
70
71
72
73
Epoch: 2090 	 loss = -1353.7683
74
75
76
77
78
79
80
81
82
83
Epoch: 2100 	 loss = -3002.6079
84
85
86
87
88
89
90
91
92
93
Epoch: 2110 	 loss = -1887.3269
94
95
96
97
98
99
100
101
1
2
Epoch: 2120 	 loss = -1183.2941
3
4
5
6
7
8
9
10
11
12
Epoch: 2130 	 loss = -1456.9026
13
14
15
16
17
18
19
20
21
22
Epoch: 2140 	 loss = -1411.7281
23
24
25
26
27
28
29
30
31
32
Epoch: 2150 	 loss = -2495.9385
33
34
35
36
37
38
39
40
41
42
Epoch: 2160 	 loss = -1260.0764
43
44
45
46
47
48
49
50
51
52
Epoch: 2170 	 loss = -1110.4747
53
54
55
56
57
58
59
60
61
62
Epoch: 2180 	 loss = -3680.4927
63
64
65
66
67
68
69
70
71
72
Epoch: 2190 	 loss = -1366.2393
73
74
75
76
77
78
79
80
81
82
Epoch: 2200 	 loss = -2299.3276
83
84
85
86
87
88
89
90
91
92
Epoch: 2210 	 loss = -2528.4309
93
94
95
96
97
98
99
100
101
1
Epoch: 2220 	 loss = -2264.3350
2
3
4
5
6
7
8
9
10
11
Epoch: 2230 	 loss = -4449.7656
12
13
14
15
16
17
18
19
20
21
Epoch: 2240 	 loss = -1203.4886
22
23
24
25
26
27
28
29
30
31
Epoch: 2250 	 loss = -2981.7241
32
33
34
35
36
37
38
39
40
41
Epoch: 2260 	 loss = -1139.6923
42
43
44
45
46
47
48
49
50
51
Epoch: 2270 	 loss = -2281.7449
52
53
54
55
56
57
58
59
60
61
Epoch: 2280 	 loss = -1144.8260
62
63
64
65
66
67
68
69
70
71
Epoch: 2290 	 loss = -1217.1830
72
73
74
75
76
77
78
79
80
81
Epoch: 2300 	 loss = -1326.9504
82
83
84
85
86
87
88
89
90
91
Epoch: 2310 	 loss = -2413.4426
92
93
94
95
96
97
98
99
100
101
Epoch: 2320 	 loss = -1023.6939
1
2
3
4
5
6
7
8
9
10
Epoch: 2330 	 loss = -7520.0225
11
12
13
14
15
16
17
18
19
20
Epoch: 2340 	 loss = -3726.0884
21
22
23
24
25
26
27
28
29
30
Epoch: 2350 	 loss = -1607.7570
31
32
33
34
35
36
37
38
39
40
Epoch: 2360 	 loss = -1363.4569
41
42
43
44
45
46
47
48
49
50
Epoch: 2370 	 loss = -2931.0024
51
52
53
54
55
56
57
58
59
60
Epoch: 2380 	 loss = -1875.1418
61
62
63
64
65
66
67
68
69
70
Epoch: 2390 	 loss = -1122.6584
71
72
73
74
75
76
77
78
79
80
Epoch: 2400 	 loss = -1057.7948
81
82
83
84
85
86
87
88
89
90
Epoch: 2410 	 loss = -5084.8076
91
92
93
94
95
96
97
98
99
100
Epoch: 2420 	 loss = -1117.9716
101
1
2
3
4
5
6
7
8
9
Epoch: 2430 	 loss = -5948.9717
10
11
12
13
14
15
16
17
18
19
Epoch: 2440 	 loss = -1915.8315
20
21
22
23
24
25
26
27
28
29
Epoch: 2450 	 loss = -1084.9056
30
31
32
33
34
35
36
37
38
39
Epoch: 2460 	 loss = -1756.2487
40
41
42
43
44
45
46
47
48
49
Epoch: 2470 	 loss = -1346.9498
50
51
52
53
54
55
56
57
58
59
Epoch: 2480 	 loss = -1857.7825
60
61
62
63
64
65
66
67
68
69
Epoch: 2490 	 loss = -1222.1667
70
71
72
73
74
75
76
77
78
79
Epoch: 2500 	 loss = -1679.8525
80
81
82
83
84
85
86
87
88
89
Epoch: 2510 	 loss = -1960.6899
90
91
92
93
94
95
96
97
98
99
Epoch: 2520 	 loss = -1134.9143
100
101
1
2
3
4
5
6
7
8
Epoch: 2530 	 loss = -1497.2330
9
10
11
12
13
14
15
16
17
18
Epoch: 2540 	 loss = -1552.7905
19
20
21
22
23
24
25
26
27
28
Epoch: 2550 	 loss = -1352.8348
29
30
31
32
33
34
35
36
37
38
Epoch: 2560 	 loss = -1108.5826
39
40
41
42
43
44
45
46
47
48
Epoch: 2570 	 loss = -1381.2133
49
50
51
52
53
54
55
56
57
58
Epoch: 2580 	 loss = -2509.4990
59
60
61
62
63
64
65
66
67
68
Epoch: 2590 	 loss = -2345.6226
69
70
71
72
73
74
75
76
77
78
Epoch: 2600 	 loss = -1614.0222
79
80
81
82
83
84
85
86
87
88
Epoch: 2610 	 loss = -1465.1234
89
90
91
92
93
94
95
96
97
98
Epoch: 2620 	 loss = -2042.0116
99
100
101
1
2
3
4
5
6
7
Epoch: 2630 	 loss = -4899.9189
8
9
10
11
12
13
14
15
16
17
Epoch: 2640 	 loss = -1556.5692
18
19
20
21
22
23
24
25
26
27
Epoch: 2650 	 loss = -1660.1082
28
29
30
31
32
33
34
35
36
37
Epoch: 2660 	 loss = -1362.5802
38
39
40
41
42
43
44
45
46
47
Epoch: 2670 	 loss = -2149.5061
48
49
50
51
52
53
54
55
56
57
Epoch: 2680 	 loss = -1592.7527
58
59
60
61
62
63
64
65
66
67
Epoch: 2690 	 loss = -1628.7606
68
69
70
71
72
73
74
75
76
77
Epoch: 2700 	 loss = -1665.3240
78
79
80
81
82
83
84
85
86
87
Epoch: 2710 	 loss = -1318.6425
88
89
90
91
92
93
94
95
96
97
Epoch: 2720 	 loss = -1911.5005
98
99
100
101
1
2
3
4
5
6
Epoch: 2730 	 loss = -1062.6262
7
8
9
10
11
12
13
14
15
16
Epoch: 2740 	 loss = -1989.5481
17
18
19
20
21
22
23
24
25
26
Epoch: 2750 	 loss = -3965.2983
27
28
29
30
31
32
33
34
35
36
Epoch: 2760 	 loss = -2325.8740
37
38
39
40
41
42
43
44
45
46
Epoch: 2770 	 loss = -3880.8870
47
48
49
50
51
52
53
54
55
56
Epoch: 2780 	 loss = -1139.8220
57
58
59
60
61
62
63
64
65
66
Epoch: 2790 	 loss = -1413.6267
67
68
69
70
71
72
73
74
75
76
Epoch: 2800 	 loss = -2425.3933
77
78
79
80
81
82
83
84
85
86
Epoch: 2810 	 loss = -2124.2175
87
88
89
90
91
92
93
94
95
96
Epoch: 2820 	 loss = -1458.2611
97
98
99
100
101
1
2
3
4
5
Epoch: 2830 	 loss = -2089.5320
6
7
8
9
10
11
12
13
14
15
Epoch: 2840 	 loss = -1475.5215
16
17
18
19
20
21
22
23
24
25
Epoch: 2850 	 loss = -1300.5347
26
27
28
29
30
31
32
33
34
35
Epoch: 2860 	 loss = -1978.1167
36
37
38
39
40
41
42
43
44
45
Epoch: 2870 	 loss = -1186.6899
46
47
48
49
50
51
52
53
54
55
Epoch: 2880 	 loss = -1438.8401
56
57
58
59
60
61
62
63
64
65
Epoch: 2890 	 loss = -1192.4951
66
67
68
69
70
71
72
73
74
75
Epoch: 2900 	 loss = -3511.1179
76
77
78
79
80
81
82
83
84
85
Epoch: 2910 	 loss = -2833.7249
86
87
88
89
90
91
92
93
94
95
Epoch: 2920 	 loss = -3360.0679
96
97
98
99
100
101
1
2
3
4
Epoch: 2930 	 loss = -1246.4125
5
6
7
8
9
10
11
12
13
14
Epoch: 2940 	 loss = -1341.1737
15
16
17
18
19
20
21
22
23
24
Epoch: 2950 	 loss = -2686.5898
25
26
27
28
29
30
31
32
33
34
Epoch: 2960 	 loss = -1455.7825
35
36
37
38
39
40
41
42
43
44
Epoch: 2970 	 loss = -1249.7781
45
46
47
48
49
50
51
52
53
54
Epoch: 2980 	 loss = -1769.3820
55
56
57
58
59
60
61
62
63
64
Epoch: 2990 	 loss = -4163.6055
65
66
67
68
69
70
71
72
73
74
Epoch: 3000 	 loss = -2148.1543
75
76
77
78
79
80
81
82
83
84
Epoch: 3010 	 loss = -1304.1675
85
86
87
88
89
90
91
92
93
94
Epoch: 3020 	 loss = -2353.2031
95
96
97
98
99
100
101
1
2
3
Epoch: 3030 	 loss = -2463.5884
4
5
6
7
8
9
10
11
12
13
Epoch: 3040 	 loss = -2090.7290
14
15
16
17
18
19
20
21
22
23
Epoch: 3050 	 loss = -1418.2986
24
25
26
27
28
29
30
31
32
33
Epoch: 3060 	 loss = -2726.0708
34
35
36
37
38
39
40
41
42
43
Epoch: 3070 	 loss = -1122.7568
44
45
46
47
48
49
50
51
52
53
Epoch: 3080 	 loss = -2673.6042
54
55
56
57
58
59
60
61
62
63
Epoch: 3090 	 loss = -2041.1011
64
65
66
67
68
69
70
71
72
73
Epoch: 3100 	 loss = -2675.8362
74
75
76
77
78
79
80
81
82
83
Epoch: 3110 	 loss = -1182.9812
84
85
86
87
88
89
90
91
92
93
Epoch: 3120 	 loss = -1614.3542
94
95
96
97
98
99
100
101
1
2
Epoch: 3130 	 loss = -1097.9174
3
4
5
6
7
8
9
10
11
12
Epoch: 3140 	 loss = -2573.0464
13
14
15
16
17
18
19
20
21
22
Epoch: 3150 	 loss = -5863.6860
23
24
25
26
27
28
29
30
31
32
Epoch: 3160 	 loss = -1574.5730
33
34
35
36
37
38
39
40
41
42
Epoch: 3170 	 loss = -4315.2568
43
44
45
46
47
48
49
50
51
52
Epoch: 3180 	 loss = -3164.0640
53
54
55
56
57
58
59
60
61
62
Epoch: 3190 	 loss = -1609.9246
63
64
65
66
67
68
69
70
71
72
Epoch: 3200 	 loss = -1222.6268
73
74
75
76
77
78
79
80
81
82
Epoch: 3210 	 loss = -1177.1510
83
84
85
86
87
88
89
90
91
92
Epoch: 3220 	 loss = -937.3967
93
94
95
96
97
98
99
100
101
1
Epoch: 3230 	 loss = -1225.2926
2
3
4
5
6
7
8
9
10
11
Epoch: 3240 	 loss = -1244.5446
12
13
14
15
16
17
18
19
20
21
Epoch: 3250 	 loss = -1462.7404
22
23
24
25
26
27
28
29
30
31
Epoch: 3260 	 loss = -3737.8528
32
33
34
35
36
37
38
39
40
41
Epoch: 3270 	 loss = -1235.5850
42
43
44
45
46
47
48
49
50
51
Epoch: 3280 	 loss = -2857.4041
52
53
54
55
56
57
58
59
60
61
Epoch: 3290 	 loss = -1585.6964
62
63
64
65
66
67
68
69
70
71
Epoch: 3300 	 loss = -1950.3746
72
73
74
75
76
77
78
79
80
81
Epoch: 3310 	 loss = -2016.0179
82
83
84
85
86
87
88
89
90
91
Epoch: 3320 	 loss = -3071.2214
92
93
94
95
96
97
98
99
100
101
Epoch: 3330 	 loss = -1241.5741
1
2
3
4
5
6
7
8
9
10
Epoch: 3340 	 loss = -1493.4187
11
12
13
14
15
16
17
18
19
20
Epoch: 3350 	 loss = -1234.4895
21
22
23
24
25
26
27
28
29
30
Epoch: 3360 	 loss = -1136.2366
31
32
33
34
35
36
37
38
39
40
Epoch: 3370 	 loss = -1255.8793
41
42
43
44
45
46
47
48
49
50
Epoch: 3380 	 loss = -1352.2386
51
52
53
54
55
56
57
58
59
60
Epoch: 3390 	 loss = -2557.2310
61
62
63
64
65
66
67
68
69
70
Epoch: 3400 	 loss = -1433.6611
71
72
73
74
75
76
77
78
79
80
Epoch: 3410 	 loss = -1885.3264
81
82
83
84
85
86
87
88
89
90
Epoch: 3420 	 loss = -3779.6172
91
92
93
94
95
96
97
98
99
100
Epoch: 3430 	 loss = -2556.2266
101
1
2
3
4
5
6
7
8
9
Epoch: 3440 	 loss = -6298.7812
10
11
12
13
14
15
16
17
18
19
Epoch: 3450 	 loss = -1524.2434
20
21
22
23
24
25
26
27
28
29
Epoch: 3460 	 loss = -2084.8457
30
31
32
33
34
35
36
37
38
39
Epoch: 3470 	 loss = -1193.6857
40
41
42
43
44
45
46
47
48
49
Epoch: 3480 	 loss = -2488.5557
50
51
52
53
54
55
56
57
58
59
Epoch: 3490 	 loss = -1584.7390
60
61
62
63
64
65
66
67
68
69
Epoch: 3500 	 loss = -3566.6318
70
71
72
73
74
75
76
77
78
79
Epoch: 3510 	 loss = -3908.5308
80
81
82
83
84
85
86
87
88
89
Epoch: 3520 	 loss = -1479.4595
90
91
92
93
94
95
96
97
98
99
Epoch: 3530 	 loss = -1381.8606
100
101
1
2
3
4
5
6
7
8
Epoch: 3540 	 loss = -2877.8352
9
10
11
12
13
14
15
16
17
18
Epoch: 3550 	 loss = -3716.0845
19
20
21
22
23
24
25
26
27
28
Epoch: 3560 	 loss = -2916.6814
29
30
31
32
33
34
35
36
37
38
Epoch: 3570 	 loss = -3239.4651
39
40
41
42
43
44
45
46
47
48
Epoch: 3580 	 loss = -1144.8634
49
50
51
52
53
54
55
56
57
58
Epoch: 3590 	 loss = -1263.4182
59
60
61
62
63
64
65
66
67
68
Epoch: 3600 	 loss = -1477.5173
69
70
71
72
73
74
75
76
77
78
Epoch: 3610 	 loss = -1838.6602
79
80
81
82
83
84
85
86
87
88
Epoch: 3620 	 loss = -1566.5875
89
90
91
92
93
94
95
96
97
98
Epoch: 3630 	 loss = -1090.5234
99
100
101
1
2
3
4
5
6
7
Epoch: 3640 	 loss = -3086.7561
8
9
10
11
12
13
14
15
16
17
Epoch: 3650 	 loss = -5046.4761
18
19
20
21
22
23
24
25
26
27
Epoch: 3660 	 loss = -2014.8314
28
29
30
31
32
33
34
35
36
37
Epoch: 3670 	 loss = -2635.2351
38
39
40
41
42
43
44
45
46
47
Epoch: 3680 	 loss = -1338.5751
48
49
50
51
52
53
54
55
56
57
Epoch: 3690 	 loss = -1808.9240
58
59
60
61
62
63
64
65
66
67
Epoch: 3700 	 loss = -3493.3506
68
69
70
71
72
73
74
75
76
77
Epoch: 3710 	 loss = -1386.7218
78
79
80
81
82
83
84
85
86
87
Epoch: 3720 	 loss = -1474.9763
88
89
90
91
92
93
94
95
96
97
Epoch: 3730 	 loss = -3099.5020
98
99
100
101
1
2
3
4
5
6
Epoch: 3740 	 loss = -1504.2036
7
8
9
10
11
12
13
14
15
16
Epoch: 3750 	 loss = -1249.3417
17
18
19
20
21
22
23
24
25
26
Epoch: 3760 	 loss = -2050.9514
27
28
29
30
31
32
33
34
35
36
Epoch: 3770 	 loss = -3437.0190
37
38
39
40
41
42
43
44
45
46
Epoch: 3780 	 loss = -3165.6501
47
48
49
50
51
52
53
54
55
56
Epoch: 3790 	 loss = -1249.0918
57
58
59
60
61
62
63
64
65
66
Epoch: 3800 	 loss = -1351.6938
67
68
69
70
71
72
73
74
75
76
Epoch: 3810 	 loss = -1282.7074
77
78
79
80
81
82
83
84
85
86
Epoch: 3820 	 loss = -1191.7614
87
88
89
90
91
92
93
94
95
96
Epoch: 3830 	 loss = -1229.5518
97
98
99
100
101
1
2
3
4
5
Epoch: 3840 	 loss = -1157.8074
6
7
8
9
10
11
12
13
14
15
Epoch: 3850 	 loss = -1585.2334
16
17
18
19
20
21
22
23
24
25
Epoch: 3860 	 loss = -3776.2231
26
27
28
29
30
31
32
33
34
35
Epoch: 3870 	 loss = -1274.3816
36
37
38
39
40
41
42
43
44
45
Epoch: 3880 	 loss = -3414.9780
46
47
48
49
50
51
52
53
54
55
Epoch: 3890 	 loss = -1141.7688
56
57
58
59
60
61
62
63
64
65
Epoch: 3900 	 loss = -988.0381
66
67
68
69
70
71
72
73
74
75
Epoch: 3910 	 loss = -1281.7318
76
77
78
79
80
81
82
83
84
85
Epoch: 3920 	 loss = -1457.8491
86
87
88
89
90
91
92
93
94
95
Epoch: 3930 	 loss = -1135.9094
96
97
98
99
100
101
1
2
3
4
Epoch: 3940 	 loss = -1718.4054
5
6
7
8
9
10
11
12
13
14
Epoch: 3950 	 loss = -1643.6895
15
16
17
18
19
20
21
22
23
24
Epoch: 3960 	 loss = -1326.3512
25
26
27
28
29
30
31
32
33
34
Epoch: 3970 	 loss = -1689.7455
35
36
37
38
39
40
41
42
43
44
Epoch: 3980 	 loss = -2243.0610
45
46
47
48
49
50
51
52
53
54
Epoch: 3990 	 loss = -1124.0660
55
56
57
58
59
60
61
62
63
64
Epoch: 4000 	 loss = -1098.9600
65
66
67
68
69
70
71
72
73
74
Epoch: 4010 	 loss = -3944.9106
75
76
77
78
79
80
81
82
83
84
Epoch: 4020 	 loss = -2604.1731
85
86
87
88
89
90
91
92
93
94
Epoch: 4030 	 loss = -1400.5906
95
96
97
98
99
100
101
1
2
3
Epoch: 4040 	 loss = -10421.7852
4
5
6
7
8
9
10
11
12
13
Epoch: 4050 	 loss = -1300.6670
14
15
16
17
18
19
20
21
22
23
Epoch: 4060 	 loss = -1112.3575
24
25
26
27
28
29
30
31
32
33
Epoch: 4070 	 loss = -972.2698
34
35
36
37
38
39
40
41
42
43
Epoch: 4080 	 loss = -4750.6968
44
45
46
47
48
49
50
51
52
53
Epoch: 4090 	 loss = -4815.8398
54
55
56
57
58
59
60
61
62
63
Epoch: 4100 	 loss = -931.6536
64
65
66
67
68
69
70
71
72
73
Epoch: 4110 	 loss = -1737.8661
74
75
76
77
78
79
80
81
82
83
Epoch: 4120 	 loss = -2415.0632
84
85
86
87
88
89
90
91
92
93
Epoch: 4130 	 loss = -1708.5363
94
95
96
97
98
99
100
101
1
2
Epoch: 4140 	 loss = -3415.7903
3
4
5
6
7
8
9
10
11
12
Epoch: 4150 	 loss = -1330.1387
13
14
15
16
17
18
19
20
21
22
Epoch: 4160 	 loss = -3505.9351
23
24
25
26
27
28
29
30
31
32
Epoch: 4170 	 loss = -1527.4489
33
34
35
36
37
38
39
40
41
42
Epoch: 4180 	 loss = -1940.2861
43
44
45
46
47
48
49
50
51
52
Epoch: 4190 	 loss = -1559.1302
53
54
55
56
57
58
59
60
61
62
Epoch: 4200 	 loss = -3523.3774
63
64
65
66
67
68
69
70
71
72
Epoch: 4210 	 loss = -5067.3403
73
74
75
76
77
78
79
80
81
82
Epoch: 4220 	 loss = -2383.2520
83
84
85
86
87
88
89
90
91
92
Epoch: 4230 	 loss = -1188.5918
93
94
95
96
97
98
99
100
101
1
Epoch: 4240 	 loss = -1122.8665
2
3
4
5
6
7
8
9
10
11
Epoch: 4250 	 loss = -1058.9237
12
13
14
15
16
17
18
19
20
21
Epoch: 4260 	 loss = -1260.1681
22
23
24
25
26
27
28
29
30
31
Epoch: 4270 	 loss = -1408.7070
32
33
34
35
36
37
38
39
40
41
Epoch: 4280 	 loss = -1911.6489
42
43
44
45
46
47
48
49
50
51
Epoch: 4290 	 loss = -1511.9224
52
53
54
55
56
57
58
59
60
61
Epoch: 4300 	 loss = -2132.8716
62
63
64
65
66
67
68
69
70
71
Epoch: 4310 	 loss = -1731.9351
72
73
74
75
76
77
78
79
80
81
Epoch: 4320 	 loss = -1179.0911
82
83
84
85
86
87
88
89
90
91
Epoch: 4330 	 loss = -1853.2206
92
93
94
95
96
97
98
99
100
101
Epoch: 4340 	 loss = -1067.9730
1
2
3
4
5
6
7
8
9
10
Epoch: 4350 	 loss = -1622.5623
11
12
13
14
15
16
17
18
19
20
Epoch: 4360 	 loss = -4921.9106
21
22
23
24
25
26
27
28
29
30
Epoch: 4370 	 loss = -1493.4048
31
32
33
34
35
36
37
38
39
40
Epoch: 4380 	 loss = -2488.9600
41
42
43
44
45
46
47
48
49
50
Epoch: 4390 	 loss = -1188.2843
51
52
53
54
55
56
57
58
59
60
Epoch: 4400 	 loss = -2410.3457
61
62
63
64
65
66
67
68
69
70
Epoch: 4410 	 loss = -1545.3650
71
72
73
74
75
76
77
78
79
80
Epoch: 4420 	 loss = -4087.7036
81
82
83
84
85
86
87
88
89
90
Epoch: 4430 	 loss = -1640.3428
91
92
93
94
95
96
97
98
99
100
Epoch: 4440 	 loss = -2334.7578
101
1
2
3
4
5
6
7
8
9
Epoch: 4450 	 loss = -6310.1582
10
11
12
13
14
15
16
17
18
19
Epoch: 4460 	 loss = -1349.5548
20
21
22
23
24
25
26
27
28
29
Epoch: 4470 	 loss = -1581.1255
30
31
32
33
34
35
36
37
38
39
Epoch: 4480 	 loss = -2035.2246
40
41
42
43
44
45
46
47
48
49
Epoch: 4490 	 loss = -1349.8508
50
51
52
53
54
55
56
57
58
59
Epoch: 4500 	 loss = -4327.4463
60
61
62
63
64
65
66
67
68
69
Epoch: 4510 	 loss = -1279.7673
70
71
72
73
74
75
76
77
78
79
Epoch: 4520 	 loss = -1147.0115
80
81
82
83
84
85
86
87
88
89
Epoch: 4530 	 loss = -2723.7402
90
91
92
93
94
95
96
97
98
99
Epoch: 4540 	 loss = -2516.2095
100
101
1
2
3
4
5
6
7
8
Epoch: 4550 	 loss = -3669.4580
9
10
11
12
13
14
15
16
17
18
Epoch: 4560 	 loss = -1219.0510
19
20
21
22
23
24
25
26
27
28
Epoch: 4570 	 loss = -2151.9316
29
30
31
32
33
34
35
36
37
38
Epoch: 4580 	 loss = -2897.9775
39
40
41
42
43
44
45
46
47
48
Epoch: 4590 	 loss = -1085.4471
49
50
51
52
53
54
55
56
57
58
Epoch: 4600 	 loss = -2011.3264
59
60
61
62
63
64
65
66
67
68
Epoch: 4610 	 loss = -1427.3248
69
70
71
72
73
74
75
76
77
78
Epoch: 4620 	 loss = -1980.0634
79
80
81
82
83
84
85
86
87
88
Epoch: 4630 	 loss = -1600.7930
89
90
91
92
93
94
95
96
97
98
Epoch: 4640 	 loss = -2376.2405
99
100
101
1
2
3
4
5
6
7
Epoch: 4650 	 loss = -1138.3518
8
9
10
11
12
13
14
15
16
17
Epoch: 4660 	 loss = -1386.0474
18
19
20
21
22
23
24
25
26
27
Epoch: 4670 	 loss = -2541.0940
28
29
30
31
32
33
34
35
36
37
Epoch: 4680 	 loss = -1191.9830
38
39
40
41
42
43
44
45
46
47
Epoch: 4690 	 loss = -4008.6982
48
49
50
51
52
53
54
55
56
57
Epoch: 4700 	 loss = -4828.8325
58
59
60
61
62
63
64
65
66
67
Epoch: 4710 	 loss = -1263.4207
68
69
70
71
72
73
74
75
76
77
Epoch: 4720 	 loss = -2875.1960
78
79
80
81
82
83
84
85
86
87
Epoch: 4730 	 loss = -1587.2401
88
89
90
91
92
93
94
95
96
97
Epoch: 4740 	 loss = -1712.8857
98
99
100
101
1
2
3
4
5
6
Epoch: 4750 	 loss = -1113.1171
7
8
9
10
11
12
13
14
15
16
Epoch: 4760 	 loss = -2076.8435
17
18
19
20
21
22
23
24
25
26
Epoch: 4770 	 loss = -2215.1545
27
28
29
30
31
32
33
34
35
36
Epoch: 4780 	 loss = -1222.7324
37
38
39
40
41
42
43
44
45
46
Epoch: 4790 	 loss = -3680.7617
47
48
49
50
51
52
53
54
55
56
Epoch: 4800 	 loss = -1377.8147
57
58
59
60
61
62
63
64
65
66
Epoch: 4810 	 loss = -1089.9170
67
68
69
70
71
72
73
74
75
76
Epoch: 4820 	 loss = -3697.7744
77
78
79
80
81
82
83
84
85
86
Epoch: 4830 	 loss = -1228.0768
87
88
89
90
91
92
93
94
95
96
Epoch: 4840 	 loss = -3795.3064
97
98
99
100
101
1
2
3
4
5
Epoch: 4850 	 loss = -3275.5728
6
7
8
9
10
11
12
13
14
15
Epoch: 4860 	 loss = -2150.3394
16
17
18
19
20
21
22
23
24
25
Epoch: 4870 	 loss = -1270.1219
26
27
28
29
30
31
32
33
34
35
Epoch: 4880 	 loss = -1242.5990
36
37
38
39
40
41
42
43
44
45
Epoch: 4890 	 loss = -2541.7212
46
47
48
49
50
51
52
53
54
55
Epoch: 4900 	 loss = -1404.2771
56
57
58
59
60
61
62
63
64
65
Epoch: 4910 	 loss = -1326.9612
66
67
68
69
70
71
72
73
74
75
Epoch: 4920 	 loss = -3099.9551
76
77
78
79
80
81
82
83
84
85
Epoch: 4930 	 loss = -1511.5889
86
87
88
89
90
91
92
93
94
95
Epoch: 4940 	 loss = -1859.0599
96
97
98
99
100
101
1
2
3
4
Epoch: 4950 	 loss = -1516.5786
5
6
7
8
9
10
11
12
13
14
Epoch: 4960 	 loss = -4255.1064
15
16
17
18
19
20
21
22
23
24
Epoch: 4970 	 loss = -3667.7026
25
26
27
28
29
30
31
32
33
34
Epoch: 4980 	 loss = -1700.9921
35
36
37
38
39
40
41
42
43
44
Epoch: 4990 	 loss = -2646.0273
45
46
47
48
49
50
51
52
53
54
Epoch: 5000 	 loss = -1790.1390
55
56
57
58
59
60
61
62
63
64
Epoch: 5010 	 loss = -1706.2456
65
66
67
68
69
70
71
72
73
74
Epoch: 5020 	 loss = -2634.3457
75
76
77
78
79
80
81
82
83
84
Epoch: 5030 	 loss = -1230.2494
85
86
87
88
89
90
91
92
93
94
Epoch: 5040 	 loss = -1061.4677
95
96
97
98
99
100
101
1
2
3
Epoch: 5050 	 loss = -3620.7419
4
5
6
7
8
9
10
11
12
13
Epoch: 5060 	 loss = -1567.8417
14
15
16
17
18
19
20
21
22
23
Epoch: 5070 	 loss = -1061.3977
24
25
26
27
28
29
30
31
32
33
Epoch: 5080 	 loss = -1439.9390
34
35
36
37
38
39
40
41
42
43
Epoch: 5090 	 loss = -1179.6313
44
45
46
47
48
49
50
51
52
53
Epoch: 5100 	 loss = -1266.3594
54
55
56
57
58
59
60
61
62
63
Epoch: 5110 	 loss = -3465.8699
64
65
66
67
68
69
70
71
72
73
Epoch: 5120 	 loss = -2063.7939
74
75
76
77
78
79
80
81
82
83
Epoch: 5130 	 loss = -2942.8257
84
85
86
87
88
89
90
91
92
93
Epoch: 5140 	 loss = -5110.5615
94
95
96
97
98
99
100
101
1
2
Epoch: 5150 	 loss = -1284.0835
3
4
5
6
7
8
9
10
11
12
Epoch: 5160 	 loss = -1290.2736
13
14
15
16
17
18
19
20
21
22
Epoch: 5170 	 loss = -1167.6770
23
24
25
26
27
28
29
30
31
32
Epoch: 5180 	 loss = -1388.4414
33
34
35
36
37
38
39
40
41
42
Epoch: 5190 	 loss = -5787.5806
43
44
45
46
47
48
49
50
51
52
Epoch: 5200 	 loss = -2526.0366
53
54
55
56
57
58
59
60
61
62
Epoch: 5210 	 loss = -3055.9927
63
64
65
66
67
68
69
70
71
72
Epoch: 5220 	 loss = -1551.7675
73
74
75
76
77
78
79
80
81
82
Epoch: 5230 	 loss = -5819.0337
83
84
85
86
87
88
89
90
91
92
Epoch: 5240 	 loss = -1652.8918
93
94
95
96
97
98
99
100
101
1
Epoch: 5250 	 loss = -1576.5146
2
3
4
5
6
7
8
9
10
11
Epoch: 5260 	 loss = -1916.8927
12
13
14
15
16
17
18
19
20
21
Epoch: 5270 	 loss = -2629.0566
22
23
24
25
26
27
28
29
30
31
Epoch: 5280 	 loss = -1954.2300
32
33
34
35
36
37
38
39
40
41
Epoch: 5290 	 loss = -1329.8710
42
43
44
45
46
47
48
49
50
51
Epoch: 5300 	 loss = -4162.4478
52
53
54
55
56
57
58
59
60
61
Epoch: 5310 	 loss = -3945.9126
62
63
64
65
66
67
68
69
70
71
Epoch: 5320 	 loss = -2573.6191
72
73
74
75
76
77
78
79
80
81
Epoch: 5330 	 loss = -1319.5039
82
83
84
85
86
87
88
89
90
91
Epoch: 5340 	 loss = -1644.9908
92
93
94
95
96
97
98
99
100
101
Epoch: 5350 	 loss = -1483.6204
1
2
3
4
5
6
7
8
9
10
Epoch: 5360 	 loss = -1150.5750
11
12
13
14
15
16
17
18
19
20
Epoch: 5370 	 loss = -1800.2687
21
22
23
24
25
26
27
28
29
30
Epoch: 5380 	 loss = -4499.7241
31
32
33
34
35
36
37
38
39
40
Epoch: 5390 	 loss = -2029.4253
41
42
43
44
45
46
47
48
49
50
Epoch: 5400 	 loss = -1148.3977
51
52
53
54
55
56
57
58
59
60
Epoch: 5410 	 loss = -1100.5980
61
62
63
64
65
66
67
68
69
70
Epoch: 5420 	 loss = -1345.4421
71
72
73
74
75
76
77
78
79
80
Epoch: 5430 	 loss = -1568.8989
81
82
83
84
85
86
87
88
89
90
Epoch: 5440 	 loss = -989.3067
91
92
93
94
95
96
97
98
99
100
Epoch: 5450 	 loss = -1185.3372
101
1
2
3
4
5
6
7
8
9
Epoch: 5460 	 loss = -6623.0127
10
11
12
13
14
15
16
17
18
19
Epoch: 5470 	 loss = -1116.5160
20
21
22
23
24
25
26
27
28
29
Epoch: 5480 	 loss = -1050.7285
30
31
32
33
34
35
36
37
38
39
Epoch: 5490 	 loss = -3102.8701
40
41
42
43
44
45
46
47
48
49
Epoch: 5500 	 loss = -2660.0156
50
51
52
53
54
55
56
57
58
59
Epoch: 5510 	 loss = -1698.3085
60
61
62
63
64
65
66
67
68
69
Epoch: 5520 	 loss = -4079.1973
70
71
72
73
74
75
76
77
78
79
Epoch: 5530 	 loss = -1615.2661
80
81
82
83
84
85
86
87
88
89
Epoch: 5540 	 loss = -1176.7485
90
91
92
93
94
95
96
97
98
99
Epoch: 5550 	 loss = -5264.0479
100
101
1
2
3
4
5
6
7
8
Epoch: 5560 	 loss = -3874.8806
9
10
11
12
13
14
15
16
17
18
Epoch: 5570 	 loss = -1278.3833
19
20
21
22
23
24
25
26
27
28
Epoch: 5580 	 loss = -1865.3955
29
30
31
32
33
34
35
36
37
38
Epoch: 5590 	 loss = -4332.3965
39
40
41
42
43
44
45
46
47
48
Epoch: 5600 	 loss = -1066.9404
49
50
51
52
53
54
55
56
57
58
Epoch: 5610 	 loss = -1233.1584
59
60
61
62
63
64
65
66
67
68
Epoch: 5620 	 loss = -4480.5645
69
70
71
72
73
74
75
76
77
78
Epoch: 5630 	 loss = -1647.0665
79
80
81
82
83
84
85
86
87
88
Epoch: 5640 	 loss = -3567.3130
89
90
91
92
93
94
95
96
97
98
Epoch: 5650 	 loss = -1913.4406
99
100
101
1
2
3
4
5
6
7
Epoch: 5660 	 loss = -1489.1436
8
9
10
11
12
13
14
15
16
17
Epoch: 5670 	 loss = -7161.7578
18
19
20
21
22
23
24
25
26
27
Epoch: 5680 	 loss = -1050.9286
28
29
30
31
32
33
34
35
36
37
Epoch: 5690 	 loss = -2294.2573
38
39
40
41
42
43
44
45
46
47
Epoch: 5700 	 loss = -1632.2173
48
49
50
51
52
53
54
55
56
57
Epoch: 5710 	 loss = -4029.7173
58
59
60
61
62
63
64
65
66
67
Epoch: 5720 	 loss = -1309.1780
68
69
70
71
72
73
74
75
76
77
Epoch: 5730 	 loss = -2549.4250
78
79
80
81
82
83
84
85
86
87
Epoch: 5740 	 loss = -1271.4844
88
89
90
91
92
93
94
95
96
97
Epoch: 5750 	 loss = -1077.4062
98
99
100
101
1
2
3
4
5
6
Epoch: 5760 	 loss = -7102.4790
7
8
9
10
11
12
13
14
15
16
Epoch: 5770 	 loss = -1637.2495
17
18
19
20
21
22
23
24
25
26
Epoch: 5780 	 loss = -2054.3892
27
28
29
30
31
32
33
34
35
36
Epoch: 5790 	 loss = -1696.5897
37
38
39
40
41
42
43
44
45
46
Epoch: 5800 	 loss = -1152.7897
47
48
49
50
51
52
53
54
55
56
Epoch: 5810 	 loss = -1475.2614
57
58
59
60
61
62
63
64
65
66
Epoch: 5820 	 loss = -2014.6512
67
68
69
70
71
72
73
74
75
76
Epoch: 5830 	 loss = -1972.5156
77
78
79
80
81
82
83
84
85
86
Epoch: 5840 	 loss = -3309.8320
87
88
89
90
91
92
93
94
95
96
Epoch: 5850 	 loss = -4701.5225
97
98
99
100
101
1
2
3
4
5
Epoch: 5860 	 loss = -4463.7754
6
7
8
9
10
11
12
13
14
15
Epoch: 5870 	 loss = -8239.0273
16
17
18
19
20
21
22
23
24
25
Epoch: 5880 	 loss = -1338.4154
26
27
28
29
30
31
32
33
34
35
Epoch: 5890 	 loss = -2675.7156
36
37
38
39
40
41
42
43
44
45
Epoch: 5900 	 loss = -1312.2344
46
47
48
49
50
51
52
53
54
55
Epoch: 5910 	 loss = -1268.2981
56
57
58
59
60
61
62
63
64
65
Epoch: 5920 	 loss = -2733.2310
66
67
68
69
70
71
72
73
74
75
Epoch: 5930 	 loss = -1259.4653
76
77
78
79
80
81
82
83
84
85
Epoch: 5940 	 loss = -4623.0640
86
87
88
89
90
91
92
93
94
95
Epoch: 5950 	 loss = -1648.8969
96
97
98
99
100
101
1
2
3
4
Epoch: 5960 	 loss = -8052.1812
5
6
7
8
9
10
11
12
13
14
Epoch: 5970 	 loss = -5530.3320
15
16
17
18
19
20
21
22
23
24
Epoch: 5980 	 loss = -5130.9155
25
26
27
28
29
30
31
32
33
34
Epoch: 5990 	 loss = -1276.5933
35
36
37
38
39
40
41
42
43
44
Epoch: 6000 	 loss = -2786.9504
45
46
47
48
49
50
51
52
53
54
Epoch: 6010 	 loss = -1108.4683
55
56
57
58
59
60
61
62
63
64
Epoch: 6020 	 loss = -3449.2559
65
66
67
68
69
70
71
72
73
74
Epoch: 6030 	 loss = -5931.8857
75
76
77
78
79
80
81
82
83
84
Epoch: 6040 	 loss = -1840.3987
85
86
87
88
89
90
91
92
93
94
Epoch: 6050 	 loss = -1319.8237
95
96
97
98
99
100
101
1
2
3
Epoch: 6060 	 loss = -1331.4395
4
5
6
7
8
9
10
11
12
13
Epoch: 6070 	 loss = -1431.9829
14
15
16
17
18
19
20
21
22
23
Epoch: 6080 	 loss = -3856.4912
24
25
26
27
28
29
30
31
32
33
Epoch: 6090 	 loss = -4234.1621
34
35
36
37
38
39
40
41
42
43
Epoch: 6100 	 loss = -5599.7686
44
45
46
47
48
49
50
51
52
53
Epoch: 6110 	 loss = -1595.0143
54
55
56
57
58
59
60
61
62
63
Epoch: 6120 	 loss = -1172.9348
64
65
66
67
68
69
70
71
72
73
Epoch: 6130 	 loss = -5547.8682
74
75
76
77
78
79
80
81
82
83
Epoch: 6140 	 loss = -1450.1096
84
85
86
87
88
89
90
91
92
93
Epoch: 6150 	 loss = -3114.6440
94
95
96
97
98
99
100
101
1
2
Epoch: 6160 	 loss = -4706.5225
3
4
5
6
7
8
9
10
11
12
Epoch: 6170 	 loss = -5867.2705
13
14
15
16
17
18
19
20
21
22
Epoch: 6180 	 loss = -2384.9487
23
24
25
26
27
28
29
30
31
32
Epoch: 6190 	 loss = -1545.2471
33
34
35
36
37
38
39
40
41
42
Epoch: 6200 	 loss = -4928.7563
43
44
45
46
47
48
49
50
51
52
Epoch: 6210 	 loss = -2188.5159
53
54
55
56
57
58
59
60
61
62
Epoch: 6220 	 loss = -1319.4695
63
64
65
66
67
68
69
70
71
72
Epoch: 6230 	 loss = -1220.6062
73
74
75
76
77
78
79
80
81
82
Epoch: 6240 	 loss = -1965.9164
83
84
85
86
87
88
89
90
91
92
Epoch: 6250 	 loss = -1031.6957
93
94
95
96
97
98
99
100
101
1
Epoch: 6260 	 loss = -5195.7373
2
3
4
5
6
7
8
9
10
11
Epoch: 6270 	 loss = -1646.0720
12
13
14
15
16
17
18
19
20
21
Epoch: 6280 	 loss = -1232.5962
22
23
24
25
26
27
28
29
30
31
Epoch: 6290 	 loss = -1033.4662
32
33
34
35
36
37
38
39
40
41
Epoch: 6300 	 loss = -1291.3037
42
43
44
45
46
47
48
49
50
51
Epoch: 6310 	 loss = -2097.9185
52
53
54
55
56
57
58
59
60
61
Epoch: 6320 	 loss = -1350.2537
62
63
64
65
66
67
68
69
70
71
Epoch: 6330 	 loss = -1217.4318
72
73
74
75
76
77
78
79
80
81
Epoch: 6340 	 loss = -1115.5950
82
83
84
85
86
87
88
89
90
91
Epoch: 6350 	 loss = -1266.0222
92
93
94
95
96
97
98
99
100
101
Epoch: 6360 	 loss = -1286.0077
1
2
3
4
5
6
7
8
9
10
Epoch: 6370 	 loss = -7294.8438
11
12
13
14
15
16
17
18
19
20
Epoch: 6380 	 loss = -6054.1743
21
22
23
24
25
26
27
28
29
30
Epoch: 6390 	 loss = -1403.4314
31
32
33
34
35
36
37
38
39
40
Epoch: 6400 	 loss = -5139.6152
41
42
43
44
45
46
47
48
49
50
Epoch: 6410 	 loss = -2159.2026
51
52
53
54
55
56
57
58
59
60
Epoch: 6420 	 loss = -5375.0903
61
62
63
64
65
66
67
68
69
70
Epoch: 6430 	 loss = -3592.3955
71
72
73
74
75
76
77
78
79
80
Epoch: 6440 	 loss = -1329.3009
81
82
83
84
85
86
87
88
89
90
Epoch: 6450 	 loss = -5883.1421
91
92
93
94
95
96
97
98
99
100
Epoch: 6460 	 loss = -937.3102
101
1
2
3
4
5
6
7
8
9
Epoch: 6470 	 loss = -1109.2931
10
11
12
13
14
15
16
17
18
19
Epoch: 6480 	 loss = -1920.1263
20
21
22
23
24
25
26
27
28
29
Epoch: 6490 	 loss = -1028.4786
30
31
32
33
34
35
36
37
38
39
Epoch: 6500 	 loss = -1632.9258
40
41
42
43
44
45
46
47
48
49
Epoch: 6510 	 loss = -4662.6011
50
51
52
53
54
55
56
57
58
59
Epoch: 6520 	 loss = -2582.9722
60
61
62
63
64
65
66
67
68
69
Epoch: 6530 	 loss = -3234.2776
70
71
72
73
74
75
76
77
78
79
Epoch: 6540 	 loss = -1741.2850
80
81
82
83
84
85
86
87
88
89
Epoch: 6550 	 loss = -2225.1929
90
91
92
93
94
95
96
97
98
99
Epoch: 6560 	 loss = -1225.6410
100
101
1
2
3
4
5
6
7
8
Epoch: 6570 	 loss = -1391.7407
9
10
11
12
13
14
15
16
17
18
Epoch: 6580 	 loss = -1662.1400
19
20
21
22
23
24
25
26
27
28
Epoch: 6590 	 loss = -5084.5254
29
30
31
32
33
34
35
36
37
38
Epoch: 6600 	 loss = -2041.5100
39
40
41
42
43
44
45
46
47
48
Epoch: 6610 	 loss = -2119.4543
49
50
51
52
53
54
55
56
57
58
Epoch: 6620 	 loss = -1237.7329
59
60
61
62
63
64
65
66
67
68
Epoch: 6630 	 loss = -2640.3232
69
70
71
72
73
74
75
76
77
78
Epoch: 6640 	 loss = -4826.4175
79
80
81
82
83
84
85
86
87
88
Epoch: 6650 	 loss = -4277.0415
89
90
91
92
93
94
95
96
97
98
Epoch: 6660 	 loss = -1225.9822
99
100
101
1
2
3
4
5
6
7
Epoch: 6670 	 loss = -1390.7625
8
9
10
11
12
13
14
15
16
17
Epoch: 6680 	 loss = -4922.7017
18
19
20
21
22
23
24
25
26
27
Epoch: 6690 	 loss = -3928.7729
28
29
30
31
32
33
34
35
36
37
Epoch: 6700 	 loss = -1148.3212
38
39
40
41
42
43
44
45
46
47
Epoch: 6710 	 loss = -3511.1084
48
49
50
51
52
53
54
55
56
57
Epoch: 6720 	 loss = -2809.3237
58
59
60
61
62
63
64
65
66
67
Epoch: 6730 	 loss = -1379.1125
68
69
70
71
72
73
74
75
76
77
Epoch: 6740 	 loss = -2972.9448
78
79
80
81
82
83
84
85
86
87
Epoch: 6750 	 loss = -1463.4265
88
89
90
91
92
93
94
95
96
97
Epoch: 6760 	 loss = -1142.7893
98
99
100
101
1
2
3
4
5
6
Epoch: 6770 	 loss = -3296.9839
7
8
9
10
11
12
13
14
15
16
Epoch: 6780 	 loss = -1600.3665
17
18
19
20
21
22
23
24
25
26
Epoch: 6790 	 loss = -1061.7607
27
28
29
30
31
32
33
34
35
36
Epoch: 6800 	 loss = -5769.0728
37
38
39
40
41
42
43
44
45
46
Epoch: 6810 	 loss = -1256.4570
47
48
49
50
51
52
53
54
55
56
Epoch: 6820 	 loss = -1306.3867
57
58
59
60
61
62
63
64
65
66
Epoch: 6830 	 loss = -1655.9211
67
68
69
70
71
72
73
74
75
76
Epoch: 6840 	 loss = -2741.1821
77
78
79
80
81
82
83
84
85
86
Epoch: 6850 	 loss = -4303.8979
87
88
89
90
91
92
93
94
95
96
Epoch: 6860 	 loss = -1300.2662
97
98
99
100
101
1
2
3
4
5
Epoch: 6870 	 loss = -1115.6021
6
7
8
9
10
11
12
13
14
15
Epoch: 6880 	 loss = -7280.3145
16
17
18
19
20
21
22
23
24
25
Epoch: 6890 	 loss = -1927.5295
26
27
28
29
30
31
32
33
34
35
Epoch: 6900 	 loss = -2017.9370
36
37
38
39
40
41
42
43
44
45
Epoch: 6910 	 loss = -1237.4335
46
47
48
49
50
51
52
53
54
55
Epoch: 6920 	 loss = -1171.2623
56
57
58
59
60
61
62
63
64
65
Epoch: 6930 	 loss = -1355.2126
66
67
68
69
70
71
72
73
74
75
Epoch: 6940 	 loss = -2056.2542
76
77
78
79
80
81
82
83
84
85
Epoch: 6950 	 loss = -1988.4993
86
87
88
89
90
91
92
93
94
95
Epoch: 6960 	 loss = -1688.5729
96
97
98
99
100
101
1
2
3
4
Epoch: 6970 	 loss = -8995.9961
5
6
7
8
9
10
11
12
13
14
Epoch: 6980 	 loss = -4632.4111
15
16
17
18
19
20
21
22
23
24
Epoch: 6990 	 loss = -1736.2267
25
26
27
28
29
30
31
32
33
34
Epoch: 7000 	 loss = -1862.1653
35
36
37
38
39
40
41
42
43
44
Epoch: 7010 	 loss = -5493.5967
45
46
47
48
49
50
51
52
53
54
Epoch: 7020 	 loss = -1930.2429
55
56
57
58
59
60
61
62
63
64
Epoch: 7030 	 loss = -1758.0110
65
66
67
68
69
70
71
72
73
74
Epoch: 7040 	 loss = -1044.7633
75
76
77
78
79
80
81
82
83
84
Epoch: 7050 	 loss = -1854.4747
85
86
87
88
89
90
91
92
93
94
Epoch: 7060 	 loss = -1374.6394
95
96
97
98
99
100
101
1
2
3
Epoch: 7070 	 loss = -2197.0732
4
5
6
7
8
9
10
11
12
13
Epoch: 7080 	 loss = -2732.7749
14
15
16
17
18
19
20
21
22
23
Epoch: 7090 	 loss = -4948.4248
24
25
26
27
28
29
30
31
32
33
Epoch: 7100 	 loss = -1682.8762
34
35
36
37
38
39
40
41
42
43
44
Epoch: 7110 	 loss = -2038.4561
45
46
47
48
49
50
51
52
53
54
Epoch: 7120 	 loss = -1615.7776
55
56
57
58
59
60
61
62
63
Epoch: 7130 	 loss = -4201.2852
64
65
66
67
68
69
70
71
72
73
Epoch: 7140 	 loss = -1632.3253
74
75
76
77
78
79
80
81
82
83
Epoch: 7150 	 loss = -1484.0331
84
85
86
87
88
89
90
91
92
93
Epoch: 7160 	 loss = -4002.4536
94
95
96
97
98
99
100
101
1
2
Epoch: 7170 	 loss = -1118.0896
3
4
5
6
7
8
9
10
11
12
Epoch: 7180 	 loss = -1654.5531
13
14
15
16
17
18
19
20
21
22
Epoch: 7190 	 loss = -1966.2112
23
24
25
26
27
28
29
30
31
32
Epoch: 7200 	 loss = -5590.2036
33
34
35
36
37
38
39
40
41
42
Epoch: 7210 	 loss = -1294.7112
43
44
45
46
47
48
49
50
51
52
Epoch: 7220 	 loss = -1993.2692
53
54
55
56
57
58
59
60
61
62
Epoch: 7230 	 loss = -1099.6934
63
64
65
66
67
68
69
70
71
72
73
Epoch: 7240 	 loss = -2139.9326
74
75
76
77
78
79
80
81
82
Epoch: 7250 	 loss = -1288.7843
83
84
85
86
87
88
89
90
91
92
Epoch: 7260 	 loss = -2705.6316
93
94
95
96
97
98
99
100
101
1
Epoch: 7270 	 loss = -4632.5454
2
3
4
5
6
7
8
9
10
11
Epoch: 7280 	 loss = -1307.2354
12
13
14
15
16
17
18
19
20
21
Epoch: 7290 	 loss = -5061.2690
22
23
24
25
26
27
28
29
30
31
32
Epoch: 7300 	 loss = -2972.0420
33
34
35
36
37
38
39
40
41
Epoch: 7310 	 loss = -5797.5322
42
43
44
45
46
47
48
49
50
51
Epoch: 7320 	 loss = -4870.8740
52
53
54
55
56
57
58
59
60
61
62
Epoch: 7330 	 loss = -4668.3433
63
64
65
66
67
68
69
70
71
72
Epoch: 7340 	 loss = -1485.2882
73
74
75
76
77
78
79
80
81
82
Epoch: 7350 	 loss = -3633.2256
83
84
85
86
87
88
89
90
91
Epoch: 7360 	 loss = -4327.7764
92
93
94
95
96
97
98
99
100
101
1
Epoch: 7370 	 loss = -3416.3909
2
3
4
5
6
7
8
9
10
11
Epoch: 7380 	 loss = -1362.1833
12
13
14
15
16
17
18
19
20
Epoch: 7390 	 loss = -2682.5559
21
22
23
24
25
26
27
28
29
30
31
Epoch: 7400 	 loss = -1574.0117
32
33
34
35
36
37
38
39
40
Epoch: 7410 	 loss = -3613.4927
41
42
43
44
45
46
47
48
49
50
Epoch: 7420 	 loss = -2193.0366
51
52
53
54
55
56
57
58
59
60
Epoch: 7430 	 loss = -1452.4237
61
62
63
64
65
66
67
68
69
70
Epoch: 7440 	 loss = -5687.2192
71
72
73
74
75
76
77
78
79
80
Epoch: 7450 	 loss = -2331.7686
81
82
83
84
85
86
87
88
89
90
Epoch: 7460 	 loss = -4946.2363
91
92
93
94
95
96
97
98
99
100
Epoch: 7470 	 loss = -1042.3550
101
1
2
3
4
5
6
7
8
9
Epoch: 7480 	 loss = -2489.7061
10
11
12
13
14
15
16
17
18
19
Epoch: 7490 	 loss = -3039.9329
20
21
22
23
24
25
26
27
28
29
Epoch: 7500 	 loss = -2388.5088
30
31
32
33
34
35
36
37
38
39
Epoch: 7510 	 loss = -5265.4893
40
41
42
43
44
45
46
47
48
49
Epoch: 7520 	 loss = -4491.5254
50
51
52
53
54
55
56
57
58
59
Epoch: 7530 	 loss = -992.3316
60
61
62
63
64
65
66
67
68
69
Epoch: 7540 	 loss = -1924.6285
70
71
72
73
74
75
76
77
78
79
Epoch: 7550 	 loss = -3505.7695
80
81
82
83
84
85
86
87
88
89
Epoch: 7560 	 loss = -1224.9321
90
91
92
93
94
95
96
97
98
99
Epoch: 7570 	 loss = -1241.3888
100
101
1
2
3
4
5
6
7
8
Epoch: 7580 	 loss = -2407.2344
9
10
11
12
13
14
15
16
17
18
Epoch: 7590 	 loss = -1479.4875
19
20
21
22
23
24
25
26
27
28
29
Epoch: 7600 	 loss = -2669.0525
30
31
32
33
34
35
36
37
38
39
Epoch: 7610 	 loss = -1766.1250
40
41
42
43
44
45
46
47
48
49
Epoch: 7620 	 loss = -1206.6350
50
51
52
53
54
55
56
57
58
59
Epoch: 7630 	 loss = -1082.1324
60
61
62
63
64
65
66
67
68
69
Epoch: 7640 	 loss = -2009.3408
70
71
72
73
74
75
76
77
78
79
Epoch: 7650 	 loss = -4415.7490
80
81
82
83
84
85
86
87
88
Epoch: 7660 	 loss = -1182.9956
89
90
91
92
93
94
95
96
97
98
Epoch: 7670 	 loss = -4683.4775
99
100
101
1
2
3
4
5
6
7
Epoch: 7680 	 loss = -1245.8784
8
9
10
11
12
13
14
15
16
17
Epoch: 7690 	 loss = -1299.7899
18
19
20
21
22
23
24
25
26
27
Epoch: 7700 	 loss = -5775.1562
28
29
30
31
32
33
34
35
36
37
Epoch: 7710 	 loss = -2380.3647
38
39
40
41
42
43
44
45
46
47
Epoch: 7720 	 loss = -4798.4209
48
49
50
51
52
53
54
55
56
57
Epoch: 7730 	 loss = -2809.8735
58
59
60
61
62
63
64
65
66
67
Epoch: 7740 	 loss = -1849.2090
68
69
70
71
72
73
74
75
76
77
Epoch: 7750 	 loss = -1584.8948
78
79
80
81
82
83
84
85
86
87
Epoch: 7760 	 loss = -1383.3654
88
89
90
91
92
93
94
95
96
97
Epoch: 7770 	 loss = -3071.4763
98
99
100
101
1
2
3
4
5
6
Epoch: 7780 	 loss = -7046.1260
7
8
9
10
11
12
13
14
15
16
Epoch: 7790 	 loss = -2957.4851
17
18
19
20
21
22
23
24
25
26
Epoch: 7800 	 loss = -3176.1912
27
28
29
30
31
32
33
34
35
36
Epoch: 7810 	 loss = -1989.7319
37
38
39
40
41
42
43
44
45
46
Epoch: 7820 	 loss = -4270.4321
47
48
49
50
51
52
53
54
55
56
Epoch: 7830 	 loss = -1620.1552
57
58
59
60
61
62
63
64
65
66
Epoch: 7840 	 loss = -1233.7413
67
68
69
70
71
72
73
74
75
76
77
Epoch: 7850 	 loss = -1103.6732
78
79
80
81
82
83
84
85
86
87
Epoch: 7860 	 loss = -1007.5356
88
89
90
91
92
93
94
95
96
Epoch: 7870 	 loss = -1308.5739
97
98
99
100
101
1
2
3
4
5
Epoch: 7880 	 loss = -1275.7609
6
7
8
9
10
11
12
13
14
15
Epoch: 7890 	 loss = -1953.6255
16
17
18
19
20
21
22
23
24
25
Epoch: 7900 	 loss = -1180.2567
26
27
28
29
30
31
32
33
34
35
Epoch: 7910 	 loss = -1301.4858
36
37
38
39
40
41
42
43
44
45
Epoch: 7920 	 loss = -1081.0688
46
47
48
49
50
51
52
53
54
55
Epoch: 7930 	 loss = -1297.7908
56
57
58
59
60
61
62
63
64
65
Epoch: 7940 	 loss = -1902.0254
66
67
68
69
70
71
72
73
74
75
Epoch: 7950 	 loss = -1081.2887
76
77
78
79
80
81
82
83
84
85
Epoch: 7960 	 loss = -1081.7211
86
87
88
89
90
91
92
93
94
95
Epoch: 7970 	 loss = -1245.1146
96
97
98
99
100
101
1
2
3
4
Epoch: 7980 	 loss = -10299.3096
5
6
7
8
9
10
11
12
13
14
15
Epoch: 7990 	 loss = -4456.7227
16
17
18
19
20
21
22
23
24
25
Epoch: 8000 	 loss = -4930.3628
26
27
28
29
30
31
32
33
34
35
Epoch: 8010 	 loss = -7080.3916
36
37
38
39
40
41
42
43
44
Epoch: 8020 	 loss = -3287.2771
45
46
47
48
49
50
51
52
53
54
55
Epoch: 8030 	 loss = -1261.8469
56
57
58
59
60
61
62
63
64
Epoch: 8040 	 loss = -4447.9404
65
66
67
68
69
70
71
72
73
74
75
Epoch: 8050 	 loss = -5186.6128
76
77
78
79
80
81
82
83
84
85
Epoch: 8060 	 loss = -4819.1968
86
87
88
89
90
91
92
93
94
95
Epoch: 8070 	 loss = -1926.5938
96
97
98
99
100
101
1
2
3
Epoch: 8080 	 loss = -1637.6027
4
5
6
7
8
9
10
11
12
13
14
Epoch: 8090 	 loss = -3120.2217
15
16
17
18
19
20
21
22
23
24
Epoch: 8100 	 loss = -2245.7317
25
26
27
28
29
30
31
32
33
34
Epoch: 8110 	 loss = -2330.0549
35
36
37
38
39
40
41
42
43
44
Epoch: 8120 	 loss = -1343.0391
45
46
47
48
49
50
51
52
53
54
Epoch: 8130 	 loss = -1872.4106
55
56
57
58
59
60
61
62
63
64
Epoch: 8140 	 loss = -1893.8923
65
66
67
68
69
70
71
72
73
74
Epoch: 8150 	 loss = -1420.0927
75
76
77
78
79
80
81
82
83
84
Epoch: 8160 	 loss = -1144.0388
85
86
87
88
89
90
91
92
93
94
Epoch: 8170 	 loss = -1125.4794
95
96
97
98
99
100
101
1
2
3
Epoch: 8180 	 loss = -4266.7007
4
5
6
7
8
9
10
11
12
13
Epoch: 8190 	 loss = -1059.1716
14
15
16
17
18
19
20
21
22
23
Epoch: 8200 	 loss = -1176.5803
24
25
26
27
28
29
30
31
32
33
Epoch: 8210 	 loss = -2445.7693
34
35
36
37
38
39
40
41
42
Epoch: 8220 	 loss = -1707.0679
43
44
45
46
47
48
49
50
51
52
53
Epoch: 8230 	 loss = -2836.1045
54
55
56
57
58
59
60
61
62
63
Epoch: 8240 	 loss = -2419.8477
64
65
66
67
68
69
70
71
72
Epoch: 8250 	 loss = -2223.9810
73
74
75
76
77
78
79
80
81
82
Epoch: 8260 	 loss = -1638.6578
83
84
85
86
87
88
89
90
91
92
Epoch: 8270 	 loss = -1476.5298
93
94
95
96
97
98
99
100
101
1
2
Epoch: 8280 	 loss = -2138.3340
3
4
5
6
7
8
9
10
11
Epoch: 8290 	 loss = -2090.6887
12
13
14
15
16
17
18
19
20
21
Epoch: 8300 	 loss = -1482.2737
22
23
24
25
26
27
28
29
30
31
32
Epoch: 8310 	 loss = -1529.2446
33
34
35
36
37
38
39
40
41
Epoch: 8320 	 loss = -2071.8193
42
43
44
45
46
47
48
49
50
51
Epoch: 8330 	 loss = -1717.4888
52
53
54
55
56
57
58
59
60
61
Epoch: 8340 	 loss = -4077.2349
62
63
64
65
66
67
68
69
70
71
72
Epoch: 8350 	 loss = -4496.8477
73
74
75
76
77
78
79
80
81
Epoch: 8360 	 loss = -3833.2905
82
83
84
85
86
87
88
89
90
91
Epoch: 8370 	 loss = -4125.8120
92
93
94
95
96
97
98
99
100
101
Epoch: 8380 	 loss = -1237.7570
1
2
3
4
5
6
7
8
9
10
11
Epoch: 8390 	 loss = -1184.6246
12
13
14
15
16
17
18
19
20
21
Epoch: 8400 	 loss = -1495.9645
22
23
24
25
26
27
28
29
30
31
Epoch: 8410 	 loss = -5408.2148
32
33
34
35
36
37
38
39
40
41
Epoch: 8420 	 loss = -1467.6907
42
43
44
45
46
47
48
49
50
51
Epoch: 8430 	 loss = -1310.9609
52
53
54
55
56
57
58
59
60
61
Epoch: 8440 	 loss = -1104.7362
62
63
64
65
66
67
68
69
70
71
Epoch: 8450 	 loss = -2463.6299
72
73
74
75
76
77
78
79
80
81
Epoch: 8460 	 loss = -1074.8749
82
83
84
85
86
87
88
89
90
91
Epoch: 8470 	 loss = -1628.2552
92
93
94
95
96
97
98
99
100
101
Epoch: 8480 	 loss = -2099.7236
1
2
3
4
5
6
7
8
9
10
Epoch: 8490 	 loss = -6592.8652
11
12
13
14
15
16
17
18
19
20
Epoch: 8500 	 loss = -1982.7969
21
22
23
24
25
26
27
28
29
30
Epoch: 8510 	 loss = -2549.4988
31
32
33
34
35
36
37
38
39
40
Epoch: 8520 	 loss = -3207.7676
41
42
43
44
45
46
47
48
49
50
Epoch: 8530 	 loss = -2212.3193
51
52
53
54
55
56
57
58
59
Epoch: 8540 	 loss = -2456.9741
60
61
62
63
64
65
66
67
68
69
70
Epoch: 8550 	 loss = -1813.8730
71
72
73
74
75
76
77
78
79
80
Epoch: 8560 	 loss = -1207.2158
81
82
83
84
85
86
87
88
89
Epoch: 8570 	 loss = -3681.2217
90
91
92
93
94
95
96
97
98
99
100
Epoch: 8580 	 loss = -5333.8003
101
1
2
3
4
5
6
7
8
9
Epoch: 8590 	 loss = -8116.5718
10
11
12
13
14
15
16
17
18
19
Epoch: 8600 	 loss = -1215.9893
20
21
22
23
24
25
26
27
28
29
Epoch: 8610 	 loss = -1723.2456
30
31
32
33
34
35
36
37
38
Epoch: 8620 	 loss = -2394.0818
39
40
41
42
43
44
45
46
47
48
49
Epoch: 8630 	 loss = -1175.0844
50
51
52
53
54
55
56
57
58
59
Epoch: 8640 	 loss = -1310.3159
60
61
62
63
64
65
66
67
68
69
Epoch: 8650 	 loss = -3942.8606
70
71
72
73
74
75
76
77
78
Epoch: 8660 	 loss = -1700.3859
79
80
81
82
83
84
85
86
87
88
89
Epoch: 8670 	 loss = -1123.5035
90
91
92
93
94
95
96
97
98
99
Epoch: 8680 	 loss = -1055.1383
100
101
1
2
3
4
5
6
7
8
Epoch: 8690 	 loss = -1278.0687
9
10
11
12
13
14
15
16
17
18
Epoch: 8700 	 loss = -5781.2109
19
20
21
22
23
24
25
26
27
28
Epoch: 8710 	 loss = -3901.9619
29
30
31
32
33
34
35
36
37
38
Epoch: 8720 	 loss = -1247.9374
39
40
41
42
43
44
45
46
47
48
Epoch: 8730 	 loss = -3324.2507
49
50
51
52
53
54
55
56
57
58
Epoch: 8740 	 loss = -1046.0513
59
60
61
62
63
64
65
66
67
68
Epoch: 8750 	 loss = -4745.8857
69
70
71
72
73
74
75
76
77
78
Epoch: 8760 	 loss = -2062.9121
79
80
81
82
83
84
85
86
87
88
Epoch: 8770 	 loss = -984.6659
89
90
91
92
93
94
95
96
97
98
Epoch: 8780 	 loss = -1178.2517
99
100
101
1
2
3
4
5
6
7
Epoch: 8790 	 loss = -9924.0156
8
9
10
11
12
13
14
15
16
17
Epoch: 8800 	 loss = -1773.6633
18
19
20
21
22
23
24
25
26
27
Epoch: 8810 	 loss = -5373.1694
28
29
30
31
32
33
34
35
36
37
Epoch: 8820 	 loss = -1349.0730
38
39
40
41
42
43
44
45
46
47
Epoch: 8830 	 loss = -1600.4515
48
49
50
51
52
53
54
55
56
57
Epoch: 8840 	 loss = -2580.5176
58
59
60
61
62
63
64
65
66
67
Epoch: 8850 	 loss = -1925.1041
68
69
70
71
72
73
74
75
76
77
Epoch: 8860 	 loss = -1416.3176
78
79
80
81
82
83
84
85
86
87
Epoch: 8870 	 loss = -3438.7690
88
89
90
91
92
93
94
95
96
97
Epoch: 8880 	 loss = -2008.9061
98
99
100
101
1
2
3
4
5
6
Epoch: 8890 	 loss = -1236.3574
7
8
9
10
11
12
13
14
15
16
Epoch: 8900 	 loss = -3505.5649
17
18
19
20
21
22
23
24
25
26
Epoch: 8910 	 loss = -1646.4044
27
28
29
30
31
32
33
34
35
36
Epoch: 8920 	 loss = -1079.7677
37
38
39
40
41
42
43
44
45
46
Epoch: 8930 	 loss = -3990.8613
47
48
49
50
51
52
53
54
55
56
Epoch: 8940 	 loss = -2073.5842
57
58
59
60
61
62
63
64
65
66
Epoch: 8950 	 loss = -1253.8347
67
68
69
70
71
72
73
74
75
76
Epoch: 8960 	 loss = -1261.1460
77
78
79
80
81
82
83
84
85
86
Epoch: 8970 	 loss = -1371.6472
87
88
89
90
91
92
93
94
95
96
Epoch: 8980 	 loss = -5086.1523
97
98
99
100
101
1
2
3
4
5
Epoch: 8990 	 loss = -1874.4141
6
7
8
9
10
11
12
13
14
15
Epoch: 9000 	 loss = -2879.4980
16
17
18
19
20
21
22
23
24
25
Epoch: 9010 	 loss = -2606.9421
26
27
28
29
30
31
32
33
34
35
Epoch: 9020 	 loss = -1596.4871
36
37
38
39
40
41
42
43
44
45
Epoch: 9030 	 loss = -1468.2087
46
47
48
49
50
51
52
53
54
55
Epoch: 9040 	 loss = -1495.6740
56
57
58
59
60
61
62
63
64
65
Epoch: 9050 	 loss = -1232.3036
66
67
68
69
70
71
72
73
74
75
Epoch: 9060 	 loss = -2527.2549
76
77
78
79
80
81
82
83
84
85
Epoch: 9070 	 loss = -4709.6777
86
87
88
89
90
91
92
93
94
95
Epoch: 9080 	 loss = -4937.9531
96
97
98
99
100
101
1
2
3
4
Epoch: 9090 	 loss = -3981.0056
5
6
7
8
9
10
11
12
13
14
Epoch: 9100 	 loss = -1223.4866
15
16
17
18
19
20
21
22
23
24
Epoch: 9110 	 loss = -1565.6289
25
26
27
28
29
30
31
32
33
34
Epoch: 9120 	 loss = -4441.2998
35
36
37
38
39
40
41
42
43
44
Epoch: 9130 	 loss = -2403.1296
45
46
47
48
49
50
51
52
53
54
Epoch: 9140 	 loss = -1793.1685
55
56
57
58
59
60
61
62
63
64
Epoch: 9150 	 loss = -1768.0142
65
66
67
68
69
70
71
72
73
74
Epoch: 9160 	 loss = -5017.9482
75
76
77
78
79
80
81
82
83
84
Epoch: 9170 	 loss = -1170.6189
85
86
87
88
89
90
91
92
93
94
Epoch: 9180 	 loss = -1088.4896
95
96
97
98
99
100
101
1
2
3
Epoch: 9190 	 loss = -4025.9646
4
5
6
7
8
9
10
11
12
13
Epoch: 9200 	 loss = -2662.3101
14
15
16
17
18
19
20
21
22
23
Epoch: 9210 	 loss = -1249.4807
24
25
26
27
28
29
30
31
32
33
Epoch: 9220 	 loss = -2137.0215
34
35
36
37
38
39
40
41
42
43
Epoch: 9230 	 loss = -1324.8157
44
45
46
47
48
49
50
51
52
53
Epoch: 9240 	 loss = -4263.1729
54
55
56
57
58
59
60
61
62
63
Epoch: 9250 	 loss = -1468.4720
64
65
66
67
68
69
70
71
72
73
Epoch: 9260 	 loss = -3793.4441
74
75
76
77
78
79
80
81
82
83
Epoch: 9270 	 loss = -1785.5945
84
85
86
87
88
89
90
91
92
93
Epoch: 9280 	 loss = -5077.4121
94
95
96
97
98
99
100
101
1
2
Epoch: 9290 	 loss = -2589.5903
3
4
5
6
7
8
9
10
11
12
Epoch: 9300 	 loss = -1923.1716
13
14
15
16
17
18
19
20
21
22
Epoch: 9310 	 loss = -1032.9066
23
24
25
26
27
28
29
30
31
32
Epoch: 9320 	 loss = -1287.4460
33
34
35
36
37
38
39
40
41
42
Epoch: 9330 	 loss = -1364.7573
43
44
45
46
47
48
49
50
51
52
Epoch: 9340 	 loss = -1195.0543
53
54
55
56
57
58
59
60
61
62
Epoch: 9350 	 loss = -1856.6052
63
64
65
66
67
68
69
70
71
72
Epoch: 9360 	 loss = -4696.2461
73
74
75
76
77
78
79
80
81
82
Epoch: 9370 	 loss = -1533.2654
83
84
85
86
87
88
89
90
91
92
Epoch: 9380 	 loss = -1796.0228
93
94
95
96
97
98
99
100
101
1
Epoch: 9390 	 loss = -2471.4307
2
3
4
5
6
7
8
9
10
11
Epoch: 9400 	 loss = -1148.2332
12
13
14
15
16
17
18
19
20
21
Epoch: 9410 	 loss = -1313.6014
22
23
24
25
26
27
28
29
30
31
Epoch: 9420 	 loss = -5834.7354
32
33
34
35
36
37
38
39
40
41
Epoch: 9430 	 loss = -1398.3575
42
43
44
45
46
47
48
49
50
51
Epoch: 9440 	 loss = -2589.0366
52
53
54
55
56
57
58
59
60
61
Epoch: 9450 	 loss = -5370.9990
62
63
64
65
66
67
68
69
70
71
Epoch: 9460 	 loss = -5692.6152
72
73
74
75
76
77
78
79
80
81
Epoch: 9470 	 loss = -3726.3057
82
83
84
85
86
87
88
89
90
91
Epoch: 9480 	 loss = -2639.0737
92
93
94
95
96
97
98
99
100
101
Epoch: 9490 	 loss = -2968.7959
1
2
3
4
5
6
7
8
9
10
Epoch: 9500 	 loss = -1197.4805
11
12
13
14
15
16
17
18
19
20
Epoch: 9510 	 loss = -4700.3325
21
22
23
24
25
26
27
28
29
30
Epoch: 9520 	 loss = -2989.5051
31
32
33
34
35
36
37
38
39
40
Epoch: 9530 	 loss = -5093.7974
41
42
43
44
45
46
47
48
49
50
Epoch: 9540 	 loss = -4292.0854
51
52
53
54
55
56
57
58
59
60
Epoch: 9550 	 loss = -5503.7246
61
62
63
64
65
66
67
68
69
70
Epoch: 9560 	 loss = -1170.9354
71
72
73
74
75
76
77
78
79
80
Epoch: 9570 	 loss = -4836.3916
81
82
83
84
85
86
87
88
89
90
Epoch: 9580 	 loss = -1163.0737
91
92
93
94
95
96
97
98
99
100
Epoch: 9590 	 loss = -1360.1499
101
1
2
3
4
5
6
7
8
9
Epoch: 9600 	 loss = -1962.5500
10
11
12
13
14
15
16
17
18
19
Epoch: 9610 	 loss = -1409.2073
20
21
22
23
24
25
26
27
28
29
Epoch: 9620 	 loss = -8288.1855
30
31
32
33
34
35
36
37
38
39
Epoch: 9630 	 loss = -1693.1362
40
41
42
43
44
45
46
47
48
49
Epoch: 9640 	 loss = -4289.6333
50
51
52
53
54
55
56
57
58
59
Epoch: 9650 	 loss = -1376.8143
60
61
62
63
64
65
66
67
68
69
Epoch: 9660 	 loss = -2271.1880
70
71
72
73
74
75
76
77
78
79
Epoch: 9670 	 loss = -1043.4403
80
81
82
83
84
85
86
87
88
89
Epoch: 9680 	 loss = -1113.4578
90
91
92
93
94
95
96
97
98
99
Epoch: 9690 	 loss = -1304.8621
100
101
1
2
3
4
5
6
7
8
Epoch: 9700 	 loss = -1362.1395
9
10
11
12
13
14
15
16
17
18
Epoch: 9710 	 loss = -2307.7175
19
20
21
22
23
24
25
26
27
28
Epoch: 9720 	 loss = -1599.3479
29
30
31
32
33
34
35
36
37
38
Epoch: 9730 	 loss = -1086.5325
39
40
41
42
43
44
45
46
47
48
Epoch: 9740 	 loss = -1205.3674
49
50
51
52
53
54
55
56
57
58
Epoch: 9750 	 loss = -5381.5898
59
60
61
62
63
64
65
66
67
68
Epoch: 9760 	 loss = -1973.7678
69
70
71
72
73
74
75
76
77
78
Epoch: 9770 	 loss = -1302.2778
79
80
81
82
83
84
85
86
87
88
Epoch: 9780 	 loss = -4304.5732
89
90
91
92
93
94
95
96
97
98
Epoch: 9790 	 loss = -1275.3380
99
100
101
1
2
3
4
5
6
7
Epoch: 9800 	 loss = -2624.0161
8
9
10
11
12
13
14
15
16
17
Epoch: 9810 	 loss = -4062.3198
18
19
20
21
22
23
24
25
26
27
Epoch: 9820 	 loss = -2032.9579
28
29
30
31
32
33
34
35
36
37
Epoch: 9830 	 loss = -1080.9613
38
39
40
41
42
43
44
45
46
47
Epoch: 9840 	 loss = -1107.5411
48
49
50
51
52
53
54
55
56
57
Epoch: 9850 	 loss = -2044.8240
58
59
60
61
62
63
64
65
66
67
Epoch: 9860 	 loss = -2615.4919
68
69
70
71
72
73
74
75
76
77
Epoch: 9870 	 loss = -1200.6691
78
79
80
81
82
83
84
85
86
87
Epoch: 9880 	 loss = -2620.2944
88
89
90
91
92
93
94
95
96
97
Epoch: 9890 	 loss = -1846.7360
98
99
100
101
1
2
3
4
5
6
Epoch: 9900 	 loss = -3611.6436
7
8
9
10
11
12
13
14
15
16
Epoch: 9910 	 loss = -1339.5980
17
18
19
20
21
22
23
24
25
26
Epoch: 9920 	 loss = -2598.9758
27
28
29
30
31
32
33
34
35
36
Epoch: 9930 	 loss = -1335.9894
37
38
39
40
41
42
43
44
45
46
Epoch: 9940 	 loss = -1681.5853
47
48
49
50
51
52
53
54
55
56
Epoch: 9950 	 loss = -1097.6039
57
58
59
60
61
62
63
64
65
66
Epoch: 9960 	 loss = -1666.3022
67
68
69
70
71
72
73
74
75
76
Epoch: 9970 	 loss = -1127.2698
77
78
79
80
81
82
83
84
85
86
Epoch: 9980 	 loss = -1284.2780
87
88
89
90
91
92
93
94
95
96
Epoch: 9990 	 loss = -1140.0647
97
98
99
100
101
1
2
3
4
5
Epoch: 10000 	 loss = -8779.8477
6
7
8
9
10
11
12
13
14
15
Epoch: 10010 	 loss = -2494.1499
16
17
18
19
20
21
22
23
24
25
Epoch: 10020 	 loss = -1035.8523
26
27
28
29
30
31
32
33
34
35
Epoch: 10030 	 loss = -3141.5146
36
37
38
39
40
41
42
43
44
45
Epoch: 10040 	 loss = -1788.8008
46
47
48
49
50
51
52
53
54
55
Epoch: 10050 	 loss = -1455.4934
56
57
58
59
60
61
62
63
64
65
Epoch: 10060 	 loss = -3620.3247
66
67
68
69
70
71
72
73
74
75
Epoch: 10070 	 loss = -1401.7964
76
77
78
79
80
81
82
83
84
85
Epoch: 10080 	 loss = -2094.6409
86
87
88
89
90
91
92
93
94
95
Epoch: 10090 	 loss = -3940.5781
96
97
98
99
100
101
1
2
3
4
Epoch: 10100 	 loss = -1781.3019
5
6
7
8
9
10
11
12
13
14
Epoch: 10110 	 loss = -1596.2996
15
16
17
18
19
20
21
22
23
24
Epoch: 10120 	 loss = -2017.8135
25
26
27
28
29
30
31
32
33
34
Epoch: 10130 	 loss = -1035.9044
35
36
37
38
39
40
41
42
43
44
Epoch: 10140 	 loss = -2566.9614
45
46
47
48
49
50
51
52
53
54
Epoch: 10150 	 loss = -1403.3229
55
56
57
58
59
60
61
62
63
64
Epoch: 10160 	 loss = -2719.0513
65
66
67
68
69
70
71
72
73
74
Epoch: 10170 	 loss = -2686.5530
75
76
77
78
79
80
81
82
83
84
Epoch: 10180 	 loss = -1336.2170
85
86
87
88
89
90
91
92
93
94
Epoch: 10190 	 loss = -5802.4521
95
96
97
98
99
100
101
1
2
3
Epoch: 10200 	 loss = -3521.5322
4
5
6
7
8
9
10
11
12
13
Epoch: 10210 	 loss = -1723.9553
14
15
16
17
18
19
20
21
22
23
Epoch: 10220 	 loss = -1782.0127
24
25
26
27
28
29
30
31
32
33
Epoch: 10230 	 loss = -1645.5035
34
35
36
37
38
39
40
41
42
43
Epoch: 10240 	 loss = -5224.2588
44
45
46
47
48
49
50
51
52
53
Epoch: 10250 	 loss = -1759.4321
54
55
56
57
58
59
60
61
62
63
Epoch: 10260 	 loss = -2148.6138
64
65
66
67
68
69
70
71
72
73
Epoch: 10270 	 loss = -1911.5435
74
75
76
77
78
79
80
81
82
83
Epoch: 10280 	 loss = -1097.2937
84
85
86
87
88
89
90
91
92
93
Epoch: 10290 	 loss = -1105.4648
94
95
96
97
98
99
100
101
1
2
Epoch: 10300 	 loss = -1328.1995
3
4
5
6
7
8
9
10
11
12
Epoch: 10310 	 loss = -1131.1836
13
14
15
16
17
18
19
20
21
22
Epoch: 10320 	 loss = -1294.9355
23
24
25
26
27
28
29
30
31
32
Epoch: 10330 	 loss = -1149.5493
33
34
35
36
37
38
39
40
41
42
Epoch: 10340 	 loss = -1611.9478
43
44
45
46
47
48
49
50
51
52
Epoch: 10350 	 loss = -4760.4731
53
54
55
56
57
58
59
60
61
62
Epoch: 10360 	 loss = -5606.2354
63
64
65
66
67
68
69
70
71
72
Epoch: 10370 	 loss = -1729.7913
73
74
75
76
77
78
79
80
81
82
Epoch: 10380 	 loss = -2629.8811
83
84
85
86
87
88
89
90
91
92
Epoch: 10390 	 loss = -2429.0735
93
94
95
96
97
98
99
100
101
1
Epoch: 10400 	 loss = -4000.1609
2
3
4
5
6
7
8
9
10
11
Epoch: 10410 	 loss = -2085.9292
12
13
14
15
16
17
18
19
20
21
Epoch: 10420 	 loss = -1752.1924
22
23
24
25
26
27
28
29
30
31
Epoch: 10430 	 loss = -1094.2291
32
33
34
35
36
37
38
39
40
41
Epoch: 10440 	 loss = -1148.5253
42
43
44
45
46
47
48
49
50
51
Epoch: 10450 	 loss = -5556.0791
52
53
54
55
56
57
58
59
60
61
Epoch: 10460 	 loss = -2194.1104
62
63
64
65
66
67
68
69
70
71
Epoch: 10470 	 loss = -1786.2490
72
73
74
75
76
77
78
79
80
81
Epoch: 10480 	 loss = -4193.0791
82
83
84
85
86
87
88
89
90
91
Epoch: 10490 	 loss = -1218.3148
92
93
94
95
96
97
98
99
100
101
Epoch: 10500 	 loss = -1077.8750
1
2
3
4
5
6
7
8
9
10
Epoch: 10510 	 loss = -7220.8770
11
12
13
14
15
16
17
18
19
20
Epoch: 10520 	 loss = -5736.0674
21
22
23
24
25
26
27
28
29
30
Epoch: 10530 	 loss = -1124.9961
31
32
33
34
35
36
37
38
39
40
Epoch: 10540 	 loss = -1280.1572
41
42
43
44
45
46
47
48
49
50
Epoch: 10550 	 loss = -2500.6567
51
52
53
54
55
56
57
58
59
60
Epoch: 10560 	 loss = -1995.2909
61
62
63
64
65
66
67
68
69
70
Epoch: 10570 	 loss = -1904.7788
71
72
73
74
75
76
77
78
79
80
Epoch: 10580 	 loss = -1423.9119
81
82
83
84
85
86
87
88
89
90
Epoch: 10590 	 loss = -3489.9419
91
92
93
94
95
96
97
98
99
100
Epoch: 10600 	 loss = -5089.2314
101
1
2
3
4
5
6
7
8
9
Epoch: 10610 	 loss = -1442.0667
10
11
12
13
14
15
16
17
18
19
Epoch: 10620 	 loss = -2790.0315
20
21
22
23
24
25
26
27
28
29
Epoch: 10630 	 loss = -7603.5508
30
31
32
33
34
35
36
37
38
39
Epoch: 10640 	 loss = -1310.9858
40
41
42
43
44
45
46
47
48
49
Epoch: 10650 	 loss = -2182.7192
50
51
52
53
54
55
56
57
58
59
Epoch: 10660 	 loss = -5013.8818
60
61
62
63
64
65
66
67
68
69
Epoch: 10670 	 loss = -1979.1497
70
71
72
73
74
75
76
77
78
79
Epoch: 10680 	 loss = -5394.2354
80
81
82
83
84
85
86
87
88
89
Epoch: 10690 	 loss = -1821.8455
90
91
92
93
94
95
96
97
98
99
Epoch: 10700 	 loss = -1237.0125
100
101
1
2
3
4
5
6
7
8
Epoch: 10710 	 loss = -7023.7031
9
10
11
12
13
14
15
16
17
18
Epoch: 10720 	 loss = -2318.6924
19
20
21
22
23
24
25
26
27
28
Epoch: 10730 	 loss = -1483.2228
29
30
31
32
33
34
35
36
37
38
Epoch: 10740 	 loss = -5350.1104
39
40
41
42
43
44
45
46
47
48
Epoch: 10750 	 loss = -6190.1064
49
50
51
52
53
54
55
56
57
58
Epoch: 10760 	 loss = -4829.7368
59
60
61
62
63
64
65
66
67
68
Epoch: 10770 	 loss = -2814.9937
69
70
71
72
73
74
75
76
77
78
Epoch: 10780 	 loss = -1215.2800
79
80
81
82
83
84
85
86
87
88
Epoch: 10790 	 loss = -1619.1733
89
90
91
92
93
94
95
96
97
98
Epoch: 10800 	 loss = -2093.0120
99
100
101
1
2
3
4
5
6
7
Epoch: 10810 	 loss = -2851.6465
8
9
10
11
12
13
14
15
16
17
Epoch: 10820 	 loss = -8334.4023
18
19
20
21
22
23
24
25
26
27
Epoch: 10830 	 loss = -6406.3877
28
29
30
31
32
33
34
35
36
37
Epoch: 10840 	 loss = -5918.0923
38
39
40
41
42
43
44
45
46
47
Epoch: 10850 	 loss = -1065.4321
48
49
50
51
52
53
54
55
56
57
Epoch: 10860 	 loss = -6987.6572
58
59
60
61
62
63
64
65
66
67
Epoch: 10870 	 loss = -1374.5472
68
69
70
71
72
73
74
75
76
77
Epoch: 10880 	 loss = -3026.6377
78
79
80
81
82
83
84
85
86
87
Epoch: 10890 	 loss = -3846.6426
88
89
90
91
92
93
94
95
96
97
Epoch: 10900 	 loss = -2084.9910
98
99
100
101
1
2
3
4
5
6
Epoch: 10910 	 loss = -1324.7006
7
8
9
10
11
12
13
14
15
16
Epoch: 10920 	 loss = -1430.2349
17
18
19
20
21
22
23
24
25
26
Epoch: 10930 	 loss = -5911.0767
27
28
29
30
31
32
33
34
35
36
Epoch: 10940 	 loss = -1597.2395
37
38
39
40
41
42
43
44
45
46
Epoch: 10950 	 loss = -2274.5039
47
48
49
50
51
52
53
54
55
56
Epoch: 10960 	 loss = -2682.9912
57
58
59
60
61
62
63
64
65
66
Epoch: 10970 	 loss = -3419.1565
67
68
69
70
71
72
73
74
75
76
Epoch: 10980 	 loss = -2135.4263
77
78
79
80
81
82
83
84
85
86
Epoch: 10990 	 loss = -2275.5967
87
88
89
90
91
92
93
94
95
96
Epoch: 11000 	 loss = -2345.4316
97
98
99
100
101
1
2
3
4
5
Epoch: 11010 	 loss = -10454.7471
6
7
8
9
10
11
12
13
14
15
Epoch: 11020 	 loss = -8523.6611
16
17
18
19
20
21
22
23
24
25
Epoch: 11030 	 loss = -1902.0962
26
27
28
29
30
31
32
33
34
35
Epoch: 11040 	 loss = -1772.5330
36
37
38
39
40
41
42
43
44
45
Epoch: 11050 	 loss = -1283.6530
46
47
48
49
50
51
52
53
54
55
Epoch: 11060 	 loss = -5091.0845
56
57
58
59
60
61
62
63
64
65
Epoch: 11070 	 loss = -5603.4780
66
67
68
69
70
71
72
73
74
75
Epoch: 11080 	 loss = -1899.0408
76
77
78
79
80
81
82
83
84
85
Epoch: 11090 	 loss = -2049.8970
86
87
88
89
90
91
92
93
94
95
Epoch: 11100 	 loss = -4963.5679
96
97
98
99
100
101
1
2
3
4
Epoch: 11110 	 loss = -1533.6694
5
6
7
8
9
10
11
12
13
14
Epoch: 11120 	 loss = -1383.6847
15
16
17
18
19
20
21
22
23
24
Epoch: 11130 	 loss = -5592.0103
25
26
27
28
29
30
31
32
33
34
Epoch: 11140 	 loss = -1408.9829
35
36
37
38
39
40
41
42
43
44
Epoch: 11150 	 loss = -1796.8807
45
46
47
48
49
50
51
52
53
54
Epoch: 11160 	 loss = -1407.5300
55
56
57
58
59
60
61
62
63
64
Epoch: 11170 	 loss = -3886.7529
65
66
67
68
69
70
71
72
73
74
Epoch: 11180 	 loss = -3782.2773
75
76
77
78
79
80
81
82
83
84
Epoch: 11190 	 loss = -1134.0837
85
86
87
88
89
90
91
92
93
94
Epoch: 11200 	 loss = -4217.6426
95
96
97
98
99
100
101
1
2
3
Epoch: 11210 	 loss = -1383.6812
4
5
6
7
8
9
10
11
12
13
Epoch: 11220 	 loss = -2049.6919
14
15
16
17
18
19
20
21
22
23
Epoch: 11230 	 loss = -1434.2177
24
25
26
27
28
29
30
31
32
33
Epoch: 11240 	 loss = -3856.3289
34
35
36
37
38
39
40
41
42
43
Epoch: 11250 	 loss = -3433.5862
44
45
46
47
48
49
50
51
52
53
Epoch: 11260 	 loss = -2053.3403
54
55
56
57
58
59
60
61
62
63
Epoch: 11270 	 loss = -1186.1707
64
65
66
67
68
69
70
71
72
73
Epoch: 11280 	 loss = -2171.4961
74
75
76
77
78
79
80
81
82
83
Epoch: 11290 	 loss = -2397.9814
84
85
86
87
88
89
90
91
92
93
Epoch: 11300 	 loss = -1414.5986
94
95
96
97
98
99
100
101
1
2
Epoch: 11310 	 loss = -1618.2045
3
4
5
6
7
8
9
10
11
12
Epoch: 11320 	 loss = -1122.5144
13
14
15
16
17
18
19
20
21
22
Epoch: 11330 	 loss = -1360.8447
23
24
25
26
27
28
29
30
31
32
Epoch: 11340 	 loss = -3068.9629
33
34
35
36
37
38
39
40
41
42
Epoch: 11350 	 loss = -2834.9443
43
44
45
46
47
48
49
50
51
52
Epoch: 11360 	 loss = -1323.6028
53
54
55
56
57
58
59
60
61
62
Epoch: 11370 	 loss = -1358.0093
63
64
65
66
67
68
69
70
71
72
Epoch: 11380 	 loss = -1658.8926
73
74
75
76
77
78
79
80
81
82
Epoch: 11390 	 loss = -1855.9305
83
84
85
86
87
88
89
90
91
92
Epoch: 11400 	 loss = -4767.9473
93
94
95
96
97
98
99
100
101
1
Epoch: 11410 	 loss = -1454.1108
2
3
4
5
6
7
8
9
10
11
Epoch: 11420 	 loss = -2192.9778
12
13
14
15
16
17
18
19
20
21
Epoch: 11430 	 loss = -1893.1670
22
23
24
25
26
27
28
29
30
31
Epoch: 11440 	 loss = -1536.3759
32
33
34
35
36
37
38
39
40
41
Epoch: 11450 	 loss = -1194.8325
42
43
44
45
46
47
48
49
50
51
Epoch: 11460 	 loss = -3128.8940
52
53
54
55
56
57
58
59
60
61
Epoch: 11470 	 loss = -6166.0605
62
63
64
65
66
67
68
69
70
71
Epoch: 11480 	 loss = -1415.1718
72
73
74
75
76
77
78
79
80
81
Epoch: 11490 	 loss = -1809.7085
82
83
84
85
86
87
88
89
90
91
Epoch: 11500 	 loss = -1673.1061
92
93
94
95
96
97
98
99
100
101
Epoch: 11510 	 loss = -1036.9678
1
2
3
4
5
6
7
8
9
10
Epoch: 11520 	 loss = -2175.2314
11
12
13
14
15
16
17
18
19
20
Epoch: 11530 	 loss = -1087.3856
21
22
23
24
25
26
27
28
29
30
Epoch: 11540 	 loss = -1107.5878
31
32
33
34
35
36
37
38
39
40
Epoch: 11550 	 loss = -1393.1329
41
42
43
44
45
46
47
48
49
50
Epoch: 11560 	 loss = -1962.3289
51
52
53
54
55
56
57
58
59
60
Epoch: 11570 	 loss = -6466.1572
61
62
63
64
65
66
67
68
69
70
Epoch: 11580 	 loss = -1074.2002
71
72
73
74
75
76
77
78
79
80
Epoch: 11590 	 loss = -1428.9412
81
82
83
84
85
86
87
88
89
90
Epoch: 11600 	 loss = -4576.4277
91
92
93
94
95
96
97
98
99
100
Epoch: 11610 	 loss = -3827.0701
101
1
2
3
4
5
6
7
8
9
Epoch: 11620 	 loss = -2144.6296
10
11
12
13
14
15
16
17
18
19
Epoch: 11630 	 loss = -5405.3413
20
21
22
23
24
25
26
27
28
29
Epoch: 11640 	 loss = -6428.7339
30
31
32
33
34
35
36
37
38
39
Epoch: 11650 	 loss = -5251.8184
40
41
42
43
44
45
46
47
48
49
Epoch: 11660 	 loss = -1256.7828
50
51
52
53
54
55
56
57
58
59
Epoch: 11670 	 loss = -1385.3176
60
61
62
63
64
65
66
67
68
69
Epoch: 11680 	 loss = -1338.9310
70
71
72
73
74
75
76
77
78
79
Epoch: 11690 	 loss = -1077.2214
80
81
82
83
84
85
86
87
88
89
Epoch: 11700 	 loss = -1184.6809
90
91
92
93
94
95
96
97
98
99
Epoch: 11710 	 loss = -1515.7688
100
101
1
2
3
4
5
6
7
8
Epoch: 11720 	 loss = -3161.0022
9
10
11
12
13
14
15
16
17
18
Epoch: 11730 	 loss = -1588.3213
19
20
21
22
23
24
25
26
27
28
Epoch: 11740 	 loss = -2830.3772
29
30
31
32
33
34
35
36
37
38
Epoch: 11750 	 loss = -1231.4387
39
40
41
42
43
44
45
46
47
48
Epoch: 11760 	 loss = -1134.6777
49
50
51
52
53
54
55
56
57
58
Epoch: 11770 	 loss = -1168.6669
59
60
61
62
63
64
65
66
67
68
Epoch: 11780 	 loss = -2554.1189
69
70
71
72
73
74
75
76
77
78
Epoch: 11790 	 loss = -4704.1504
79
80
81
82
83
84
85
86
87
88
Epoch: 11800 	 loss = -1460.8857
89
90
91
92
93
94
95
96
97
98
Epoch: 11810 	 loss = -1165.8698
99
100
101
1
2
3
4
5
6
7
Epoch: 11820 	 loss = -2131.2266
8
9
10
11
12
13
14
15
16
17
Epoch: 11830 	 loss = -7396.6401
18
19
20
21
22
23
24
25
26
27
Epoch: 11840 	 loss = -1812.3904
28
29
30
31
32
33
34
35
36
37
Epoch: 11850 	 loss = -3128.2266
38
39
40
41
42
43
44
45
46
47
Epoch: 11860 	 loss = -2004.5366
48
49
50
51
52
53
54
55
56
57
Epoch: 11870 	 loss = -1526.3225
58
59
60
61
62
63
64
65
66
67
Epoch: 11880 	 loss = -1185.5090
68
69
70
71
72
73
74
75
76
77
Epoch: 11890 	 loss = -2054.6326
78
79
80
81
82
83
84
85
86
87
Epoch: 11900 	 loss = -5018.8599
88
89
90
91
92
93
94
95
96
97
Epoch: 11910 	 loss = -1395.1575
98
99
100
101
1
2
3
4
5
6
Epoch: 11920 	 loss = -3979.6179
7
8
9
10
11
12
13
14
15
16
Epoch: 11930 	 loss = -9233.1641
17
18
19
20
21
22
23
24
25
26
Epoch: 11940 	 loss = -7108.3203
27
28
29
30
31
32
33
34
35
36
Epoch: 11950 	 loss = -1450.1489
37
38
39
40
41
42
43
44
45
46
Epoch: 11960 	 loss = -1381.1750
47
48
49
50
51
52
53
54
55
56
Epoch: 11970 	 loss = -1589.8375
57
58
59
60
61
62
63
64
65
66
Epoch: 11980 	 loss = -2814.9629
67
68
69
70
71
72
73
74
75
76
Epoch: 11990 	 loss = -1499.3831
77
78
79
80
81
82
83
84
85
86
Epoch: 12000 	 loss = -7421.1768
87
88
89
90
91
92
93
94
95
96
Epoch: 12010 	 loss = -2745.1665
97
98
99
100
101
1
2
3
4
5
Epoch: 12020 	 loss = -3445.7432
6
7
8
9
10
11
12
13
14
15
Epoch: 12030 	 loss = -1168.3373
16
17
18
19
20
21
22
23
24
25
Epoch: 12040 	 loss = -5307.9653
26
27
28
29
30
31
32
33
34
35
Epoch: 12050 	 loss = -1524.0654
36
37
38
39
40
41
42
43
44
45
Epoch: 12060 	 loss = -2411.8464
46
47
48
49
50
51
52
53
54
55
Epoch: 12070 	 loss = -1301.3311
56
57
58
59
60
61
62
63
64
65
Epoch: 12080 	 loss = -2018.9491
66
67
68
69
70
71
72
73
74
75
Epoch: 12090 	 loss = -4212.1123
76
77
78
79
80
81
82
83
84
85
Epoch: 12100 	 loss = -1566.8151
86
87
88
89
90
91
92
93
94
95
Epoch: 12110 	 loss = -2218.8955
96
97
98
99
100
101
1
2
3
4
Epoch: 12120 	 loss = -8030.9873
5
6
7
8
9
10
11
12
13
14
Epoch: 12130 	 loss = -6754.5542
15
16
17
18
19
20
21
22
23
24
Epoch: 12140 	 loss = -1405.8899
25
26
27
28
29
30
31
32
33
34
Epoch: 12150 	 loss = -2492.4067
35
36
37
38
39
40
41
42
43
44
Epoch: 12160 	 loss = -6232.8071
45
46
47
48
49
50
51
52
53
54
Epoch: 12170 	 loss = -1932.0996
55
56
57
58
59
60
61
62
63
64
Epoch: 12180 	 loss = -5285.9062
65
66
67
68
69
70
71
72
73
74
Epoch: 12190 	 loss = -1355.8394
75
76
77
78
79
80
81
82
83
84
Epoch: 12200 	 loss = -2093.0562
85
86
87
88
89
90
91
92
93
94
Epoch: 12210 	 loss = -5742.8154
95
96
97
98
99
100
101
1
2
3
Epoch: 12220 	 loss = -1605.1740
4
5
6
7
8
9
10
11
12
13
Epoch: 12230 	 loss = -1368.8197
14
15
16
17
18
19
20
21
22
23
Epoch: 12240 	 loss = -5864.0708
24
25
26
27
28
29
30
31
32
33
Epoch: 12250 	 loss = -7162.4346
34
35
36
37
38
39
40
41
42
43
Epoch: 12260 	 loss = -5779.3345
44
45
46
47
48
49
50
51
52
53
Epoch: 12270 	 loss = -2643.3147
54
55
56
57
58
59
60
61
62
63
Epoch: 12280 	 loss = -5223.7959
64
65
66
67
68
69
70
71
72
73
Epoch: 12290 	 loss = -5430.6870
74
75
76
77
78
79
80
81
82
83
Epoch: 12300 	 loss = -1887.8812
84
85
86
87
88
89
90
91
92
93
Epoch: 12310 	 loss = -2256.8516
94
95
96
97
98
99
100
101
1
2
Epoch: 12320 	 loss = -1135.7368
3
4
5
6
7
8
9
10
11
12
Epoch: 12330 	 loss = -1612.3342
13
14
15
16
17
18
19
20
21
22
Epoch: 12340 	 loss = -8690.5723
23
24
25
26
27
28
29
30
31
32
Epoch: 12350 	 loss = -1578.9519
33
34
35
36
37
38
39
40
41
42
Epoch: 12360 	 loss = -1387.2588
43
44
45
46
47
48
49
50
51
52
Epoch: 12370 	 loss = -2963.8645
53
54
55
56
57
58
59
60
61
62
Epoch: 12380 	 loss = -1563.4758
63
64
65
66
67
68
69
70
71
72
Epoch: 12390 	 loss = -6123.4492
73
74
75
76
77
78
79
80
81
82
Epoch: 12400 	 loss = -2843.6223
83
84
85
86
87
88
89
90
91
92
Epoch: 12410 	 loss = -1129.3416
93
94
95
96
97
98
99
100
101
1
Epoch: 12420 	 loss = -1572.7107
2
3
4
5
6
7
8
9
10
11
Epoch: 12430 	 loss = -1006.7133
12
13
14
15
16
17
18
19
20
21
Epoch: 12440 	 loss = -2212.3806
22
23
24
25
26
27
28
29
30
31
Epoch: 12450 	 loss = -1755.5750
32
33
34
35
36
37
38
39
40
41
Epoch: 12460 	 loss = -1183.3767
42
43
44
45
46
47
48
49
50
51
Epoch: 12470 	 loss = -1388.4110
52
53
54
55
56
57
58
59
60
61
Epoch: 12480 	 loss = -1319.7993
62
63
64
65
66
67
68
69
70
71
Epoch: 12490 	 loss = -5331.6982
72
73
74
75
76
77
78
79
80
81
Epoch: 12500 	 loss = -1278.7905
82
83
84
85
86
87
88
89
90
91
Epoch: 12510 	 loss = -1893.4651
92
93
94
95
96
97
98
99
100
101
Epoch: 12520 	 loss = -5120.5420
1
2
3
4
5
6
7
8
9
10
Epoch: 12530 	 loss = -1473.1418
11
12
13
14
15
16
17
18
19
20
Epoch: 12540 	 loss = -8260.6055
21
22
23
24
25
26
27
28
29
30
Epoch: 12550 	 loss = -2043.7363
31
32
33
34
35
36
37
38
39
40
Epoch: 12560 	 loss = -1038.8069
41
42
43
44
45
46
47
48
49
50
Epoch: 12570 	 loss = -2268.5691
51
52
53
54
55
56
57
58
59
60
Epoch: 12580 	 loss = -2201.6138
61
62
63
64
65
66
67
68
69
70
Epoch: 12590 	 loss = -2313.7097
71
72
73
74
75
76
77
78
79
80
Epoch: 12600 	 loss = -1206.7760
81
82
83
84
85
86
87
88
89
90
Epoch: 12610 	 loss = -1562.6782
91
92
93
94
95
96
97
98
99
100
Epoch: 12620 	 loss = -3059.0671
101
1
2
3
4
5
6
7
8
9
Epoch: 12630 	 loss = -2159.7971
10
11
12
13
14
15
16
17
18
19
Epoch: 12640 	 loss = -8186.0342
20
21
22
23
24
25
26
27
28
29
Epoch: 12650 	 loss = -3508.1987
30
31
32
33
34
35
36
37
38
39
Epoch: 12660 	 loss = -1583.6299
40
41
42
43
44
45
46
47
48
49
Epoch: 12670 	 loss = -1215.1750
50
51
52
53
54
55
56
57
58
59
Epoch: 12680 	 loss = -5094.6807
60
61
62
63
64
65
66
67
68
69
Epoch: 12690 	 loss = -1646.7766
70
71
72
73
74
75
76
77
78
79
Epoch: 12700 	 loss = -1162.8395
80
81
82
83
84
85
86
87
88
89
Epoch: 12710 	 loss = -2533.7678
90
91
92
93
94
95
96
97
98
99
Epoch: 12720 	 loss = -2814.9702
100
101
1
2
3
4
5
6
7
8
Epoch: 12730 	 loss = -8658.6709
9
10
11
12
13
14
15
16
17
18
Epoch: 12740 	 loss = -1460.0320
19
20
21
22
23
24
25
26
27
28
Epoch: 12750 	 loss = -1385.1766
29
30
31
32
33
34
35
36
37
38
Epoch: 12760 	 loss = -1148.5149
39
40
41
42
43
44
45
46
47
48
Epoch: 12770 	 loss = -1188.9813
49
50
51
52
53
54
55
56
57
58
Epoch: 12780 	 loss = -1726.6917
59
60
61
62
63
64
65
66
67
68
Epoch: 12790 	 loss = -2549.4814
69
70
71
72
73
74
75
76
77
78
Epoch: 12800 	 loss = -1132.6530
79
80
81
82
83
84
85
86
87
88
Epoch: 12810 	 loss = -901.8345
89
90
91
92
93
94
95
96
97
98
Epoch: 12820 	 loss = -952.1137
99
100
101
1
2
3
4
5
6
7
Epoch: 12830 	 loss = -5635.0708
8
9
10
11
12
13
14
15
16
17
Epoch: 12840 	 loss = -2846.3528
18
19
20
21
22
23
24
25
26
27
Epoch: 12850 	 loss = -1200.6837
28
29
30
31
32
33
34
35
36
37
Epoch: 12860 	 loss = -1389.3849
38
39
40
41
42
43
44
45
46
47
Epoch: 12870 	 loss = -1119.8142
48
49
50
51
52
53
54
55
56
57
Epoch: 12880 	 loss = -1210.1364
58
59
60
61
62
63
64
65
66
67
Epoch: 12890 	 loss = -4314.6875
68
69
70
71
72
73
74
75
76
77
Epoch: 12900 	 loss = -4853.4185
78
79
80
81
82
83
84
85
86
87
Epoch: 12910 	 loss = -4776.3984
88
89
90
91
92
93
94
95
96
97
Epoch: 12920 	 loss = -1246.0066
98
99
100
101
1
2
3
4
5
6
Epoch: 12930 	 loss = -11620.9170
7
8
9
10
11
12
13
14
15
16
Epoch: 12940 	 loss = -1588.7275
17
18
19
20
21
22
23
24
25
26
Epoch: 12950 	 loss = -8380.7461
27
28
29
30
31
32
33
34
35
36
Epoch: 12960 	 loss = -2028.1818
37
38
39
40
41
42
43
44
45
46
Epoch: 12970 	 loss = -1297.8364
47
48
49
50
51
52
53
54
55
56
Epoch: 12980 	 loss = -1513.3350
57
58
59
60
61
62
63
64
65
66
Epoch: 12990 	 loss = -2050.0691
67
68
69
70
71
72
73
74
75
76
Epoch: 13000 	 loss = -1440.2458
77
78
79
80
81
82
83
84
85
86
Epoch: 13010 	 loss = -1488.0986
87
88
89
90
91
92
93
94
95
96
Epoch: 13020 	 loss = -5161.3374
97
98
99
100
101
1
2
3
4
5
Epoch: 13030 	 loss = -3537.0552
6
7
8
9
10
11
12
13
14
15
Epoch: 13040 	 loss = -1330.9907
16
17
18
19
20
21
22
23
24
25
Epoch: 13050 	 loss = -6419.4800
26
27
28
29
30
31
32
33
34
35
Epoch: 13060 	 loss = -1607.8503
36
37
38
39
40
41
42
43
44
45
Epoch: 13070 	 loss = -1617.7805
46
47
48
49
50
51
52
53
54
55
Epoch: 13080 	 loss = -1884.2905
56
57
58
59
60
61
62
63
64
65
66
Epoch: 13090 	 loss = -4626.7383
67
68
69
70
71
72
73
74
75
Epoch: 13100 	 loss = -1663.5396
76
77
78
79
80
81
82
83
84
85
Epoch: 13110 	 loss = -1930.9209
86
87
88
89
90
91
92
93
94
95
Epoch: 13120 	 loss = -1709.2546
96
97
98
99
100
101
1
2
3
4
Epoch: 13130 	 loss = -11073.9531
5
6
7
8
9
10
11
12
13
14
Epoch: 13140 	 loss = -5742.7266
15
16
17
18
19
20
21
22
23
24
Epoch: 13150 	 loss = -2858.9019
25
26
27
28
29
30
31
32
33
34
Epoch: 13160 	 loss = -5685.1846
35
36
37
38
39
40
41
42
43
44
Epoch: 13170 	 loss = -4326.2812
45
46
47
48
49
50
51
52
53
54
Epoch: 13180 	 loss = -1264.3357
55
56
57
58
59
60
61
62
63
64
Epoch: 13190 	 loss = -1028.2441
65
66
67
68
69
70
71
72
73
74
75
Epoch: 13200 	 loss = -1662.4014
76
77
78
79
80
81
82
83
84
Epoch: 13210 	 loss = -5003.4678
85
86
87
88
89
90
91
92
93
94
Epoch: 13220 	 loss = -1575.9897
95
96
97
98
99
100
101
1
2
3
Epoch: 13230 	 loss = -2208.5977
4
5
6
7
8
9
10
11
12
13
Epoch: 13240 	 loss = -1493.1697
14
15
16
17
18
19
20
21
22
23
Epoch: 13250 	 loss = -6020.5454
24
25
26
27
28
29
30
31
32
33
Epoch: 13260 	 loss = -6986.2305
34
35
36
37
38
39
40
41
42
43
Epoch: 13270 	 loss = -3161.1528
44
45
46
47
48
49
50
51
52
53
Epoch: 13280 	 loss = -7014.3379
54
55
56
57
58
59
60
61
62
63
Epoch: 13290 	 loss = -1661.0854
64
65
66
67
68
69
70
71
72
73
Epoch: 13300 	 loss = -5499.3936
74
75
76
77
78
79
80
81
82
83
Epoch: 13310 	 loss = -1398.8853
84
85
86
87
88
89
90
91
92
93
Epoch: 13320 	 loss = -2503.2075
94
95
96
97
98
99
100
101
1
2
Epoch: 13330 	 loss = -1116.6980
3
4
5
6
7
8
9
10
11
12
Epoch: 13340 	 loss = -6703.5195
13
14
15
16
17
18
19
20
21
22
Epoch: 13350 	 loss = -1199.0833
23
24
25
26
27
28
29
30
31
32
Epoch: 13360 	 loss = -389.6846
33
34
35
36
37
38
39
40
41
42
Epoch: 13370 	 loss = -1079.4512
43
44
45
46
47
48
49
50
51
52
Epoch: 13380 	 loss = -1271.5544
53
54
55
56
57
58
59
60
61
62
Epoch: 13390 	 loss = -2148.2856
63
64
65
66
67
68
69
70
71
72
Epoch: 13400 	 loss = -3627.9729
73
74
75
76
77
78
79
80
81
82
Epoch: 13410 	 loss = -3517.4951
83
84
85
86
87
88
89
90
91
92
Epoch: 13420 	 loss = -1323.8406
93
94
95
96
97
98
99
100
101
1
Epoch: 13430 	 loss = -3716.9526
2
3
4
5
6
7
8
9
10
11
Epoch: 13440 	 loss = -2093.1030
12
13
14
15
16
17
18
19
20
21
Epoch: 13450 	 loss = -1421.0422
22
23
24
25
26
27
28
29
30
31
Epoch: 13460 	 loss = -1888.3055
32
33
34
35
36
37
38
39
40
41
Epoch: 13470 	 loss = -2990.0452
42
43
44
45
46
47
48
49
50
51
Epoch: 13480 	 loss = -4880.5718
52
53
54
55
56
57
58
59
60
61
Epoch: 13490 	 loss = -2009.8475
62
63
64
65
66
67
68
69
70
71
Epoch: 13500 	 loss = -6499.1538
72
73
74
75
76
77
78
79
80
81
Epoch: 13510 	 loss = -2828.2207
82
83
84
85
86
87
88
89
90
91
Epoch: 13520 	 loss = -1093.5697
92
93
94
95
96
97
98
99
100
101
Epoch: 13530 	 loss = -4185.6963
1
2
3
4
5
6
7
8
9
10
Epoch: 13540 	 loss = -6060.9253
11
12
13
14
15
16
17
18
19
20
Epoch: 13550 	 loss = -2153.8682
21
22
23
24
25
26
27
28
29
30
Epoch: 13560 	 loss = -1294.1445
31
32
33
34
35
36
37
38
39
40
Epoch: 13570 	 loss = -3193.7861
41
42
43
44
45
46
47
48
49
50
Epoch: 13580 	 loss = -1613.9630
51
52
53
54
55
56
57
58
59
60
Epoch: 13590 	 loss = -2251.5957
61
62
63
64
65
66
67
68
69
70
Epoch: 13600 	 loss = -1918.4929
71
72
73
74
75
76
77
78
79
80
Epoch: 13610 	 loss = -3034.4438
81
82
83
84
85
86
87
88
89
90
Epoch: 13620 	 loss = -1433.1504
91
92
93
94
95
96
97
98
99
100
Epoch: 13630 	 loss = -4594.3193
101
1
2
3
4
5
6
7
8
9
Epoch: 13640 	 loss = -1160.7148
10
11
12
13
14
15
16
17
18
19
Epoch: 13650 	 loss = -1341.0997
20
21
22
23
24
25
26
27
28
29
Epoch: 13660 	 loss = -2049.3503
30
31
32
33
34
35
36
37
38
39
Epoch: 13670 	 loss = -1085.6040
40
41
42
43
44
45
46
47
48
49
Epoch: 13680 	 loss = -3809.7939
50
51
52
53
54
55
56
57
58
59
Epoch: 13690 	 loss = -1368.9463
60
61
62
63
64
65
66
67
68
69
Epoch: 13700 	 loss = 1085.7336
70
71
72
73
74
75
76
77
78
79
Epoch: 13710 	 loss = -880.6661
80
81
82
83
84
85
86
87
88
89
Epoch: 13720 	 loss = -3099.8657
90
91
92
93
94
95
96
97
98
99
Epoch: 13730 	 loss = -2083.4277
100
101
1
2
3
4
5
6
7
8
Epoch: 13740 	 loss = -1359.5281
9
10
11
12
13
14
15
16
17
18
Epoch: 13750 	 loss = -2692.8567
19
20
21
22
23
24
25
26
27
28
Epoch: 13760 	 loss = -4567.9482
29
30
31
32
33
34
35
36
37
38
Epoch: 13770 	 loss = -7538.9844
39
40
41
42
43
44
45
46
47
48
Epoch: 13780 	 loss = -1124.3352
49
50
51
52
53
54
55
56
57
58
Epoch: 13790 	 loss = -5812.1948
59
60
61
62
63
64
65
66
67
68
Epoch: 13800 	 loss = -4758.5093
69
70
71
72
73
74
75
76
77
78
Epoch: 13810 	 loss = -1080.6768
79
80
81
82
83
84
85
86
87
88
Epoch: 13820 	 loss = -6398.6411
89
90
91
92
93
94
95
96
97
98
Epoch: 13830 	 loss = -1650.0085
99
100
101
1
2
3
4
5
6
7
Epoch: 13840 	 loss = -4703.3794
8
9
10
11
12
13
14
15
16
17
Epoch: 13850 	 loss = -2064.5020
18
19
20
21
22
23
24
25
26
27
Epoch: 13860 	 loss = -2543.8337
28
29
30
31
32
33
34
35
36
37
Epoch: 13870 	 loss = -3140.4148
38
39
40
41
42
43
44
45
46
47
Epoch: 13880 	 loss = -1157.1044
48
49
50
51
52
53
54
55
56
57
Epoch: 13890 	 loss = -1183.9426
58
59
60
61
62
63
64
65
66
67
Epoch: 13900 	 loss = -2494.2632
68
69
70
71
72
73
74
75
76
77
Epoch: 13910 	 loss = -4741.9150
78
79
80
81
82
83
84
85
86
87
Epoch: 13920 	 loss = -1453.7957
88
89
90
91
92
93
94
95
96
97
Epoch: 13930 	 loss = -1148.9313
98
99
100
101
1
2
3
4
5
6
Epoch: 13940 	 loss = -3502.4170
7
8
9
10
11
12
13
14
15
16
Epoch: 13950 	 loss = -2864.9065
17
18
19
20
21
22
23
24
25
26
Epoch: 13960 	 loss = -2212.6196
27
28
29
30
31
32
33
34
35
36
Epoch: 13970 	 loss = -2463.5735
37
38
39
40
41
42
43
44
45
46
Epoch: 13980 	 loss = -1886.4551
47
48
49
50
51
52
53
54
55
56
Epoch: 13990 	 loss = -4953.6240
57
58
59
60
61
62
63
64
65
66
Epoch: 14000 	 loss = -1100.3627
67
68
69
70
71
72
73
74
75
76
Epoch: 14010 	 loss = -1218.8662
77
78
79
80
81
82
83
84
85
86
Epoch: 14020 	 loss = -2593.8003
87
88
89
90
91
92
93
94
95
96
Epoch: 14030 	 loss = -2339.4380
97
98
99
100
101
1
2
3
4
5
Epoch: 14040 	 loss = -7374.2041
6
7
8
9
10
11
12
13
14
15
Epoch: 14050 	 loss = -3171.2310
16
17
18
19
20
21
22
23
24
25
Epoch: 14060 	 loss = -1228.3290
26
27
28
29
30
31
32
33
34
35
Epoch: 14070 	 loss = -1053.2377
36
37
38
39
40
41
42
43
44
45
Epoch: 14080 	 loss = -5261.7783
46
47
48
49
50
51
52
53
54
55
Epoch: 14090 	 loss = -4719.3745
56
57
58
59
60
61
62
63
64
65
Epoch: 14100 	 loss = -3674.6807
66
67
68
69
70
71
72
73
74
75
Epoch: 14110 	 loss = -1224.4427
76
77
78
79
80
81
82
83
84
85
Epoch: 14120 	 loss = -1276.1145
86
87
88
89
90
91
92
93
94
95
Epoch: 14130 	 loss = -1167.9330
96
97
98
99
100
101
1
2
3
4
5
Epoch: 14140 	 loss = -1486.4727
6
7
8
9
10
11
12
13
14
Epoch: 14150 	 loss = -4125.3726
15
16
17
18
19
20
21
22
23
24
Epoch: 14160 	 loss = -1622.5480
25
26
27
28
29
30
31
32
33
34
Epoch: 14170 	 loss = -3870.9282
35
36
37
38
39
40
41
42
43
44
45
Epoch: 14180 	 loss = -2617.7598
46
47
48
49
50
51
52
53
54
Epoch: 14190 	 loss = -5355.1748
55
56
57
58
59
60
61
62
63
64
65
Epoch: 14200 	 loss = -1128.6527
66
67
68
69
70
71
72
73
74
Epoch: 14210 	 loss = -1953.5161
75
76
77
78
79
80
81
82
83
84
Epoch: 14220 	 loss = -7791.7617
85
86
87
88
89
90
91
92
93
94
Epoch: 14230 	 loss = -1006.5271
95
96
97
98
99
100
101
1
2
3
Epoch: 14240 	 loss = -1168.6783
4
5
6
7
8
9
10
11
12
13
Epoch: 14250 	 loss = -1423.7915
14
15
16
17
18
19
20
21
22
23
Epoch: 14260 	 loss = -1541.4116
24
25
26
27
28
29
30
31
32
33
Epoch: 14270 	 loss = -3423.5063
34
35
36
37
38
39
40
41
42
43
Epoch: 14280 	 loss = -1546.3080
44
45
46
47
48
49
50
51
52
53
Epoch: 14290 	 loss = -6686.4375
54
55
56
57
58
59
60
61
62
63
Epoch: 14300 	 loss = -1718.8223
64
65
66
67
68
69
70
71
72
73
74
Epoch: 14310 	 loss = -3110.1907
75
76
77
78
79
80
81
82
83
Epoch: 14320 	 loss = -1333.4966
84
85
86
87
88
89
90
91
92
93
Epoch: 14330 	 loss = -1821.4539
94
95
96
97
98
99
100
101
1
2
Epoch: 14340 	 loss = -5283.6494
3
4
5
6
7
8
9
10
11
12
13
Epoch: 14350 	 loss = -2820.9512
14
15
16
17
18
19
20
21
22
23
Epoch: 14360 	 loss = -1364.7063
24
25
26
27
28
29
30
31
32
Epoch: 14370 	 loss = -1216.2097
33
34
35
36
37
38
39
40
41
42
43
Epoch: 14380 	 loss = -5475.2705
44
45
46
47
48
49
50
51
52
Epoch: 14390 	 loss = -2845.1182
53
54
55
56
57
58
59
60
61
62
Epoch: 14400 	 loss = -974.7434
63
64
65
66
67
68
69
70
71
72
Epoch: 14410 	 loss = -1686.3341
73
74
75
76
77
78
79
80
81
82
Epoch: 14420 	 loss = -1905.2108
83
84
85
86
87
88
89
90
91
92
Epoch: 14430 	 loss = -1404.1379
93
94
95
96
97
98
99
100
101
1
Epoch: 14440 	 loss = -1287.3735
2
3
4
5
6
7
8
9
10
11
Epoch: 14450 	 loss = -1374.7734
12
13
14
15
16
17
18
19
20
21
Epoch: 14460 	 loss = -2512.1694
22
23
24
25
26
27
28
29
30
31
Epoch: 14470 	 loss = -1289.9333
32
33
34
35
36
37
38
39
40
41
Epoch: 14480 	 loss = -1839.7190
42
43
44
45
46
47
48
49
50
51
Epoch: 14490 	 loss = -1604.9004
52
53
54
55
56
57
58
59
60
61
Epoch: 14500 	 loss = -5689.5820
62
63
64
65
66
67
68
69
70
71
Epoch: 14510 	 loss = -1275.7484
72
73
74
75
76
77
78
79
80
81
Epoch: 14520 	 loss = -3173.1162
82
83
84
85
86
87
88
89
90
91
Epoch: 14530 	 loss = -1853.2617
92
93
94
95
96
97
98
99
100
101
Epoch: 14540 	 loss = -1107.9601
1
2
3
4
5
6
7
8
9
10
Epoch: 14550 	 loss = -3293.9746
11
12
13
14
15
16
17
18
19
20
Epoch: 14560 	 loss = -1227.1252
21
22
23
24
25
26
27
28
29
30
Epoch: 14570 	 loss = -1459.0015
31
32
33
34
35
36
37
38
39
40
Epoch: 14580 	 loss = -1544.6715
41
42
43
44
45
46
47
48
49
50
Epoch: 14590 	 loss = -1703.2136
51
52
53
54
55
56
57
58
59
60
Epoch: 14600 	 loss = -1203.6592
61
62
63
64
65
66
67
68
69
70
Epoch: 14610 	 loss = -3041.7205
71
72
73
74
75
76
77
78
79
80
Epoch: 14620 	 loss = -2931.0498
81
82
83
84
85
86
87
88
89
90
Epoch: 14630 	 loss = -2216.1006
91
92
93
94
95
96
97
98
99
100
Epoch: 14640 	 loss = -2189.3809
101
1
2
3
4
5
6
7
8
9
Epoch: 14650 	 loss = -2163.5229
10
11
12
13
14
15
16
17
18
19
Epoch: 14660 	 loss = -1478.0664
20
21
22
23
24
25
26
27
28
29
30
Epoch: 14670 	 loss = -7779.8828
31
32
33
34
35
36
37
38
39
Epoch: 14680 	 loss = -1595.3574
40
41
42
43
44
45
46
47
48
49
Epoch: 14690 	 loss = -2008.7715
50
51
52
53
54
55
56
57
58
59
Epoch: 14700 	 loss = -1078.7899
60
61
62
63
64
65
66
67
68
69
Epoch: 14710 	 loss = -5520.3530
70
71
72
73
74
75
76
77
78
79
Epoch: 14720 	 loss = -5206.0762
80
81
82
83
84
85
86
87
88
89
Epoch: 14730 	 loss = -3299.7078
90
91
92
93
94
95
96
97
98
99
Epoch: 14740 	 loss = -4348.7773
100
101
1
2
3
4
5
6
7
8
9
Epoch: 14750 	 loss = -9456.4531
10
11
12
13
14
15
16
17
18
Epoch: 14760 	 loss = -7058.0684
19
20
21
22
23
24
25
26
27
28
Epoch: 14770 	 loss = -1534.0496
29
30
31
32
33
34
35
36
37
38
Epoch: 14780 	 loss = -3739.9648
39
40
41
42
43
44
45
46
47
48
Epoch: 14790 	 loss = -2360.7913
49
50
51
52
53
54
55
56
57
58
59
Epoch: 14800 	 loss = -1091.8042
60
61
62
63
64
65
66
67
68
Epoch: 14810 	 loss = -6039.7036
69
70
71
72
73
74
75
76
77
78
Epoch: 14820 	 loss = -6757.2798
79
80
81
82
83
84
85
86
87
88
89
Epoch: 14830 	 loss = -1140.6121
90
91
92
93
94
95
96
97
98
Epoch: 14840 	 loss = -2057.0347
99
100
101
1
2
3
4
5
6
7
8
Epoch: 14850 	 loss = -2059.9956
9
10
11
12
13
14
15
16
17
Epoch: 14860 	 loss = -1901.6643
18
19
20
21
22
23
24
25
26
27
Epoch: 14870 	 loss = -1691.8010
28
29
30
31
32
33
34
35
36
37
38
Epoch: 14880 	 loss = -2132.0166
39
40
41
42
43
44
45
46
47
Epoch: 14890 	 loss = -6015.5117
48
49
50
51
52
53
54
55
56
57
Epoch: 14900 	 loss = -1713.3856
58
59
60
61
62
63
64
65
66
67
Epoch: 14910 	 loss = -2331.8140
68
69
70
71
72
73
74
75
76
77
Epoch: 14920 	 loss = -2468.5681
78
79
80
81
82
83
84
85
86
87
88
Epoch: 14930 	 loss = -1142.9917
89
90
91
92
93
94
95
96
97
Epoch: 14940 	 loss = -2399.6025
98
99
100
101
1
2
3
4
5
6
7
Epoch: 14950 	 loss = -1645.0713
8
9
10
11
12
13
14
15
16
Epoch: 14960 	 loss = -3820.5881
17
18
19
20
21
22
23
24
25
26
Epoch: 14970 	 loss = -2460.1592
27
28
29
30
31
32
33
34
35
36
Epoch: 14980 	 loss = -2287.2520
37
38
39
40
41
42
43
44
45
46
Epoch: 14990 	 loss = -1837.8395
47
48
49
50
51
52
53
54
55
56
Epoch: 15000 	 loss = -1089.7137
57
58
59
60
61
62
63
64
65
66
67
Epoch: 15010 	 loss = -5997.8447
68
69
70
71
72
73
74
75
76
Epoch: 15020 	 loss = -2646.9980
77
78
79
80
81
82
83
84
85
86
Epoch: 15030 	 loss = -3801.0254
87
88
89
90
91
92
93
94
95
96
Epoch: 15040 	 loss = -3294.1436
97
98
99
100
101
1
2
3
4
5
Epoch: 15050 	 loss = -2160.2246
6
7
8
9
10
11
12
13
14
15
Epoch: 15060 	 loss = -2245.1572
16
17
18
