Epoch: 100 	 Loss: 0.4274
Epoch: 200 	 Loss: 0.4015
Epoch: 300 	 Loss: 0.8993
Epoch: 400 	 Loss: 2.9127
Epoch: 500 	 Loss: 3.7915
Epoch: 600 	 Loss: 9.8509
Epoch: 700 	 Loss: 9.9429
Epoch: 800 	 Loss: 11.7839
Epoch: 900 	 Loss: 7.9076
Epoch: 1000 	 Loss: 15.7433
Epoch: 1100 	 Loss: 38.2867
Epoch: 1200 	 Loss: 9.5300
Epoch: 1300 	 Loss: 10.1031
Epoch: 1400 	 Loss: 7.5937
Epoch: 1500 	 Loss: 8.6743
Epoch: 1600 	 Loss: 8.6883
Epoch: 1700 	 Loss: 25.7677
Epoch: 1800 	 Loss: 9.8988
Epoch: 1900 	 Loss: 14.2631
Epoch: 2000 	 Loss: 55.4752
Epoch: 2100 	 Loss: 9.4304
Epoch: 2200 	 Loss: 9.8575
Epoch: 2300 	 Loss: 9.5575
Epoch: 2400 	 Loss: 17.2753
Epoch: 2500 	 Loss: 94.6429
Epoch: 2600 	 Loss: 10.1070
Epoch: 2700 	 Loss: 17.1639
Epoch: 2800 	 Loss: 363.6904
Epoch: 2900 	 Loss: 21.8281
Epoch: 3000 	 Loss: 9.0235
Epoch: 3100 	 Loss: 8.7564
Epoch: 3200 	 Loss: 9.0579
Epoch: 3300 	 Loss: 8.9660
Epoch: 3400 	 Loss: 110.2966
Epoch: 3500 	 Loss: 8.4828
Epoch: 3600 	 Loss: 7.2562
Epoch: 3700 	 Loss: 8.6107
Epoch: 3800 	 Loss: 17.1795
Epoch: 3900 	 Loss: 9.9600
Epoch: 4000 	 Loss: 69.3318
Epoch: 4100 	 Loss: 485.4769
Epoch: 4200 	 Loss: 4.0905
Epoch: 4300 	 Loss: 15.2779
Epoch: 4400 	 Loss: 4.0928
Epoch: 4500 	 Loss: 3.2026
Epoch: 4600 	 Loss: 2.7645
Epoch: 4700 	 Loss: 2.0692
Epoch: 4800 	 Loss: 1.9356
Epoch: 4900 	 Loss: -1.8766
Epoch: 5000 	 Loss: 11.9585
Epoch: 5100 	 Loss: -1.9751
Epoch: 5200 	 Loss: 2.5020
Epoch: 5300 	 Loss: 5.3125
Epoch: 5400 	 Loss: 221.6013
Epoch: 5500 	 Loss: -2.4452
Epoch: 5600 	 Loss: -2.1396
Epoch: 5700 	 Loss: -2.4940
Epoch: 5800 	 Loss: -2.4141
Epoch: 5900 	 Loss: -1.9364
Epoch: 6000 	 Loss: -1.6580
Epoch: 6100 	 Loss: -1.4956
Epoch: 6200 	 Loss: -2.0674
Epoch: 6300 	 Loss: -1.8591
Epoch: 6400 	 Loss: -2.0202
Epoch: 6500 	 Loss: -1.9753
Epoch: 6600 	 Loss: -0.0154
Epoch: 6700 	 Loss: -0.7208
Epoch: 6800 	 Loss: -1.7721
Epoch: 6900 	 Loss: -0.9901
Epoch: 7000 	 Loss: 67.5101
Epoch: 7100 	 Loss: 454.3180
Epoch: 7200 	 Loss: 69.6708
Epoch: 7300 	 Loss: 1.6292
Epoch: 7400 	 Loss: 1.7538
Epoch: 7500 	 Loss: 88.6855
Epoch: 7600 	 Loss: 1.5130
Epoch: 7700 	 Loss: 1.5407
Epoch: 7800 	 Loss: 2.0385
Epoch: 7900 	 Loss: 2.7796
Epoch: 8000 	 Loss: 4.3097
Epoch: 8100 	 Loss: 35.3084
Epoch: 8200 	 Loss: 1.8196
Epoch: 8300 	 Loss: 2.0060
Epoch: 8400 	 Loss: 3.2469
Epoch: 8500 	 Loss: 3.3131
Epoch: 8600 	 Loss: 4.6599
Epoch: 8700 	 Loss: 6.4614
Epoch: 8800 	 Loss: 3.8558
Epoch: 8900 	 Loss: 3.9055
Epoch: 9000 	 Loss: 3.7578
Epoch: 9100 	 Loss: 5.6224
Epoch: 9200 	 Loss: 41.6615
Epoch: 9300 	 Loss: 5.7225
Epoch: 9400 	 Loss: 5.2746
Epoch: 9500 	 Loss: 6.4906
Epoch: 9600 	 Loss: 7.4147
Epoch: 9700 	 Loss: 6.7116
Epoch: 9800 	 Loss: 7.5766
Epoch: 9900 	 Loss: 6.6901
Epoch: 10000 	 Loss: 14.8451
Epoch: 10100 	 Loss: 10.2138
Epoch: 10200 	 Loss: 21.0038
Epoch: 10300 	 Loss: 13.7984
Epoch: 10400 	 Loss: 15.7574
Epoch: 10500 	 Loss: 39.6445
Epoch: 10600 	 Loss: 16.5122
Epoch: 10700 	 Loss: 16.0292
Epoch: 10800 	 Loss: 16.9722
Epoch: 10900 	 Loss: 38.9825
Epoch: 11000 	 Loss: 59.9794
Epoch: 11100 	 Loss: 22.5106
Epoch: 11200 	 Loss: 62.9520
Epoch: 11300 	 Loss: 22.6749
Epoch: 11400 	 Loss: 601.8010
Epoch: 11500 	 Loss: 24.2118
Epoch: 11600 	 Loss: 25.3692
Epoch: 11700 	 Loss: 19.8087
Epoch: 11800 	 Loss: 33.5113
Epoch: 11900 	 Loss: 65.0653
Epoch: 12000 	 Loss: 266.8277
Epoch: 12100 	 Loss: 58.5590
Epoch: 12200 	 Loss: 29.0523
Epoch: 12300 	 Loss: 27.0682
Epoch: 12400 	 Loss: 22.2931
Epoch: 12500 	 Loss: 1355.4258
Epoch: 12600 	 Loss: 5072.3081
Epoch: 12700 	 Loss: 25.5271
Epoch: 12800 	 Loss: 37.6313
Epoch: 12900 	 Loss: 2125.6536
Epoch: 13000 	 Loss: 41.4118
Epoch: 13100 	 Loss: 53.4903
Epoch: 13200 	 Loss: 24.1093
Epoch: 13300 	 Loss: 21.1763
Epoch: 13400 	 Loss: 20.6688
Epoch: 13500 	 Loss: 17.7194
Epoch: 13600 	 Loss: 18.9371
Epoch: 13700 	 Loss: 19.8038
Epoch: 13800 	 Loss: 28.0434
Epoch: 13900 	 Loss: 38.5888
Epoch: 14000 	 Loss: 22.1054
Epoch: 14100 	 Loss: 19.7306
Epoch: 14200 	 Loss: 20.6618
Epoch: 14300 	 Loss: 19.7022
Epoch: 14400 	 Loss: 26.1595
Epoch: 14500 	 Loss: 29.3422
Epoch: 14600 	 Loss: 22.1101
Epoch: 14700 	 Loss: 20.6138
Epoch: 14800 	 Loss: 23.1908
Epoch: 14900 	 Loss: 21.3841
Epoch: 15000 	 Loss: 49.5805
Epoch: 15100 	 Loss: 25.2476
Epoch: 15200 	 Loss: 43.4075
Epoch: 15300 	 Loss: 25.9367
Epoch: 15400 	 Loss: 49.2126
Epoch: 15500 	 Loss: 33.7758
Epoch: 15600 	 Loss: 25.2271
Epoch: 15700 	 Loss: 25.3751
Epoch: 15800 	 Loss: 37.8609
Epoch: 15900 	 Loss: 30.4310
Epoch: 16000 	 Loss: 27.4128
Epoch: 16100 	 Loss: 33.6384
Epoch: 16200 	 Loss: 48.1707
Epoch: 16300 	 Loss: 34.1926
Epoch: 16400 	 Loss: 31.9964
Epoch: 16500 	 Loss: 41.6017
Epoch: 100 	 Loss: 17.3633
Epoch: 200 	 Loss: 22.1762
Epoch: 300 	 Loss: 22.1126
Epoch: 400 	 Loss: 21.9619
Epoch: 500 	 Loss: 23.5707
Epoch: 600 	 Loss: 34.4788
Epoch: 700 	 Loss: 21.5515
Epoch: 800 	 Loss: 26.2989
Epoch: 900 	 Loss: 22.7683
Epoch: 1000 	 Loss: 22.1443
Epoch: 1100 	 Loss: 23.8446
Epoch: 1200 	 Loss: 24.2032
Epoch: 1300 	 Loss: 25.2420
Epoch: 1400 	 Loss: 24.2455
Epoch: 1500 	 Loss: 24.2540
Epoch: 1600 	 Loss: 24.3472
Epoch: 1700 	 Loss: 25.0515
Epoch: 1800 	 Loss: 31.3695
Epoch: 1900 	 Loss: 25.2954
Epoch: 2000 	 Loss: 25.4548
Epoch: 2100 	 Loss: 26.0783
Epoch: 2200 	 Loss: 24.5699
Epoch: 2300 	 Loss: 24.8896
Epoch: 2400 	 Loss: 35.4809
Epoch: 2500 	 Loss: 23.5357
Epoch: 2600 	 Loss: 23.8517
Epoch: 2700 	 Loss: 24.6656
Epoch: 2800 	 Loss: 24.5733
Epoch: 2900 	 Loss: 24.2622
Epoch: 3000 	 Loss: 30.9967
Epoch: 3100 	 Loss: 25.1346
Epoch: 3200 	 Loss: 24.0301
Epoch: 3300 	 Loss: 25.7486
Epoch: 3400 	 Loss: 24.4055
Epoch: 3500 	 Loss: 25.4087
Epoch: 3600 	 Loss: 23.5687
Epoch: 3700 	 Loss: 23.4950
Epoch: 3800 	 Loss: 21.5867
Epoch: 3900 	 Loss: 22.3183
Epoch: 4000 	 Loss: 23.0377
Epoch: 4100 	 Loss: 23.3825
Epoch: 4200 	 Loss: 27.2630
Epoch: 4300 	 Loss: 23.9016
Epoch: 4400 	 Loss: 23.9801
Epoch: 4500 	 Loss: 23.8865
Epoch: 4600 	 Loss: 23.9733
Epoch: 4700 	 Loss: 24.1602
Epoch: 4800 	 Loss: 24.6646
Epoch: 4900 	 Loss: 24.8193
Epoch: 5000 	 Loss: 24.5565
Epoch: 5100 	 Loss: 24.2925
Epoch: 5200 	 Loss: 24.2625
Epoch: 5300 	 Loss: 24.0069
Epoch: 5400 	 Loss: 25.0352
Epoch: 5500 	 Loss: 24.7133
Epoch: 5600 	 Loss: 24.5824
Epoch: 5700 	 Loss: 24.8854
Epoch: 5800 	 Loss: 24.9873
Epoch: 5900 	 Loss: 25.2135
Epoch: 6000 	 Loss: 24.6848
Epoch: 6100 	 Loss: 24.9229
Epoch: 6200 	 Loss: 25.2216
Epoch: 6300 	 Loss: 24.6467
Epoch: 6400 	 Loss: 26.4734
Epoch: 6500 	 Loss: 25.2258
Epoch: 6600 	 Loss: 24.5049
Epoch: 6700 	 Loss: 25.0709
Epoch: 6800 	 Loss: 25.5253
Epoch: 6900 	 Loss: 24.2077
Epoch: 7000 	 Loss: 25.3756
Epoch: 7100 	 Loss: 24.4265
Epoch: 7200 	 Loss: 25.2070
Epoch: 7300 	 Loss: 24.4307
Epoch: 7400 	 Loss: 24.5228
Epoch: 7500 	 Loss: 25.7236
Epoch: 7600 	 Loss: 24.6124
Epoch: 7700 	 Loss: 27.9503
Epoch: 7800 	 Loss: 24.7646
Epoch: 7900 	 Loss: 25.1896
Epoch: 8000 	 Loss: 25.6375
Epoch: 8100 	 Loss: 24.8997
Epoch: 8200 	 Loss: 24.4319
Epoch: 8300 	 Loss: 24.6373
Epoch: 8400 	 Loss: 25.2009
Epoch: 8500 	 Loss: 24.7689
Epoch: 8600 	 Loss: 24.8344
Epoch: 8700 	 Loss: 24.6276
Epoch: 8800 	 Loss: 24.9077
Epoch: 8900 	 Loss: 24.8625
Epoch: 9000 	 Loss: 25.6857
Epoch: 9100 	 Loss: 24.9896
Epoch: 9200 	 Loss: 26.2392
Epoch: 9300 	 Loss: 25.7379
Epoch: 9400 	 Loss: 25.5671
Epoch: 9500 	 Loss: 25.0434
Epoch: 9600 	 Loss: 25.8962
Epoch: 9700 	 Loss: 25.1122
Epoch: 9800 	 Loss: 25.9792
Epoch: 9900 	 Loss: 24.9961
Epoch: 10000 	 Loss: 24.8639
Epoch: 10100 	 Loss: 24.4455
Epoch: 10200 	 Loss: 25.9037
Epoch: 10300 	 Loss: 26.7667
Epoch: 10400 	 Loss: 25.3591
Epoch: 10500 	 Loss: 24.6129
Epoch: 10600 	 Loss: 27.4511
Epoch: 10700 	 Loss: 27.7490
Epoch: 10800 	 Loss: 28.9537
Epoch: 10900 	 Loss: 24.7747
Epoch: 11000 	 Loss: 25.6845
Epoch: 11100 	 Loss: 24.3846
Epoch: 11200 	 Loss: 33.6317
Epoch: 11300 	 Loss: 25.1196
Epoch: 11400 	 Loss: 26.0652
Epoch: 11500 	 Loss: 24.7712
Epoch: 11600 	 Loss: 25.0940
Epoch: 11700 	 Loss: 25.3957
Epoch: 11800 	 Loss: 26.3515
Epoch: 11900 	 Loss: 25.9606
Epoch: 12000 	 Loss: 26.3135
Epoch: 12100 	 Loss: 25.6084
Epoch: 12200 	 Loss: 26.2269
Epoch: 12300 	 Loss: 26.7516
Epoch: 12400 	 Loss: 26.7718
Epoch: 12500 	 Loss: 26.5303
Epoch: 12600 	 Loss: 27.0012
Epoch: 12700 	 Loss: 25.8688
Epoch: 12800 	 Loss: 26.3165
Epoch: 12900 	 Loss: 26.7308
Epoch: 13000 	 Loss: 25.4909
Epoch: 13100 	 Loss: 29.3390
Epoch: 13200 	 Loss: 25.9471
Epoch: 13300 	 Loss: 25.9835
Epoch: 13400 	 Loss: 28.2121
Epoch: 13500 	 Loss: 26.6806
Epoch: 13600 	 Loss: 26.0507
Epoch: 13700 	 Loss: 28.5807
Epoch: 13800 	 Loss: 25.7996
Epoch: 13900 	 Loss: 26.2494
Epoch: 14000 	 Loss: 26.6737
Epoch: 14100 	 Loss: 25.8130
Epoch: 14200 	 Loss: 26.6616
Epoch: 14300 	 Loss: 26.7886
Epoch: 14400 	 Loss: 26.8107
Epoch: 14500 	 Loss: 28.4137
Epoch: 14600 	 Loss: 26.9209
Epoch: 14700 	 Loss: 26.2867
Epoch: 14800 	 Loss: 26.5513
Epoch: 14900 	 Loss: 26.9762
Epoch: 15000 	 Loss: 26.6166
Epoch: 15100 	 Loss: 26.9395
Epoch: 15200 	 Loss: 30.0323
Epoch: 15300 	 Loss: 26.5555
Epoch: 15400 	 Loss: 26.4632
Epoch: 15500 	 Loss: 28.1509
Epoch: 15600 	 Loss: 25.5994
Epoch: 15700 	 Loss: 26.2669
Epoch: 15800 	 Loss: 25.6953
Epoch: 15900 	 Loss: 26.1881
Epoch: 16000 	 Loss: 25.1636
Epoch: 16100 	 Loss: 29.9053
Epoch: 16200 	 Loss: 25.9654
Epoch: 16300 	 Loss: 27.4137
Epoch: 16400 	 Loss: 26.3478
Epoch: 16500 	 Loss: 26.6340
Epoch: 16600 	 Loss: 26.6086
Epoch: 16700 	 Loss: 25.4189
Epoch: 16800 	 Loss: 25.4562
Epoch: 16900 	 Loss: 26.0778
Epoch: 17000 	 Loss: 25.0697
Epoch: 17100 	 Loss: 25.1292
Epoch: 17200 	 Loss: 25.8355
Epoch: 17300 	 Loss: 25.4001
Epoch: 17400 	 Loss: 24.9562
Epoch: 17500 	 Loss: 25.4711
Epoch: 17600 	 Loss: 27.1846
Epoch: 17700 	 Loss: 25.5452
Epoch: 17800 	 Loss: 26.1075
Epoch: 17900 	 Loss: 25.4892
Epoch: 18000 	 Loss: 25.1141
Epoch: 18100 	 Loss: 24.4818
Epoch: 18200 	 Loss: 26.0316
Epoch: 18300 	 Loss: 25.7908
Epoch: 18400 	 Loss: 25.9850
Epoch: 18500 	 Loss: 27.3101
Epoch: 18600 	 Loss: 27.8008
Epoch: 18700 	 Loss: 28.2500
Epoch: 18800 	 Loss: 27.1420
Epoch: 18900 	 Loss: 26.2984
Epoch: 19000 	 Loss: 26.4136
Epoch: 19100 	 Loss: 26.9483
Epoch: 19200 	 Loss: 26.6063
Epoch: 19300 	 Loss: 26.5833
Epoch: 19400 	 Loss: 26.7930
Epoch: 19500 	 Loss: 27.7705
Epoch: 19600 	 Loss: 27.8037
Epoch: 19700 	 Loss: 29.5742
Epoch: 19800 	 Loss: 27.6837
Epoch: 19900 	 Loss: 28.2739
Epoch: 20000 	 Loss: 28.7757
Epoch: 20100 	 Loss: 30.3243
Epoch: 20200 	 Loss: 29.1545
Epoch: 20300 	 Loss: 29.1112
Epoch: 20400 	 Loss: 28.8780
Epoch: 20500 	 Loss: 28.5026
Epoch: 20600 	 Loss: 29.1725
Epoch: 20700 	 Loss: 33.1312
Epoch: 20800 	 Loss: 32.4553
Epoch: 20900 	 Loss: 27.9877
Epoch: 21000 	 Loss: 27.8411
Epoch: 21100 	 Loss: 28.3600
Epoch: 21200 	 Loss: 30.4199
Epoch: 21300 	 Loss: 27.9827
Epoch: 21400 	 Loss: 29.0842
Epoch: 21500 	 Loss: 29.3274
Epoch: 21600 	 Loss: 30.8879
Epoch: 21700 	 Loss: 27.7484
Epoch: 21800 	 Loss: 28.7790
Epoch: 21900 	 Loss: 29.3652
Epoch: 22000 	 Loss: 30.4091
Epoch: 22100 	 Loss: 28.1453
Epoch: 22200 	 Loss: 29.5176
Epoch: 22300 	 Loss: 28.6211
Epoch: 22400 	 Loss: 28.5402
Epoch: 22500 	 Loss: 29.4033
Epoch: 22600 	 Loss: 28.0930
Epoch: 22700 	 Loss: 29.5955
Epoch: 22800 	 Loss: 29.0588
Epoch: 22900 	 Loss: 28.8395
Epoch: 23000 	 Loss: 31.2123
Epoch: 23100 	 Loss: 27.5557
Epoch: 23200 	 Loss: 28.3120
Epoch: 23300 	 Loss: 29.1838
Epoch: 23400 	 Loss: 31.9146
Epoch: 23500 	 Loss: 27.2481
Epoch: 23600 	 Loss: 27.3155
Epoch: 23700 	 Loss: 26.8681
Epoch: 23800 	 Loss: 26.1320
Epoch: 23900 	 Loss: 25.9375
Epoch: 24000 	 Loss: 26.3546
Epoch: 24100 	 Loss: 26.3433
Epoch: 24200 	 Loss: 25.7793
Epoch: 24300 	 Loss: 26.6576
Epoch: 24400 	 Loss: 26.3141
Epoch: 24500 	 Loss: 26.1078
Epoch: 24600 	 Loss: 26.5910
Epoch: 24700 	 Loss: 26.0494
Epoch: 24800 	 Loss: 27.5638
Epoch: 24900 	 Loss: 26.2144
Epoch: 25000 	 Loss: 27.5314
Epoch: 25100 	 Loss: 27.5655
Epoch: 25200 	 Loss: 27.1343
Epoch: 25300 	 Loss: 27.4199
Epoch: 25400 	 Loss: 27.0286
Epoch: 25500 	 Loss: 26.5187
Epoch: 25600 	 Loss: 28.9777
Epoch: 25700 	 Loss: 25.7865
Epoch: 25800 	 Loss: 27.7290
Epoch: 25900 	 Loss: 31.7537
Epoch: 26000 	 Loss: 27.8210
Epoch: 26100 	 Loss: 26.8857
Epoch: 26200 	 Loss: 26.4652
Epoch: 26300 	 Loss: 26.8890
Epoch: 26400 	 Loss: 27.8990
Epoch: 26500 	 Loss: 27.4647
Epoch: 26600 	 Loss: 26.6744
Epoch: 26700 	 Loss: 26.2354
Epoch: 26800 	 Loss: 27.3107
Epoch: 26900 	 Loss: 28.5836
Epoch: 27000 	 Loss: 27.7744
Epoch: 27100 	 Loss: 27.5379
Epoch: 27200 	 Loss: 41.7806
Epoch: 27300 	 Loss: 28.7160
Epoch: 27400 	 Loss: 26.9176
Epoch: 27500 	 Loss: 27.3853
Epoch: 27600 	 Loss: 26.9413
Epoch: 27700 	 Loss: 27.9525
Epoch: 27800 	 Loss: 27.3903
Epoch: 27900 	 Loss: 28.6126
Epoch: 28000 	 Loss: 34.0951
Epoch: 28100 	 Loss: 28.6336
Epoch: 28200 	 Loss: 32.0427
Epoch: 28300 	 Loss: 27.2298
Epoch: 28400 	 Loss: 27.2056
Epoch: 28500 	 Loss: 27.7577
Epoch: 28600 	 Loss: 27.4136
Epoch: 28700 	 Loss: 27.9263
Epoch: 28800 	 Loss: 28.6154
Epoch: 28900 	 Loss: 29.2844
Epoch: 29000 	 Loss: 27.7616
Epoch: 29100 	 Loss: 28.7850
Epoch: 29200 	 Loss: 28.6713
Epoch: 29300 	 Loss: 29.2114
Epoch: 29400 	 Loss: 28.7819
Epoch: 29500 	 Loss: 28.2964
Epoch: 29600 	 Loss: 30.0934
Epoch: 29700 	 Loss: 32.9219
Epoch: 29800 	 Loss: 28.1296
Epoch: 29900 	 Loss: 29.4154
Epoch: 30000 	 Loss: 27.8650
Epoch: 30100 	 Loss: 28.6198
Epoch: 30200 	 Loss: 28.2551
Epoch: 30300 	 Loss: 28.7730
Epoch: 30400 	 Loss: 28.1913
Epoch: 30500 	 Loss: 27.8940
Epoch: 30600 	 Loss: 28.8496
Epoch: 30700 	 Loss: 29.0170
Epoch: 30800 	 Loss: 29.7880
Epoch: 30900 	 Loss: 29.2410
Epoch: 31000 	 Loss: 33.1617
Epoch: 31100 	 Loss: 27.7736
Epoch: 31200 	 Loss: 30.2007
Epoch: 31300 	 Loss: 28.1118
Epoch: 31400 	 Loss: 29.3629
Epoch: 31500 	 Loss: 29.7612
Epoch: 31600 	 Loss: 29.2034
Epoch: 31700 	 Loss: 28.5611
Epoch: 31800 	 Loss: 29.1853
Epoch: 31900 	 Loss: 28.6456
Epoch: 32000 	 Loss: 29.1913
Epoch: 32100 	 Loss: 31.1358
Epoch: 32200 	 Loss: 28.9746
Epoch: 32300 	 Loss: 28.7032
Epoch: 32400 	 Loss: 29.1482
Epoch: 32500 	 Loss: 29.9789
Epoch: 32600 	 Loss: 29.5859
Epoch: 32700 	 Loss: 29.8469
Epoch: 32800 	 Loss: 30.1838
Epoch: 32900 	 Loss: 36.4740
Epoch: 33000 	 Loss: 30.8261
Epoch: 33100 	 Loss: 29.3285
Epoch: 33200 	 Loss: 28.9397
Epoch: 33300 	 Loss: 29.4591
Epoch: 33400 	 Loss: 30.4425
Epoch: 33500 	 Loss: 30.2876
