using M.Exp for Logarithm
Epoch: 10 	 loss = 191.0175
Epoch: 20 	 loss = 313.3414
Epoch: 30 	 loss = 330.1884
Epoch: 40 	 loss = -1686.3723
Epoch: 50 	 loss = 193.0336
Epoch: 60 	 loss = -145.5574
Epoch: 70 	 loss = -2014.4319
Epoch: 80 	 loss = -225.7124
Epoch: 90 	 loss = -2409.4668
Epoch: 100 	 loss = 179.1824
Epoch: 110 	 loss = 112.4804
Epoch: 120 	 loss = -89.8538
Epoch: 130 	 loss = -620.1086
Epoch: 140 	 loss = -1015.4727
Epoch: 150 	 loss = -1187.7435
Epoch: 160 	 loss = -497.1951
Epoch: 170 	 loss = -580.6743
Epoch: 180 	 loss = -1178.6508
Epoch: 190 	 loss = -661.1300
Epoch: 200 	 loss = -215.5936
Epoch: 210 	 loss = -123.7462
Epoch: 220 	 loss = -84.6883
Epoch: 230 	 loss = -166.7741
Epoch: 240 	 loss = -1505.9856
Epoch: 250 	 loss = -2800.2603
Epoch: 260 	 loss = 54.0202
Epoch: 270 	 loss = -53.7512
Epoch: 280 	 loss = -288.3007
Epoch: 290 	 loss = -24.5613
Epoch: 300 	 loss = -1169.4370
Epoch: 310 	 loss = -59.0408
Epoch: 320 	 loss = -1943.5012
Epoch: 330 	 loss = -62.4554
Epoch: 340 	 loss = -1413.0999
Epoch: 350 	 loss = -1631.4385
Epoch: 360 	 loss = -295.0972
Epoch: 370 	 loss = -1980.6912
Epoch: 380 	 loss = -1391.3706
Epoch: 390 	 loss = -2201.5505
Epoch: 400 	 loss = -585.5890
Epoch: 410 	 loss = -45.3602
Epoch: 420 	 loss = -70.8808
Epoch: 430 	 loss = -579.5000
Epoch: 440 	 loss = -1319.1371
Epoch: 450 	 loss = -2220.3162
Epoch: 460 	 loss = -121.1194
Epoch: 470 	 loss = -1712.7976
Epoch: 480 	 loss = -71.7999
Epoch: 490 	 loss = 85.0205
Epoch: 500 	 loss = -33.5721
Epoch: 510 	 loss = -571.4211
Epoch: 520 	 loss = -536.5370
Epoch: 530 	 loss = -529.0573
Epoch: 540 	 loss = -168.7582
Epoch: 550 	 loss = -426.5779
Epoch: 560 	 loss = -966.6014
Epoch: 570 	 loss = -205.8388
Epoch: 580 	 loss = -491.0116
Epoch: 590 	 loss = -435.0305
Epoch: 600 	 loss = -20.3122
Epoch: 610 	 loss = -64.1670
Epoch: 620 	 loss = -950.3247
Epoch: 630 	 loss = 25.6997
Epoch: 640 	 loss = -281.8575
Epoch: 650 	 loss = -403.2490
Epoch: 660 	 loss = -132.0799
Epoch: 670 	 loss = -8.6131
Epoch: 680 	 loss = -1391.7375
Epoch: 690 	 loss = -11.9484
Epoch: 700 	 loss = 18.0682
Epoch: 710 	 loss = -0.4043
Epoch: 720 	 loss = -763.1118
Epoch: 730 	 loss = -499.0384
Epoch: 740 	 loss = 115.2276
Epoch: 750 	 loss = -357.2502
Epoch: 760 	 loss = -592.3320
Epoch: 770 	 loss = -1651.4608
Epoch: 780 	 loss = 4.5163
Epoch: 790 	 loss = -386.8962
Epoch: 800 	 loss = -137.5276
Epoch: 810 	 loss = -2222.9241
Epoch: 820 	 loss = -228.4567
Epoch: 830 	 loss = -1547.8713
Epoch: 840 	 loss = -727.3247
Epoch: 850 	 loss = -363.0355
Epoch: 860 	 loss = -389.1636
Epoch: 870 	 loss = -1965.6995
Epoch: 880 	 loss = -1043.8663
Epoch: 890 	 loss = -268.2325
Epoch: 900 	 loss = -163.1579
Epoch: 910 	 loss = -30.9698
Epoch: 920 	 loss = -800.9268
Epoch: 930 	 loss = -1359.5323
Epoch: 940 	 loss = -47.0345
Epoch: 950 	 loss = -1688.4474
Epoch: 960 	 loss = 40.7890
Epoch: 970 	 loss = -122.0229
Epoch: 980 	 loss = -481.8654
Epoch: 990 	 loss = -110.3942
Epoch: 1000 	 loss = -960.1326
Epoch: 1010 	 loss = -34.9623
Epoch: 1020 	 loss = -441.6470
Epoch: 1030 	 loss = -178.5373
Epoch: 1040 	 loss = -220.3775
Epoch: 1050 	 loss = -2316.5691
Epoch: 1060 	 loss = -1660.5364
Epoch: 1070 	 loss = -61.3154
Epoch: 1080 	 loss = -603.9014
Epoch: 1090 	 loss = 19.8607
Epoch: 1100 	 loss = -716.4019
Epoch: 1110 	 loss = -1133.6079
Epoch: 1120 	 loss = -887.1385
Epoch: 1130 	 loss = -2409.7798
Epoch: 1140 	 loss = 53.5957
Epoch: 1150 	 loss = -342.5536
Epoch: 1160 	 loss = -818.5538
Epoch: 1170 	 loss = -206.3242
Epoch: 1180 	 loss = -2115.8174
Epoch: 1190 	 loss = -254.2962
Epoch: 1200 	 loss = -124.0280
Epoch: 1210 	 loss = -82.5129
Epoch: 1220 	 loss = -142.1790
Epoch: 1230 	 loss = -393.4479
Epoch: 1240 	 loss = -25.0987
Epoch: 1250 	 loss = -455.4918
Epoch: 1260 	 loss = -562.5624
Epoch: 1270 	 loss = -2275.7622
Epoch: 1280 	 loss = -223.1022
Epoch: 1290 	 loss = -77.1913
Epoch: 1300 	 loss = 139.7279
Epoch: 1310 	 loss = -28.4830
Epoch: 1320 	 loss = -157.8016
Epoch: 1330 	 loss = -103.4625
Epoch: 1340 	 loss = -962.3199
Epoch: 1350 	 loss = -369.7005
Epoch: 1360 	 loss = -444.2807
Epoch: 1370 	 loss = -458.1754
Epoch: 1380 	 loss = -1933.3280
Epoch: 1390 	 loss = -953.1193
Epoch: 1400 	 loss = 43.0583
Epoch: 1410 	 loss = -199.7154
Epoch: 1420 	 loss = -1440.0996
Epoch: 1430 	 loss = -452.0085
Epoch: 1440 	 loss = -209.0475
Epoch: 1450 	 loss = -204.5785
Epoch: 1460 	 loss = -1506.6891
Epoch: 1470 	 loss = -368.4818
Epoch: 1480 	 loss = -120.0340
Epoch: 1490 	 loss = -290.1492
Epoch: 1500 	 loss = -94.5641
Epoch: 1510 	 loss = -363.0368
Epoch: 1520 	 loss = -362.3813
Epoch: 1530 	 loss = -171.5662
Epoch: 1540 	 loss = -2059.4998
Epoch: 1550 	 loss = -188.8995
Epoch: 1560 	 loss = -434.8230
Epoch: 1570 	 loss = -134.6085
Epoch: 1580 	 loss = -514.4951
Epoch: 1590 	 loss = 79.0926
Epoch: 1600 	 loss = -463.6039
Epoch: 1610 	 loss = -127.1542
Epoch: 1620 	 loss = -221.7790
Epoch: 1630 	 loss = -429.7467
Epoch: 1640 	 loss = -717.7315
Epoch: 1650 	 loss = -46.7784
Epoch: 1660 	 loss = -73.9776
Epoch: 1670 	 loss = -772.3846
Epoch: 1680 	 loss = -196.4425
Epoch: 1690 	 loss = -725.8486
Epoch: 1700 	 loss = -181.8947
Epoch: 1710 	 loss = -179.2482
Epoch: 1720 	 loss = -460.2885
Epoch: 1730 	 loss = -1971.4626
Epoch: 1740 	 loss = -35.5097
Epoch: 1750 	 loss = -155.0393
Epoch: 1760 	 loss = -39.9674
Epoch: 1770 	 loss = -563.4243
Epoch: 1780 	 loss = 22.4975
Epoch: 1790 	 loss = -32.1856
Epoch: 1800 	 loss = -1619.6753
Epoch: 1810 	 loss = -223.9174
Epoch: 1820 	 loss = -1053.1526
Epoch: 1830 	 loss = -615.8625
Epoch: 1840 	 loss = 52.4318
Epoch: 1850 	 loss = -351.7879
Epoch: 1860 	 loss = -11.4680
Epoch: 1870 	 loss = -424.2298
Epoch: 1880 	 loss = -77.5837
Epoch: 1890 	 loss = -2227.6719
Epoch: 1900 	 loss = -534.9813
Epoch: 1910 	 loss = -358.5184
Epoch: 1920 	 loss = -135.6035
Epoch: 1930 	 loss = -535.7418
Epoch: 1940 	 loss = -252.7980
Epoch: 1950 	 loss = -60.0695
Epoch: 1960 	 loss = -135.9983
Epoch: 1970 	 loss = -2582.0129
Epoch: 1980 	 loss = -91.1995
Epoch: 1990 	 loss = -1741.2998
Epoch: 2000 	 loss = -38.5260
Epoch: 2010 	 loss = -1791.1371
Epoch: 2020 	 loss = -215.9330
Epoch: 2030 	 loss = -133.5770
Epoch: 2040 	 loss = -286.2717
Epoch: 2050 	 loss = -1429.9270
Epoch: 2060 	 loss = -526.6330
Epoch: 2070 	 loss = -1874.4397
Epoch: 2080 	 loss = -178.2043
Epoch: 2090 	 loss = -88.4178
Epoch: 2100 	 loss = -254.4513
Epoch: 2110 	 loss = -156.2332
Epoch: 2120 	 loss = -330.2350
Epoch: 2130 	 loss = -1209.9976
Epoch: 2140 	 loss = -228.6801
Epoch: 2150 	 loss = -337.5946
Epoch: 2160 	 loss = -554.1983
Epoch: 2170 	 loss = -17.4967
Epoch: 2180 	 loss = -38.1544
Epoch: 2190 	 loss = -213.9330
Epoch: 2200 	 loss = -26.0838
Epoch: 2210 	 loss = -1050.6191
Epoch: 2220 	 loss = -2378.4077
Epoch: 2230 	 loss = -165.2297
Epoch: 2240 	 loss = 5.9512
Epoch: 2250 	 loss = -453.0817
Epoch: 2260 	 loss = -1275.0016
Epoch: 2270 	 loss = -25.7644
Epoch: 2280 	 loss = -116.6256
Epoch: 2290 	 loss = -259.1277
Epoch: 2300 	 loss = -2033.6860
Epoch: 2310 	 loss = -132.9741
Epoch: 2320 	 loss = 0.0198
Epoch: 2330 	 loss = -68.7707
Epoch: 2340 	 loss = -120.2334
Epoch: 2350 	 loss = -167.3098
Epoch: 2360 	 loss = -865.4017
Epoch: 2370 	 loss = -149.0444
Epoch: 2380 	 loss = -741.5703
Epoch: 2390 	 loss = -2053.5315
Epoch: 2400 	 loss = -122.7662
Epoch: 2410 	 loss = -2210.2134
Epoch: 2420 	 loss = -1518.0282
Epoch: 2430 	 loss = -16.6645
Epoch: 2440 	 loss = -32.5181
Epoch: 2450 	 loss = -133.6444
Epoch: 2460 	 loss = -146.1492
Epoch: 2470 	 loss = -127.6273
Epoch: 2480 	 loss = -319.2877
Epoch: 2490 	 loss = -101.0639
Epoch: 2500 	 loss = -718.3981
Epoch: 2510 	 loss = -1990.3391
Epoch: 2520 	 loss = -273.2583
Epoch: 2530 	 loss = -158.2758
Epoch: 2540 	 loss = -494.8055
Epoch: 2550 	 loss = 0.2556
Epoch: 2560 	 loss = -1813.3584
Epoch: 2570 	 loss = -68.4566
Epoch: 2580 	 loss = -1052.6660
Epoch: 2590 	 loss = -590.9414
Epoch: 2600 	 loss = -288.6410
Epoch: 2610 	 loss = -2323.5813
Epoch: 2620 	 loss = -141.2454
Epoch: 2630 	 loss = -640.2711
Epoch: 2640 	 loss = -227.1587
Epoch: 2650 	 loss = -109.8568
Epoch: 2660 	 loss = -79.2266
Epoch: 2670 	 loss = -785.5049
Epoch: 2680 	 loss = -329.8452
Epoch: 2690 	 loss = -1805.3416
Epoch: 2700 	 loss = -1997.2141
Epoch: 2710 	 loss = -667.9684
Epoch: 2720 	 loss = -62.3061
Epoch: 2730 	 loss = -475.7368
Epoch: 2740 	 loss = -147.2062
Epoch: 2750 	 loss = -435.0128
Epoch: 2760 	 loss = -394.3881
Epoch: 2770 	 loss = -278.2638
Epoch: 2780 	 loss = -86.7358
Epoch: 2790 	 loss = -216.9985
Epoch: 2800 	 loss = -650.4255
Epoch: 2810 	 loss = -86.1195
Epoch: 2820 	 loss = -470.5018
Epoch: 2830 	 loss = 67.4915
Epoch: 2840 	 loss = -2574.3872
Epoch: 2850 	 loss = -344.3605
Epoch: 2860 	 loss = -160.5648
Epoch: 2870 	 loss = -968.7371
Epoch: 2880 	 loss = -69.6705
Epoch: 2890 	 loss = -660.4934
Epoch: 2900 	 loss = -266.8311
Epoch: 2910 	 loss = -107.8763
Epoch: 2920 	 loss = -1540.3894
Epoch: 2930 	 loss = -488.8216
Epoch: 2940 	 loss = -876.3806
Epoch: 2950 	 loss = -321.6028
Epoch: 2960 	 loss = -534.2465
Epoch: 2970 	 loss = -155.7901
Epoch: 2980 	 loss = -176.9514
Epoch: 2990 	 loss = -640.4910
Epoch: 3000 	 loss = -704.7339
Epoch: 3010 	 loss = -2092.1873
Epoch: 3020 	 loss = -160.1208
Epoch: 3030 	 loss = 64.3001
Epoch: 3040 	 loss = -117.8991
Epoch: 3050 	 loss = -300.8677
Epoch: 3060 	 loss = -147.7357
Epoch: 3070 	 loss = -286.4565
Epoch: 3080 	 loss = -740.2159
Epoch: 3090 	 loss = -357.2592
Epoch: 3100 	 loss = -322.6539
Epoch: 3110 	 loss = -104.9230
Epoch: 3120 	 loss = -458.3355
Epoch: 3130 	 loss = -1893.9866
Epoch: 3140 	 loss = -1175.7125
Epoch: 3150 	 loss = -466.0464
Epoch: 3160 	 loss = -363.2469
Epoch: 3170 	 loss = 153.6261
Epoch: 3180 	 loss = -1214.5190
Epoch: 3190 	 loss = -1266.9888
Epoch: 3200 	 loss = -161.2469
Epoch: 3210 	 loss = -19.8470
Epoch: 3220 	 loss = -628.2874
Epoch: 3230 	 loss = -2428.8098
Epoch: 3240 	 loss = -1440.1768
Epoch: 3250 	 loss = -91.3583
Epoch: 3260 	 loss = -438.4406
Epoch: 3270 	 loss = 7.5021
Epoch: 3280 	 loss = -1299.9785
Epoch: 3290 	 loss = -2186.0781
Epoch: 3300 	 loss = -2172.4150
Epoch: 3310 	 loss = -194.7011
Epoch: 3320 	 loss = -1782.5929
Epoch: 3330 	 loss = -94.0491
Epoch: 3340 	 loss = -391.9148
Epoch: 3350 	 loss = -538.1617
Epoch: 3360 	 loss = -775.4387
Epoch: 3370 	 loss = -791.4551
Epoch: 3380 	 loss = -2239.7349
Epoch: 3390 	 loss = -255.7984
Epoch: 3400 	 loss = -275.0205
Epoch: 3410 	 loss = -146.1652
Epoch: 3420 	 loss = -182.5439
Epoch: 3430 	 loss = -294.0770
Epoch: 3440 	 loss = -90.2968
Epoch: 3450 	 loss = -433.3331
Epoch: 3460 	 loss = -453.8369
Epoch: 3470 	 loss = -1837.7286
Epoch: 3480 	 loss = -116.6604
Epoch: 3490 	 loss = -632.6796
Epoch: 3500 	 loss = -79.4195
Epoch: 3510 	 loss = -1695.6012
Epoch: 3520 	 loss = -72.7308
Epoch: 3530 	 loss = -208.0495
Epoch: 3540 	 loss = -66.8461
Epoch: 3550 	 loss = -241.4154
Epoch: 3560 	 loss = -81.9507
Epoch: 3570 	 loss = -2409.0129
Epoch: 3580 	 loss = -422.1436
Epoch: 3590 	 loss = -644.6362
Epoch: 3600 	 loss = -50.3746
Epoch: 3610 	 loss = -1415.9742
Epoch: 3620 	 loss = -827.2739
Epoch: 3630 	 loss = -158.2788
Epoch: 3640 	 loss = -458.9810
Epoch: 3650 	 loss = -345.6107
Epoch: 3660 	 loss = -180.0706
Epoch: 3670 	 loss = -1500.4720
Epoch: 3680 	 loss = -363.4105
Epoch: 3690 	 loss = -1639.5923
Epoch: 3700 	 loss = -1605.1716
Epoch: 3710 	 loss = -1486.3799
Epoch: 3720 	 loss = -344.8214
Epoch: 3730 	 loss = -376.8585
Epoch: 3740 	 loss = -283.5857
Epoch: 3750 	 loss = -1665.6913
Epoch: 3760 	 loss = -172.1459
Epoch: 3770 	 loss = -918.4675
Epoch: 3780 	 loss = -119.6006
Epoch: 3790 	 loss = -1266.3820
Epoch: 3800 	 loss = 60.6490
Epoch: 3810 	 loss = -1590.8809
Epoch: 3820 	 loss = -2767.3267
Epoch: 3830 	 loss = -298.4369
Epoch: 3840 	 loss = -71.9799
Epoch: 3850 	 loss = -923.5302
Epoch: 3860 	 loss = -693.1026
Epoch: 3870 	 loss = -503.5401
Epoch: 3880 	 loss = -120.1139
Epoch: 3890 	 loss = -786.2655
Epoch: 3900 	 loss = -157.8050
Epoch: 3910 	 loss = -1531.8037
Epoch: 3920 	 loss = -363.6852
Epoch: 3930 	 loss = -110.3926
Epoch: 3940 	 loss = -871.3738
Epoch: 3950 	 loss = 55.5739
Epoch: 3960 	 loss = -29.9446
Epoch: 3970 	 loss = -6.5211
Epoch: 3980 	 loss = -345.9567
Epoch: 3990 	 loss = -1813.3545
Epoch: 4000 	 loss = -831.5231
Epoch: 4010 	 loss = -732.4320
Epoch: 4020 	 loss = -1048.9291
Epoch: 4030 	 loss = -60.5066
Epoch: 4040 	 loss = -197.5179
Epoch: 4050 	 loss = -55.3835
Epoch: 4060 	 loss = -2138.8745
Epoch: 4070 	 loss = -538.9918
Epoch: 4080 	 loss = -362.0100
Epoch: 4090 	 loss = -3222.8057
Epoch: 4100 	 loss = -3034.0078
Epoch: 4110 	 loss = -608.7517
Epoch: 4120 	 loss = -2071.3999
Epoch: 4130 	 loss = -356.7328
Epoch: 4140 	 loss = -249.7838
Epoch: 4150 	 loss = -1412.7024
Epoch: 4160 	 loss = -403.1043
Epoch: 4170 	 loss = -139.8161
Epoch: 4180 	 loss = -2390.8115
Epoch: 4190 	 loss = -259.4235
Epoch: 4200 	 loss = -523.4905
Epoch: 4210 	 loss = -1752.4398
Epoch: 4220 	 loss = -668.4955
Epoch: 4230 	 loss = -181.7502
Epoch: 4240 	 loss = -506.0806
Epoch: 4250 	 loss = -382.4989
Epoch: 4260 	 loss = -2818.5452
Epoch: 4270 	 loss = -348.4526
Epoch: 4280 	 loss = -109.7255
Epoch: 4290 	 loss = -230.1181
Epoch: 4300 	 loss = -134.5553
Epoch: 4310 	 loss = -69.6550
Epoch: 4320 	 loss = -820.3102
Epoch: 4330 	 loss = -1139.4360
Epoch: 4340 	 loss = -1564.7131
Epoch: 4350 	 loss = -2887.9927
Epoch: 4360 	 loss = -126.4442
Epoch: 4370 	 loss = -926.0485
Epoch: 4380 	 loss = -815.3568
Epoch: 4390 	 loss = -59.1086
Epoch: 4400 	 loss = -1470.4523
Epoch: 4410 	 loss = -120.2166
Epoch: 4420 	 loss = -1335.8611
Epoch: 4430 	 loss = -779.9487
Epoch: 4440 	 loss = -211.3882
Epoch: 4450 	 loss = -918.8844
Epoch: 4460 	 loss = -162.6303
Epoch: 4470 	 loss = -963.2413
Epoch: 4480 	 loss = -174.0686
Epoch: 4490 	 loss = -216.7593
Epoch: 4500 	 loss = -234.0524
Epoch: 4510 	 loss = -354.4219
Epoch: 4520 	 loss = -63.9913
Epoch: 4530 	 loss = -867.7482
Epoch: 4540 	 loss = -539.1173
Epoch: 4550 	 loss = -2080.0737
Epoch: 4560 	 loss = -1990.5671
Epoch: 4570 	 loss = -84.8912
Epoch: 4580 	 loss = -719.1442
Epoch: 4590 	 loss = 1.4197
Epoch: 4600 	 loss = -790.7625
Epoch: 4610 	 loss = -23.2569
Epoch: 4620 	 loss = -310.8150
Epoch: 4630 	 loss = -169.4752
Epoch: 4640 	 loss = -2562.7383
Epoch: 4650 	 loss = -280.0177
Epoch: 4660 	 loss = -64.0926
Epoch: 4670 	 loss = -650.8755
Epoch: 4680 	 loss = -1844.1912
Epoch: 4690 	 loss = -181.1297
Epoch: 4700 	 loss = -595.0852
Epoch: 4710 	 loss = -252.3450
Epoch: 4720 	 loss = -1301.5481
Epoch: 4730 	 loss = -371.8735
Epoch: 4740 	 loss = -354.0415
Epoch: 4750 	 loss = -307.5887
Epoch: 4760 	 loss = -1992.5542
Epoch: 4770 	 loss = -236.7907
Epoch: 4780 	 loss = -475.1865
Epoch: 4790 	 loss = -462.3977
Epoch: 4800 	 loss = 19.5156
Epoch: 4810 	 loss = -328.5429
Epoch: 4820 	 loss = -1715.6460
Epoch: 4830 	 loss = -182.9084
Epoch: 4840 	 loss = -1606.4062
Epoch: 4850 	 loss = -186.6611
Epoch: 4860 	 loss = -355.1143
Epoch: 4870 	 loss = -1058.1393
Epoch: 4880 	 loss = -552.5507
Epoch: 4890 	 loss = -1804.9553
Epoch: 4900 	 loss = 9.9427
Epoch: 4910 	 loss = -851.8862
Epoch: 4920 	 loss = -383.3232
Epoch: 4930 	 loss = -700.0319
Epoch: 4940 	 loss = -437.4165
Epoch: 4950 	 loss = -100.4115
Epoch: 4960 	 loss = -614.2260
Epoch: 4970 	 loss = -40.1118
Epoch: 4980 	 loss = -122.0313
Epoch: 4990 	 loss = -407.0856
Epoch: 5000 	 loss = -2123.6792
Epoch: 5010 	 loss = -1261.5658
Epoch: 5020 	 loss = -555.2770
Epoch: 5030 	 loss = -1334.4263
Epoch: 5040 	 loss = -1669.4092
Epoch: 5050 	 loss = -433.7015
Epoch: 5060 	 loss = -2306.1013
Epoch: 5070 	 loss = -40.0477
Epoch: 5080 	 loss = -257.0789
Epoch: 5090 	 loss = -232.9153
Epoch: 5100 	 loss = -470.5524
Epoch: 5110 	 loss = -2257.3335
Epoch: 5120 	 loss = -1850.3414
Epoch: 5130 	 loss = -1421.7915
Epoch: 5140 	 loss = -398.5441
Epoch: 5150 	 loss = -2108.9204
Epoch: 5160 	 loss = -570.1531
Epoch: 5170 	 loss = -869.8749
Epoch: 5180 	 loss = -170.0323
Epoch: 5190 	 loss = -923.6948
Epoch: 5200 	 loss = -368.1370
Epoch: 5210 	 loss = -1153.3690
Epoch: 5220 	 loss = -1358.8674
Epoch: 5230 	 loss = -134.2182
Epoch: 5240 	 loss = -143.0215
Epoch: 5250 	 loss = -222.5605
Epoch: 5260 	 loss = -651.0665
Epoch: 5270 	 loss = -128.6064
Epoch: 5280 	 loss = -27.8581
Epoch: 5290 	 loss = -755.8450
Epoch: 5300 	 loss = -1130.0310
Epoch: 5310 	 loss = -501.3448
Epoch: 5320 	 loss = -441.9476
Epoch: 5330 	 loss = -982.8944
Epoch: 5340 	 loss = -1009.1028
Epoch: 5350 	 loss = -39.7315
Epoch: 5360 	 loss = -236.9161
Epoch: 5370 	 loss = -999.2747
Epoch: 5380 	 loss = -5.7417
Epoch: 5390 	 loss = -482.1203
Epoch: 5400 	 loss = -1314.1615
Epoch: 5410 	 loss = -1106.5222
Epoch: 5420 	 loss = -2005.2327
Epoch: 5430 	 loss = -181.6589
Epoch: 5440 	 loss = -320.9806
Epoch: 5450 	 loss = -556.6363
Epoch: 5460 	 loss = -111.8785
Epoch: 5470 	 loss = -508.7876
Epoch: 5480 	 loss = -18.1019
Epoch: 5490 	 loss = -166.1787
Epoch: 5500 	 loss = -2015.6866
Epoch: 5510 	 loss = -710.7369
Epoch: 5520 	 loss = -1082.6975
Epoch: 5530 	 loss = -758.9322
Epoch: 5540 	 loss = -183.8361
Epoch: 5550 	 loss = -1502.4424
Epoch: 5560 	 loss = -156.5384
Epoch: 5570 	 loss = -723.3995
Epoch: 5580 	 loss = -1527.3821
Epoch: 5590 	 loss = -586.8204
Epoch: 5600 	 loss = -52.4880
Epoch: 5610 	 loss = -879.2949
Epoch: 5620 	 loss = -109.5601
Epoch: 5630 	 loss = -1466.1348
Epoch: 5640 	 loss = -66.8016
Epoch: 5650 	 loss = -256.9234
Epoch: 5660 	 loss = -172.4782
Epoch: 5670 	 loss = -100.1546
Epoch: 5680 	 loss = -923.0232
Epoch: 5690 	 loss = -50.3479
Epoch: 5700 	 loss = -2077.6006
Epoch: 5710 	 loss = -253.5703
Epoch: 5720 	 loss = -1136.8014
Epoch: 5730 	 loss = -2590.9146
Epoch: 5740 	 loss = -472.0434
Epoch: 5750 	 loss = -209.1522
Epoch: 5760 	 loss = -619.5942
Epoch: 5770 	 loss = 11.6496
Epoch: 5780 	 loss = -60.5536
Epoch: 5790 	 loss = -919.4258
Epoch: 5800 	 loss = -225.7802
Epoch: 5810 	 loss = -450.8091
Epoch: 5820 	 loss = 100.2891
Epoch: 5830 	 loss = -501.9409
Epoch: 5840 	 loss = -1066.2917
Epoch: 5850 	 loss = -1204.2788
Epoch: 5860 	 loss = -2447.7844
Epoch: 5870 	 loss = -960.7224
Epoch: 5880 	 loss = 122.5779
Epoch: 5890 	 loss = -1478.2007
Epoch: 5900 	 loss = -1512.8395
Epoch: 5910 	 loss = -30.2045
Epoch: 5920 	 loss = 144.7943
Epoch: 5930 	 loss = -1077.7986
Epoch: 5940 	 loss = -21.8744
Epoch: 5950 	 loss = -2119.8770
Epoch: 5960 	 loss = -1956.4888
Epoch: 5970 	 loss = -2133.2412
Epoch: 5980 	 loss = -72.7623
Epoch: 5990 	 loss = -1188.9447
Epoch: 6000 	 loss = -334.3441
Epoch: 6010 	 loss = -382.2164
Epoch: 6020 	 loss = -454.9577
Epoch: 6030 	 loss = -44.4204
Epoch: 6040 	 loss = -140.3338
Epoch: 6050 	 loss = -77.5165
Epoch: 6060 	 loss = -679.6153
Epoch: 6070 	 loss = -91.3931
Epoch: 6080 	 loss = -1116.0399
Epoch: 6090 	 loss = -935.3445
Epoch: 6100 	 loss = -155.5468
Epoch: 6110 	 loss = -1466.7981
Epoch: 6120 	 loss = -569.0730
Epoch: 6130 	 loss = -304.4261
Epoch: 6140 	 loss = -220.6223
Epoch: 6150 	 loss = -263.9983
Epoch: 6160 	 loss = 13.9386
Epoch: 6170 	 loss = -109.5455
Epoch: 6180 	 loss = -1206.9308
Epoch: 6190 	 loss = -132.6470
Epoch: 6200 	 loss = -1372.7429
Epoch: 6210 	 loss = 25.7106
Epoch: 6220 	 loss = -248.1249
Epoch: 6230 	 loss = -3004.8213
Epoch: 6240 	 loss = 33.9122
Epoch: 6250 	 loss = -322.9073
Epoch: 6260 	 loss = -26.6291
Epoch: 6270 	 loss = -644.3209
Epoch: 6280 	 loss = -55.6235
Epoch: 6290 	 loss = -39.4062
Epoch: 6300 	 loss = -977.2922
Epoch: 6310 	 loss = -64.2943
Epoch: 6320 	 loss = -1565.0950
Epoch: 6330 	 loss = -1146.9985
Epoch: 6340 	 loss = -43.1233
Epoch: 6350 	 loss = -236.8921
Epoch: 6360 	 loss = -983.7338
Epoch: 6370 	 loss = -810.5408
Epoch: 6380 	 loss = -498.6442
Epoch: 6390 	 loss = -86.2795
Epoch: 6400 	 loss = -2420.6445
Epoch: 6410 	 loss = -885.5165
Epoch: 6420 	 loss = -173.3257
Epoch: 6430 	 loss = 47.6151
Epoch: 6440 	 loss = -1587.8151
Epoch: 6450 	 loss = 16.7333
Epoch: 6460 	 loss = -235.3077
Epoch: 6470 	 loss = -251.6494
Epoch: 6480 	 loss = -1346.9316
Epoch: 6490 	 loss = -1363.3494
Epoch: 6500 	 loss = -717.2810
Epoch: 6510 	 loss = -282.3927
Epoch: 6520 	 loss = -1185.9149
Epoch: 6530 	 loss = -450.5049
Epoch: 6540 	 loss = -736.3351
Epoch: 6550 	 loss = -167.1940
Epoch: 6560 	 loss = -1436.8059
Epoch: 6570 	 loss = -1454.0527
Epoch: 6580 	 loss = -765.4875
Epoch: 6590 	 loss = -614.3218
Epoch: 6600 	 loss = -857.0872
Epoch: 6610 	 loss = -247.3525
Epoch: 6620 	 loss = -96.3642
Epoch: 6630 	 loss = -379.9559
Epoch: 6640 	 loss = 142.6580
Epoch: 6650 	 loss = -205.4024
Epoch: 6660 	 loss = 22.4994
Epoch: 6670 	 loss = -2471.4895
Epoch: 6680 	 loss = -558.1714
Epoch: 6690 	 loss = -69.3324
Epoch: 6700 	 loss = -37.7283
Epoch: 6710 	 loss = -44.8691
Epoch: 6720 	 loss = -181.3654
Epoch: 6730 	 loss = -1104.4784
Epoch: 6740 	 loss = -454.8916
Epoch: 6750 	 loss = -247.9815
Epoch: 6760 	 loss = -660.7258
Epoch: 6770 	 loss = -487.4306
Epoch: 6780 	 loss = -951.4310
Epoch: 6790 	 loss = -278.7975
Epoch: 6800 	 loss = -200.1367
Epoch: 6810 	 loss = -1126.4524
Epoch: 6820 	 loss = -181.8958
Epoch: 6830 	 loss = -391.0317
Epoch: 6840 	 loss = -1165.2003
Epoch: 6850 	 loss = -349.5457
Epoch: 6860 	 loss = -947.9427
Epoch: 6870 	 loss = -1556.0063
Epoch: 6880 	 loss = -115.0262
Epoch: 6890 	 loss = -71.0673
Epoch: 6900 	 loss = -539.0117
Epoch: 6910 	 loss = -1146.0175
Epoch: 6920 	 loss = -2110.2622
Epoch: 6930 	 loss = -151.7863
Epoch: 6940 	 loss = -149.7257
Epoch: 6950 	 loss = -815.4364
Epoch: 6960 	 loss = -438.3491
Epoch: 6970 	 loss = -2455.5044
Epoch: 6980 	 loss = -107.1468
Epoch: 6990 	 loss = -256.1785
Epoch: 7000 	 loss = -183.4114
Epoch: 7010 	 loss = -264.7316
Epoch: 7020 	 loss = -763.1422
Epoch: 7030 	 loss = -256.7677
Epoch: 7040 	 loss = -577.7431
Epoch: 7050 	 loss = -257.0996
Epoch: 7060 	 loss = -2384.7273
Epoch: 7070 	 loss = -1056.7405
Epoch: 7080 	 loss = -1952.0596
Epoch: 7090 	 loss = -253.2188
Epoch: 7100 	 loss = -1602.9603
Epoch: 7110 	 loss = -1728.9229
Epoch: 7120 	 loss = -1330.9128
Epoch: 7130 	 loss = -277.7051
Epoch: 7140 	 loss = -224.2888
Epoch: 7150 	 loss = -213.3738
Epoch: 7160 	 loss = -183.1015
Epoch: 7170 	 loss = -147.3242
Epoch: 7180 	 loss = -2671.9014
Epoch: 7190 	 loss = -229.9154
Epoch: 7200 	 loss = -207.3657
Epoch: 7210 	 loss = -463.2235
Epoch: 7220 	 loss = -1579.2233
Epoch: 7230 	 loss = -341.4548
Epoch: 7240 	 loss = -558.1154
Epoch: 7250 	 loss = 41.9501
Epoch: 7260 	 loss = -158.1413
Epoch: 7270 	 loss = 35.2295
Epoch: 7280 	 loss = -15.4806
Epoch: 7290 	 loss = -118.2984
Epoch: 7300 	 loss = -569.7830
Epoch: 7310 	 loss = -1029.3220
Epoch: 7320 	 loss = -194.8159
Epoch: 7330 	 loss = -1158.6244
Epoch: 7340 	 loss = -369.5135
Epoch: 7350 	 loss = -70.3338
Epoch: 7360 	 loss = -571.0034
Epoch: 7370 	 loss = -1259.7095
Epoch: 7380 	 loss = -413.5403
Epoch: 7390 	 loss = -163.3624
Epoch: 7400 	 loss = -1198.5323
Epoch: 7410 	 loss = -1767.3966
Epoch: 7420 	 loss = -186.5043
Epoch: 7430 	 loss = -27.7025
Epoch: 7440 	 loss = -2517.4253
Epoch: 7450 	 loss = -1719.7729
Epoch: 7460 	 loss = -240.0445
Epoch: 7470 	 loss = -780.8400
Epoch: 7480 	 loss = -52.5779
Epoch: 7490 	 loss = -134.1359
Epoch: 7500 	 loss = -2239.4521
Epoch: 7510 	 loss = -377.4052
Epoch: 7520 	 loss = -1457.5001
Epoch: 7530 	 loss = -1699.4857
Epoch: 7540 	 loss = -1053.7871
Epoch: 7550 	 loss = -2170.5444
Epoch: 7560 	 loss = -186.3031
Epoch: 7570 	 loss = -3160.2458
Epoch: 7580 	 loss = 65.7716
Epoch: 7590 	 loss = -187.9661
Epoch: 7600 	 loss = -178.9703
Epoch: 7610 	 loss = -1931.9966
Epoch: 7620 	 loss = -100.3377
Epoch: 7630 	 loss = -2123.3765
Epoch: 7640 	 loss = -569.6630
Epoch: 7650 	 loss = 111.0900
Epoch: 7660 	 loss = -462.8028
Epoch: 7670 	 loss = -133.4255
Epoch: 7680 	 loss = -187.3458
Epoch: 7690 	 loss = -348.7038
Epoch: 7700 	 loss = -2188.4817
Epoch: 7710 	 loss = -216.8943
Epoch: 7720 	 loss = -221.6189
Epoch: 7730 	 loss = 74.9142
Epoch: 7740 	 loss = -397.0215
Epoch: 7750 	 loss = -47.7311
Epoch: 7760 	 loss = -464.6619
Epoch: 7770 	 loss = -33.7639
Epoch: 7780 	 loss = -378.0336
Epoch: 7790 	 loss = -1763.9690
Epoch: 7800 	 loss = 1.5951
Epoch: 7810 	 loss = -193.9728
Epoch: 7820 	 loss = -206.7923
Epoch: 7830 	 loss = -501.4220
Epoch: 7840 	 loss = -756.3378
Epoch: 7850 	 loss = -1076.3832
Epoch: 7860 	 loss = -317.7692
Epoch: 7870 	 loss = -413.1359
Epoch: 7880 	 loss = -2325.6130
Epoch: 7890 	 loss = -903.6058
Epoch: 7900 	 loss = -671.5520
Epoch: 7910 	 loss = -2616.6538
Epoch: 7920 	 loss = -992.2151
Epoch: 7930 	 loss = -1633.9856
Epoch: 7940 	 loss = -625.8444
Epoch: 7950 	 loss = -366.6210
Epoch: 7960 	 loss = -491.7590
Epoch: 7970 	 loss = -161.7826
Epoch: 7980 	 loss = -145.9305
Epoch: 7990 	 loss = -1855.1040
Epoch: 8000 	 loss = -1754.2288
Epoch: 8010 	 loss = -982.4038
Epoch: 8020 	 loss = -2068.3640
Epoch: 8030 	 loss = -2202.1206
Epoch: 8040 	 loss = -55.5793
Epoch: 8050 	 loss = -569.6030
Epoch: 8060 	 loss = -1940.9978
Epoch: 8070 	 loss = -242.6072
Epoch: 8080 	 loss = -2244.8425
Epoch: 8090 	 loss = -1983.4556
Epoch: 8100 	 loss = -2153.8508
Epoch: 8110 	 loss = -1706.9014
Epoch: 8120 	 loss = -740.6664
Epoch: 8130 	 loss = -427.9788
Epoch: 8140 	 loss = -165.3126
Epoch: 8150 	 loss = -187.0450
Epoch: 8160 	 loss = -209.0433
Epoch: 8170 	 loss = 55.3783
Epoch: 8180 	 loss = -106.2914
Epoch: 8190 	 loss = -875.6324
Epoch: 8200 	 loss = -77.0174
Epoch: 8210 	 loss = -2480.5830
Epoch: 8220 	 loss = -2178.9211
Epoch: 8230 	 loss = -284.1805
Epoch: 8240 	 loss = -126.8244
Epoch: 8250 	 loss = -528.8926
Epoch: 8260 	 loss = -343.6394
Epoch: 8270 	 loss = -674.4551
Epoch: 8280 	 loss = -211.9106
Epoch: 8290 	 loss = -1081.7228
Epoch: 8300 	 loss = -60.4502
Epoch: 8310 	 loss = -877.9883
Epoch: 8320 	 loss = -1331.3483
Epoch: 8330 	 loss = -111.2855
Epoch: 8340 	 loss = -327.2258
Epoch: 8350 	 loss = -337.0233
Epoch: 8360 	 loss = -540.8851
Epoch: 8370 	 loss = -89.8210
Epoch: 8380 	 loss = -528.0552
Epoch: 8390 	 loss = -899.4169
Epoch: 8400 	 loss = -874.8881
Epoch: 8410 	 loss = -296.1422
Epoch: 8420 	 loss = -508.5668
Epoch: 8430 	 loss = -1951.7981
Epoch: 8440 	 loss = -293.0737
Epoch: 8450 	 loss = -426.4534
Epoch: 8460 	 loss = -2117.7136
Epoch: 8470 	 loss = -325.7477
Epoch: 8480 	 loss = -357.8156
Epoch: 8490 	 loss = -1002.3480
Epoch: 8500 	 loss = -573.2435
Epoch: 8510 	 loss = -244.5875
Epoch: 8520 	 loss = -2.9958
Epoch: 8530 	 loss = -1953.1978
Epoch: 8540 	 loss = -1167.3657
Epoch: 8550 	 loss = -1684.6720
Epoch: 8560 	 loss = -658.8301
Epoch: 8570 	 loss = -468.8092
Epoch: 8580 	 loss = -1910.1436
Epoch: 8590 	 loss = -218.1059
Epoch: 8600 	 loss = -432.5710
Epoch: 8610 	 loss = -655.2859
Epoch: 8620 	 loss = -267.5041
Epoch: 8630 	 loss = -871.7710
Epoch: 8640 	 loss = -542.4801
Epoch: 8650 	 loss = -107.6614
Epoch: 8660 	 loss = -697.0985
Epoch: 8670 	 loss = -307.7417
Epoch: 8680 	 loss = -687.6610
Epoch: 8690 	 loss = -154.3479
Epoch: 8700 	 loss = -692.9823
Epoch: 8710 	 loss = -45.7667
Epoch: 8720 	 loss = -211.5564
Epoch: 8730 	 loss = -877.2108
Epoch: 8740 	 loss = -320.4190
Epoch: 8750 	 loss = -285.0558
Epoch: 8760 	 loss = -277.7910
Epoch: 8770 	 loss = -224.0848
Epoch: 8780 	 loss = -67.3464
Epoch: 8790 	 loss = -816.3823
Epoch: 8800 	 loss = -359.4370
Epoch: 8810 	 loss = -1620.1831
Epoch: 8820 	 loss = -250.6207
Epoch: 8830 	 loss = -677.0123
Epoch: 8840 	 loss = -2154.9644
Epoch: 8850 	 loss = -451.4622
Epoch: 8860 	 loss = -68.8665
Epoch: 8870 	 loss = -527.6423
Epoch: 8880 	 loss = -389.2343
Epoch: 8890 	 loss = -435.8127
Epoch: 8900 	 loss = -2042.8442
Epoch: 8910 	 loss = -405.2563
Epoch: 8920 	 loss = -1772.0857
Epoch: 8930 	 loss = -374.0633
Epoch: 8940 	 loss = -1463.4138
Epoch: 8950 	 loss = -484.2186
Epoch: 8960 	 loss = -142.0295
Epoch: 8970 	 loss = -875.4583
Epoch: 8980 	 loss = -362.7137
Epoch: 8990 	 loss = -2444.2632
Epoch: 9000 	 loss = -1552.5200
Epoch: 9010 	 loss = -605.7623
Epoch: 9020 	 loss = -452.5791
Epoch: 9030 	 loss = -811.0421
Epoch: 9040 	 loss = -442.6277
Epoch: 9050 	 loss = -155.9221
Epoch: 9060 	 loss = -755.3700
Epoch: 9070 	 loss = -1992.7708
Epoch: 9080 	 loss = -2461.5273
Epoch: 9090 	 loss = -2730.2393
Epoch: 9100 	 loss = -64.1266
Epoch: 9110 	 loss = -225.0217
Epoch: 9120 	 loss = 58.4061
Epoch: 9130 	 loss = -3308.4736
Epoch: 9140 	 loss = -174.9558
Epoch: 9150 	 loss = -2262.3982
Epoch: 9160 	 loss = -220.1357
Epoch: 9170 	 loss = -1202.4946
Epoch: 9180 	 loss = -322.9930
Epoch: 9190 	 loss = -301.7985
Epoch: 9200 	 loss = -213.8833
Epoch: 9210 	 loss = -826.0723
Epoch: 9220 	 loss = -203.3311
Epoch: 9230 	 loss = -88.3279
Epoch: 9240 	 loss = -697.5116
Epoch: 9250 	 loss = -1296.8237
Epoch: 9260 	 loss = -275.8816
Epoch: 9270 	 loss = -107.0707
Epoch: 9280 	 loss = -2747.5596
Epoch: 9290 	 loss = -819.6472
Epoch: 9300 	 loss = -95.4710
Epoch: 9310 	 loss = -84.0639
Epoch: 9320 	 loss = -450.1354
Epoch: 9330 	 loss = -378.7362
Epoch: 9340 	 loss = -2706.5728
Epoch: 9350 	 loss = -356.7448
Epoch: 9360 	 loss = -80.2849
Epoch: 9370 	 loss = -751.0950
Epoch: 9380 	 loss = -346.7023
Epoch: 9390 	 loss = -670.4036
Epoch: 9400 	 loss = -184.0723
Epoch: 9410 	 loss = -320.9118
Epoch: 9420 	 loss = -395.0277
Epoch: 9430 	 loss = -457.8395
Epoch: 9440 	 loss = -1691.3237
Epoch: 9450 	 loss = -40.4060
Epoch: 9460 	 loss = -2402.7224
Epoch: 9470 	 loss = -1238.2482
Epoch: 9480 	 loss = -2328.4863
Epoch: 9490 	 loss = -571.8035
Epoch: 9500 	 loss = -1161.4629
Epoch: 9510 	 loss = -104.2886
Epoch: 9520 	 loss = -2000.0278
Epoch: 9530 	 loss = -1933.0947
Epoch: 9540 	 loss = -402.0373
Epoch: 9550 	 loss = -252.5985
Epoch: 9560 	 loss = -594.4163
Epoch: 9570 	 loss = -431.8118
Epoch: 9580 	 loss = -148.5067
Epoch: 9590 	 loss = -71.3541
Epoch: 9600 	 loss = -211.2978
Epoch: 9610 	 loss = -229.8214
Epoch: 9620 	 loss = -331.8781
Epoch: 9630 	 loss = -94.5352
Epoch: 9640 	 loss = -387.6959
Epoch: 9650 	 loss = -498.8976
Epoch: 9660 	 loss = -886.3580
Epoch: 9670 	 loss = -1997.8677
Epoch: 9680 	 loss = -33.0637
Epoch: 9690 	 loss = -593.5640
Epoch: 9700 	 loss = -43.2496
Epoch: 9710 	 loss = -464.5135
Epoch: 9720 	 loss = -586.1699
Epoch: 9730 	 loss = -2305.6587
Epoch: 9740 	 loss = -515.8503
Epoch: 9750 	 loss = -801.1255
Epoch: 9760 	 loss = 1.1243
Epoch: 9770 	 loss = -316.6997
Epoch: 9780 	 loss = -409.1237
Epoch: 9790 	 loss = -1191.4315
Epoch: 9800 	 loss = -1869.8237
Epoch: 9810 	 loss = -348.6133
Epoch: 9820 	 loss = -109.8230
Epoch: 9830 	 loss = -487.8503
Epoch: 9840 	 loss = -146.8134
Epoch: 9850 	 loss = -739.9235
Epoch: 9860 	 loss = -2797.4277
Epoch: 9870 	 loss = -453.7385
Epoch: 9880 	 loss = -80.9021
Epoch: 9890 	 loss = -478.5992
Epoch: 9900 	 loss = -372.0097
Epoch: 9910 	 loss = -1584.6462
Epoch: 9920 	 loss = -1501.8325
Epoch: 9930 	 loss = -550.8280
Epoch: 9940 	 loss = -49.3192
Epoch: 9950 	 loss = -69.4745
Epoch: 9960 	 loss = -1349.3976
Epoch: 9970 	 loss = -487.8542
Epoch: 9980 	 loss = -372.7014
Epoch: 9990 	 loss = -353.2505
Epoch: 10000 	 loss = -1336.4761
Epoch: 10010 	 loss = -329.8758
Epoch: 10020 	 loss = -1145.0863
Epoch: 10030 	 loss = -109.9890
Epoch: 10040 	 loss = -126.3175
Epoch: 10050 	 loss = -1428.8719
Epoch: 10060 	 loss = -2343.7859
Epoch: 10070 	 loss = -547.0853
Epoch: 10080 	 loss = -547.6162
Epoch: 10090 	 loss = -112.2775
Epoch: 10100 	 loss = -2021.9646
Epoch: 10110 	 loss = -912.7511
Epoch: 10120 	 loss = -214.5991
Epoch: 10130 	 loss = -2546.3916
Epoch: 10140 	 loss = -2182.2793
Epoch: 10150 	 loss = -1673.4255
Epoch: 10160 	 loss = -2294.0051
Epoch: 10170 	 loss = -153.1167
Epoch: 10180 	 loss = -1912.2755
Epoch: 10190 	 loss = -1913.8555
Epoch: 10200 	 loss = -563.0129
Epoch: 10210 	 loss = -484.9352
Epoch: 10220 	 loss = -1275.0430
Epoch: 10230 	 loss = -297.1907
Epoch: 10240 	 loss = -2142.3662
Epoch: 10250 	 loss = -1133.2498
Epoch: 10260 	 loss = -2316.4729
Epoch: 10270 	 loss = -790.4637
Epoch: 10280 	 loss = -287.7075
Epoch: 10290 	 loss = -436.9693
Epoch: 10300 	 loss = -348.3933
Epoch: 10310 	 loss = -394.0063
Epoch: 10320 	 loss = -302.1652
Epoch: 10330 	 loss = -1197.2737
Epoch: 10340 	 loss = -730.7396
Epoch: 10350 	 loss = -982.9404
Epoch: 10360 	 loss = -1649.0967
Epoch: 10370 	 loss = -1614.2844
Epoch: 10380 	 loss = -42.3557
Epoch: 10390 	 loss = -727.0195
Epoch: 10400 	 loss = -55.5816
Epoch: 10410 	 loss = -1167.2739
Epoch: 10420 	 loss = -920.4801
Epoch: 10430 	 loss = -2676.3606
Epoch: 10440 	 loss = -1066.2333
Epoch: 10450 	 loss = -161.5021
Epoch: 10460 	 loss = -483.6137
Epoch: 10470 	 loss = -286.9208
Epoch: 10480 	 loss = -312.4528
Epoch: 10490 	 loss = -2351.2053
Epoch: 10500 	 loss = -524.1583
Epoch: 10510 	 loss = -22.3472
Epoch: 10520 	 loss = -388.9663
Epoch: 10530 	 loss = -143.3118
Epoch: 10540 	 loss = -471.3858
Epoch: 10550 	 loss = -479.9820
Epoch: 10560 	 loss = -1491.9045
Epoch: 10570 	 loss = -138.0296
Epoch: 10580 	 loss = -172.0428
Epoch: 10590 	 loss = 22.0437
Epoch: 10600 	 loss = -323.1723
Epoch: 10610 	 loss = -446.7196
Epoch: 10620 	 loss = -2021.8425
Epoch: 10630 	 loss = -321.2330
Epoch: 10640 	 loss = -5.6706
Epoch: 10650 	 loss = -1491.1018
Epoch: 10660 	 loss = -100.8461
Epoch: 10670 	 loss = -320.9299
Epoch: 10680 	 loss = -179.7578
Epoch: 10690 	 loss = -910.6071
Epoch: 10700 	 loss = -52.4846
Epoch: 10710 	 loss = -684.7139
Epoch: 10720 	 loss = -631.5319
Epoch: 10730 	 loss = -46.2581
Epoch: 10740 	 loss = -134.2266
Epoch: 10750 	 loss = -2282.0454
Epoch: 10760 	 loss = -25.7554
Epoch: 10770 	 loss = -539.1556
Epoch: 10780 	 loss = -122.5162
Epoch: 10790 	 loss = -367.5481
Epoch: 10800 	 loss = -116.7682
Epoch: 10810 	 loss = -88.6889
Epoch: 10820 	 loss = -171.2766
Epoch: 10830 	 loss = -457.1004
Epoch: 10840 	 loss = -746.3721
Epoch: 10850 	 loss = -95.6070
Epoch: 10860 	 loss = -63.4426
Epoch: 10870 	 loss = -1902.1230
Epoch: 10880 	 loss = -594.6100
Epoch: 10890 	 loss = -357.1885
Epoch: 10900 	 loss = -1989.1836
Epoch: 10910 	 loss = -1205.9353
Epoch: 10920 	 loss = -566.1548
Epoch: 10930 	 loss = -213.3312
Epoch: 10940 	 loss = -1040.4612
Epoch: 10950 	 loss = -61.7805
Epoch: 10960 	 loss = -493.2362
Epoch: 10970 	 loss = -306.9318
Epoch: 10980 	 loss = -1316.2617
Epoch: 10990 	 loss = 14.3045
Epoch: 11000 	 loss = -1798.7974
Epoch: 11010 	 loss = -279.1696
Epoch: 11020 	 loss = -157.3551
Epoch: 11030 	 loss = -670.4883
Epoch: 11040 	 loss = -360.8631
Epoch: 11050 	 loss = -37.8063
Epoch: 11060 	 loss = -111.5872
Epoch: 11070 	 loss = -106.3748
Epoch: 11080 	 loss = -166.9643
Epoch: 11090 	 loss = -23.2532
Epoch: 11100 	 loss = -598.2792
Epoch: 11110 	 loss = -1921.0646
Epoch: 11120 	 loss = -202.0386
Epoch: 11130 	 loss = -1716.8157
Epoch: 11140 	 loss = -2906.3269
Epoch: 11150 	 loss = -472.1112
Epoch: 11160 	 loss = -588.4942
Epoch: 11170 	 loss = -444.7645
Epoch: 11180 	 loss = -262.0348
Epoch: 11190 	 loss = -23.4269
Epoch: 11200 	 loss = -715.3314
Epoch: 11210 	 loss = -115.9757
Epoch: 11220 	 loss = -1245.7629
Epoch: 11230 	 loss = -240.6599
Epoch: 11240 	 loss = -2302.4175
Epoch: 11250 	 loss = -1913.2917
Epoch: 11260 	 loss = 4.5851
Epoch: 11270 	 loss = -2308.4644
Epoch: 11280 	 loss = -2223.7876
Epoch: 11290 	 loss = -479.3407
Epoch: 11300 	 loss = -60.2299
Epoch: 11310 	 loss = -309.8435
Epoch: 11320 	 loss = -379.1688
Epoch: 11330 	 loss = -450.4539
Epoch: 11340 	 loss = -137.8435
Epoch: 11350 	 loss = -488.1451
Epoch: 11360 	 loss = -142.4759
Epoch: 11370 	 loss = -282.9743
Epoch: 11380 	 loss = -889.7672
Epoch: 11390 	 loss = -808.9952
Epoch: 11400 	 loss = -2175.6597
Epoch: 11410 	 loss = -2692.9954
Epoch: 11420 	 loss = -1822.0681
Epoch: 11430 	 loss = -194.2018
Epoch: 11440 	 loss = -178.8520
Epoch: 11450 	 loss = -541.0013
Epoch: 11460 	 loss = -89.0640
Epoch: 11470 	 loss = -97.3100
Epoch: 11480 	 loss = -447.2423
Epoch: 11490 	 loss = -2419.8159
Epoch: 11500 	 loss = -165.9071
Epoch: 11510 	 loss = -3188.7427
Epoch: 11520 	 loss = -2410.5972
Epoch: 11530 	 loss = -952.4399
Epoch: 11540 	 loss = -1500.1211
Epoch: 11550 	 loss = -440.0685
Epoch: 11560 	 loss = -201.0896
Epoch: 11570 	 loss = -1060.4062
Epoch: 11580 	 loss = -3302.2739
Epoch: 11590 	 loss = -1337.2444
Epoch: 11600 	 loss = -139.5904
Epoch: 11610 	 loss = -1487.1294
Epoch: 11620 	 loss = -554.7899
Epoch: 11630 	 loss = -1863.1379
Epoch: 11640 	 loss = -346.4927
Epoch: 11650 	 loss = -2018.9021
Epoch: 11660 	 loss = -183.9503
Epoch: 11670 	 loss = -557.2711
Epoch: 11680 	 loss = -523.5491
Epoch: 11690 	 loss = 5.5435
Epoch: 11700 	 loss = -3246.5674
Epoch: 11710 	 loss = -347.6694
Epoch: 11720 	 loss = -220.1913
Epoch: 11730 	 loss = -1835.2761
Epoch: 11740 	 loss = -420.4688
Epoch: 11750 	 loss = -236.5265
Epoch: 11760 	 loss = -153.7163
Epoch: 11770 	 loss = -1579.6833
Epoch: 11780 	 loss = -533.4081
Epoch: 11790 	 loss = -1197.8130
Epoch: 11800 	 loss = -223.7154
Epoch: 11810 	 loss = -363.9846
Epoch: 11820 	 loss = -347.9042
Epoch: 11830 	 loss = -686.5890
Epoch: 11840 	 loss = -532.6388
Epoch: 11850 	 loss = -1669.9802
Epoch: 11860 	 loss = -320.7019
Epoch: 11870 	 loss = -1643.4830
Epoch: 11880 	 loss = -369.0892
Epoch: 11890 	 loss = -250.2587
Epoch: 11900 	 loss = -237.8088
Epoch: 11910 	 loss = -960.0656
Epoch: 11920 	 loss = -311.3566
Epoch: 11930 	 loss = -2542.6353
Epoch: 11940 	 loss = -357.0031
Epoch: 11950 	 loss = -291.2307
Epoch: 11960 	 loss = -407.8088
Epoch: 11970 	 loss = -1597.8586
Epoch: 11980 	 loss = -1777.5293
Epoch: 11990 	 loss = -1810.1212
Epoch: 12000 	 loss = -2960.4795
Epoch: 12010 	 loss = -545.8383
Epoch: 12020 	 loss = nan
Epoch: 12030 	 loss = nan
Epoch: 12040 	 loss = nan
Epoch: 12050 	 loss = nan
Epoch: 12060 	 loss = nan
Epoch: 12070 	 loss = nan
Epoch: 12080 	 loss = nan
Epoch: 12090 	 loss = nan
Epoch: 12100 	 loss = nan
Epoch: 12110 	 loss = nan
Epoch: 12120 	 loss = nan
Epoch: 12130 	 loss = nan
Epoch: 12140 	 loss = nan
Epoch: 12150 	 loss = nan
Epoch: 12160 	 loss = nan
Epoch: 12170 	 loss = nan
Epoch: 12180 	 loss = nan
Epoch: 12190 	 loss = nan
Epoch: 12200 	 loss = nan
Epoch: 12210 	 loss = nan
Epoch: 12220 	 loss = nan
Epoch: 12230 	 loss = nan
Epoch: 12240 	 loss = nan
Epoch: 12250 	 loss = nan
Epoch: 12260 	 loss = nan
Epoch: 12270 	 loss = nan
Epoch: 12280 	 loss = nan
Epoch: 12290 	 loss = nan
Epoch: 12300 	 loss = nan
Epoch: 12310 	 loss = nan
Epoch: 12320 	 loss = nan
Epoch: 12330 	 loss = nan
Epoch: 12340 	 loss = nan
Epoch: 12350 	 loss = nan
Epoch: 12360 	 loss = nan
Epoch: 12370 	 loss = nan
Epoch: 12380 	 loss = nan
Epoch: 12390 	 loss = nan
Epoch: 12400 	 loss = nan
Epoch: 12410 	 loss = nan
Epoch: 12420 	 loss = nan
Epoch: 12430 	 loss = nan
Epoch: 12440 	 loss = nan
Epoch: 12450 	 loss = nan
Epoch: 12460 	 loss = nan
Epoch: 12470 	 loss = nan
Epoch: 12480 	 loss = nan
Epoch: 12490 	 loss = nan
Epoch: 12500 	 loss = nan
Epoch: 12510 	 loss = nan
Epoch: 12520 	 loss = nan
Epoch: 12530 	 loss = nan
Epoch: 12540 	 loss = nan
Epoch: 12550 	 loss = nan
Epoch: 12560 	 loss = nan
Epoch: 12570 	 loss = nan
Epoch: 12580 	 loss = nan
Epoch: 12590 	 loss = nan
Epoch: 12600 	 loss = nan
Epoch: 12610 	 loss = nan
Epoch: 12620 	 loss = nan
Epoch: 12630 	 loss = nan
Epoch: 12640 	 loss = nan
Epoch: 12650 	 loss = nan
Epoch: 12660 	 loss = nan
Epoch: 12670 	 loss = nan
Epoch: 12680 	 loss = nan
Epoch: 12690 	 loss = nan
Epoch: 12700 	 loss = nan
Epoch: 12710 	 loss = nan
Epoch: 12720 	 loss = nan
Epoch: 12730 	 loss = nan
Epoch: 12740 	 loss = nan
Epoch: 12750 	 loss = nan
Epoch: 12760 	 loss = nan
Epoch: 12770 	 loss = nan
Epoch: 12780 	 loss = nan
Epoch: 12790 	 loss = nan
Epoch: 12800 	 loss = nan
Epoch: 12810 	 loss = nan
Epoch: 12820 	 loss = nan
Epoch: 12830 	 loss = nan
Epoch: 12840 	 loss = nan
Epoch: 12850 	 loss = nan
Epoch: 12860 	 loss = nan
Epoch: 12870 	 loss = nan
Epoch: 12880 	 loss = nan
Epoch: 12890 	 loss = nan
Epoch: 12900 	 loss = nan
Epoch: 12910 	 loss = nan
Epoch: 12920 	 loss = nan
Epoch: 12930 	 loss = nan
Epoch: 12940 	 loss = nan
Epoch: 12950 	 loss = nan
Epoch: 12960 	 loss = nan
Epoch: 12970 	 loss = nan
Epoch: 12980 	 loss = nan
Epoch: 12990 	 loss = nan
Epoch: 13000 	 loss = nan
Epoch: 13010 	 loss = nan
Epoch: 13020 	 loss = nan
Epoch: 13030 	 loss = nan
Epoch: 13040 	 loss = nan
Epoch: 13050 	 loss = nan
Epoch: 13060 	 loss = nan
Epoch: 13070 	 loss = nan
Epoch: 13080 	 loss = nan
Epoch: 13090 	 loss = nan
Epoch: 13100 	 loss = nan
Epoch: 13110 	 loss = nan
Epoch: 13120 	 loss = nan
Epoch: 13130 	 loss = nan
