Loaded dependency [python3/3.10.12]: gcc/11.4.0-binutils-2.40
Loaded dependency [python3/3.10.12]: sqlite3/3.42.0

Switching from python3/3.8.2 to python3/3.10.12
  Loading requirement: gcc/11.4.0-binutils-2.40 sqlite3/3.42.0
2024-03-15 12:09:34.606587: E tensorflow/compiler/xla/stream_executor/cuda/cuda_dnn.cc:9342] Unable to register cuDNN factory: Attempting to register factory for plugin cuDNN when one has already been registered
2024-03-15 12:09:34.606633: E tensorflow/compiler/xla/stream_executor/cuda/cuda_fft.cc:609] Unable to register cuFFT factory: Attempting to register factory for plugin cuFFT when one has already been registered
2024-03-15 12:09:34.631432: E tensorflow/compiler/xla/stream_executor/cuda/cuda_blas.cc:1518] Unable to register cuBLAS factory: Attempting to register factory for plugin cuBLAS when one has already been registered
2024-03-15 12:11:41.131348: W external/xla/xla/service/gpu/runtime/support.cc:58] Intercepted XLA runtime error:
UNKNOWN: cuSolver execution failed
2024-03-15 12:11:41.131717: E external/xla/xla/pjrt/pjrt_stream_executor_client.cc:2593] Execution of replica 0 failed: INTERNAL: Failed to execute XLA Runtime executable: run time error: custom call 'xla.gpu.cholesky' failed: cuSolver execution failed; current tracing scope: custom-call.6; current profiling annotation: XlaModule:#hlo_module=jit__lambda_,program_id=150#.
2024-03-15 12:11:41.254051: W tensorflow/core/framework/op_kernel.cc:1827] UNKNOWN: XlaRuntimeError: INTERNAL: Failed to execute XLA Runtime executable: run time error: custom call 'xla.gpu.cholesky' failed: cuSolver execution failed; current tracing scope: custom-call.6; current profiling annotation: XlaModule:#hlo_module=jit__lambda_,program_id=150#.
jax.errors.SimplifiedTraceback: For simplicity, JAX has removed its internal frames from the traceback of the following exception. Set JAX_TRACEBACK_FILTERING=off to include these.


The above exception was the direct cause of the following exception:


Traceback (most recent call last):

  File "/zhome/77/8/118225/.local/lib/python3.10/site-packages/tensorflow/python/ops/script_ops.py", line 270, in __call__
    ret = func(*args)

  File "/zhome/77/8/118225/.local/lib/python3.10/site-packages/tensorflow/python/autograph/impl/api.py", line 643, in wrapper
    return func(*args, **kwargs)

  File "/zhome/77/8/118225/.local/lib/python3.10/site-packages/tensorflow/python/data/ops/from_generator_op.py", line 198, in generator_py_func
    values = next(generator_state.get_iterator(iterator_id))

  File "/zhome/77/8/118225/Desktop/Projects/score_diffusion_mean/score_diffusion_mean/jaxgeometry/statistics/score_matching/generators.py", line 85, in __call__
    (ts,xss,chartss,*_) = self.product((jnp.repeat(self.x0s[0],self.x_samples,axis=0),

jaxlib.xla_extension.XlaRuntimeError: INTERNAL: Failed to execute XLA Runtime executable: run time error: custom call 'xla.gpu.cholesky' failed: cuSolver execution failed; current tracing scope: custom-call.6; current profiling annotation: XlaModule:#hlo_module=jit__lambda_,program_id=150#.


Traceback (most recent call last):
  File "/zhome/77/8/118225/Desktop/Projects/score_diffusion_mean/score_diffusion_mean/train_score.py", line 298, in <module>
    train_score()
  File "/zhome/77/8/118225/Desktop/Projects/score_diffusion_mean/score_diffusion_mean/train_score.py", line 276, in train_score
    train_s1(M=M,
  File "/zhome/77/8/118225/Desktop/Projects/score_diffusion_mean/score_diffusion_mean/jaxgeometry/statistics/score_matching/trainxt.py", line 95, in train_s1
    initial_params = model.init(jrandom.PRNGKey(seed), next(train_dataset)[:,:(2*N_dim+1)])
  File "/zhome/77/8/118225/.local/lib/python3.10/site-packages/tensorflow_datasets/core/dataset_utils.py", line 82, in _eager_dataset_iterator
    for elem in ds:
  File "/zhome/77/8/118225/.local/lib/python3.10/site-packages/tensorflow/python/data/ops/iterator_ops.py", line 809, in __next__
    return self._next_internal()
  File "/zhome/77/8/118225/.local/lib/python3.10/site-packages/tensorflow/python/data/ops/iterator_ops.py", line 772, in _next_internal
    ret = gen_dataset_ops.iterator_get_next(
  File "/zhome/77/8/118225/.local/lib/python3.10/site-packages/tensorflow/python/ops/gen_dataset_ops.py", line 3028, in iterator_get_next
    _ops.raise_from_not_ok_status(e, name)
  File "/zhome/77/8/118225/.local/lib/python3.10/site-packages/tensorflow/python/framework/ops.py", line 5888, in raise_from_not_ok_status
    raise core._status_to_exception(e) from None  # pylint: disable=protected-access
tensorflow.python.framework.errors_impl.UnknownError: {{function_node __wrapped__IteratorGetNext_output_types_1_device_/job:localhost/replica:0/task:0/device:CPU:0}} XlaRuntimeError: INTERNAL: Failed to execute XLA Runtime executable: run time error: custom call 'xla.gpu.cholesky' failed: cuSolver execution failed; current tracing scope: custom-call.6; current profiling annotation: XlaModule:#hlo_module=jit__lambda_,program_id=150#.
jax.errors.SimplifiedTraceback: For simplicity, JAX has removed its internal frames from the traceback of the following exception. Set JAX_TRACEBACK_FILTERING=off to include these.


The above exception was the direct cause of the following exception:


Traceback (most recent call last):

  File "/zhome/77/8/118225/.local/lib/python3.10/site-packages/tensorflow/python/ops/script_ops.py", line 270, in __call__
    ret = func(*args)

  File "/zhome/77/8/118225/.local/lib/python3.10/site-packages/tensorflow/python/autograph/impl/api.py", line 643, in wrapper
    return func(*args, **kwargs)

  File "/zhome/77/8/118225/.local/lib/python3.10/site-packages/tensorflow/python/data/ops/from_generator_op.py", line 198, in generator_py_func
    values = next(generator_state.get_iterator(iterator_id))

  File "/zhome/77/8/118225/Desktop/Projects/score_diffusion_mean/score_diffusion_mean/jaxgeometry/statistics/score_matching/generators.py", line 85, in __call__
    (ts,xss,chartss,*_) = self.product((jnp.repeat(self.x0s[0],self.x_samples,axis=0),

jaxlib.xla_extension.XlaRuntimeError: INTERNAL: Failed to execute XLA Runtime executable: run time error: custom call 'xla.gpu.cholesky' failed: cuSolver execution failed; current tracing scope: custom-call.6; current profiling annotation: XlaModule:#hlo_module=jit__lambda_,program_id=150#.


	 [[{{node PyFunc}}]] [Op:IteratorGetNext] name: 
2024-03-15 12:11:41.850163: E external/xla/xla/stream_executor/cuda/cuda_driver.cc:674] failed to unload module 0x2fc4170; leaking: CUDA_ERROR_ILLEGAL_ADDRESS: an illegal memory access was encountered
2024-03-15 12:11:41.851584: E external/xla/xla/stream_executor/cuda/cuda_driver.cc:674] failed to unload module 0x7fc578d665e0; leaking: CUDA_ERROR_ILLEGAL_ADDRESS: an illegal memory access was encountered
2024-03-15 12:11:41.854077: E external/xla/xla/stream_executor/cuda/cuda_driver.cc:674] failed to unload module 0x8e254f0; leaking: CUDA_ERROR_ILLEGAL_ADDRESS: an illegal memory access was encountered
2024-03-15 12:11:41.857860: E external/xla/xla/stream_executor/cuda/cuda_driver.cc:674] failed to unload module 0x2e91540; leaking: CUDA_ERROR_ILLEGAL_ADDRESS: an illegal memory access was encountered
2024-03-15 12:11:41.859038: E external/xla/xla/stream_executor/cuda/cuda_driver.cc:674] failed to unload module 0xac46b50; leaking: CUDA_ERROR_ILLEGAL_ADDRESS: an illegal memory access was encountered
2024-03-15 12:11:41.859913: E external/xla/xla/stream_executor/cuda/cuda_driver.cc:674] failed to unload module 0xb251ca0; leaking: CUDA_ERROR_ILLEGAL_ADDRESS: an illegal memory access was encountered
2024-03-15 12:11:41.865212: E external/xla/xla/stream_executor/cuda/cuda_driver.cc:674] failed to unload module 0x314e970; leaking: CUDA_ERROR_ILLEGAL_ADDRESS: an illegal memory access was encountered
2024-03-15 12:11:41.865699: E external/xla/xla/stream_executor/cuda/cuda_driver.cc:674] failed to unload module 0x89b6ba0; leaking: CUDA_ERROR_ILLEGAL_ADDRESS: an illegal memory access was encountered
2024-03-15 12:11:41.866539: E external/xla/xla/stream_executor/cuda/cuda_driver.cc:674] failed to unload module 0x31cedc0; leaking: CUDA_ERROR_ILLEGAL_ADDRESS: an illegal memory access was encountered
2024-03-15 12:11:41.866929: E external/xla/xla/stream_executor/cuda/cuda_driver.cc:674] failed to unload module 0x227cf10; leaking: CUDA_ERROR_ILLEGAL_ADDRESS: an illegal memory access was encountered
2024-03-15 12:11:41.867300: E external/xla/xla/stream_executor/cuda/cuda_driver.cc:674] failed to unload module 0x2ee5970; leaking: CUDA_ERROR_ILLEGAL_ADDRESS: an illegal memory access was encountered
2024-03-15 12:11:41.867645: E external/xla/xla/stream_executor/cuda/cuda_driver.cc:674] failed to unload module 0x33452e0; leaking: CUDA_ERROR_ILLEGAL_ADDRESS: an illegal memory access was encountered
2024-03-15 12:11:41.867967: E external/xla/xla/stream_executor/cuda/cuda_driver.cc:674] failed to unload module 0x2e97700; leaking: CUDA_ERROR_ILLEGAL_ADDRESS: an illegal memory access was encountered
2024-03-15 12:11:41.869070: E external/xla/xla/stream_executor/cuda/cuda_driver.cc:674] failed to unload module 0xb540110; leaking: CUDA_ERROR_ILLEGAL_ADDRESS: an illegal memory access was encountered
2024-03-15 12:11:41.869536: E external/xla/xla/stream_executor/cuda/cuda_driver.cc:674] failed to unload module 0xb6e07a0; leaking: CUDA_ERROR_ILLEGAL_ADDRESS: an illegal memory access was encountered
2024-03-15 12:11:41.869924: E external/xla/xla/stream_executor/cuda/cuda_driver.cc:674] failed to unload module 0xb45a0a0; leaking: CUDA_ERROR_ILLEGAL_ADDRESS: an illegal memory access was encountered
2024-03-15 12:11:41.870385: E external/xla/xla/stream_executor/cuda/cuda_driver.cc:674] failed to unload module 0xb7bb180; leaking: CUDA_ERROR_ILLEGAL_ADDRESS: an illegal memory access was encountered
2024-03-15 12:11:41.871354: E external/xla/xla/stream_executor/cuda/cuda_driver.cc:674] failed to unload module 0xae82ac0; leaking: CUDA_ERROR_ILLEGAL_ADDRESS: an illegal memory access was encountered
2024-03-15 12:11:41.872312: E external/xla/xla/stream_executor/cuda/cuda_driver.cc:674] failed to unload module 0xaf8d120; leaking: CUDA_ERROR_ILLEGAL_ADDRESS: an illegal memory access was encountered
2024-03-15 12:11:41.872757: E external/xla/xla/stream_executor/cuda/cuda_driver.cc:674] failed to unload module 0xae521f0; leaking: CUDA_ERROR_ILLEGAL_ADDRESS: an illegal memory access was encountered
2024-03-15 12:11:41.874950: E external/xla/xla/stream_executor/cuda/cuda_driver.cc:674] failed to unload module 0xba33a20; leaking: CUDA_ERROR_ILLEGAL_ADDRESS: an illegal memory access was encountered
2024-03-15 12:11:41.876576: E external/xla/xla/stream_executor/cuda/cuda_driver.cc:674] failed to unload module 0xbf87470; leaking: CUDA_ERROR_ILLEGAL_ADDRESS: an illegal memory access was encountered
2024-03-15 12:11:41.878497: E external/xla/xla/stream_executor/cuda/cuda_driver.cc:674] failed to unload module 0x7fc578ca2dc0; leaking: CUDA_ERROR_ILLEGAL_ADDRESS: an illegal memory access was encountered
2024-03-15 12:11:41.882415: E external/xla/xla/stream_executor/cuda/cuda_driver.cc:674] failed to unload module 0x7fc57913c330; leaking: CUDA_ERROR_ILLEGAL_ADDRESS: an illegal memory access was encountered
2024-03-15 12:11:41.884809: E external/xla/xla/stream_executor/cuda/cuda_driver.cc:674] failed to unload module 0x7fc579d153b0; leaking: CUDA_ERROR_ILLEGAL_ADDRESS: an illegal memory access was encountered
2024-03-15 12:11:41.886982: E external/xla/xla/stream_executor/cuda/cuda_driver.cc:674] failed to unload module 0x7fc579db84a0; leaking: CUDA_ERROR_ILLEGAL_ADDRESS: an illegal memory access was encountered
2024-03-15 12:11:42.133505: E external/xla/xla/stream_executor/cuda/cuda_driver.cc:763] failed to free device memory at 0x7fc54ff46400; result: CUDA_ERROR_ILLEGAL_ADDRESS: an illegal memory access was encountered
2024-03-15 12:11:42.134608: E external/xla/xla/stream_executor/cuda/cuda_driver.cc:674] failed to unload module 0x7fc57a5e0e40; leaking: CUDA_ERROR_ILLEGAL_ADDRESS: an illegal memory access was encountered
