Loaded dependency [python3/3.10.12]: gcc/11.4.0-binutils-2.40
Loaded dependency [python3/3.10.12]: sqlite3/3.42.0

Switching from python3/3.8.2 to python3/3.10.12
  Loading requirement: gcc/11.4.0-binutils-2.40 sqlite3/3.42.0
2024-01-30 14:06:03.865171: E tensorflow/compiler/xla/stream_executor/cuda/cuda_dnn.cc:9342] Unable to register cuDNN factory: Attempting to register factory for plugin cuDNN when one has already been registered
2024-01-30 14:06:03.865209: E tensorflow/compiler/xla/stream_executor/cuda/cuda_fft.cc:609] Unable to register cuFFT factory: Attempting to register factory for plugin cuFFT when one has already been registered
2024-01-30 14:06:03.865235: E tensorflow/compiler/xla/stream_executor/cuda/cuda_blas.cc:1518] Unable to register cuBLAS factory: Attempting to register factory for plugin cuBLAS when one has already been registered
2024-01-30 14:07:25.152231: W external/xla/xla/service/gpu/runtime/support.cc:58] Intercepted XLA runtime error:
INTERNAL: jaxlib/gpu/blas_kernels.cc:100: operation gpuStreamSynchronize(stream) failed: an illegal memory access was encountered
2024-01-30 14:07:25.152646: E external/xla/xla/pjrt/pjrt_stream_executor_client.cc:2593] Execution of replica 0 failed: INTERNAL: Failed to execute XLA Runtime executable: run time error: custom call 'xla.gpu.custom_call' failed: jaxlib/gpu/blas_kernels.cc:100: operation gpuStreamSynchronize(stream) failed: an illegal memory access was encountered; current tracing scope: custom-call.4; current profiling annotation: XlaModule:#hlo_module=jit__lambda_,program_id=131#.
2024-01-30 14:07:25.208296: W tensorflow/core/framework/op_kernel.cc:1827] UNKNOWN: XlaRuntimeError: INTERNAL: Failed to execute XLA Runtime executable: run time error: custom call 'xla.gpu.custom_call' failed: jaxlib/gpu/blas_kernels.cc:100: operation gpuStreamSynchronize(stream) failed: an illegal memory access was encountered; current tracing scope: custom-call.4; current profiling annotation: XlaModule:#hlo_module=jit__lambda_,program_id=131#.
jax.errors.SimplifiedTraceback: For simplicity, JAX has removed its internal frames from the traceback of the following exception. Set JAX_TRACEBACK_FILTERING=off to include these.


The above exception was the direct cause of the following exception:


Traceback (most recent call last):

  File "/zhome/77/8/118225/.local/lib/python3.10/site-packages/tensorflow/python/ops/script_ops.py", line 270, in __call__
    ret = func(*args)

  File "/zhome/77/8/118225/.local/lib/python3.10/site-packages/tensorflow/python/autograph/impl/api.py", line 643, in wrapper
    return func(*args, **kwargs)

  File "/zhome/77/8/118225/.local/lib/python3.10/site-packages/tensorflow/python/data/ops/from_generator_op.py", line 198, in generator_py_func
    values = next(generator_state.get_iterator(iterator_id))

  File "/zhome/77/8/118225/Desktop/Projects/score_diffusion_mean/score_diffusion_mean/jaxgeometry/statistics/score_matching/generators.py", line 66, in __call__
    (ts,xss,chartss,*_) = self.product((jnp.repeat(self.x0s[0],self.x_samples,axis=0),

jaxlib.xla_extension.XlaRuntimeError: INTERNAL: Failed to execute XLA Runtime executable: run time error: custom call 'xla.gpu.custom_call' failed: jaxlib/gpu/blas_kernels.cc:100: operation gpuStreamSynchronize(stream) failed: an illegal memory access was encountered; current tracing scope: custom-call.4; current profiling annotation: XlaModule:#hlo_module=jit__lambda_,program_id=131#.


Traceback (most recent call last):
  File "/zhome/77/8/118225/Desktop/Projects/score_diffusion_mean/score_diffusion_mean/train_score.py", line 507, in <module>
    train_score()
  File "/zhome/77/8/118225/Desktop/Projects/score_diffusion_mean/score_diffusion_mean/train_score.py", line 485, in train_score
    train_s1(M=M,
  File "/zhome/77/8/118225/Desktop/Projects/score_diffusion_mean/score_diffusion_mean/jaxgeometry/statistics/score_matching/trainxt.py", line 116, in train_s1
    initial_params = model.init(jrandom.PRNGKey(seed), next(train_dataset)[:,:(2*N_dim+1)])
  File "/zhome/77/8/118225/.local/lib/python3.10/site-packages/tensorflow_datasets/core/dataset_utils.py", line 82, in _eager_dataset_iterator
    for elem in ds:
  File "/zhome/77/8/118225/.local/lib/python3.10/site-packages/tensorflow/python/data/ops/iterator_ops.py", line 809, in __next__
    return self._next_internal()
  File "/zhome/77/8/118225/.local/lib/python3.10/site-packages/tensorflow/python/data/ops/iterator_ops.py", line 772, in _next_internal
    ret = gen_dataset_ops.iterator_get_next(
  File "/zhome/77/8/118225/.local/lib/python3.10/site-packages/tensorflow/python/ops/gen_dataset_ops.py", line 3028, in iterator_get_next
    _ops.raise_from_not_ok_status(e, name)
  File "/zhome/77/8/118225/.local/lib/python3.10/site-packages/tensorflow/python/framework/ops.py", line 5888, in raise_from_not_ok_status
    raise core._status_to_exception(e) from None  # pylint: disable=protected-access
tensorflow.python.framework.errors_impl.UnknownError: {{function_node __wrapped__IteratorGetNext_output_types_1_device_/job:localhost/replica:0/task:0/device:CPU:0}} XlaRuntimeError: INTERNAL: Failed to execute XLA Runtime executable: run time error: custom call 'xla.gpu.custom_call' failed: jaxlib/gpu/blas_kernels.cc:100: operation gpuStreamSynchronize(stream) failed: an illegal memory access was encountered; current tracing scope: custom-call.4; current profiling annotation: XlaModule:#hlo_module=jit__lambda_,program_id=131#.
jax.errors.SimplifiedTraceback: For simplicity, JAX has removed its internal frames from the traceback of the following exception. Set JAX_TRACEBACK_FILTERING=off to include these.


The above exception was the direct cause of the following exception:


Traceback (most recent call last):

  File "/zhome/77/8/118225/.local/lib/python3.10/site-packages/tensorflow/python/ops/script_ops.py", line 270, in __call__
    ret = func(*args)

  File "/zhome/77/8/118225/.local/lib/python3.10/site-packages/tensorflow/python/autograph/impl/api.py", line 643, in wrapper
    return func(*args, **kwargs)

  File "/zhome/77/8/118225/.local/lib/python3.10/site-packages/tensorflow/python/data/ops/from_generator_op.py", line 198, in generator_py_func
    values = next(generator_state.get_iterator(iterator_id))

  File "/zhome/77/8/118225/Desktop/Projects/score_diffusion_mean/score_diffusion_mean/jaxgeometry/statistics/score_matching/generators.py", line 66, in __call__
    (ts,xss,chartss,*_) = self.product((jnp.repeat(self.x0s[0],self.x_samples,axis=0),

jaxlib.xla_extension.XlaRuntimeError: INTERNAL: Failed to execute XLA Runtime executable: run time error: custom call 'xla.gpu.custom_call' failed: jaxlib/gpu/blas_kernels.cc:100: operation gpuStreamSynchronize(stream) failed: an illegal memory access was encountered; current tracing scope: custom-call.4; current profiling annotation: XlaModule:#hlo_module=jit__lambda_,program_id=131#.


	 [[{{node PyFunc}}]] [Op:IteratorGetNext] name: 
2024-01-30 14:07:25.724878: E external/xla/xla/stream_executor/cuda/cuda_driver.cc:674] failed to unload module 0x991b700; leaking: CUDA_ERROR_ILLEGAL_ADDRESS: an illegal memory access was encountered
2024-01-30 14:07:25.726121: E external/xla/xla/stream_executor/cuda/cuda_driver.cc:674] failed to unload module 0x7fe940101ef0; leaking: CUDA_ERROR_ILLEGAL_ADDRESS: an illegal memory access was encountered
2024-01-30 14:07:25.728652: E external/xla/xla/stream_executor/cuda/cuda_driver.cc:674] failed to unload module 0xa22c700; leaking: CUDA_ERROR_ILLEGAL_ADDRESS: an illegal memory access was encountered
2024-01-30 14:07:25.730442: E external/xla/xla/stream_executor/cuda/cuda_driver.cc:674] failed to unload module 0xbe50f60; leaking: CUDA_ERROR_ILLEGAL_ADDRESS: an illegal memory access was encountered
2024-01-30 14:07:25.734571: E external/xla/xla/stream_executor/cuda/cuda_driver.cc:674] failed to unload module 0x9b462c0; leaking: CUDA_ERROR_ILLEGAL_ADDRESS: an illegal memory access was encountered
2024-01-30 14:07:25.735442: E external/xla/xla/stream_executor/cuda/cuda_driver.cc:674] failed to unload module 0x9ae3980; leaking: CUDA_ERROR_ILLEGAL_ADDRESS: an illegal memory access was encountered
2024-01-30 14:07:25.735855: E external/xla/xla/stream_executor/cuda/cuda_driver.cc:674] failed to unload module 0x8d09570; leaking: CUDA_ERROR_ILLEGAL_ADDRESS: an illegal memory access was encountered
2024-01-30 14:07:25.736298: E external/xla/xla/stream_executor/cuda/cuda_driver.cc:674] failed to unload module 0x9886300; leaking: CUDA_ERROR_ILLEGAL_ADDRESS: an illegal memory access was encountered
2024-01-30 14:07:25.736684: E external/xla/xla/stream_executor/cuda/cuda_driver.cc:674] failed to unload module 0x99dd970; leaking: CUDA_ERROR_ILLEGAL_ADDRESS: an illegal memory access was encountered
2024-01-30 14:07:25.737091: E external/xla/xla/stream_executor/cuda/cuda_driver.cc:674] failed to unload module 0x9bef760; leaking: CUDA_ERROR_ILLEGAL_ADDRESS: an illegal memory access was encountered
2024-01-30 14:07:25.739063: E external/xla/xla/stream_executor/cuda/cuda_driver.cc:674] failed to unload module 0xc05fef0; leaking: CUDA_ERROR_ILLEGAL_ADDRESS: an illegal memory access was encountered
2024-01-30 14:07:25.739954: E external/xla/xla/stream_executor/cuda/cuda_driver.cc:674] failed to unload module 0xb3659e0; leaking: CUDA_ERROR_ILLEGAL_ADDRESS: an illegal memory access was encountered
2024-01-30 14:07:25.740382: E external/xla/xla/stream_executor/cuda/cuda_driver.cc:674] failed to unload module 0xc1c93d0; leaking: CUDA_ERROR_ILLEGAL_ADDRESS: an illegal memory access was encountered
2024-01-30 14:07:25.742501: E external/xla/xla/stream_executor/cuda/cuda_driver.cc:674] failed to unload module 0xc187fe0; leaking: CUDA_ERROR_ILLEGAL_ADDRESS: an illegal memory access was encountered
2024-01-30 14:07:25.743979: E external/xla/xla/stream_executor/cuda/cuda_driver.cc:674] failed to unload module 0xc2e1a00; leaking: CUDA_ERROR_ILLEGAL_ADDRESS: an illegal memory access was encountered
2024-01-30 14:07:25.745649: E external/xla/xla/stream_executor/cuda/cuda_driver.cc:674] failed to unload module 0x7fe9401c64a0; leaking: CUDA_ERROR_ILLEGAL_ADDRESS: an illegal memory access was encountered
2024-01-30 14:07:25.749122: E external/xla/xla/stream_executor/cuda/cuda_driver.cc:674] failed to unload module 0x7fe940851f90; leaking: CUDA_ERROR_ILLEGAL_ADDRESS: an illegal memory access was encountered
2024-01-30 14:07:25.751266: E external/xla/xla/stream_executor/cuda/cuda_driver.cc:674] failed to unload module 0x7fe9405e3b00; leaking: CUDA_ERROR_ILLEGAL_ADDRESS: an illegal memory access was encountered
2024-01-30 14:07:25.753291: E external/xla/xla/stream_executor/cuda/cuda_driver.cc:674] failed to unload module 0x7fe9413ff770; leaking: CUDA_ERROR_ILLEGAL_ADDRESS: an illegal memory access was encountered
2024-01-30 14:07:25.999597: E external/xla/xla/stream_executor/cuda/cuda_driver.cc:763] failed to free device memory at 0x7fe90ff46400; result: CUDA_ERROR_ILLEGAL_ADDRESS: an illegal memory access was encountered
2024-01-30 14:07:26.000335: E external/xla/xla/stream_executor/cuda/cuda_driver.cc:674] failed to unload module 0x7fe9417d6280; leaking: CUDA_ERROR_ILLEGAL_ADDRESS: an illegal memory access was encountered
