Switching from python to 3/3.9.11
  ERROR: Unable to locate a modulefile for '3/3.9.11'
2023-10-04 09:17:19.827024: W tensorflow/compiler/tf2tensorrt/utils/py_utils.cc:38] TF-TRT Warning: Could not find TensorRT
Traceback (most recent call last):
  File "train_score.py", line 37, in <module>
    from ManLearn.VAE.VAE_MNIST import model as mnist_model
  File "/zhome/77/8/118225/Desktop/smrdm/smrdm/ManLearn/VAE/VAE_MNIST.py", line 13, in <module>
    from ManLearn.initialize import *
  File "/zhome/77/8/118225/Desktop/smrdm/smrdm/ManLearn/initialize.py", line 38, in <module>
    import tensorflow as tf
  File "/zhome/77/8/118225/.local/lib/python3.8/site-packages/tensorflow/__init__.py", line 52, in <module>
    from ._api.v2 import compat
  File "/zhome/77/8/118225/.local/lib/python3.8/site-packages/tensorflow/_api/v2/compat/__init__.py", line 37, in <module>
    from . import v1
  File "/zhome/77/8/118225/.local/lib/python3.8/site-packages/tensorflow/_api/v2/compat/v1/__init__.py", line 31, in <module>
    from . import compat
  File "/zhome/77/8/118225/.local/lib/python3.8/site-packages/tensorflow/_api/v2/compat/v1/compat/__init__.py", line 38, in <module>
    from . import v2
  File "/zhome/77/8/118225/.local/lib/python3.8/site-packages/tensorflow/_api/v2/compat/v1/compat/v2/__init__.py", line 28, in <module>
    from tensorflow._api.v2.compat.v2 import __internal__
  File "/zhome/77/8/118225/.local/lib/python3.8/site-packages/tensorflow/_api/v2/compat/v2/__init__.py", line 33, in <module>
    from . import compat
  File "/zhome/77/8/118225/.local/lib/python3.8/site-packages/tensorflow/_api/v2/compat/v2/compat/__init__.py", line 38, in <module>
    from . import v2
  File "/zhome/77/8/118225/.local/lib/python3.8/site-packages/tensorflow/_api/v2/compat/v2/compat/v2/__init__.py", line 61, in <module>
    from tensorflow._api.v2.compat.v2 import sparse
  File "<frozen importlib._bootstrap>", line 988, in _find_and_load
  File "<frozen importlib._bootstrap>", line 149, in __enter__
  File "<frozen importlib._bootstrap>", line 101, in acquire
KeyboardInterrupt
