Loaded dependency [python3/3.10.12]: gcc/11.4.0-binutils-2.40
Loaded dependency [python3/3.10.12]: sqlite3/3.42.0

Switching from python3/3.8.2 to python3/3.10.12
  Loading requirement: gcc/11.4.0-binutils-2.40 sqlite3/3.42.0
2024-03-25 22:25:21.560051: E tensorflow/compiler/xla/stream_executor/cuda/cuda_dnn.cc:9342] Unable to register cuDNN factory: Attempting to register factory for plugin cuDNN when one has already been registered
2024-03-25 22:25:21.560121: E tensorflow/compiler/xla/stream_executor/cuda/cuda_fft.cc:609] Unable to register cuFFT factory: Attempting to register factory for plugin cuFFT when one has already been registered
2024-03-25 22:25:21.566414: E tensorflow/compiler/xla/stream_executor/cuda/cuda_blas.cc:1518] Unable to register cuBLAS factory: Attempting to register factory for plugin cuBLAS when one has already been registered
2024-03-25 22:25:49.093808: W external/xla/xla/service/gpu/runtime/support.cc:58] Intercepted XLA runtime error:
UNKNOWN: cuSolver execution failed
2024-03-25 22:25:49.094260: E external/xla/xla/pjrt/pjrt_stream_executor_client.cc:2593] Execution of replica 0 failed: INTERNAL: Failed to execute XLA Runtime executable: run time error: custom call 'xla.gpu.cholesky' failed: cuSolver execution failed; current tracing scope: custom-call.6; current profiling annotation: XlaModule:#hlo_module=jit__lambda_,program_id=150#.
2024-03-25 22:25:49.177279: W tensorflow/core/framework/op_kernel.cc:1827] UNKNOWN: XlaRuntimeError: INTERNAL: Failed to execute XLA Runtime executable: run time error: custom call 'xla.gpu.cholesky' failed: cuSolver execution failed; current tracing scope: custom-call.6; current profiling annotation: XlaModule:#hlo_module=jit__lambda_,program_id=150#.
jax.errors.SimplifiedTraceback: For simplicity, JAX has removed its internal frames from the traceback of the following exception. Set JAX_TRACEBACK_FILTERING=off to include these.


The above exception was the direct cause of the following exception:


Traceback (most recent call last):

  File "/zhome/77/8/118225/.local/lib/python3.10/site-packages/tensorflow/python/ops/script_ops.py", line 270, in __call__
    ret = func(*args)

  File "/zhome/77/8/118225/.local/lib/python3.10/site-packages/tensorflow/python/autograph/impl/api.py", line 643, in wrapper
    return func(*args, **kwargs)

  File "/zhome/77/8/118225/.local/lib/python3.10/site-packages/tensorflow/python/data/ops/from_generator_op.py", line 198, in generator_py_func
    values = next(generator_state.get_iterator(iterator_id))

  File "/zhome/77/8/118225/Desktop/Projects/score_diffusion_mean/score_diffusion_mean/jaxgeometry/statistics/score_matching/generators.py", line 88, in __call__
    (ts,xss,chartss,*_) = self.product((jnp.repeat(self.x0s[0],self.x_samples,axis=0),

jaxlib.xla_extension.XlaRuntimeError: INTERNAL: Failed to execute XLA Runtime executable: run time error: custom call 'xla.gpu.cholesky' failed: cuSolver execution failed; current tracing scope: custom-call.6; current profiling annotation: XlaModule:#hlo_module=jit__lambda_,program_id=150#.


Traceback (most recent call last):
  File "/zhome/77/8/118225/Desktop/Projects/score_diffusion_mean/score_diffusion_mean/train_score.py", line 296, in <module>
    train_score()
  File "/zhome/77/8/118225/Desktop/Projects/score_diffusion_mean/score_diffusion_mean/train_score.py", line 274, in train_score
    train_s1(M=M,
  File "/zhome/77/8/118225/Desktop/Projects/score_diffusion_mean/score_diffusion_mean/jaxgeometry/statistics/score_matching/trainxt.py", line 95, in train_s1
    initial_params = model.init(jrandom.PRNGKey(seed), next(train_dataset)[:,:(2*N_dim+1)])
  File "/zhome/77/8/118225/.local/lib/python3.10/site-packages/tensorflow_datasets/core/dataset_utils.py", line 82, in _eager_dataset_iterator
    for elem in ds:
  File "/zhome/77/8/118225/.local/lib/python3.10/site-packages/tensorflow/python/data/ops/iterator_ops.py", line 809, in __next__
    return self._next_internal()
  File "/zhome/77/8/118225/.local/lib/python3.10/site-packages/tensorflow/python/data/ops/iterator_ops.py", line 772, in _next_internal
    ret = gen_dataset_ops.iterator_get_next(
  File "/zhome/77/8/118225/.local/lib/python3.10/site-packages/tensorflow/python/ops/gen_dataset_ops.py", line 3028, in iterator_get_next
    _ops.raise_from_not_ok_status(e, name)
  File "/zhome/77/8/118225/.local/lib/python3.10/site-packages/tensorflow/python/framework/ops.py", line 5888, in raise_from_not_ok_status
    raise core._status_to_exception(e) from None  # pylint: disable=protected-access
tensorflow.python.framework.errors_impl.UnknownError: {{function_node __wrapped__IteratorGetNext_output_types_1_device_/job:localhost/replica:0/task:0/device:CPU:0}} XlaRuntimeError: INTERNAL: Failed to execute XLA Runtime executable: run time error: custom call 'xla.gpu.cholesky' failed: cuSolver execution failed; current tracing scope: custom-call.6; current profiling annotation: XlaModule:#hlo_module=jit__lambda_,program_id=150#.
jax.errors.SimplifiedTraceback: For simplicity, JAX has removed its internal frames from the traceback of the following exception. Set JAX_TRACEBACK_FILTERING=off to include these.


The above exception was the direct cause of the following exception:


Traceback (most recent call last):

  File "/zhome/77/8/118225/.local/lib/python3.10/site-packages/tensorflow/python/ops/script_ops.py", line 270, in __call__
    ret = func(*args)

  File "/zhome/77/8/118225/.local/lib/python3.10/site-packages/tensorflow/python/autograph/impl/api.py", line 643, in wrapper
    return func(*args, **kwargs)

  File "/zhome/77/8/118225/.local/lib/python3.10/site-packages/tensorflow/python/data/ops/from_generator_op.py", line 198, in generator_py_func
    values = next(generator_state.get_iterator(iterator_id))

  File "/zhome/77/8/118225/Desktop/Projects/score_diffusion_mean/score_diffusion_mean/jaxgeometry/statistics/score_matching/generators.py", line 88, in __call__
    (ts,xss,chartss,*_) = self.product((jnp.repeat(self.x0s[0],self.x_samples,axis=0),

jaxlib.xla_extension.XlaRuntimeError: INTERNAL: Failed to execute XLA Runtime executable: run time error: custom call 'xla.gpu.cholesky' failed: cuSolver execution failed; current tracing scope: custom-call.6; current profiling annotation: XlaModule:#hlo_module=jit__lambda_,program_id=150#.


	 [[{{node PyFunc}}]] [Op:IteratorGetNext] name: 
2024-03-25 22:25:49.763347: E external/xla/xla/stream_executor/cuda/cuda_driver.cc:674] failed to unload module 0x2f2a950; leaking: CUDA_ERROR_ILLEGAL_ADDRESS: an illegal memory access was encountered
2024-03-25 22:25:49.764560: E external/xla/xla/stream_executor/cuda/cuda_driver.cc:674] failed to unload module 0x7f29341ca8a0; leaking: CUDA_ERROR_ILLEGAL_ADDRESS: an illegal memory access was encountered
2024-03-25 22:25:49.766694: E external/xla/xla/stream_executor/cuda/cuda_driver.cc:674] failed to unload module 0x8e6fe50; leaking: CUDA_ERROR_ILLEGAL_ADDRESS: an illegal memory access was encountered
2024-03-25 22:25:49.769714: E external/xla/xla/stream_executor/cuda/cuda_driver.cc:674] failed to unload module 0xa38e460; leaking: CUDA_ERROR_ILLEGAL_ADDRESS: an illegal memory access was encountered
2024-03-25 22:25:49.770897: E external/xla/xla/stream_executor/cuda/cuda_driver.cc:674] failed to unload module 0xa2d7880; leaking: CUDA_ERROR_ILLEGAL_ADDRESS: an illegal memory access was encountered
2024-03-25 22:25:49.771435: E external/xla/xla/stream_executor/cuda/cuda_driver.cc:674] failed to unload module 0x338a1a0; leaking: CUDA_ERROR_ILLEGAL_ADDRESS: an illegal memory access was encountered
2024-03-25 22:25:49.776018: E external/xla/xla/stream_executor/cuda/cuda_driver.cc:674] failed to unload module 0x322e010; leaking: CUDA_ERROR_ILLEGAL_ADDRESS: an illegal memory access was encountered
2024-03-25 22:25:49.776433: E external/xla/xla/stream_executor/cuda/cuda_driver.cc:674] failed to unload module 0x8a083d0; leaking: CUDA_ERROR_ILLEGAL_ADDRESS: an illegal memory access was encountered
2024-03-25 22:25:49.777057: E external/xla/xla/stream_executor/cuda/cuda_driver.cc:674] failed to unload module 0x3214610; leaking: CUDA_ERROR_ILLEGAL_ADDRESS: an illegal memory access was encountered
2024-03-25 22:25:49.777390: E external/xla/xla/stream_executor/cuda/cuda_driver.cc:674] failed to unload module 0x22de620; leaking: CUDA_ERROR_ILLEGAL_ADDRESS: an illegal memory access was encountered
2024-03-25 22:25:49.777764: E external/xla/xla/stream_executor/cuda/cuda_driver.cc:674] failed to unload module 0x2317430; leaking: CUDA_ERROR_ILLEGAL_ADDRESS: an illegal memory access was encountered
2024-03-25 22:25:49.778062: E external/xla/xla/stream_executor/cuda/cuda_driver.cc:674] failed to unload module 0x22ec2e0; leaking: CUDA_ERROR_ILLEGAL_ADDRESS: an illegal memory access was encountered
2024-03-25 22:25:49.778381: E external/xla/xla/stream_executor/cuda/cuda_driver.cc:674] failed to unload module 0x319b010; leaking: CUDA_ERROR_ILLEGAL_ADDRESS: an illegal memory access was encountered
2024-03-25 22:25:49.779238: E external/xla/xla/stream_executor/cuda/cuda_driver.cc:674] failed to unload module 0xad0d600; leaking: CUDA_ERROR_ILLEGAL_ADDRESS: an illegal memory access was encountered
2024-03-25 22:25:49.779579: E external/xla/xla/stream_executor/cuda/cuda_driver.cc:674] failed to unload module 0xa7add30; leaking: CUDA_ERROR_ILLEGAL_ADDRESS: an illegal memory access was encountered
2024-03-25 22:25:49.779927: E external/xla/xla/stream_executor/cuda/cuda_driver.cc:674] failed to unload module 0xaedc9f0; leaking: CUDA_ERROR_ILLEGAL_ADDRESS: an illegal memory access was encountered
2024-03-25 22:25:49.780310: E external/xla/xla/stream_executor/cuda/cuda_driver.cc:674] failed to unload module 0xb07f500; leaking: CUDA_ERROR_ILLEGAL_ADDRESS: an illegal memory access was encountered
2024-03-25 22:25:49.780987: E external/xla/xla/stream_executor/cuda/cuda_driver.cc:674] failed to unload module 0xa55c670; leaking: CUDA_ERROR_ILLEGAL_ADDRESS: an illegal memory access was encountered
2024-03-25 22:25:49.781717: E external/xla/xla/stream_executor/cuda/cuda_driver.cc:674] failed to unload module 0xa521630; leaking: CUDA_ERROR_ILLEGAL_ADDRESS: an illegal memory access was encountered
2024-03-25 22:25:49.782074: E external/xla/xla/stream_executor/cuda/cuda_driver.cc:674] failed to unload module 0xa664500; leaking: CUDA_ERROR_ILLEGAL_ADDRESS: an illegal memory access was encountered
2024-03-25 22:25:49.783876: E external/xla/xla/stream_executor/cuda/cuda_driver.cc:674] failed to unload module 0xb40d650; leaking: CUDA_ERROR_ILLEGAL_ADDRESS: an illegal memory access was encountered
2024-03-25 22:25:49.785186: E external/xla/xla/stream_executor/cuda/cuda_driver.cc:674] failed to unload module 0xb42d4b0; leaking: CUDA_ERROR_ILLEGAL_ADDRESS: an illegal memory access was encountered
2024-03-25 22:25:49.786631: E external/xla/xla/stream_executor/cuda/cuda_driver.cc:674] failed to unload module 0x7f2934009b10; leaking: CUDA_ERROR_ILLEGAL_ADDRESS: an illegal memory access was encountered
2024-03-25 22:25:49.789660: E external/xla/xla/stream_executor/cuda/cuda_driver.cc:674] failed to unload module 0x7f2934d544c0; leaking: CUDA_ERROR_ILLEGAL_ADDRESS: an illegal memory access was encountered
2024-03-25 22:25:49.791641: E external/xla/xla/stream_executor/cuda/cuda_driver.cc:674] failed to unload module 0x7f2934931710; leaking: CUDA_ERROR_ILLEGAL_ADDRESS: an illegal memory access was encountered
2024-03-25 22:25:49.793568: E external/xla/xla/stream_executor/cuda/cuda_driver.cc:674] failed to unload module 0x7f293557bc90; leaking: CUDA_ERROR_ILLEGAL_ADDRESS: an illegal memory access was encountered
2024-03-25 22:25:50.047031: E external/xla/xla/stream_executor/cuda/cuda_driver.cc:763] failed to free device memory at 0x7f2909747a00; result: CUDA_ERROR_ILLEGAL_ADDRESS: an illegal memory access was encountered
2024-03-25 22:25:50.047757: E external/xla/xla/stream_executor/cuda/cuda_driver.cc:674] failed to unload module 0x7f2935bd1fb0; leaking: CUDA_ERROR_ILLEGAL_ADDRESS: an illegal memory access was encountered
