Loaded dependency [python3/3.10.12]: gcc/11.4.0-binutils-2.40
Loaded dependency [python3/3.10.12]: sqlite3/3.42.0

Switching from python3/3.8.2 to python3/3.10.12
  Loading requirement: gcc/11.4.0-binutils-2.40 sqlite3/3.42.0
2024-01-30 02:28:57.772156: E tensorflow/compiler/xla/stream_executor/cuda/cuda_dnn.cc:9342] Unable to register cuDNN factory: Attempting to register factory for plugin cuDNN when one has already been registered
2024-01-30 02:28:57.772228: E tensorflow/compiler/xla/stream_executor/cuda/cuda_fft.cc:609] Unable to register cuFFT factory: Attempting to register factory for plugin cuFFT when one has already been registered
2024-01-30 02:28:57.780454: E tensorflow/compiler/xla/stream_executor/cuda/cuda_blas.cc:1518] Unable to register cuBLAS factory: Attempting to register factory for plugin cuBLAS when one has already been registered
2024-01-30 02:29:38.055240: W external/xla/xla/service/gpu/runtime/support.cc:58] Intercepted XLA runtime error:
INTERNAL: jaxlib/gpu/blas_kernels.cc:100: operation gpuStreamSynchronize(stream) failed: an illegal memory access was encountered
2024-01-30 02:29:38.055682: E external/xla/xla/pjrt/pjrt_stream_executor_client.cc:2593] Execution of replica 0 failed: INTERNAL: Failed to execute XLA Runtime executable: run time error: custom call 'xla.gpu.custom_call' failed: jaxlib/gpu/blas_kernels.cc:100: operation gpuStreamSynchronize(stream) failed: an illegal memory access was encountered; current tracing scope: custom-call.4; current profiling annotation: XlaModule:#hlo_module=jit__lambda_,program_id=131#.
2024-01-30 02:29:38.159492: W tensorflow/core/framework/op_kernel.cc:1827] UNKNOWN: XlaRuntimeError: INTERNAL: Failed to execute XLA Runtime executable: run time error: custom call 'xla.gpu.custom_call' failed: jaxlib/gpu/blas_kernels.cc:100: operation gpuStreamSynchronize(stream) failed: an illegal memory access was encountered; current tracing scope: custom-call.4; current profiling annotation: XlaModule:#hlo_module=jit__lambda_,program_id=131#.
jax.errors.SimplifiedTraceback: For simplicity, JAX has removed its internal frames from the traceback of the following exception. Set JAX_TRACEBACK_FILTERING=off to include these.


The above exception was the direct cause of the following exception:


Traceback (most recent call last):

  File "/zhome/77/8/118225/.local/lib/python3.10/site-packages/tensorflow/python/ops/script_ops.py", line 270, in __call__
    ret = func(*args)

  File "/zhome/77/8/118225/.local/lib/python3.10/site-packages/tensorflow/python/autograph/impl/api.py", line 643, in wrapper
    return func(*args, **kwargs)

  File "/zhome/77/8/118225/.local/lib/python3.10/site-packages/tensorflow/python/data/ops/from_generator_op.py", line 198, in generator_py_func
    values = next(generator_state.get_iterator(iterator_id))

  File "/zhome/77/8/118225/Desktop/Projects/score_diffusion_mean/score_diffusion_mean/jaxgeometry/statistics/score_matching/generators.py", line 66, in __call__
    (ts,xss,chartss,*_) = self.product((jnp.repeat(self.x0s[0],self.x_samples,axis=0),

jaxlib.xla_extension.XlaRuntimeError: INTERNAL: Failed to execute XLA Runtime executable: run time error: custom call 'xla.gpu.custom_call' failed: jaxlib/gpu/blas_kernels.cc:100: operation gpuStreamSynchronize(stream) failed: an illegal memory access was encountered; current tracing scope: custom-call.4; current profiling annotation: XlaModule:#hlo_module=jit__lambda_,program_id=131#.


Traceback (most recent call last):
  File "/zhome/77/8/118225/Desktop/Projects/score_diffusion_mean/score_diffusion_mean/train_score.py", line 507, in <module>
    train_score()
  File "/zhome/77/8/118225/Desktop/Projects/score_diffusion_mean/score_diffusion_mean/train_score.py", line 462, in train_score
    train_s2(M=M,
  File "/zhome/77/8/118225/Desktop/Projects/score_diffusion_mean/score_diffusion_mean/jaxgeometry/statistics/score_matching/trainxt.py", line 284, in train_s2
    initial_params = s2_model.init(jrandom.PRNGKey(seed), next(train_dataset)[:,:(2*N_dim+1)])
  File "/zhome/77/8/118225/.local/lib/python3.10/site-packages/tensorflow_datasets/core/dataset_utils.py", line 82, in _eager_dataset_iterator
    for elem in ds:
  File "/zhome/77/8/118225/.local/lib/python3.10/site-packages/tensorflow/python/data/ops/iterator_ops.py", line 809, in __next__
    return self._next_internal()
  File "/zhome/77/8/118225/.local/lib/python3.10/site-packages/tensorflow/python/data/ops/iterator_ops.py", line 772, in _next_internal
    ret = gen_dataset_ops.iterator_get_next(
  File "/zhome/77/8/118225/.local/lib/python3.10/site-packages/tensorflow/python/ops/gen_dataset_ops.py", line 3028, in iterator_get_next
    _ops.raise_from_not_ok_status(e, name)
  File "/zhome/77/8/118225/.local/lib/python3.10/site-packages/tensorflow/python/framework/ops.py", line 5888, in raise_from_not_ok_status
    raise core._status_to_exception(e) from None  # pylint: disable=protected-access
tensorflow.python.framework.errors_impl.UnknownError: {{function_node __wrapped__IteratorGetNext_output_types_1_device_/job:localhost/replica:0/task:0/device:CPU:0}} XlaRuntimeError: INTERNAL: Failed to execute XLA Runtime executable: run time error: custom call 'xla.gpu.custom_call' failed: jaxlib/gpu/blas_kernels.cc:100: operation gpuStreamSynchronize(stream) failed: an illegal memory access was encountered; current tracing scope: custom-call.4; current profiling annotation: XlaModule:#hlo_module=jit__lambda_,program_id=131#.
jax.errors.SimplifiedTraceback: For simplicity, JAX has removed its internal frames from the traceback of the following exception. Set JAX_TRACEBACK_FILTERING=off to include these.


The above exception was the direct cause of the following exception:


Traceback (most recent call last):

  File "/zhome/77/8/118225/.local/lib/python3.10/site-packages/tensorflow/python/ops/script_ops.py", line 270, in __call__
    ret = func(*args)

  File "/zhome/77/8/118225/.local/lib/python3.10/site-packages/tensorflow/python/autograph/impl/api.py", line 643, in wrapper
    return func(*args, **kwargs)

  File "/zhome/77/8/118225/.local/lib/python3.10/site-packages/tensorflow/python/data/ops/from_generator_op.py", line 198, in generator_py_func
    values = next(generator_state.get_iterator(iterator_id))

  File "/zhome/77/8/118225/Desktop/Projects/score_diffusion_mean/score_diffusion_mean/jaxgeometry/statistics/score_matching/generators.py", line 66, in __call__
    (ts,xss,chartss,*_) = self.product((jnp.repeat(self.x0s[0],self.x_samples,axis=0),

jaxlib.xla_extension.XlaRuntimeError: INTERNAL: Failed to execute XLA Runtime executable: run time error: custom call 'xla.gpu.custom_call' failed: jaxlib/gpu/blas_kernels.cc:100: operation gpuStreamSynchronize(stream) failed: an illegal memory access was encountered; current tracing scope: custom-call.4; current profiling annotation: XlaModule:#hlo_module=jit__lambda_,program_id=131#.


	 [[{{node PyFunc}}]] [Op:IteratorGetNext] name: 
2024-01-30 02:29:38.729221: E external/xla/xla/stream_executor/cuda/cuda_driver.cc:674] failed to unload module 0x8fbbc00; leaking: CUDA_ERROR_ILLEGAL_ADDRESS: an illegal memory access was encountered
2024-01-30 02:29:38.730416: E external/xla/xla/stream_executor/cuda/cuda_driver.cc:674] failed to unload module 0x7f5258ccb610; leaking: CUDA_ERROR_ILLEGAL_ADDRESS: an illegal memory access was encountered
2024-01-30 02:29:38.732635: E external/xla/xla/stream_executor/cuda/cuda_driver.cc:674] failed to unload module 0x9891c40; leaking: CUDA_ERROR_ILLEGAL_ADDRESS: an illegal memory access was encountered
2024-01-30 02:29:38.734395: E external/xla/xla/stream_executor/cuda/cuda_driver.cc:674] failed to unload module 0xb545b70; leaking: CUDA_ERROR_ILLEGAL_ADDRESS: an illegal memory access was encountered
2024-01-30 02:29:38.738249: E external/xla/xla/stream_executor/cuda/cuda_driver.cc:674] failed to unload module 0x90d52e0; leaking: CUDA_ERROR_ILLEGAL_ADDRESS: an illegal memory access was encountered
2024-01-30 02:29:38.739042: E external/xla/xla/stream_executor/cuda/cuda_driver.cc:674] failed to unload module 0x91ca8c0; leaking: CUDA_ERROR_ILLEGAL_ADDRESS: an illegal memory access was encountered
2024-01-30 02:29:38.739387: E external/xla/xla/stream_executor/cuda/cuda_driver.cc:674] failed to unload module 0x92d8280; leaking: CUDA_ERROR_ILLEGAL_ADDRESS: an illegal memory access was encountered
2024-01-30 02:29:38.739780: E external/xla/xla/stream_executor/cuda/cuda_driver.cc:674] failed to unload module 0x909e840; leaking: CUDA_ERROR_ILLEGAL_ADDRESS: an illegal memory access was encountered
2024-01-30 02:29:38.740171: E external/xla/xla/stream_executor/cuda/cuda_driver.cc:674] failed to unload module 0x9350fa0; leaking: CUDA_ERROR_ILLEGAL_ADDRESS: an illegal memory access was encountered
2024-01-30 02:29:38.740492: E external/xla/xla/stream_executor/cuda/cuda_driver.cc:674] failed to unload module 0x83d6a50; leaking: CUDA_ERROR_ILLEGAL_ADDRESS: an illegal memory access was encountered
2024-01-30 02:29:38.742186: E external/xla/xla/stream_executor/cuda/cuda_driver.cc:674] failed to unload module 0xb5ef110; leaking: CUDA_ERROR_ILLEGAL_ADDRESS: an illegal memory access was encountered
2024-01-30 02:29:38.742940: E external/xla/xla/stream_executor/cuda/cuda_driver.cc:674] failed to unload module 0xb620de0; leaking: CUDA_ERROR_ILLEGAL_ADDRESS: an illegal memory access was encountered
2024-01-30 02:29:38.743317: E external/xla/xla/stream_executor/cuda/cuda_driver.cc:674] failed to unload module 0xb4465b0; leaking: CUDA_ERROR_ILLEGAL_ADDRESS: an illegal memory access was encountered
2024-01-30 02:29:38.745211: E external/xla/xla/stream_executor/cuda/cuda_driver.cc:674] failed to unload module 0xbd10630; leaking: CUDA_ERROR_ILLEGAL_ADDRESS: an illegal memory access was encountered
2024-01-30 02:29:38.746517: E external/xla/xla/stream_executor/cuda/cuda_driver.cc:674] failed to unload module 0xb6265a0; leaking: CUDA_ERROR_ILLEGAL_ADDRESS: an illegal memory access was encountered
2024-01-30 02:29:38.747964: E external/xla/xla/stream_executor/cuda/cuda_driver.cc:674] failed to unload module 0x7f5258d08720; leaking: CUDA_ERROR_ILLEGAL_ADDRESS: an illegal memory access was encountered
2024-01-30 02:29:38.750986: E external/xla/xla/stream_executor/cuda/cuda_driver.cc:674] failed to unload module 0x7f52594b0570; leaking: CUDA_ERROR_ILLEGAL_ADDRESS: an illegal memory access was encountered
2024-01-30 02:29:38.752936: E external/xla/xla/stream_executor/cuda/cuda_driver.cc:674] failed to unload module 0x7f5259a95b50; leaking: CUDA_ERROR_ILLEGAL_ADDRESS: an illegal memory access was encountered
2024-01-30 02:29:38.754700: E external/xla/xla/stream_executor/cuda/cuda_driver.cc:674] failed to unload module 0x7f5259e49e20; leaking: CUDA_ERROR_ILLEGAL_ADDRESS: an illegal memory access was encountered
2024-01-30 02:29:39.004344: E external/xla/xla/stream_executor/cuda/cuda_driver.cc:763] failed to free device memory at 0x7f522f747a00; result: CUDA_ERROR_ILLEGAL_ADDRESS: an illegal memory access was encountered
2024-01-30 02:29:39.005101: E external/xla/xla/stream_executor/cuda/cuda_driver.cc:674] failed to unload module 0x7f525a167120; leaking: CUDA_ERROR_ILLEGAL_ADDRESS: an illegal memory access was encountered
