Loaded dependency [python3/3.10.12]: gcc/11.4.0-binutils-2.40
Loaded dependency [python3/3.10.12]: sqlite3/3.42.0

Switching from python3/3.8.2 to python3/3.10.12
  Loading requirement: gcc/11.4.0-binutils-2.40 sqlite3/3.42.0
Traceback (most recent call last):
  File "/zhome/77/8/118225/Desktop/Projects/score_diffusion_mean/score_diffusion_mean/train_score.py", line 30, in <module>
    from jaxgeometry.manifolds import *
  File "/zhome/77/8/118225/Desktop/Projects/score_diffusion_mean/score_diffusion_mean/jaxgeometry/__init__.py", line 24, in <module>
    import jaxgeometry.dynamics as dynamics
  File "/zhome/77/8/118225/Desktop/Projects/score_diffusion_mean/score_diffusion_mean/jaxgeometry/dynamics/__init__.py", line 24, in <module>
    from .flow import flow
  File "/zhome/77/8/118225/Desktop/Projects/score_diffusion_mean/score_diffusion_mean/jaxgeometry/dynamics/flow.py", line 24, in <module>
    from jaxgeometry.setup import *
  File "/zhome/77/8/118225/Desktop/Projects/score_diffusion_mean/score_diffusion_mean/jaxgeometry/setup.py", line 49, in <module>
    import optax
  File "/zhome/77/8/118225/.local/lib/python3.10/site-packages/optax/__init__.py", line 17, in <module>
    from optax import contrib
  File "/zhome/77/8/118225/.local/lib/python3.10/site-packages/optax/contrib/__init__.py", line 17, in <module>
    from optax._src.contrib.mechanic import MechanicState
  File "/zhome/77/8/118225/.local/lib/python3.10/site-packages/optax/_src/contrib/mechanic.py", line 38, in <module>
    from optax._src import utils
  File "/zhome/77/8/118225/.local/lib/python3.10/site-packages/optax/_src/utils.py", line 22, in <module>
    import jax.scipy.stats.norm as multivariate_normal
  File "/zhome/77/8/118225/.local/lib/python3.10/site-packages/jax/scipy/stats/__init__.py", line 18, in <module>
    from jax.scipy.stats import bernoulli as bernoulli
  File "/zhome/77/8/118225/.local/lib/python3.10/site-packages/jax/scipy/stats/bernoulli.py", line 18, in <module>
    from jax._src.scipy.stats.bernoulli import (
  File "/zhome/77/8/118225/.local/lib/python3.10/site-packages/jax/_src/scipy/stats/bernoulli.py", line 16, in <module>
    import scipy.stats as osp_stats
  File "/zhome/77/8/118225/.local/lib/python3.10/site-packages/scipy/stats/__init__.py", line 608, in <module>
    from ._stats_py import *
  File "/zhome/77/8/118225/.local/lib/python3.10/site-packages/scipy/stats/_stats_py.py", line 46, in <module>
    from . import distributions
  File "/zhome/77/8/118225/.local/lib/python3.10/site-packages/scipy/stats/distributions.py", line 10, in <module>
    from . import _continuous_distns
  File "/zhome/77/8/118225/.local/lib/python3.10/site-packages/scipy/stats/_continuous_distns.py", line 33, in <module>
    import scipy.stats._boost as _boost
  File "/zhome/77/8/118225/.local/lib/python3.10/site-packages/scipy/stats/_boost/__init__.py", line 37, in <module>
    from scipy.stats._boost.nct_ufunc import (
  File "<frozen importlib._bootstrap>", line 404, in parent
KeyboardInterrupt
