Loaded dependency [python3/3.10.12]: gcc/11.4.0-binutils-2.40
Loaded dependency [python3/3.10.12]: sqlite3/3.42.0

Switching from python3/3.8.2 to python3/3.10.12
  Loading requirement: gcc/11.4.0-binutils-2.40 sqlite3/3.42.0
2023-12-25 03:51:55.981406: E tensorflow/compiler/xla/stream_executor/cuda/cuda_dnn.cc:9342] Unable to register cuDNN factory: Attempting to register factory for plugin cuDNN when one has already been registered
2023-12-25 03:51:55.981445: E tensorflow/compiler/xla/stream_executor/cuda/cuda_fft.cc:609] Unable to register cuFFT factory: Attempting to register factory for plugin cuFFT when one has already been registered
2023-12-25 03:51:55.986954: E tensorflow/compiler/xla/stream_executor/cuda/cuda_blas.cc:1518] Unable to register cuBLAS factory: Attempting to register factory for plugin cuBLAS when one has already been registered
2023-12-25 03:54:00.702928: W external/xla/xla/service/hlo_rematerialization.cc:2202] Can't reduce memory use below 23.80GiB (25559924736 bytes) by rematerialization; only reduced to 30.75GiB (33016222764 bytes), down from 30.75GiB (33016222780 bytes) originally
2023-12-25 03:54:11.102325: W external/tsl/tsl/framework/bfc_allocator.cc:485] Allocator (GPU_0_bfc) ran out of memory trying to allocate 30.57GiB (rounded to 32819612416)requested by op 
2023-12-25 03:54:11.102848: W external/tsl/tsl/framework/bfc_allocator.cc:497] **__________________________________________________________________________________________________
2023-12-25 03:54:11.103070: E external/xla/xla/pjrt/pjrt_stream_executor_client.cc:2593] Execution of replica 0 failed: RESOURCE_EXHAUSTED: Out of memory while trying to allocate 32819612248 bytes.
BufferAssignment OOM Debugging.
BufferAssignment stats:
             parameter allocation:  195.51MiB
              constant allocation:        40B
        maybe_live_out allocation:  197.27MiB
     preallocated temp allocation:   30.57GiB
  preallocated temp fragmentation:       124B (0.00%)
                 total allocation:   30.95GiB
              total fragmentation:     1.7KiB (0.00%)
Peak buffers:
	Buffer 1:
		Size: 7.63GiB
		Operator: op_name="jit(<lambda>)/jit(main)/while/body/vmap(jit(Gamma_g))/im,klm->ikl/dot_general[dimension_numbers=(((2,), (3,)), ((0,), (0,))) precision=None preferred_element_type=float32]" source_file="/zhome/77/8/118225/Desktop/Projects/score_diffusion_mean/score_diffusion_mean/jaxgeometry/manifolds/riemannian/metric.py" source_line=42
		XLA Label: custom-call
		Shape: f32[256,200,40000]
		==========================

	Buffer 2:
		Size: 7.63GiB
		XLA Label: fusion
		Shape: f32[256,40000,200]
		==========================

	Buffer 3:
		Size: 7.63GiB
		XLA Label: fusion
		Shape: f32[256,200,40000]
		==========================

	Buffer 4:
		Size: 7.63GiB
		Operator: op_name="jit(<lambda>)/jit(main)/while/body/vmap(jit(Gamma_g))/vmap(jvp(jit(inv)))/jit(solve)/vmap(jit(_lu_solve))/triangular_solve[left_side=True lower=False transpose_a=False conjugate_a=False unit_diagonal=False]" source_file="/zhome/77/8/118225/Desktop/Projects/score_diffusion_mean/score_diffusion_mean/jaxgeometry/manifolds/riemannian/metric.py" source_line=65
		XLA Label: custom-call
		Shape: f32[256,200,40000]
		==========================

	Buffer 5:
		Size: 195.31MiB
		Entry Parameter Subshape: f32[1000,256,200]
		==========================

	Buffer 6:
		Size: 195.31MiB
		Operator: op_name="jit(<lambda>)/jit(main)/while/body/dynamic_update_slice" source_file="/zhome/77/8/118225/Desktop/Projects/score_diffusion_mean/score_diffusion_mean/jaxgeometry/integration/integration.py" source_line=120
		XLA Label: fusion
		Shape: f32[1000,256,200]
		==========================

	Buffer 7:
		Size: 39.06MiB
		Operator: op_name="jit(<lambda>)/jit(main)/while/body/vmap(jit(Gamma_g))/reshape[new_sizes=(256, 200, 200) dimensions=None]" source_file="/zhome/77/8/118225/Desktop/Projects/score_diffusion_mean/score_diffusion_mean/jaxgeometry/manifolds/Landmarks.py" source_line=110
		XLA Label: fusion
		Shape: f32[256,100,2,100,2]
		==========================

	Buffer 8:
		Size: 9.77MiB
		XLA Label: fusion
		Shape: f32[256,100,100]
		==========================

	Buffer 9:
		Size: 1000.0KiB
		Operator: op_name="jit(<lambda>)/jit(main)/while/body/dynamic_update_slice" source_file="/zhome/77/8/118225/Desktop/Projects/score_diffusion_mean/score_diffusion_mean/jaxgeometry/integration/integration.py" source_line=120
		XLA Label: fusion
		Shape: f32[1000,256]
		==========================

	Buffer 10:
		Size: 1000.0KiB
		Operator: op_name="jit(<lambda>)/jit(main)/while/body/dynamic_update_slice" source_file="/zhome/77/8/118225/Desktop/Projects/score_diffusion_mean/score_diffusion_mean/jaxgeometry/integration/integration.py" source_line=120
		XLA Label: fusion
		Shape: f32[1000,256,1]
		==========================

	Buffer 11:
		Size: 200.0KiB
		Operator: op_name="jit(<lambda>)/jit(main)/while/body/dot_general[dimension_numbers=(((2,), (1,)), ((0,), (0,))) precision=None preferred_element_type=float32]" source_file="/zhome/77/8/118225/Desktop/Projects/score_diffusion_mean/score_diffusion_mean/jaxgeometry/stochastics/Brownian_coords.py" source_line=42
		XLA Label: fusion
		Shape: f32[256,200]
		==========================

	Buffer 12:
		Size: 200.0KiB
		Entry Parameter Subshape: f32[256,200]
		==========================

	Buffer 13:
		Size: 3.9KiB
		Entry Parameter Subshape: f32[1000]
		==========================

	Buffer 14:
		Size: 3.9KiB
		Operator: op_name="jit(<lambda>)/jit(main)/while/body/dynamic_update_slice" source_file="/zhome/77/8/118225/Desktop/Projects/score_diffusion_mean/score_diffusion_mean/jaxgeometry/integration/integration.py" source_line=120
		XLA Label: fusion
		Shape: f32[1000]
		==========================

	Buffer 15:
		Size: 1.0KiB
		Entry Parameter Subshape: f32[256,1]
		==========================


2023-12-25 03:54:11.122987: W tensorflow/core/framework/op_kernel.cc:1827] UNKNOWN: XlaRuntimeError: RESOURCE_EXHAUSTED: Out of memory while trying to allocate 32819612248 bytes.
BufferAssignment OOM Debugging.
BufferAssignment stats:
             parameter allocation:  195.51MiB
              constant allocation:        40B
        maybe_live_out allocation:  197.27MiB
     preallocated temp allocation:   30.57GiB
  preallocated temp fragmentation:       124B (0.00%)
                 total allocation:   30.95GiB
              total fragmentation:     1.7KiB (0.00%)
Peak buffers:
	Buffer 1:
		Size: 7.63GiB
		Operator: op_name="jit(<lambda>)/jit(main)/while/body/vmap(jit(Gamma_g))/im,klm->ikl/dot_general[dimension_numbers=(((2,), (3,)), ((0,), (0,))) precision=None preferred_element_type=float32]" source_file="/zhome/77/8/118225/Desktop/Projects/score_diffusion_mean/score_diffusion_mean/jaxgeometry/manifolds/riemannian/metric.py" source_line=42
		XLA Label: custom-call
		Shape: f32[256,200,40000]
		==========================

	Buffer 2:
		Size: 7.63GiB
		XLA Label: fusion
		Shape: f32[256,40000,200]
		==========================

	Buffer 3:
		Size: 7.63GiB
		XLA Label: fusion
		Shape: f32[256,200,40000]
		==========================

	Buffer 4:
		Size: 7.63GiB
		Operator: op_name="jit(<lambda>)/jit(main)/while/body/vmap(jit(Gamma_g))/vmap(jvp(jit(inv)))/jit(solve)/vmap(jit(_lu_solve))/triangular_solve[left_side=True lower=False transpose_a=False conjugate_a=False unit_diagonal=False]" source_file="/zhome/77/8/118225/Desktop/Projects/score_diffusion_mean/score_diffusion_mean/jaxgeometry/manifolds/riemannian/metric.py" source_line=65
		XLA Label: custom-call
		Shape: f32[256,200,40000]
		==========================

	Buffer 5:
		Size: 195.31MiB
		Entry Parameter Subshape: f32[1000,256,200]
		==========================

	Buffer 6:
		Size: 195.31MiB
		Operator: op_name="jit(<lambda>)/jit(main)/while/body/dynamic_update_slice" source_file="/zhome/77/8/118225/Desktop/Projects/score_diffusion_mean/score_diffusion_mean/jaxgeometry/integration/integration.py" source_line=120
		XLA Label: fusion
		Shape: f32[1000,256,200]
		==========================

	Buffer 7:
		Size: 39.06MiB
		Operator: op_name="jit(<lambda>)/jit(main)/while/body/vmap(jit(Gamma_g))/reshape[new_sizes=(256, 200, 200) dimensions=None]" source_file="/zhome/77/8/118225/Desktop/Projects/score_diffusion_mean/score_diffusion_mean/jaxgeometry/manifolds/Landmarks.py" source_line=110
		XLA Label: fusion
		Shape: f32[256,100,2,100,2]
		==========================

	Buffer 8:
		Size: 9.77MiB
		XLA Label: fusion
		Shape: f32[256,100,100]
		==========================

	Buffer 9:
		Size: 1000.0KiB
		Operator: op_name="jit(<lambda>)/jit(main)/while/body/dynamic_update_slice" source_file="/zhome/77/8/118225/Desktop/Projects/score_diffusion_mean/score_diffusion_mean/jaxgeometry/integration/integration.py" source_line=120
		XLA Label: fusion
		Shape: f32[1000,256]
		==========================

	Buffer 10:
		Size: 1000.0KiB
		Operator: op_name="jit(<lambda>)/jit(main)/while/body/dynamic_update_slice" source_file="/zhome/77/8/118225/Desktop/Projects/score_diffusion_mean/score_diffusion_mean/jaxgeometry/integration/integration.py" source_line=120
		XLA Label: fusion
		Shape: f32[1000,256,1]
		==========================

	Buffer 11:
		Size: 200.0KiB
		Operator: op_name="jit(<lambda>)/jit(main)/while/body/dot_general[dimension_numbers=(((2,), (1,)), ((0,), (0,))) precision=None preferred_element_type=float32]" source_file="/zhome/77/8/118225/Desktop/Projects/score_diffusion_mean/score_diffusion_mean/jaxgeometry/stochastics/Brownian_coords.py" source_line=42
		XLA Label: fusion
		Shape: f32[256,200]
		==========================

	Buffer 12:
		Size: 200.0KiB
		Entry Parameter Subshape: f32[256,200]
		==========================

	Buffer 13:
		Size: 3.9KiB
		Entry Parameter Subshape: f32[1000]
		==========================

	Buffer 14:
		Size: 3.9KiB
		Operator: op_name="jit(<lambda>)/jit(main)/while/body/dynamic_update_slice" source_file="/zhome/77/8/118225/Desktop/Projects/score_diffusion_mean/score_diffusion_mean/jaxgeometry/integration/integration.py" source_line=120
		XLA Label: fusion
		Shape: f32[1000]
		==========================

	Buffer 15:
		Size: 1.0KiB
		Entry Parameter Subshape: f32[256,1]
		==========================


jax.errors.SimplifiedTraceback: For simplicity, JAX has removed its internal frames from the traceback of the following exception. Set JAX_TRACEBACK_FILTERING=off to include these.


The above exception was the direct cause of the following exception:


Traceback (most recent call last):

  File "/zhome/77/8/118225/.local/lib/python3.10/site-packages/tensorflow/python/ops/script_ops.py", line 270, in __call__
    ret = func(*args)

  File "/zhome/77/8/118225/.local/lib/python3.10/site-packages/tensorflow/python/autograph/impl/api.py", line 643, in wrapper
    return func(*args, **kwargs)

  File "/zhome/77/8/118225/.local/lib/python3.10/site-packages/tensorflow/python/data/ops/from_generator_op.py", line 198, in generator_py_func
    values = next(generator_state.get_iterator(iterator_id))

  File "/zhome/77/8/118225/Desktop/Projects/score_diffusion_mean/score_diffusion_mean/jaxgeometry/statistics/score_matching/generators.py", line 66, in __call__
    (ts,xss,chartss,*_) = self.product((jnp.repeat(self.x0s[0],self.x_samples,axis=0),

jaxlib.xla_extension.XlaRuntimeError: RESOURCE_EXHAUSTED: Out of memory while trying to allocate 32819612248 bytes.
BufferAssignment OOM Debugging.
BufferAssignment stats:
             parameter allocation:  195.51MiB
              constant allocation:        40B
        maybe_live_out allocation:  197.27MiB
     preallocated temp allocation:   30.57GiB
  preallocated temp fragmentation:       124B (0.00%)
                 total allocation:   30.95GiB
              total fragmentation:     1.7KiB (0.00%)
Peak buffers:
	Buffer 1:
		Size: 7.63GiB
		Operator: op_name="jit(<lambda>)/jit(main)/while/body/vmap(jit(Gamma_g))/im,klm->ikl/dot_general[dimension_numbers=(((2,), (3,)), ((0,), (0,))) precision=None preferred_element_type=float32]" source_file="/zhome/77/8/118225/Desktop/Projects/score_diffusion_mean/score_diffusion_mean/jaxgeometry/manifolds/riemannian/metric.py" source_line=42
		XLA Label: custom-call
		Shape: f32[256,200,40000]
		==========================

	Buffer 2:
		Size: 7.63GiB
		XLA Label: fusion
		Shape: f32[256,40000,200]
		==========================

	Buffer 3:
		Size: 7.63GiB
		XLA Label: fusion
		Shape: f32[256,200,40000]
		==========================

	Buffer 4:
		Size: 7.63GiB
		Operator: op_name="jit(<lambda>)/jit(main)/while/body/vmap(jit(Gamma_g))/vmap(jvp(jit(inv)))/jit(solve)/vmap(jit(_lu_solve))/triangular_solve[left_side=True lower=False transpose_a=False conjugate_a=False unit_diagonal=False]" source_file="/zhome/77/8/118225/Desktop/Projects/score_diffusion_mean/score_diffusion_mean/jaxgeometry/manifolds/riemannian/metric.py" source_line=65
		XLA Label: custom-call
		Shape: f32[256,200,40000]
		==========================

	Buffer 5:
		Size: 195.31MiB
		Entry Parameter Subshape: f32[1000,256,200]
		==========================

	Buffer 6:
		Size: 195.31MiB
		Operator: op_name="jit(<lambda>)/jit(main)/while/body/dynamic_update_slice" source_file="/zhome/77/8/118225/Desktop/Projects/score_diffusion_mean/score_diffusion_mean/jaxgeometry/integration/integration.py" source_line=120
		XLA Label: fusion
		Shape: f32[1000,256,200]
		==========================

	Buffer 7:
		Size: 39.06MiB
		Operator: op_name="jit(<lambda>)/jit(main)/while/body/vmap(jit(Gamma_g))/reshape[new_sizes=(256, 200, 200) dimensions=None]" source_file="/zhome/77/8/118225/Desktop/Projects/score_diffusion_mean/score_diffusion_mean/jaxgeometry/manifolds/Landmarks.py" source_line=110
		XLA Label: fusion
		Shape: f32[256,100,2,100,2]
		==========================

	Buffer 8:
		Size: 9.77MiB
		XLA Label: fusion
		Shape: f32[256,100,100]
		==========================

	Buffer 9:
		Size: 1000.0KiB
		Operator: op_name="jit(<lambda>)/jit(main)/while/body/dynamic_update_slice" source_file="/zhome/77/8/118225/Desktop/Projects/score_diffusion_mean/score_diffusion_mean/jaxgeometry/integration/integration.py" source_line=120
		XLA Label: fusion
		Shape: f32[1000,256]
		==========================

	Buffer 10:
		Size: 1000.0KiB
		Operator: op_name="jit(<lambda>)/jit(main)/while/body/dynamic_update_slice" source_file="/zhome/77/8/118225/Desktop/Projects/score_diffusion_mean/score_diffusion_mean/jaxgeometry/integration/integration.py" source_line=120
		XLA Label: fusion
		Shape: f32[1000,256,1]
		==========================

	Buffer 11:
		Size: 200.0KiB
		Operator: op_name="jit(<lambda>)/jit(main)/while/body/dot_general[dimension_numbers=(((2,), (1,)), ((0,), (0,))) precision=None preferred_element_type=float32]" source_file="/zhome/77/8/118225/Desktop/Projects/score_diffusion_mean/score_diffusion_mean/jaxgeometry/stochastics/Brownian_coords.py" source_line=42
		XLA Label: fusion
		Shape: f32[256,200]
		==========================

	Buffer 12:
		Size: 200.0KiB
		Entry Parameter Subshape: f32[256,200]
		==========================

	Buffer 13:
		Size: 3.9KiB
		Entry Parameter Subshape: f32[1000]
		==========================

	Buffer 14:
		Size: 3.9KiB
		Operator: op_name="jit(<lambda>)/jit(main)/while/body/dynamic_update_slice" source_file="/zhome/77/8/118225/Desktop/Projects/score_diffusion_mean/score_diffusion_mean/jaxgeometry/integration/integration.py" source_line=120
		XLA Label: fusion
		Shape: f32[1000]
		==========================

	Buffer 15:
		Size: 1.0KiB
		Entry Parameter Subshape: f32[256,1]
		==========================




Traceback (most recent call last):
  File "/zhome/77/8/118225/Desktop/Projects/score_diffusion_mean/score_diffusion_mean/train_score.py", line 483, in <module>
    train_score()
  File "/zhome/77/8/118225/Desktop/Projects/score_diffusion_mean/score_diffusion_mean/train_score.py", line 461, in train_score
    train_s1(M=M,
  File "/zhome/77/8/118225/Desktop/Projects/score_diffusion_mean/score_diffusion_mean/jaxgeometry/statistics/score_matching/trainxt.py", line 116, in train_s1
    initial_params = model.init(jrandom.PRNGKey(seed), next(train_dataset)[:,:(2*N_dim+1)])
  File "/zhome/77/8/118225/.local/lib/python3.10/site-packages/tensorflow_datasets/core/dataset_utils.py", line 82, in _eager_dataset_iterator
    for elem in ds:
  File "/zhome/77/8/118225/.local/lib/python3.10/site-packages/tensorflow/python/data/ops/iterator_ops.py", line 809, in __next__
    return self._next_internal()
  File "/zhome/77/8/118225/.local/lib/python3.10/site-packages/tensorflow/python/data/ops/iterator_ops.py", line 772, in _next_internal
    ret = gen_dataset_ops.iterator_get_next(
  File "/zhome/77/8/118225/.local/lib/python3.10/site-packages/tensorflow/python/ops/gen_dataset_ops.py", line 3028, in iterator_get_next
    _ops.raise_from_not_ok_status(e, name)
  File "/zhome/77/8/118225/.local/lib/python3.10/site-packages/tensorflow/python/framework/ops.py", line 5888, in raise_from_not_ok_status
    raise core._status_to_exception(e) from None  # pylint: disable=protected-access
tensorflow.python.framework.errors_impl.UnknownError: {{function_node __wrapped__IteratorGetNext_output_types_1_device_/job:localhost/replica:0/task:0/device:CPU:0}} XlaRuntimeError: RESOURCE_EXHAUSTED: Out of memory while trying to allocate 32819612248 bytes.
BufferAssignment OOM Debugging.
BufferAssignment stats:
             parameter allocation:  195.51MiB
              constant allocation:        40B
        maybe_live_out allocation:  197.27MiB
     preallocated temp allocation:   30.57GiB
  preallocated temp fragmentation:       124B (0.00%)
                 total allocation:   30.95GiB
              total fragmentation:     1.7KiB (0.00%)
Peak buffers:
	Buffer 1:
		Size: 7.63GiB
		Operator: op_name="jit(<lambda>)/jit(main)/while/body/vmap(jit(Gamma_g))/im,klm->ikl/dot_general[dimension_numbers=(((2,), (3,)), ((0,), (0,))) precision=None preferred_element_type=float32]" source_file="/zhome/77/8/118225/Desktop/Projects/score_diffusion_mean/score_diffusion_mean/jaxgeometry/manifolds/riemannian/metric.py" source_line=42
		XLA Label: custom-call
		Shape: f32[256,200,40000]
		==========================

	Buffer 2:
		Size: 7.63GiB
		XLA Label: fusion
		Shape: f32[256,40000,200]
		==========================

	Buffer 3:
		Size: 7.63GiB
		XLA Label: fusion
		Shape: f32[256,200,40000]
		==========================

	Buffer 4:
		Size: 7.63GiB
		Operator: op_name="jit(<lambda>)/jit(main)/while/body/vmap(jit(Gamma_g))/vmap(jvp(jit(inv)))/jit(solve)/vmap(jit(_lu_solve))/triangular_solve[left_side=True lower=False transpose_a=False conjugate_a=False unit_diagonal=False]" source_file="/zhome/77/8/118225/Desktop/Projects/score_diffusion_mean/score_diffusion_mean/jaxgeometry/manifolds/riemannian/metric.py" source_line=65
		XLA Label: custom-call
		Shape: f32[256,200,40000]
		==========================

	Buffer 5:
		Size: 195.31MiB
		Entry Parameter Subshape: f32[1000,256,200]
		==========================

	Buffer 6:
		Size: 195.31MiB
		Operator: op_name="jit(<lambda>)/jit(main)/while/body/dynamic_update_slice" source_file="/zhome/77/8/118225/Desktop/Projects/score_diffusion_mean/score_diffusion_mean/jaxgeometry/integration/integration.py" source_line=120
		XLA Label: fusion
		Shape: f32[1000,256,200]
		==========================

	Buffer 7:
		Size: 39.06MiB
		Operator: op_name="jit(<lambda>)/jit(main)/while/body/vmap(jit(Gamma_g))/reshape[new_sizes=(256, 200, 200) dimensions=None]" source_file="/zhome/77/8/118225/Desktop/Projects/score_diffusion_mean/score_diffusion_mean/jaxgeometry/manifolds/Landmarks.py" source_line=110
		XLA Label: fusion
		Shape: f32[256,100,2,100,2]
		==========================

	Buffer 8:
		Size: 9.77MiB
		XLA Label: fusion
		Shape: f32[256,100,100]
		==========================

	Buffer 9:
		Size: 1000.0KiB
		Operator: op_name="jit(<lambda>)/jit(main)/while/body/dynamic_update_slice" source_file="/zhome/77/8/118225/Desktop/Projects/score_diffusion_mean/score_diffusion_mean/jaxgeometry/integration/integration.py" source_line=120
		XLA Label: fusion
		Shape: f32[1000,256]
		==========================

	Buffer 10:
		Size: 1000.0KiB
		Operator: op_name="jit(<lambda>)/jit(main)/while/body/dynamic_update_slice" source_file="/zhome/77/8/118225/Desktop/Projects/score_diffusion_mean/score_diffusion_mean/jaxgeometry/integration/integration.py" source_line=120
		XLA Label: fusion
		Shape: f32[1000,256,1]
		==========================

	Buffer 11:
		Size: 200.0KiB
		Operator: op_name="jit(<lambda>)/jit(main)/while/body/dot_general[dimension_numbers=(((2,), (1,)), ((0,), (0,))) precision=None preferred_element_type=float32]" source_file="/zhome/77/8/118225/Desktop/Projects/score_diffusion_mean/score_diffusion_mean/jaxgeometry/stochastics/Brownian_coords.py" source_line=42
		XLA Label: fusion
		Shape: f32[256,200]
		==========================

	Buffer 12:
		Size: 200.0KiB
		Entry Parameter Subshape: f32[256,200]
		==========================

	Buffer 13:
		Size: 3.9KiB
		Entry Parameter Subshape: f32[1000]
		==========================

	Buffer 14:
		Size: 3.9KiB
		Operator: op_name="jit(<lambda>)/jit(main)/while/body/dynamic_update_slice" source_file="/zhome/77/8/118225/Desktop/Projects/score_diffusion_mean/score_diffusion_mean/jaxgeometry/integration/integration.py" source_line=120
		XLA Label: fusion
		Shape: f32[1000]
		==========================

	Buffer 15:
		Size: 1.0KiB
		Entry Parameter Subshape: f32[256,1]
		==========================


jax.errors.SimplifiedTraceback: For simplicity, JAX has removed its internal frames from the traceback of the following exception. Set JAX_TRACEBACK_FILTERING=off to include these.


The above exception was the direct cause of the following exception:


Traceback (most recent call last):

  File "/zhome/77/8/118225/.local/lib/python3.10/site-packages/tensorflow/python/ops/script_ops.py", line 270, in __call__
    ret = func(*args)

  File "/zhome/77/8/118225/.local/lib/python3.10/site-packages/tensorflow/python/autograph/impl/api.py", line 643, in wrapper
    return func(*args, **kwargs)

  File "/zhome/77/8/118225/.local/lib/python3.10/site-packages/tensorflow/python/data/ops/from_generator_op.py", line 198, in generator_py_func
    values = next(generator_state.get_iterator(iterator_id))

  File "/zhome/77/8/118225/Desktop/Projects/score_diffusion_mean/score_diffusion_mean/jaxgeometry/statistics/score_matching/generators.py", line 66, in __call__
    (ts,xss,chartss,*_) = self.product((jnp.repeat(self.x0s[0],self.x_samples,axis=0),

jaxlib.xla_extension.XlaRuntimeError: RESOURCE_EXHAUSTED: Out of memory while trying to allocate 32819612248 bytes.
BufferAssignment OOM Debugging.
BufferAssignment stats:
             parameter allocation:  195.51MiB
              constant allocation:        40B
        maybe_live_out allocation:  197.27MiB
     preallocated temp allocation:   30.57GiB
  preallocated temp fragmentation:       124B (0.00%)
                 total allocation:   30.95GiB
              total fragmentation:     1.7KiB (0.00%)
Peak buffers:
	Buffer 1:
		Size: 7.63GiB
		Operator: op_name="jit(<lambda>)/jit(main)/while/body/vmap(jit(Gamma_g))/im,klm->ikl/dot_general[dimension_numbers=(((2,), (3,)), ((0,), (0,))) precision=None preferred_element_type=float32]" source_file="/zhome/77/8/118225/Desktop/Projects/score_diffusion_mean/score_diffusion_mean/jaxgeometry/manifolds/riemannian/metric.py" source_line=42
		XLA Label: custom-call
		Shape: f32[256,200,40000]
		==========================

	Buffer 2:
		Size: 7.63GiB
		XLA Label: fusion
		Shape: f32[256,40000,200]
		==========================

	Buffer 3:
		Size: 7.63GiB
		XLA Label: fusion
		Shape: f32[256,200,40000]
		==========================

	Buffer 4:
		Size: 7.63GiB
		Operator: op_name="jit(<lambda>)/jit(main)/while/body/vmap(jit(Gamma_g))/vmap(jvp(jit(inv)))/jit(solve)/vmap(jit(_lu_solve))/triangular_solve[left_side=True lower=False transpose_a=False conjugate_a=False unit_diagonal=False]" source_file="/zhome/77/8/118225/Desktop/Projects/score_diffusion_mean/score_diffusion_mean/jaxgeometry/manifolds/riemannian/metric.py" source_line=65
		XLA Label: custom-call
		Shape: f32[256,200,40000]
		==========================

	Buffer 5:
		Size: 195.31MiB
		Entry Parameter Subshape: f32[1000,256,200]
		==========================

	Buffer 6:
		Size: 195.31MiB
		Operator: op_name="jit(<lambda>)/jit(main)/while/body/dynamic_update_slice" source_file="/zhome/77/8/118225/Desktop/Projects/score_diffusion_mean/score_diffusion_mean/jaxgeometry/integration/integration.py" source_line=120
		XLA Label: fusion
		Shape: f32[1000,256,200]
		==========================

	Buffer 7:
		Size: 39.06MiB
		Operator: op_name="jit(<lambda>)/jit(main)/while/body/vmap(jit(Gamma_g))/reshape[new_sizes=(256, 200, 200) dimensions=None]" source_file="/zhome/77/8/118225/Desktop/Projects/score_diffusion_mean/score_diffusion_mean/jaxgeometry/manifolds/Landmarks.py" source_line=110
		XLA Label: fusion
		Shape: f32[256,100,2,100,2]
		==========================

	Buffer 8:
		Size: 9.77MiB
		XLA Label: fusion
		Shape: f32[256,100,100]
		==========================

	Buffer 9:
		Size: 1000.0KiB
		Operator: op_name="jit(<lambda>)/jit(main)/while/body/dynamic_update_slice" source_file="/zhome/77/8/118225/Desktop/Projects/score_diffusion_mean/score_diffusion_mean/jaxgeometry/integration/integration.py" source_line=120
		XLA Label: fusion
		Shape: f32[1000,256]
		==========================

	Buffer 10:
		Size: 1000.0KiB
		Operator: op_name="jit(<lambda>)/jit(main)/while/body/dynamic_update_slice" source_file="/zhome/77/8/118225/Desktop/Projects/score_diffusion_mean/score_diffusion_mean/jaxgeometry/integration/integration.py" source_line=120
		XLA Label: fusion
		Shape: f32[1000,256,1]
		==========================

	Buffer 11:
		Size: 200.0KiB
		Operator: op_name="jit(<lambda>)/jit(main)/while/body/dot_general[dimension_numbers=(((2,), (1,)), ((0,), (0,))) precision=None preferred_element_type=float32]" source_file="/zhome/77/8/118225/Desktop/Projects/score_diffusion_mean/score_diffusion_mean/jaxgeometry/stochastics/Brownian_coords.py" source_line=42
		XLA Label: fusion
		Shape: f32[256,200]
		==========================

	Buffer 12:
		Size: 200.0KiB
		Entry Parameter Subshape: f32[256,200]
		==========================

	Buffer 13:
		Size: 3.9KiB
		Entry Parameter Subshape: f32[1000]
		==========================

	Buffer 14:
		Size: 3.9KiB
		Operator: op_name="jit(<lambda>)/jit(main)/while/body/dynamic_update_slice" source_file="/zhome/77/8/118225/Desktop/Projects/score_diffusion_mean/score_diffusion_mean/jaxgeometry/integration/integration.py" source_line=120
		XLA Label: fusion
		Shape: f32[1000]
		==========================

	Buffer 15:
		Size: 1.0KiB
		Entry Parameter Subshape: f32[256,1]
		==========================




	 [[{{node PyFunc}}]] [Op:IteratorGetNext] name: 
