Switching from python to 3/3.9.11
  ERROR: Unable to locate a modulefile for '3/3.9.11'
2023-10-04 02:50:52.842108: W tensorflow/compiler/tf2tensorrt/utils/py_utils.cc:38] TF-TRT Warning: Could not find TensorRT
No GPU/TPU found, falling back to CPU. (Set TF_CPP_MIN_LOG_LEVEL=0 and rerun for more info.)
2023-10-04 02:50:57.234640: W tensorflow/core/common_runtime/gpu/gpu_device.cc:1960] Cannot dlopen some GPU libraries. Please make sure the missing libraries mentioned above are installed properly if you would like to use GPU. Follow the guide at https://www.tensorflow.org/install/gpu for how to download and setup the required libraries for your platform.
Skipping registering GPU devices...
/zhome/77/8/118225/.local/lib/python3.8/site-packages/numpy/core/getlimits.py:518: UserWarning: The value of the smallest subnormal for <class 'numpy.float32'> type is zero.
  setattr(self, word, getattr(machar, word).flat[0])
/zhome/77/8/118225/.local/lib/python3.8/site-packages/numpy/core/getlimits.py:89: UserWarning: The value of the smallest subnormal for <class 'numpy.float32'> type is zero.
  return self._float_to_str(self.smallest_subnormal)
Traceback (most recent call last):
  File "train_score.py", line 670, in <module>
    trainxt(manifold=args.manifold,
  File "train_score.py", line 647, in trainxt
    score_matching.trainxt.train_s1(M=M,
  File "/zhome/77/8/118225/Desktop/smrdm/smrdm/jaxgeometry/statistics/score_matching/trainxt.py", line 144, in train_s1
    state, loss_val = update(state, next(train_dataset))
  File "<string>", line 1, in __new__
KeyboardInterrupt
terminate called without an active exception
/zhome/77/8/118225/.lsbatch/1696248255.17937724.shell: line 34: 15699 Aborted                 python3 train_score.py --manifold SN --N 10 --loss_type vsm --train_net s1 --max_T 1.0 --lr_rate 0.001 --epochs 50000 --x_samples 32 --t_samples 128 --repeats 8 --samples_per_batch 16 --dt_steps 1000 --save_step 10 --seed 2712
