Switching from python to 3/3.9.11
  ERROR: Unable to locate a modulefile for '3/3.9.11'
2023-10-04 09:16:44.645509: W tensorflow/compiler/tf2tensorrt/utils/py_utils.cc:38] TF-TRT Warning: Could not find TensorRT
Traceback (most recent call last):
  File "train_score.py", line 37, in <module>
    from ManLearn.VAE.VAE_MNIST import model as mnist_model
  File "/zhome/77/8/118225/Desktop/smrdm/smrdm/ManLearn/VAE/VAE_MNIST.py", line 13, in <module>
    from ManLearn.initialize import *
  File "/zhome/77/8/118225/Desktop/smrdm/smrdm/ManLearn/initialize.py", line 38, in <module>
    import tensorflow as tf
  File "/zhome/77/8/118225/.local/lib/python3.8/site-packages/tensorflow/__init__.py", line 478, in <module>
    importlib.import_module("keras.optimizers")
  File "/appl/python/3.8.2/lib/python3.8/importlib/__init__.py", line 127, in import_module
    return _bootstrap._gcd_import(name[level:], package, level)
  File "/zhome/77/8/118225/.local/lib/python3.8/site-packages/keras/__init__.py", line 3, in <module>
    from keras import __internal__
  File "/zhome/77/8/118225/.local/lib/python3.8/site-packages/keras/__internal__/__init__.py", line 3, in <module>
    from keras.__internal__ import backend
  File "/zhome/77/8/118225/.local/lib/python3.8/site-packages/keras/__internal__/backend/__init__.py", line 3, in <module>
    from keras.src.backend import _initialize_variables as initialize_variables
  File "/zhome/77/8/118225/.local/lib/python3.8/site-packages/keras/src/__init__.py", line 21, in <module>
    from keras.src import models
  File "/zhome/77/8/118225/.local/lib/python3.8/site-packages/keras/src/models/__init__.py", line 18, in <module>
    from keras.src.engine.functional import Functional
  File "/zhome/77/8/118225/.local/lib/python3.8/site-packages/keras/src/engine/functional.py", line 25, in <module>
    from keras.src import backend
  File "/zhome/77/8/118225/.local/lib/python3.8/site-packages/keras/src/backend.py", line 33, in <module>
    from keras.src.distribute import distribute_coordinator_utils as dc
  File "<frozen importlib._bootstrap>", line 991, in _find_and_load
  File "<frozen importlib._bootstrap>", line 975, in _find_and_load_unlocked
  File "<frozen importlib._bootstrap>", line 671, in _load_unlocked
  File "<frozen importlib._bootstrap_external>", line 779, in exec_module
  File "<frozen importlib._bootstrap_external>", line 911, in get_code
  File "<frozen importlib._bootstrap_external>", line 580, in _compile_bytecode
KeyboardInterrupt
