Loaded dependency [python3/3.10.12]: gcc/11.4.0-binutils-2.40
Loaded dependency [python3/3.10.12]: sqlite3/3.42.0

Switching from python3/3.8.2 to python3/3.10.12
  Loading requirement: gcc/11.4.0-binutils-2.40 sqlite3/3.42.0
2024-02-28 07:39:22.801773: E tensorflow/compiler/xla/stream_executor/cuda/cuda_dnn.cc:9342] Unable to register cuDNN factory: Attempting to register factory for plugin cuDNN when one has already been registered
2024-02-28 07:39:22.801819: E tensorflow/compiler/xla/stream_executor/cuda/cuda_fft.cc:609] Unable to register cuFFT factory: Attempting to register factory for plugin cuFFT when one has already been registered
2024-02-28 07:39:22.801849: E tensorflow/compiler/xla/stream_executor/cuda/cuda_blas.cc:1518] Unable to register cuBLAS factory: Attempting to register factory for plugin cuBLAS when one has already been registered
/zhome/77/8/118225/.local/lib/python3.10/site-packages/numpy/core/getlimits.py:518: UserWarning: The value of the smallest subnormal for <class 'numpy.float32'> type is zero.
  setattr(self, word, getattr(machar, word).flat[0])
/zhome/77/8/118225/.local/lib/python3.10/site-packages/numpy/core/getlimits.py:89: UserWarning: The value of the smallest subnormal for <class 'numpy.float32'> type is zero.
  return self._float_to_str(self.smallest_subnormal)
2024-02-28 08:13:50.976546: W external/tsl/tsl/framework/bfc_allocator.cc:485] Allocator (GPU_0_bfc) ran out of memory trying to allocate 7.63GiB (rounded to 8192000256)requested by op 
2024-02-28 08:13:50.977286: W external/tsl/tsl/framework/bfc_allocator.cc:497] *___________*_________________________****************************************************__________
2024-02-28 08:13:50.977408: E external/xla/xla/pjrt/pjrt_stream_executor_client.cc:2593] Execution of replica 0 failed: RESOURCE_EXHAUSTED: Out of memory while trying to allocate 8192000256 bytes.
BufferAssignment OOM Debugging.
BufferAssignment stats:
             parameter allocation:         8B
              constant allocation:         0B
        maybe_live_out allocation:    3.05GiB
     preallocated temp allocation:    7.63GiB
  preallocated temp fragmentation:         0B (0.00%)
                 total allocation:   10.68GiB
              total fragmentation:    1.53GiB (14.29%)
Peak buffers:
	Buffer 1:
		Size: 3.05GiB
		Operator: op_name="jit(_normal)/jit(main)/jit(_normal_real)/mul" source_file="/zhome/77/8/118225/Desktop/Projects/score_diffusion_mean/score_diffusion_mean/jaxgeometry/integration/integration.py" source_line=44
		XLA Label: fusion
		Shape: f32[1000,819200]
		==========================

	Buffer 2:
		Size: 1.53GiB
		Operator: op_name="jit(_normal)/jit(main)/jit(_normal_real)/jit(_uniform)/threefry2x32" source_file="/zhome/77/8/118225/Desktop/Projects/score_diffusion_mean/score_diffusion_mean/jaxgeometry/integration/integration.py" source_line=44
		XLA Label: custom-call
		Shape: u32[409600000]
		==========================

	Buffer 3:
		Size: 1.53GiB
		Operator: op_name="jit(_normal)/jit(main)/jit(_normal_real)/jit(_uniform)/threefry2x32" source_file="/zhome/77/8/118225/Desktop/Projects/score_diffusion_mean/score_diffusion_mean/jaxgeometry/integration/integration.py" source_line=44
		XLA Label: custom-call
		Shape: u32[409600000]
		==========================

	Buffer 4:
		Size: 1.53GiB
		Operator: op_name="jit(_normal)/jit(main)/jit(_normal_real)/jit(_uniform)/slice[start_indices=(409600000,) limit_indices=(819200000,) strides=None]" source_file="/zhome/77/8/118225/Desktop/Projects/score_diffusion_mean/score_diffusion_mean/jaxgeometry/integration/integration.py" source_line=44
		XLA Label: fusion
		Shape: u32[409600000]
		==========================

	Buffer 5:
		Size: 1.53GiB
		Operator: op_name="jit(_normal)/jit(main)/jit(_normal_real)/jit(_uniform)/slice[start_indices=(0,) limit_indices=(409600000,) strides=None]" source_file="/zhome/77/8/118225/Desktop/Projects/score_diffusion_mean/score_diffusion_mean/jaxgeometry/integration/integration.py" source_line=44
		XLA Label: fusion
		Shape: u32[409600000]
		==========================

	Buffer 6:
		Size: 1.53GiB
		Operator: op_name="jit(_normal)/jit(main)/jit(_normal_real)/jit(_uniform)/threefry2x32" source_file="/zhome/77/8/118225/Desktop/Projects/score_diffusion_mean/score_diffusion_mean/jaxgeometry/integration/integration.py" source_line=44
		XLA Label: fusion
		Shape: u32[409600000]
		==========================

	Buffer 7:
		Size: 16B
		Operator: op_name="jit(_normal)/jit(main)/jit(_normal_real)/jit(_uniform)/threefry2x32" source_file="/zhome/77/8/118225/Desktop/Projects/score_diffusion_mean/score_diffusion_mean/jaxgeometry/integration/integration.py" source_line=44
		XLA Label: fusion
		Shape: (u32[409600000], u32[409600000])
		==========================

	Buffer 8:
		Size: 16B
		Operator: op_name="jit(_normal)/jit(main)/jit(_normal_real)/jit(_uniform)/threefry2x32" source_file="/zhome/77/8/118225/Desktop/Projects/score_diffusion_mean/score_diffusion_mean/jaxgeometry/integration/integration.py" source_line=44
		XLA Label: custom-call
		Shape: (u32[409600000], u32[409600000])
		==========================

	Buffer 9:
		Size: 8B
		Entry Parameter Subshape: u32[2]
		==========================


2024-02-28 08:13:50.996635: W tensorflow/core/framework/op_kernel.cc:1827] INVALID_ARGUMENT: ValueError: RESOURCE_EXHAUSTED: Out of memory while trying to allocate 8192000256 bytes.
BufferAssignment OOM Debugging.
BufferAssignment stats:
             parameter allocation:         8B
              constant allocation:         0B
        maybe_live_out allocation:    3.05GiB
     preallocated temp allocation:    7.63GiB
  preallocated temp fragmentation:         0B (0.00%)
                 total allocation:   10.68GiB
              total fragmentation:    1.53GiB (14.29%)
Peak buffers:
	Buffer 1:
		Size: 3.05GiB
		Operator: op_name="jit(_normal)/jit(main)/jit(_normal_real)/mul" source_file="/zhome/77/8/118225/Desktop/Projects/score_diffusion_mean/score_diffusion_mean/jaxgeometry/integration/integration.py" source_line=44
		XLA Label: fusion
		Shape: f32[1000,819200]
		==========================

	Buffer 2:
		Size: 1.53GiB
		Operator: op_name="jit(_normal)/jit(main)/jit(_normal_real)/jit(_uniform)/threefry2x32" source_file="/zhome/77/8/118225/Desktop/Projects/score_diffusion_mean/score_diffusion_mean/jaxgeometry/integration/integration.py" source_line=44
		XLA Label: custom-call
		Shape: u32[409600000]
		==========================

	Buffer 3:
		Size: 1.53GiB
		Operator: op_name="jit(_normal)/jit(main)/jit(_normal_real)/jit(_uniform)/threefry2x32" source_file="/zhome/77/8/118225/Desktop/Projects/score_diffusion_mean/score_diffusion_mean/jaxgeometry/integration/integration.py" source_line=44
		XLA Label: custom-call
		Shape: u32[409600000]
		==========================

	Buffer 4:
		Size: 1.53GiB
		Operator: op_name="jit(_normal)/jit(main)/jit(_normal_real)/jit(_uniform)/slice[start_indices=(409600000,) limit_indices=(819200000,) strides=None]" source_file="/zhome/77/8/118225/Desktop/Projects/score_diffusion_mean/score_diffusion_mean/jaxgeometry/integration/integration.py" source_line=44
		XLA Label: fusion
		Shape: u32[409600000]
		==========================

	Buffer 5:
		Size: 1.53GiB
		Operator: op_name="jit(_normal)/jit(main)/jit(_normal_real)/jit(_uniform)/slice[start_indices=(0,) limit_indices=(409600000,) strides=None]" source_file="/zhome/77/8/118225/Desktop/Projects/score_diffusion_mean/score_diffusion_mean/jaxgeometry/integration/integration.py" source_line=44
		XLA Label: fusion
		Shape: u32[409600000]
		==========================

	Buffer 6:
		Size: 1.53GiB
		Operator: op_name="jit(_normal)/jit(main)/jit(_normal_real)/jit(_uniform)/threefry2x32" source_file="/zhome/77/8/118225/Desktop/Projects/score_diffusion_mean/score_diffusion_mean/jaxgeometry/integration/integration.py" source_line=44
		XLA Label: fusion
		Shape: u32[409600000]
		==========================

	Buffer 7:
		Size: 16B
		Operator: op_name="jit(_normal)/jit(main)/jit(_normal_real)/jit(_uniform)/threefry2x32" source_file="/zhome/77/8/118225/Desktop/Projects/score_diffusion_mean/score_diffusion_mean/jaxgeometry/integration/integration.py" source_line=44
		XLA Label: fusion
		Shape: (u32[409600000], u32[409600000])
		==========================

	Buffer 8:
		Size: 16B
		Operator: op_name="jit(_normal)/jit(main)/jit(_normal_real)/jit(_uniform)/threefry2x32" source_file="/zhome/77/8/118225/Desktop/Projects/score_diffusion_mean/score_diffusion_mean/jaxgeometry/integration/integration.py" source_line=44
		XLA Label: custom-call
		Shape: (u32[409600000], u32[409600000])
		==========================

	Buffer 9:
		Size: 8B
		Entry Parameter Subshape: u32[2]
		==========================


Traceback (most recent call last):

  File "/zhome/77/8/118225/.local/lib/python3.10/site-packages/tensorflow/python/ops/script_ops.py", line 270, in __call__
    ret = func(*args)

  File "/zhome/77/8/118225/.local/lib/python3.10/site-packages/tensorflow/python/autograph/impl/api.py", line 643, in wrapper
    return func(*args, **kwargs)

  File "/zhome/77/8/118225/.local/lib/python3.10/site-packages/tensorflow/python/data/ops/from_generator_op.py", line 198, in generator_py_func
    values = next(generator_state.get_iterator(iterator_id))

  File "/zhome/77/8/118225/Desktop/Projects/score_diffusion_mean/score_diffusion_mean/jaxgeometry/statistics/score_matching/generators.py", line 422, in __call__
    dW = dWs(self.N_sim*self.dim,self._dts).reshape(-1,self.N_sim,self.dim)

  File "/zhome/77/8/118225/Desktop/Projects/score_diffusion_mean/score_diffusion_mean/jaxgeometry/integration/integration.py", line 44, in dWs
    return jnp.sqrt(_dts)[:,None]*jrandom.normal(subkeys[0],(_dts.shape[0],d))

  File "/zhome/77/8/118225/.local/lib/python3.10/site-packages/jax/_src/random.py", line 729, in normal
    return _normal(key, shape, dtype)  # type: ignore

ValueError: RESOURCE_EXHAUSTED: Out of memory while trying to allocate 8192000256 bytes.
BufferAssignment OOM Debugging.
BufferAssignment stats:
             parameter allocation:         8B
              constant allocation:         0B
        maybe_live_out allocation:    3.05GiB
     preallocated temp allocation:    7.63GiB
  preallocated temp fragmentation:         0B (0.00%)
                 total allocation:   10.68GiB
              total fragmentation:    1.53GiB (14.29%)
Peak buffers:
	Buffer 1:
		Size: 3.05GiB
		Operator: op_name="jit(_normal)/jit(main)/jit(_normal_real)/mul" source_file="/zhome/77/8/118225/Desktop/Projects/score_diffusion_mean/score_diffusion_mean/jaxgeometry/integration/integration.py" source_line=44
		XLA Label: fusion
		Shape: f32[1000,819200]
		==========================

	Buffer 2:
		Size: 1.53GiB
		Operator: op_name="jit(_normal)/jit(main)/jit(_normal_real)/jit(_uniform)/threefry2x32" source_file="/zhome/77/8/118225/Desktop/Projects/score_diffusion_mean/score_diffusion_mean/jaxgeometry/integration/integration.py" source_line=44
		XLA Label: custom-call
		Shape: u32[409600000]
		==========================

	Buffer 3:
		Size: 1.53GiB
		Operator: op_name="jit(_normal)/jit(main)/jit(_normal_real)/jit(_uniform)/threefry2x32" source_file="/zhome/77/8/118225/Desktop/Projects/score_diffusion_mean/score_diffusion_mean/jaxgeometry/integration/integration.py" source_line=44
		XLA Label: custom-call
		Shape: u32[409600000]
		==========================

	Buffer 4:
		Size: 1.53GiB
		Operator: op_name="jit(_normal)/jit(main)/jit(_normal_real)/jit(_uniform)/slice[start_indices=(409600000,) limit_indices=(819200000,) strides=None]" source_file="/zhome/77/8/118225/Desktop/Projects/score_diffusion_mean/score_diffusion_mean/jaxgeometry/integration/integration.py" source_line=44
		XLA Label: fusion
		Shape: u32[409600000]
		==========================

	Buffer 5:
		Size: 1.53GiB
		Operator: op_name="jit(_normal)/jit(main)/jit(_normal_real)/jit(_uniform)/slice[start_indices=(0,) limit_indices=(409600000,) strides=None]" source_file="/zhome/77/8/118225/Desktop/Projects/score_diffusion_mean/score_diffusion_mean/jaxgeometry/integration/integration.py" source_line=44
		XLA Label: fusion
		Shape: u32[409600000]
		==========================

	Buffer 6:
		Size: 1.53GiB
		Operator: op_name="jit(_normal)/jit(main)/jit(_normal_real)/jit(_uniform)/threefry2x32" source_file="/zhome/77/8/118225/Desktop/Projects/score_diffusion_mean/score_diffusion_mean/jaxgeometry/integration/integration.py" source_line=44
		XLA Label: fusion
		Shape: u32[409600000]
		==========================

	Buffer 7:
		Size: 16B
		Operator: op_name="jit(_normal)/jit(main)/jit(_normal_real)/jit(_uniform)/threefry2x32" source_file="/zhome/77/8/118225/Desktop/Projects/score_diffusion_mean/score_diffusion_mean/jaxgeometry/integration/integration.py" source_line=44
		XLA Label: fusion
		Shape: (u32[409600000], u32[409600000])
		==========================

	Buffer 8:
		Size: 16B
		Operator: op_name="jit(_normal)/jit(main)/jit(_normal_real)/jit(_uniform)/threefry2x32" source_file="/zhome/77/8/118225/Desktop/Projects/score_diffusion_mean/score_diffusion_mean/jaxgeometry/integration/integration.py" source_line=44
		XLA Label: custom-call
		Shape: (u32[409600000], u32[409600000])
		==========================

	Buffer 9:
		Size: 8B
		Entry Parameter Subshape: u32[2]
		==========================




Traceback (most recent call last):
  File "/zhome/77/8/118225/Desktop/Projects/score_diffusion_mean/score_diffusion_mean/train_score.py", line 346, in <module>
    train_score()
  File "/zhome/77/8/118225/Desktop/Projects/score_diffusion_mean/score_diffusion_mean/train_score.py", line 324, in train_score
    train_s1(M=M,
  File "/zhome/77/8/118225/Desktop/Projects/score_diffusion_mean/score_diffusion_mean/jaxgeometry/statistics/score_matching/trainxt.py", line 107, in train_s1
    data = next(train_dataset)
  File "/zhome/77/8/118225/.local/lib/python3.10/site-packages/tensorflow_datasets/core/dataset_utils.py", line 82, in _eager_dataset_iterator
    for elem in ds:
  File "/zhome/77/8/118225/.local/lib/python3.10/site-packages/tensorflow/python/data/ops/iterator_ops.py", line 809, in __next__
    return self._next_internal()
  File "/zhome/77/8/118225/.local/lib/python3.10/site-packages/tensorflow/python/data/ops/iterator_ops.py", line 772, in _next_internal
    ret = gen_dataset_ops.iterator_get_next(
  File "/zhome/77/8/118225/.local/lib/python3.10/site-packages/tensorflow/python/ops/gen_dataset_ops.py", line 3028, in iterator_get_next
    _ops.raise_from_not_ok_status(e, name)
  File "/zhome/77/8/118225/.local/lib/python3.10/site-packages/tensorflow/python/framework/ops.py", line 5888, in raise_from_not_ok_status
    raise core._status_to_exception(e) from None  # pylint: disable=protected-access
tensorflow.python.framework.errors_impl.InvalidArgumentError: {{function_node __wrapped__IteratorGetNext_output_types_1_device_/job:localhost/replica:0/task:0/device:CPU:0}} ValueError: RESOURCE_EXHAUSTED: Out of memory while trying to allocate 8192000256 bytes.
BufferAssignment OOM Debugging.
BufferAssignment stats:
             parameter allocation:         8B
              constant allocation:         0B
        maybe_live_out allocation:    3.05GiB
     preallocated temp allocation:    7.63GiB
  preallocated temp fragmentation:         0B (0.00%)
                 total allocation:   10.68GiB
              total fragmentation:    1.53GiB (14.29%)
Peak buffers:
	Buffer 1:
		Size: 3.05GiB
		Operator: op_name="jit(_normal)/jit(main)/jit(_normal_real)/mul" source_file="/zhome/77/8/118225/Desktop/Projects/score_diffusion_mean/score_diffusion_mean/jaxgeometry/integration/integration.py" source_line=44
		XLA Label: fusion
		Shape: f32[1000,819200]
		==========================

	Buffer 2:
		Size: 1.53GiB
		Operator: op_name="jit(_normal)/jit(main)/jit(_normal_real)/jit(_uniform)/threefry2x32" source_file="/zhome/77/8/118225/Desktop/Projects/score_diffusion_mean/score_diffusion_mean/jaxgeometry/integration/integration.py" source_line=44
		XLA Label: custom-call
		Shape: u32[409600000]
		==========================

	Buffer 3:
		Size: 1.53GiB
		Operator: op_name="jit(_normal)/jit(main)/jit(_normal_real)/jit(_uniform)/threefry2x32" source_file="/zhome/77/8/118225/Desktop/Projects/score_diffusion_mean/score_diffusion_mean/jaxgeometry/integration/integration.py" source_line=44
		XLA Label: custom-call
		Shape: u32[409600000]
		==========================

	Buffer 4:
		Size: 1.53GiB
		Operator: op_name="jit(_normal)/jit(main)/jit(_normal_real)/jit(_uniform)/slice[start_indices=(409600000,) limit_indices=(819200000,) strides=None]" source_file="/zhome/77/8/118225/Desktop/Projects/score_diffusion_mean/score_diffusion_mean/jaxgeometry/integration/integration.py" source_line=44
		XLA Label: fusion
		Shape: u32[409600000]
		==========================

	Buffer 5:
		Size: 1.53GiB
		Operator: op_name="jit(_normal)/jit(main)/jit(_normal_real)/jit(_uniform)/slice[start_indices=(0,) limit_indices=(409600000,) strides=None]" source_file="/zhome/77/8/118225/Desktop/Projects/score_diffusion_mean/score_diffusion_mean/jaxgeometry/integration/integration.py" source_line=44
		XLA Label: fusion
		Shape: u32[409600000]
		==========================

	Buffer 6:
		Size: 1.53GiB
		Operator: op_name="jit(_normal)/jit(main)/jit(_normal_real)/jit(_uniform)/threefry2x32" source_file="/zhome/77/8/118225/Desktop/Projects/score_diffusion_mean/score_diffusion_mean/jaxgeometry/integration/integration.py" source_line=44
		XLA Label: fusion
		Shape: u32[409600000]
		==========================

	Buffer 7:
		Size: 16B
		Operator: op_name="jit(_normal)/jit(main)/jit(_normal_real)/jit(_uniform)/threefry2x32" source_file="/zhome/77/8/118225/Desktop/Projects/score_diffusion_mean/score_diffusion_mean/jaxgeometry/integration/integration.py" source_line=44
		XLA Label: fusion
		Shape: (u32[409600000], u32[409600000])
		==========================

	Buffer 8:
		Size: 16B
		Operator: op_name="jit(_normal)/jit(main)/jit(_normal_real)/jit(_uniform)/threefry2x32" source_file="/zhome/77/8/118225/Desktop/Projects/score_diffusion_mean/score_diffusion_mean/jaxgeometry/integration/integration.py" source_line=44
		XLA Label: custom-call
		Shape: (u32[409600000], u32[409600000])
		==========================

	Buffer 9:
		Size: 8B
		Entry Parameter Subshape: u32[2]
		==========================


Traceback (most recent call last):

  File "/zhome/77/8/118225/.local/lib/python3.10/site-packages/tensorflow/python/ops/script_ops.py", line 270, in __call__
    ret = func(*args)

  File "/zhome/77/8/118225/.local/lib/python3.10/site-packages/tensorflow/python/autograph/impl/api.py", line 643, in wrapper
    return func(*args, **kwargs)

  File "/zhome/77/8/118225/.local/lib/python3.10/site-packages/tensorflow/python/data/ops/from_generator_op.py", line 198, in generator_py_func
    values = next(generator_state.get_iterator(iterator_id))

  File "/zhome/77/8/118225/Desktop/Projects/score_diffusion_mean/score_diffusion_mean/jaxgeometry/statistics/score_matching/generators.py", line 422, in __call__
    dW = dWs(self.N_sim*self.dim,self._dts).reshape(-1,self.N_sim,self.dim)

  File "/zhome/77/8/118225/Desktop/Projects/score_diffusion_mean/score_diffusion_mean/jaxgeometry/integration/integration.py", line 44, in dWs
    return jnp.sqrt(_dts)[:,None]*jrandom.normal(subkeys[0],(_dts.shape[0],d))

  File "/zhome/77/8/118225/.local/lib/python3.10/site-packages/jax/_src/random.py", line 729, in normal
    return _normal(key, shape, dtype)  # type: ignore

ValueError: RESOURCE_EXHAUSTED: Out of memory while trying to allocate 8192000256 bytes.
BufferAssignment OOM Debugging.
BufferAssignment stats:
             parameter allocation:         8B
              constant allocation:         0B
        maybe_live_out allocation:    3.05GiB
     preallocated temp allocation:    7.63GiB
  preallocated temp fragmentation:         0B (0.00%)
                 total allocation:   10.68GiB
              total fragmentation:    1.53GiB (14.29%)
Peak buffers:
	Buffer 1:
		Size: 3.05GiB
		Operator: op_name="jit(_normal)/jit(main)/jit(_normal_real)/mul" source_file="/zhome/77/8/118225/Desktop/Projects/score_diffusion_mean/score_diffusion_mean/jaxgeometry/integration/integration.py" source_line=44
		XLA Label: fusion
		Shape: f32[1000,819200]
		==========================

	Buffer 2:
		Size: 1.53GiB
		Operator: op_name="jit(_normal)/jit(main)/jit(_normal_real)/jit(_uniform)/threefry2x32" source_file="/zhome/77/8/118225/Desktop/Projects/score_diffusion_mean/score_diffusion_mean/jaxgeometry/integration/integration.py" source_line=44
		XLA Label: custom-call
		Shape: u32[409600000]
		==========================

	Buffer 3:
		Size: 1.53GiB
		Operator: op_name="jit(_normal)/jit(main)/jit(_normal_real)/jit(_uniform)/threefry2x32" source_file="/zhome/77/8/118225/Desktop/Projects/score_diffusion_mean/score_diffusion_mean/jaxgeometry/integration/integration.py" source_line=44
		XLA Label: custom-call
		Shape: u32[409600000]
		==========================

	Buffer 4:
		Size: 1.53GiB
		Operator: op_name="jit(_normal)/jit(main)/jit(_normal_real)/jit(_uniform)/slice[start_indices=(409600000,) limit_indices=(819200000,) strides=None]" source_file="/zhome/77/8/118225/Desktop/Projects/score_diffusion_mean/score_diffusion_mean/jaxgeometry/integration/integration.py" source_line=44
		XLA Label: fusion
		Shape: u32[409600000]
		==========================

	Buffer 5:
		Size: 1.53GiB
		Operator: op_name="jit(_normal)/jit(main)/jit(_normal_real)/jit(_uniform)/slice[start_indices=(0,) limit_indices=(409600000,) strides=None]" source_file="/zhome/77/8/118225/Desktop/Projects/score_diffusion_mean/score_diffusion_mean/jaxgeometry/integration/integration.py" source_line=44
		XLA Label: fusion
		Shape: u32[409600000]
		==========================

	Buffer 6:
		Size: 1.53GiB
		Operator: op_name="jit(_normal)/jit(main)/jit(_normal_real)/jit(_uniform)/threefry2x32" source_file="/zhome/77/8/118225/Desktop/Projects/score_diffusion_mean/score_diffusion_mean/jaxgeometry/integration/integration.py" source_line=44
		XLA Label: fusion
		Shape: u32[409600000]
		==========================

	Buffer 7:
		Size: 16B
		Operator: op_name="jit(_normal)/jit(main)/jit(_normal_real)/jit(_uniform)/threefry2x32" source_file="/zhome/77/8/118225/Desktop/Projects/score_diffusion_mean/score_diffusion_mean/jaxgeometry/integration/integration.py" source_line=44
		XLA Label: fusion
		Shape: (u32[409600000], u32[409600000])
		==========================

	Buffer 8:
		Size: 16B
		Operator: op_name="jit(_normal)/jit(main)/jit(_normal_real)/jit(_uniform)/threefry2x32" source_file="/zhome/77/8/118225/Desktop/Projects/score_diffusion_mean/score_diffusion_mean/jaxgeometry/integration/integration.py" source_line=44
		XLA Label: custom-call
		Shape: (u32[409600000], u32[409600000])
		==========================

	Buffer 9:
		Size: 8B
		Entry Parameter Subshape: u32[2]
		==========================




	 [[{{node PyFunc}}]] [Op:IteratorGetNext] name: 
