Loaded dependency [python3/3.10.12]: gcc/11.4.0-binutils-2.40
Loaded dependency [python3/3.10.12]: sqlite3/3.42.0

Switching from python3/3.8.2 to python3/3.10.12
  Loading requirement: gcc/11.4.0-binutils-2.40 sqlite3/3.42.0
2024-04-08 11:19:07.076149: E tensorflow/compiler/xla/stream_executor/cuda/cuda_dnn.cc:9342] Unable to register cuDNN factory: Attempting to register factory for plugin cuDNN when one has already been registered
2024-04-08 11:19:07.076218: E tensorflow/compiler/xla/stream_executor/cuda/cuda_fft.cc:609] Unable to register cuFFT factory: Attempting to register factory for plugin cuFFT when one has already been registered
2024-04-08 11:19:07.092540: E tensorflow/compiler/xla/stream_executor/cuda/cuda_blas.cc:1518] Unable to register cuBLAS factory: Attempting to register factory for plugin cuBLAS when one has already been registered
Traceback (most recent call last):
  File "/zhome/77/8/118225/Desktop/Projects/score_diffusion_mean/score_diffusion_mean/train_score.py", line 296, in <module>
    train_score()
  File "/zhome/77/8/118225/Desktop/Projects/score_diffusion_mean/score_diffusion_mean/train_score.py", line 219, in train_score
    train_s2(M=M,
  File "/zhome/77/8/118225/Desktop/Projects/score_diffusion_mean/score_diffusion_mean/jaxgeometry/statistics/score_matching/trainxt.py", line 235, in train_s2
    if ((not any(jnp.sum(jnp.isnan(val))>0 for val in new_state.params[list(new_state.params.keys())[0]].values())) \
  File "/zhome/77/8/118225/.local/lib/python3.10/site-packages/jax/_src/array.py", line 262, in __bool__
    return bool(self._value)
  File "/zhome/77/8/118225/.local/lib/python3.10/site-packages/jax/_src/profiler.py", line 340, in wrapper
    return func(*args, **kwargs)
  File "/zhome/77/8/118225/.local/lib/python3.10/site-packages/jax/_src/array.py", line 566, in _value
    self._npy_value = self._single_device_array_to_np_array()  # type: ignore
KeyboardInterrupt
terminate called without an active exception
/zhome/77/8/118225/.lsbatch/1712567894.21228324.shell: line 38: 31489 Aborted                 python3 train_score.py --manifold HypParaboloid --dim 2 --s1_loss_type dsmvr --s2_loss_type dsm --load_model 0 --T_sample 0 --t 0.01 --train_net s2 --max_T 1.0 --lr_rate 0.0002 --epochs 50000 --x_samples 64 --t_samples 256 --repeats 16 --samples_per_batch 32 --dt_steps 1000 --save_step 100 --seed 2712
