Loaded dependency [python3/3.10.12]: gcc/11.4.0-binutils-2.40
Loaded dependency [python3/3.10.12]: sqlite3/3.42.0

Switching from python3/3.8.2 to python3/3.10.12
  Loading requirement: gcc/11.4.0-binutils-2.40 sqlite3/3.42.0
2024-03-16 04:43:11.674140: E tensorflow/compiler/xla/stream_executor/cuda/cuda_dnn.cc:9342] Unable to register cuDNN factory: Attempting to register factory for plugin cuDNN when one has already been registered
2024-03-16 04:43:11.674185: E tensorflow/compiler/xla/stream_executor/cuda/cuda_fft.cc:609] Unable to register cuFFT factory: Attempting to register factory for plugin cuFFT when one has already been registered
2024-03-16 04:43:11.677011: E tensorflow/compiler/xla/stream_executor/cuda/cuda_blas.cc:1518] Unable to register cuBLAS factory: Attempting to register factory for plugin cuBLAS when one has already been registered
2024-03-16 04:44:10.844354: W external/xla/xla/service/gpu/runtime/support.cc:58] Intercepted XLA runtime error:
UNKNOWN: cuSolver execution failed
2024-03-16 04:44:10.844667: E external/xla/xla/pjrt/pjrt_stream_executor_client.cc:2593] Execution of replica 0 failed: INTERNAL: Failed to execute XLA Runtime executable: run time error: custom call 'xla.gpu.cholesky' failed: cuSolver execution failed; current tracing scope: custom-call.6; current profiling annotation: XlaModule:#hlo_module=jit__lambda_,program_id=150#.
2024-03-16 04:44:10.896594: W tensorflow/core/framework/op_kernel.cc:1827] UNKNOWN: XlaRuntimeError: INTERNAL: Failed to execute XLA Runtime executable: run time error: custom call 'xla.gpu.cholesky' failed: cuSolver execution failed; current tracing scope: custom-call.6; current profiling annotation: XlaModule:#hlo_module=jit__lambda_,program_id=150#.
jax.errors.SimplifiedTraceback: For simplicity, JAX has removed its internal frames from the traceback of the following exception. Set JAX_TRACEBACK_FILTERING=off to include these.


The above exception was the direct cause of the following exception:


Traceback (most recent call last):

  File "/zhome/77/8/118225/.local/lib/python3.10/site-packages/tensorflow/python/ops/script_ops.py", line 270, in __call__
    ret = func(*args)

  File "/zhome/77/8/118225/.local/lib/python3.10/site-packages/tensorflow/python/autograph/impl/api.py", line 643, in wrapper
    return func(*args, **kwargs)

  File "/zhome/77/8/118225/.local/lib/python3.10/site-packages/tensorflow/python/data/ops/from_generator_op.py", line 198, in generator_py_func
    values = next(generator_state.get_iterator(iterator_id))

  File "/zhome/77/8/118225/Desktop/Projects/score_diffusion_mean/score_diffusion_mean/jaxgeometry/statistics/score_matching/generators.py", line 85, in __call__
    (ts,xss,chartss,*_) = self.product((jnp.repeat(self.x0s[0],self.x_samples,axis=0),

jaxlib.xla_extension.XlaRuntimeError: INTERNAL: Failed to execute XLA Runtime executable: run time error: custom call 'xla.gpu.cholesky' failed: cuSolver execution failed; current tracing scope: custom-call.6; current profiling annotation: XlaModule:#hlo_module=jit__lambda_,program_id=150#.


Traceback (most recent call last):
  File "/zhome/77/8/118225/Desktop/Projects/score_diffusion_mean/score_diffusion_mean/train_score.py", line 298, in <module>
    train_score()
  File "/zhome/77/8/118225/Desktop/Projects/score_diffusion_mean/score_diffusion_mean/train_score.py", line 276, in train_score
    train_s1(M=M,
  File "/zhome/77/8/118225/Desktop/Projects/score_diffusion_mean/score_diffusion_mean/jaxgeometry/statistics/score_matching/trainxt.py", line 95, in train_s1
    initial_params = model.init(jrandom.PRNGKey(seed), next(train_dataset)[:,:(2*N_dim+1)])
  File "/zhome/77/8/118225/.local/lib/python3.10/site-packages/tensorflow_datasets/core/dataset_utils.py", line 82, in _eager_dataset_iterator
    for elem in ds:
  File "/zhome/77/8/118225/.local/lib/python3.10/site-packages/tensorflow/python/data/ops/iterator_ops.py", line 809, in __next__
    return self._next_internal()
  File "/zhome/77/8/118225/.local/lib/python3.10/site-packages/tensorflow/python/data/ops/iterator_ops.py", line 772, in _next_internal
    ret = gen_dataset_ops.iterator_get_next(
  File "/zhome/77/8/118225/.local/lib/python3.10/site-packages/tensorflow/python/ops/gen_dataset_ops.py", line 3028, in iterator_get_next
    _ops.raise_from_not_ok_status(e, name)
  File "/zhome/77/8/118225/.local/lib/python3.10/site-packages/tensorflow/python/framework/ops.py", line 5888, in raise_from_not_ok_status
    raise core._status_to_exception(e) from None  # pylint: disable=protected-access
tensorflow.python.framework.errors_impl.UnknownError: {{function_node __wrapped__IteratorGetNext_output_types_1_device_/job:localhost/replica:0/task:0/device:CPU:0}} XlaRuntimeError: INTERNAL: Failed to execute XLA Runtime executable: run time error: custom call 'xla.gpu.cholesky' failed: cuSolver execution failed; current tracing scope: custom-call.6; current profiling annotation: XlaModule:#hlo_module=jit__lambda_,program_id=150#.
jax.errors.SimplifiedTraceback: For simplicity, JAX has removed its internal frames from the traceback of the following exception. Set JAX_TRACEBACK_FILTERING=off to include these.


The above exception was the direct cause of the following exception:


Traceback (most recent call last):

  File "/zhome/77/8/118225/.local/lib/python3.10/site-packages/tensorflow/python/ops/script_ops.py", line 270, in __call__
    ret = func(*args)

  File "/zhome/77/8/118225/.local/lib/python3.10/site-packages/tensorflow/python/autograph/impl/api.py", line 643, in wrapper
    return func(*args, **kwargs)

  File "/zhome/77/8/118225/.local/lib/python3.10/site-packages/tensorflow/python/data/ops/from_generator_op.py", line 198, in generator_py_func
    values = next(generator_state.get_iterator(iterator_id))

  File "/zhome/77/8/118225/Desktop/Projects/score_diffusion_mean/score_diffusion_mean/jaxgeometry/statistics/score_matching/generators.py", line 85, in __call__
    (ts,xss,chartss,*_) = self.product((jnp.repeat(self.x0s[0],self.x_samples,axis=0),

jaxlib.xla_extension.XlaRuntimeError: INTERNAL: Failed to execute XLA Runtime executable: run time error: custom call 'xla.gpu.cholesky' failed: cuSolver execution failed; current tracing scope: custom-call.6; current profiling annotation: XlaModule:#hlo_module=jit__lambda_,program_id=150#.


	 [[{{node PyFunc}}]] [Op:IteratorGetNext] name: 
2024-03-16 04:44:11.453354: E external/xla/xla/stream_executor/cuda/cuda_driver.cc:674] failed to unload module 0x25f0a50; leaking: CUDA_ERROR_ILLEGAL_ADDRESS: an illegal memory access was encountered
2024-03-16 04:44:11.454827: E external/xla/xla/stream_executor/cuda/cuda_driver.cc:674] failed to unload module 0x7f7aaceb5d20; leaking: CUDA_ERROR_ILLEGAL_ADDRESS: an illegal memory access was encountered
2024-03-16 04:44:11.457398: E external/xla/xla/stream_executor/cuda/cuda_driver.cc:674] failed to unload module 0x846b9c0; leaking: CUDA_ERROR_ILLEGAL_ADDRESS: an illegal memory access was encountered
2024-03-16 04:44:11.461255: E external/xla/xla/stream_executor/cuda/cuda_driver.cc:674] failed to unload module 0x198fe50; leaking: CUDA_ERROR_ILLEGAL_ADDRESS: an illegal memory access was encountered
2024-03-16 04:44:11.462437: E external/xla/xla/stream_executor/cuda/cuda_driver.cc:674] failed to unload module 0xa88a500; leaking: CUDA_ERROR_ILLEGAL_ADDRESS: an illegal memory access was encountered
2024-03-16 04:44:11.463231: E external/xla/xla/stream_executor/cuda/cuda_driver.cc:674] failed to unload module 0xa2a0950; leaking: CUDA_ERROR_ILLEGAL_ADDRESS: an illegal memory access was encountered
2024-03-16 04:44:11.468724: E external/xla/xla/stream_executor/cuda/cuda_driver.cc:674] failed to unload module 0x284e130; leaking: CUDA_ERROR_ILLEGAL_ADDRESS: an illegal memory access was encountered
2024-03-16 04:44:11.469151: E external/xla/xla/stream_executor/cuda/cuda_driver.cc:674] failed to unload module 0x808c4a0; leaking: CUDA_ERROR_ILLEGAL_ADDRESS: an illegal memory access was encountered
2024-03-16 04:44:11.469948: E external/xla/xla/stream_executor/cuda/cuda_driver.cc:674] failed to unload module 0x19a3810; leaking: CUDA_ERROR_ILLEGAL_ADDRESS: an illegal memory access was encountered
2024-03-16 04:44:11.470403: E external/xla/xla/stream_executor/cuda/cuda_driver.cc:674] failed to unload module 0x19d2c90; leaking: CUDA_ERROR_ILLEGAL_ADDRESS: an illegal memory access was encountered
2024-03-16 04:44:11.470797: E external/xla/xla/stream_executor/cuda/cuda_driver.cc:674] failed to unload module 0x2abea70; leaking: CUDA_ERROR_ILLEGAL_ADDRESS: an illegal memory access was encountered
2024-03-16 04:44:11.471160: E external/xla/xla/stream_executor/cuda/cuda_driver.cc:674] failed to unload module 0x19fb580; leaking: CUDA_ERROR_ILLEGAL_ADDRESS: an illegal memory access was encountered
2024-03-16 04:44:11.471528: E external/xla/xla/stream_executor/cuda/cuda_driver.cc:674] failed to unload module 0x276f510; leaking: CUDA_ERROR_ILLEGAL_ADDRESS: an illegal memory access was encountered
2024-03-16 04:44:11.472583: E external/xla/xla/stream_executor/cuda/cuda_driver.cc:674] failed to unload module 0xaa7c320; leaking: CUDA_ERROR_ILLEGAL_ADDRESS: an illegal memory access was encountered
2024-03-16 04:44:11.473124: E external/xla/xla/stream_executor/cuda/cuda_driver.cc:674] failed to unload module 0xade4520; leaking: CUDA_ERROR_ILLEGAL_ADDRESS: an illegal memory access was encountered
2024-03-16 04:44:11.473563: E external/xla/xla/stream_executor/cuda/cuda_driver.cc:674] failed to unload module 0xac198c0; leaking: CUDA_ERROR_ILLEGAL_ADDRESS: an illegal memory access was encountered
2024-03-16 04:44:11.474031: E external/xla/xla/stream_executor/cuda/cuda_driver.cc:674] failed to unload module 0xaebdeb0; leaking: CUDA_ERROR_ILLEGAL_ADDRESS: an illegal memory access was encountered
2024-03-16 04:44:11.474998: E external/xla/xla/stream_executor/cuda/cuda_driver.cc:674] failed to unload module 0xb143f00; leaking: CUDA_ERROR_ILLEGAL_ADDRESS: an illegal memory access was encountered
2024-03-16 04:44:11.475930: E external/xla/xla/stream_executor/cuda/cuda_driver.cc:674] failed to unload module 0xa54b840; leaking: CUDA_ERROR_ILLEGAL_ADDRESS: an illegal memory access was encountered
2024-03-16 04:44:11.476384: E external/xla/xla/stream_executor/cuda/cuda_driver.cc:674] failed to unload module 0xa6a7ed0; leaking: CUDA_ERROR_ILLEGAL_ADDRESS: an illegal memory access was encountered
2024-03-16 04:44:11.478577: E external/xla/xla/stream_executor/cuda/cuda_driver.cc:674] failed to unload module 0xb42d700; leaking: CUDA_ERROR_ILLEGAL_ADDRESS: an illegal memory access was encountered
2024-03-16 04:44:11.480260: E external/xla/xla/stream_executor/cuda/cuda_driver.cc:674] failed to unload module 0xb3a9730; leaking: CUDA_ERROR_ILLEGAL_ADDRESS: an illegal memory access was encountered
2024-03-16 04:44:11.482127: E external/xla/xla/stream_executor/cuda/cuda_driver.cc:674] failed to unload module 0x7f7aacd5b2e0; leaking: CUDA_ERROR_ILLEGAL_ADDRESS: an illegal memory access was encountered
2024-03-16 04:44:11.486157: E external/xla/xla/stream_executor/cuda/cuda_driver.cc:674] failed to unload module 0x7f7aad929af0; leaking: CUDA_ERROR_ILLEGAL_ADDRESS: an illegal memory access was encountered
2024-03-16 04:44:11.488532: E external/xla/xla/stream_executor/cuda/cuda_driver.cc:674] failed to unload module 0x7f7aadddd500; leaking: CUDA_ERROR_ILLEGAL_ADDRESS: an illegal memory access was encountered
2024-03-16 04:44:11.490767: E external/xla/xla/stream_executor/cuda/cuda_driver.cc:674] failed to unload module 0x7f7aae2548a0; leaking: CUDA_ERROR_ILLEGAL_ADDRESS: an illegal memory access was encountered
2024-03-16 04:44:11.741445: E external/xla/xla/stream_executor/cuda/cuda_driver.cc:763] failed to free device memory at 0x7f7a89f46400; result: CUDA_ERROR_ILLEGAL_ADDRESS: an illegal memory access was encountered
2024-03-16 04:44:11.742245: E external/xla/xla/stream_executor/cuda/cuda_driver.cc:674] failed to unload module 0x7f7aae6ab2e0; leaking: CUDA_ERROR_ILLEGAL_ADDRESS: an illegal memory access was encountered
