[-0.00577145  0.9881337   0.9988353 ]
[-7.430514  -7.0029154 -5.05991  ]
[-7.38406]
[-0.00612084  0.988756    1.0011607 ]
Epoch: 100 	 ELBO: -45.5549 	 RecLoss: 52.9304 	 KLD: 7.3755
[-0.0063228  0.989083   0.9972704]
[-7.535828  -7.1602416 -5.073483 ]
[-7.5403304]
[-0.00612084  0.988756    1.0011607 ]
Epoch: 200 	 ELBO: -45.9714 	 RecLoss: 53.7075 	 KLD: 7.7362
[-0.00674235  0.9879273   0.9982265 ]
[-7.659982 -7.498044 -5.089309]
[-7.619385]
[-0.00612084  0.988756    1.0011607 ]
Epoch: 300 	 ELBO: -49.4272 	 RecLoss: 57.3214 	 KLD: 7.8942
[-0.00643575  0.9888918   0.99656963]
[-7.55325   -7.5661907 -5.0669327]
[-7.622317]
[-0.00612084  0.988756    1.0011607 ]
Epoch: 400 	 ELBO: -47.3527 	 RecLoss: 55.0148 	 KLD: 7.6621
[-0.00563708  0.98871845  0.9957009 ]
[-7.7347403 -7.4108706 -5.065894 ]
[-7.640442]
[-0.00612084  0.988756    1.0011607 ]
Epoch: 500 	 ELBO: -48.8910 	 RecLoss: 56.6509 	 KLD: 7.7599
[-0.0054845   0.98932517  0.9990082 ]
[-7.7276263 -7.6898355 -5.0767655]
[-7.7667403]
[-0.00612084  0.988756    1.0011607 ]
Epoch: 600 	 ELBO: -48.2244 	 RecLoss: 56.1076 	 KLD: 7.8832
[-0.00572505  0.98774743  0.99641216]
[-7.9171095 -7.7361054 -5.0741644]
[-7.864391]
[-0.00612084  0.988756    1.0011607 ]
Epoch: 700 	 ELBO: -45.5585 	 RecLoss: 53.5059 	 KLD: 7.9474
[-0.00557558  0.9888828   0.99847597]
[-7.8940787 -7.7241726 -5.0628266]
[-7.8755107]
[-0.00612084  0.988756    1.0011607 ]
Epoch: 800 	 ELBO: -49.2454 	 RecLoss: 57.1239 	 KLD: 7.8785
[-0.00633684  0.9885314   0.99865323]
[-7.967939  -7.8013678 -5.0648527]
[-7.9627132]
[-0.00612084  0.988756    1.0011607 ]
Epoch: 900 	 ELBO: -50.8157 	 RecLoss: 58.8094 	 KLD: 7.9937
[-0.00611622  0.9891156   0.99684715]
[-7.964334  -7.6785245 -5.0667615]
[-7.866921]
[-0.00612084  0.988756    1.0011607 ]
Epoch: 1000 	 ELBO: -48.8707 	 RecLoss: 56.7100 	 KLD: 7.8393
[-0.00607573  0.98877764  0.99773276]
[-8.035906  -7.8600435 -5.0554304]
[-8.055898]
[-0.00612084  0.988756    1.0011607 ]
Epoch: 1100 	 ELBO: -51.2903 	 RecLoss: 59.1390 	 KLD: 7.8487
[-0.00611766  0.98890114  0.9984151 ]
[-8.002996  -7.784028  -5.0560303]
[-8.004801]
[-0.00612084  0.988756    1.0011607 ]
Epoch: 1200 	 ELBO: -51.4307 	 RecLoss: 59.4826 	 KLD: 8.0519
[-0.0060236  0.9886919  0.9984964]
[-8.071671  -7.9271126 -5.0800614]
[-8.1008835]
[-0.00612084  0.988756    1.0011607 ]
Epoch: 1300 	 ELBO: -51.7317 	 RecLoss: 59.7678 	 KLD: 8.0361
[-0.00615204  0.9884107   0.9983876 ]
[-8.120415  -7.9475346 -5.072584 ]
[-8.111947]
[-0.00612084  0.988756    1.0011607 ]
Epoch: 1400 	 ELBO: -51.8817 	 RecLoss: 59.8508 	 KLD: 7.9691
[-0.00575175  0.9883139   1.000257  ]
[-7.9507194 -7.9119887 -5.0777464]
[-8.047651]
[-0.00612084  0.988756    1.0011607 ]
Epoch: 1500 	 ELBO: -50.4788 	 RecLoss: 58.3348 	 KLD: 7.8560
[-0.00612943  0.9890226   0.9997952 ]
[-8.134509 -7.996273 -5.079512]
[-8.179098]
[-0.00612084  0.988756    1.0011607 ]
Epoch: 1600 	 ELBO: -50.5768 	 RecLoss: 58.4627 	 KLD: 7.8859
[-0.00553744  0.98903835  0.9982623 ]
[-8.096254  -7.944536  -5.0778675]
[-8.12088]
[-0.00612084  0.988756    1.0011607 ]
Epoch: 1700 	 ELBO: -51.4607 	 RecLoss: 59.4805 	 KLD: 8.0198
[-0.00607229  0.98832184  0.99784315]
[-8.175394  -8.026759  -5.0734634]
[-8.226566]
[-0.00612084  0.988756    1.0011607 ]
Epoch: 1800 	 ELBO: -50.7184 	 RecLoss: 58.8398 	 KLD: 8.1214
[-0.00623785  0.9879911   1.0005698 ]
[-8.140116 -8.050689 -5.081485]
[-8.250794]
[-0.00612084  0.988756    1.0011607 ]
Epoch: 1900 	 ELBO: -52.2412 	 RecLoss: 60.3909 	 KLD: 8.1497
[-0.00619074  0.9892014   0.997092  ]
[-8.21041  -7.986582 -5.070493]
[-8.245844]
[-0.00612084  0.988756    1.0011607 ]
Epoch: 2000 	 ELBO: -51.1385 	 RecLoss: 59.2652 	 KLD: 8.1267
[-0.00646428  0.9890402   0.99769306]
[-8.246441  -8.001047  -5.0594563]
[-8.246422]
[-0.00612084  0.988756    1.0011607 ]
Epoch: 2100 	 ELBO: -51.6467 	 RecLoss: 59.8745 	 KLD: 8.2278
[-0.0060495   0.98845893  0.99932575]
[-8.231695 -7.921997 -5.079578]
[-8.220926]
[-0.00612084  0.988756    1.0011607 ]
Epoch: 2200 	 ELBO: -51.8525 	 RecLoss: 59.6810 	 KLD: 7.8285
[-0.00619412  0.9892832   0.9979223 ]
[-8.12887  -8.077573 -5.090267]
[-8.263683]
[-0.00612084  0.988756    1.0011607 ]
Epoch: 2300 	 ELBO: -51.0778 	 RecLoss: 59.1252 	 KLD: 8.0473
[-0.00586456  0.98956096  0.9996425 ]
[-8.241293  -7.934473  -5.0958395]
[-8.267826]
[-0.00612084  0.988756    1.0011607 ]
Epoch: 2400 	 ELBO: -51.6081 	 RecLoss: 59.6479 	 KLD: 8.0398
[-0.00597863  0.98837465  1.0005561 ]
[-8.30511   -8.145412  -5.0927544]
[-8.4405155]
[-0.00612084  0.988756    1.0011607 ]
Epoch: 2500 	 ELBO: -53.3282 	 RecLoss: 61.5209 	 KLD: 8.1927
[-0.00595638  0.98857486  0.99990904]
[-8.271677  -8.0996    -5.0882792]
[-8.40193]
[-0.00612084  0.988756    1.0011607 ]
Epoch: 2600 	 ELBO: -50.1129 	 RecLoss: 58.3614 	 KLD: 8.2485
[-0.0062063   0.98836476  0.9984759 ]
[-8.274488 -8.105867 -5.096352]
[-8.3974495]
[-0.00612084  0.988756    1.0011607 ]
Epoch: 2700 	 ELBO: -49.8825 	 RecLoss: 58.2828 	 KLD: 8.4003
[-0.00597875  0.9876485   1.0024538 ]
[-8.263242 -8.171642 -5.109436]
[-8.482185]
[-0.00612084  0.988756    1.0011607 ]
Epoch: 2800 	 ELBO: -50.5533 	 RecLoss: 58.8668 	 KLD: 8.3135
[-0.00600647  0.98887056  0.9978695 ]
[-8.333786  -8.194959  -5.1041207]
[-8.4561]
[-0.00612084  0.988756    1.0011607 ]
Epoch: 2900 	 ELBO: -52.2089 	 RecLoss: 60.2966 	 KLD: 8.0877
[-0.00597015  0.9894549   0.99928486]
[-8.2855015 -8.177581  -5.101201 ]
[-8.424728]
[-0.00612084  0.988756    1.0011607 ]
Epoch: 3000 	 ELBO: -46.4747 	 RecLoss: 54.5257 	 KLD: 8.0510
[-0.00686759  0.9893663   0.99811363]
[-8.218067  -8.153831  -5.0974884]
[-8.459267]
[-0.00612084  0.988756    1.0011607 ]
Epoch: 3100 	 ELBO: -48.7238 	 RecLoss: 56.7029 	 KLD: 7.9791
[-0.00675439  0.98842317  1.0000687 ]
[-8.373294 -8.148894 -5.100607]
[-8.498556]
[-0.00612084  0.988756    1.0011607 ]
Epoch: 3200 	 ELBO: -52.4693 	 RecLoss: 60.4827 	 KLD: 8.0134
[-0.00625474  0.9887952   0.9984991 ]
[-8.322433  -8.150098  -5.1089554]
[-8.459624]
[-0.00612084  0.988756    1.0011607 ]
Epoch: 3300 	 ELBO: -52.1563 	 RecLoss: 60.1110 	 KLD: 7.9547
[-0.0070744  0.9885264  0.9981992]
[-8.325874 -8.211409 -5.095073]
[-8.516397]
[-0.00612084  0.988756    1.0011607 ]
Epoch: 3400 	 ELBO: -42.4387 	 RecLoss: 50.5710 	 KLD: 8.1324
[-0.00551104  0.9887572   0.99594235]
[-8.427189  -8.286947  -5.1138268]
[-8.613929]
[-0.00612084  0.988756    1.0011607 ]
Epoch: 3500 	 ELBO: -52.5079 	 RecLoss: 60.6438 	 KLD: 8.1359
[-0.00628293  0.98902285  0.99769694]
[-8.407379 -8.247898 -5.111521]
[-8.580433]
[-0.00612084  0.988756    1.0011607 ]
Epoch: 3600 	 ELBO: -52.3897 	 RecLoss: 60.6266 	 KLD: 8.2369
[-0.00601578  0.9889118   0.9985603 ]
[-8.443789  -8.326148  -5.1062284]
[-8.639415]
[-0.00612084  0.988756    1.0011607 ]
Epoch: 3700 	 ELBO: -51.4917 	 RecLoss: 59.8621 	 KLD: 8.3704
[-0.00614274  0.9887979   0.9986584 ]
[-8.388973 -8.297183 -5.107913]
[-8.619329]
[-0.00612084  0.988756    1.0011607 ]
Epoch: 3800 	 ELBO: -49.8104 	 RecLoss: 58.1821 	 KLD: 8.3717
[-0.0063183   0.9887705   0.99915135]
[-8.474511 -8.277335 -5.114274]
[-8.657574]
[-0.00612084  0.988756    1.0011607 ]
Epoch: 3900 	 ELBO: -51.5974 	 RecLoss: 59.7499 	 KLD: 8.1525
[-0.00552711  0.9887966   0.9991706 ]
[-8.464579  -8.2192135 -5.1137886]
[-8.5917]
[-0.00612084  0.988756    1.0011607 ]
Epoch: 4000 	 ELBO: -51.8870 	 RecLoss: 59.8929 	 KLD: 8.0059
[-0.00601154  0.9885227   0.9990325 ]
[-8.484694  -8.362308  -5.1151357]
[-8.67877]
[-0.00612084  0.988756    1.0011607 ]
Epoch: 4100 	 ELBO: -54.2810 	 RecLoss: 62.5505 	 KLD: 8.2695
[-0.00553623  0.9885328   0.9991437 ]
[-8.525577 -8.329813 -5.124861]
[-8.68103]
[-0.00612084  0.988756    1.0011607 ]
Epoch: 4200 	 ELBO: -51.7645 	 RecLoss: 60.2421 	 KLD: 8.4776
[-0.00607772  0.98879194  0.9986155 ]
[-8.471452  -8.222057  -5.1205907]
[-8.598879]
[-0.00612084  0.988756    1.0011607 ]
Epoch: 4300 	 ELBO: -54.0531 	 RecLoss: 62.1577 	 KLD: 8.1047
[-0.00547846  0.9890083   0.9999448 ]
[-8.526113  -8.349687  -5.1139593]
[-8.681915]
[-0.00612084  0.988756    1.0011607 ]
Epoch: 4400 	 ELBO: -53.7003 	 RecLoss: 61.9979 	 KLD: 8.2976
[-0.00671925  0.9883337   0.99880886]
[-8.533062  -8.353079  -5.1181726]
[-8.702827]
[-0.00612084  0.988756    1.0011607 ]
Epoch: 4500 	 ELBO: -53.1136 	 RecLoss: 61.5042 	 KLD: 8.3906
[-0.00694661  0.9883749   0.99875647]
[-8.537218 -8.337847 -5.113186]
[-8.706018]
[-0.00612084  0.988756    1.0011607 ]
Epoch: 4600 	 ELBO: -51.0072 	 RecLoss: 59.2183 	 KLD: 8.2111
[-0.00583362  0.98844355  0.9993437 ]
[-8.555178 -8.350323 -5.115596]
[-8.72954]
[-0.00612084  0.988756    1.0011607 ]
Epoch: 4700 	 ELBO: -50.5372 	 RecLoss: 58.8930 	 KLD: 8.3558
[-0.00559506  0.98920137  1.0001421 ]
[-8.618641  -8.400936  -5.1142826]
[-8.783039]
[-0.00612084  0.988756    1.0011607 ]
Epoch: 4800 	 ELBO: -50.0901 	 RecLoss: 58.3320 	 KLD: 8.2419
[-0.00613017  0.988898    0.99882424]
[-8.567775 -8.290344 -5.11127 ]
[-8.712337]
[-0.00612084  0.988756    1.0011607 ]
Epoch: 4900 	 ELBO: -53.9530 	 RecLoss: 62.1783 	 KLD: 8.2252
[-0.00605635  0.987423    0.9984852 ]
[-8.625961  -8.454877  -5.1192794]
[-8.795095]
[-0.00612084  0.988756    1.0011607 ]
Epoch: 5000 	 ELBO: -20.2891 	 RecLoss: 28.5554 	 KLD: 8.2664
[-0.00594445  0.9886583   0.9991758 ]
[-8.606864  -8.393099  -5.1164355]
[-8.803755]
[-0.00612084  0.988756    1.0011607 ]
Epoch: 5100 	 ELBO: -53.6377 	 RecLoss: 61.9099 	 KLD: 8.2722
[-0.0063349   0.9889624   0.99801856]
[-8.612079  -8.39246   -5.1193347]
[-8.809644]
[-0.00612084  0.988756    1.0011607 ]
Epoch: 5200 	 ELBO: -53.8888 	 RecLoss: 62.2382 	 KLD: 8.3494
[-0.0061897   0.98881185  0.99788666]
[-8.60864  -8.428981 -5.121606]
[-8.802564]
[-0.00612084  0.988756    1.0011607 ]
Epoch: 5300 	 ELBO: -53.9754 	 RecLoss: 62.0799 	 KLD: 8.1045
[-0.00580685  0.9889261   0.9985988 ]
[-8.596491 -8.449044 -5.121091]
[-8.808338]
[-0.00612084  0.988756    1.0011607 ]
Epoch: 5400 	 ELBO: -53.3649 	 RecLoss: 61.6510 	 KLD: 8.2861
[-0.00608849  0.98829     0.99835145]
[-8.702562 -8.493985 -5.120329]
[-8.887678]
[-0.00612084  0.988756    1.0011607 ]
Epoch: 5500 	 ELBO: -52.9476 	 RecLoss: 61.2278 	 KLD: 8.2801
[-0.00638808  0.98861694  0.9995383 ]
[-8.653663 -8.456036 -5.121346]
[-8.832802]
[-0.00612084  0.988756    1.0011607 ]
Epoch: 5600 	 ELBO: -53.2039 	 RecLoss: 61.6810 	 KLD: 8.4771
