Epoch: 100 	 ELBO: -48.4806 	 RecLoss: 55.1614 	 KLD: 6.6808
Epoch: 200 	 ELBO: -49.1162 	 RecLoss: 56.0947 	 KLD: 6.9785
Epoch: 300 	 ELBO: -49.4911 	 RecLoss: 56.7171 	 KLD: 7.2260
Epoch: 400 	 ELBO: -50.3071 	 RecLoss: 57.3225 	 KLD: 7.0154
Epoch: 500 	 ELBO: -47.7933 	 RecLoss: 55.1311 	 KLD: 7.3378
Epoch: 600 	 ELBO: -49.4472 	 RecLoss: 56.7310 	 KLD: 7.2839
Epoch: 700 	 ELBO: -49.2188 	 RecLoss: 56.5685 	 KLD: 7.3497
Epoch: 800 	 ELBO: -51.3832 	 RecLoss: 58.7220 	 KLD: 7.3388
Epoch: 900 	 ELBO: -50.8100 	 RecLoss: 58.3483 	 KLD: 7.5383
Epoch: 1000 	 ELBO: -49.5894 	 RecLoss: 57.0440 	 KLD: 7.4547
Epoch: 1100 	 ELBO: -50.7157 	 RecLoss: 57.9147 	 KLD: 7.1990
Epoch: 1200 	 ELBO: -51.7515 	 RecLoss: 59.4970 	 KLD: 7.7455
Epoch: 1300 	 ELBO: -51.5324 	 RecLoss: 59.0156 	 KLD: 7.4832
Epoch: 1400 	 ELBO: -50.2171 	 RecLoss: 57.6411 	 KLD: 7.4240
Epoch: 1500 	 ELBO: -50.8246 	 RecLoss: 58.4016 	 KLD: 7.5770
Epoch: 1600 	 ELBO: -48.5095 	 RecLoss: 55.8914 	 KLD: 7.3820
Epoch: 1700 	 ELBO: -51.2782 	 RecLoss: 58.9702 	 KLD: 7.6920
Epoch: 1800 	 ELBO: -50.4927 	 RecLoss: 58.1706 	 KLD: 7.6779
Epoch: 1900 	 ELBO: -51.2227 	 RecLoss: 58.9394 	 KLD: 7.7167
Epoch: 2000 	 ELBO: -52.9575 	 RecLoss: 60.7506 	 KLD: 7.7931
Epoch: 2100 	 ELBO: -47.8938 	 RecLoss: 55.7323 	 KLD: 7.8385
Epoch: 2200 	 ELBO: -50.8787 	 RecLoss: 58.3802 	 KLD: 7.5015
Epoch: 2300 	 ELBO: -48.0967 	 RecLoss: 55.7880 	 KLD: 7.6913
Epoch: 2400 	 ELBO: -47.6406 	 RecLoss: 55.5687 	 KLD: 7.9282
Epoch: 2500 	 ELBO: -52.3858 	 RecLoss: 60.0001 	 KLD: 7.6143
Epoch: 2600 	 ELBO: -51.6107 	 RecLoss: 59.5287 	 KLD: 7.9180
Epoch: 2700 	 ELBO: -51.0162 	 RecLoss: 59.0542 	 KLD: 8.0380
Epoch: 2800 	 ELBO: -52.4384 	 RecLoss: 60.3694 	 KLD: 7.9309
Epoch: 2900 	 ELBO: -52.5985 	 RecLoss: 60.3484 	 KLD: 7.7500
Epoch: 3000 	 ELBO: -52.7076 	 RecLoss: 60.3791 	 KLD: 7.6715
Epoch: 3100 	 ELBO: -50.5178 	 RecLoss: 58.1704 	 KLD: 7.6526
Epoch: 3200 	 ELBO: -48.9538 	 RecLoss: 56.6870 	 KLD: 7.7332
Epoch: 3300 	 ELBO: -52.8514 	 RecLoss: 60.6106 	 KLD: 7.7592
Epoch: 3400 	 ELBO: -53.0343 	 RecLoss: 60.9020 	 KLD: 7.8678
Epoch: 3500 	 ELBO: -52.8479 	 RecLoss: 60.6110 	 KLD: 7.7631
Epoch: 3600 	 ELBO: -52.1768 	 RecLoss: 60.0521 	 KLD: 7.8753
Epoch: 3700 	 ELBO: -53.5941 	 RecLoss: 61.6454 	 KLD: 8.0513
Epoch: 3800 	 ELBO: -52.9788 	 RecLoss: 60.9668 	 KLD: 7.9880
Epoch: 3900 	 ELBO: -52.6060 	 RecLoss: 60.3430 	 KLD: 7.7370
Epoch: 4000 	 ELBO: -53.2297 	 RecLoss: 60.9818 	 KLD: 7.7521
Epoch: 4100 	 ELBO: -52.0330 	 RecLoss: 60.0028 	 KLD: 7.9698
Epoch: 4200 	 ELBO: -52.9350 	 RecLoss: 60.9161 	 KLD: 7.9811
Epoch: 4300 	 ELBO: -53.4377 	 RecLoss: 61.1622 	 KLD: 7.7246
Epoch: 4400 	 ELBO: -52.5254 	 RecLoss: 60.5645 	 KLD: 8.0392
Epoch: 4500 	 ELBO: -52.3998 	 RecLoss: 60.4925 	 KLD: 8.0927
Epoch: 4600 	 ELBO: -52.4058 	 RecLoss: 60.3219 	 KLD: 7.9161
Epoch: 4700 	 ELBO: -52.8722 	 RecLoss: 60.8749 	 KLD: 8.0027
Epoch: 4800 	 ELBO: -52.6673 	 RecLoss: 60.6303 	 KLD: 7.9630
Epoch: 4900 	 ELBO: -52.9959 	 RecLoss: 61.0674 	 KLD: 8.0715
Epoch: 5000 	 ELBO: -52.2346 	 RecLoss: 60.1619 	 KLD: 7.9273
Epoch: 5100 	 ELBO: -53.6506 	 RecLoss: 61.6158 	 KLD: 7.9653
Epoch: 5200 	 ELBO: -53.3422 	 RecLoss: 61.3522 	 KLD: 8.0100
Epoch: 5300 	 ELBO: -53.4724 	 RecLoss: 61.3809 	 KLD: 7.9085
Epoch: 5400 	 ELBO: -54.6588 	 RecLoss: 62.7154 	 KLD: 8.0566
Epoch: 5500 	 ELBO: -53.3191 	 RecLoss: 61.1407 	 KLD: 7.8216
Epoch: 5600 	 ELBO: -52.3307 	 RecLoss: 60.5245 	 KLD: 8.1938
Epoch: 5700 	 ELBO: -51.5860 	 RecLoss: 59.5962 	 KLD: 8.0102
Epoch: 5800 	 ELBO: -52.9185 	 RecLoss: 60.9395 	 KLD: 8.0209
Epoch: 5900 	 ELBO: -48.8233 	 RecLoss: 56.9791 	 KLD: 8.1557
Epoch: 6000 	 ELBO: -50.9648 	 RecLoss: 59.0898 	 KLD: 8.1251
Epoch: 6100 	 ELBO: -53.0834 	 RecLoss: 61.2710 	 KLD: 8.1876
Epoch: 6200 	 ELBO: -52.0246 	 RecLoss: 60.1702 	 KLD: 8.1456
Epoch: 6300 	 ELBO: -54.0502 	 RecLoss: 62.1605 	 KLD: 8.1103
Epoch: 6400 	 ELBO: -51.8850 	 RecLoss: 60.1046 	 KLD: 8.2196
Epoch: 6500 	 ELBO: -54.6108 	 RecLoss: 62.7906 	 KLD: 8.1798
Epoch: 6600 	 ELBO: -53.8580 	 RecLoss: 62.1079 	 KLD: 8.2500
Epoch: 6700 	 ELBO: -54.4350 	 RecLoss: 62.6938 	 KLD: 8.2588
Epoch: 6800 	 ELBO: -49.7544 	 RecLoss: 57.8648 	 KLD: 8.1103
Epoch: 6900 	 ELBO: -54.0519 	 RecLoss: 62.2342 	 KLD: 8.1823
Epoch: 7000 	 ELBO: -50.3834 	 RecLoss: 58.4184 	 KLD: 8.0349
Epoch: 7100 	 ELBO: -53.6944 	 RecLoss: 61.8552 	 KLD: 8.1608
Epoch: 7200 	 ELBO: -53.7268 	 RecLoss: 61.6658 	 KLD: 7.9390
Epoch: 7300 	 ELBO: -52.2371 	 RecLoss: 60.5368 	 KLD: 8.2997
Epoch: 7400 	 ELBO: -54.3237 	 RecLoss: 62.6234 	 KLD: 8.2997
Epoch: 7500 	 ELBO: -53.9647 	 RecLoss: 62.2601 	 KLD: 8.2954
Epoch: 7600 	 ELBO: -55.0883 	 RecLoss: 63.2289 	 KLD: 8.1407
Epoch: 7700 	 ELBO: -55.4244 	 RecLoss: 63.7075 	 KLD: 8.2831
Epoch: 7800 	 ELBO: -41.5050 	 RecLoss: 49.8185 	 KLD: 8.3135
Epoch: 7900 	 ELBO: -51.2138 	 RecLoss: 59.2350 	 KLD: 8.0211
Epoch: 8000 	 ELBO: -52.8842 	 RecLoss: 61.2584 	 KLD: 8.3741
Epoch: 8100 	 ELBO: -49.8415 	 RecLoss: 58.0356 	 KLD: 8.1941
Epoch: 8200 	 ELBO: -54.6003 	 RecLoss: 62.7630 	 KLD: 8.1627
Epoch: 8300 	 ELBO: -54.9055 	 RecLoss: 63.1303 	 KLD: 8.2248
Epoch: 8400 	 ELBO: -54.1888 	 RecLoss: 62.3771 	 KLD: 8.1883
Epoch: 8500 	 ELBO: -53.7485 	 RecLoss: 62.0320 	 KLD: 8.2835
Epoch: 8600 	 ELBO: -55.5389 	 RecLoss: 63.7453 	 KLD: 8.2064
Epoch: 8700 	 ELBO: -54.8303 	 RecLoss: 63.2232 	 KLD: 8.3929
Epoch: 8800 	 ELBO: -55.1961 	 RecLoss: 63.3843 	 KLD: 8.1882
Epoch: 8900 	 ELBO: -54.9888 	 RecLoss: 63.2698 	 KLD: 8.2809
Epoch: 9000 	 ELBO: -52.2685 	 RecLoss: 60.5895 	 KLD: 8.3210
Epoch: 9100 	 ELBO: -54.6005 	 RecLoss: 62.8302 	 KLD: 8.2297
Epoch: 9200 	 ELBO: -53.6593 	 RecLoss: 61.8147 	 KLD: 8.1554
Epoch: 9300 	 ELBO: -53.1236 	 RecLoss: 61.3108 	 KLD: 8.1872
Epoch: 9400 	 ELBO: -51.2486 	 RecLoss: 59.3565 	 KLD: 8.1078
Epoch: 9500 	 ELBO: -53.5291 	 RecLoss: 61.8207 	 KLD: 8.2916
Epoch: 9600 	 ELBO: -49.4771 	 RecLoss: 57.7615 	 KLD: 8.2844
Epoch: 9700 	 ELBO: -53.9664 	 RecLoss: 62.2250 	 KLD: 8.2586
Epoch: 9800 	 ELBO: -55.1357 	 RecLoss: 63.4248 	 KLD: 8.2891
Epoch: 9900 	 ELBO: -55.2629 	 RecLoss: 63.5673 	 KLD: 8.3044
Epoch: 10000 	 ELBO: -52.0185 	 RecLoss: 60.2675 	 KLD: 8.2490
Epoch: 10100 	 ELBO: -53.8946 	 RecLoss: 62.0654 	 KLD: 8.1708
Epoch: 10200 	 ELBO: -55.1271 	 RecLoss: 63.3565 	 KLD: 8.2294
Epoch: 10300 	 ELBO: -53.2332 	 RecLoss: 61.5505 	 KLD: 8.3172
Epoch: 10400 	 ELBO: -55.4381 	 RecLoss: 63.6207 	 KLD: 8.1826
Epoch: 10500 	 ELBO: -50.4392 	 RecLoss: 58.7574 	 KLD: 8.3181
Epoch: 10600 	 ELBO: -55.5840 	 RecLoss: 63.6772 	 KLD: 8.0932
Epoch: 10700 	 ELBO: -55.4823 	 RecLoss: 63.7762 	 KLD: 8.2939
Epoch: 10800 	 ELBO: -54.1662 	 RecLoss: 62.3719 	 KLD: 8.2058
Epoch: 10900 	 ELBO: -55.0689 	 RecLoss: 63.5441 	 KLD: 8.4752
Epoch: 11000 	 ELBO: -53.5942 	 RecLoss: 61.7447 	 KLD: 8.1505
Epoch: 11100 	 ELBO: -55.4386 	 RecLoss: 63.7073 	 KLD: 8.2687
Epoch: 11200 	 ELBO: -40.4912 	 RecLoss: 48.8529 	 KLD: 8.3617
Epoch: 11300 	 ELBO: -51.3040 	 RecLoss: 59.7358 	 KLD: 8.4318
Epoch: 11400 	 ELBO: -48.6420 	 RecLoss: 56.9527 	 KLD: 8.3107
Epoch: 11500 	 ELBO: -53.3513 	 RecLoss: 61.6629 	 KLD: 8.3115
Epoch: 11600 	 ELBO: -55.1575 	 RecLoss: 63.3682 	 KLD: 8.2107
Epoch: 11700 	 ELBO: -55.4871 	 RecLoss: 63.9446 	 KLD: 8.4575
Epoch: 11800 	 ELBO: -54.6756 	 RecLoss: 63.2420 	 KLD: 8.5664
Epoch: 11900 	 ELBO: -48.1811 	 RecLoss: 56.6683 	 KLD: 8.4873
Epoch: 12000 	 ELBO: -49.2561 	 RecLoss: 57.5977 	 KLD: 8.3416
Epoch: 12100 	 ELBO: -54.8617 	 RecLoss: 63.2937 	 KLD: 8.4320
Epoch: 12200 	 ELBO: -54.4516 	 RecLoss: 62.9845 	 KLD: 8.5329
Epoch: 12300 	 ELBO: -55.9015 	 RecLoss: 64.1856 	 KLD: 8.2840
Epoch: 12400 	 ELBO: -53.1328 	 RecLoss: 61.5419 	 KLD: 8.4091
Epoch: 12500 	 ELBO: -54.9990 	 RecLoss: 63.4232 	 KLD: 8.4242
Epoch: 12600 	 ELBO: -52.5290 	 RecLoss: 61.1682 	 KLD: 8.6392
Epoch: 12700 	 ELBO: -55.1015 	 RecLoss: 63.6823 	 KLD: 8.5808
Epoch: 12800 	 ELBO: -54.8728 	 RecLoss: 63.3123 	 KLD: 8.4395
Epoch: 12900 	 ELBO: -54.8390 	 RecLoss: 63.1813 	 KLD: 8.3423
Epoch: 13000 	 ELBO: -53.4904 	 RecLoss: 62.0613 	 KLD: 8.5709
Epoch: 13100 	 ELBO: -53.0209 	 RecLoss: 61.5828 	 KLD: 8.5620
Epoch: 13200 	 ELBO: -52.0783 	 RecLoss: 60.3909 	 KLD: 8.3126
Epoch: 13300 	 ELBO: -55.3793 	 RecLoss: 63.7125 	 KLD: 8.3332
Epoch: 13400 	 ELBO: -55.2574 	 RecLoss: 63.5290 	 KLD: 8.2717
Epoch: 13500 	 ELBO: -55.8967 	 RecLoss: 64.1546 	 KLD: 8.2579
Epoch: 13600 	 ELBO: -54.7724 	 RecLoss: 63.2795 	 KLD: 8.5071
Epoch: 13700 	 ELBO: -56.0057 	 RecLoss: 64.4012 	 KLD: 8.3954
Epoch: 13800 	 ELBO: -55.6051 	 RecLoss: 63.9441 	 KLD: 8.3391
Epoch: 13900 	 ELBO: -54.0881 	 RecLoss: 62.3833 	 KLD: 8.2953
Epoch: 14000 	 ELBO: -52.8834 	 RecLoss: 61.4818 	 KLD: 8.5984
Epoch: 14100 	 ELBO: -55.5747 	 RecLoss: 63.6274 	 KLD: 8.0527
Epoch: 14200 	 ELBO: -49.1305 	 RecLoss: 57.5371 	 KLD: 8.4066
Epoch: 14300 	 ELBO: -47.8942 	 RecLoss: 56.3937 	 KLD: 8.4995
Epoch: 14400 	 ELBO: -56.5969 	 RecLoss: 65.1286 	 KLD: 8.5317
Epoch: 14500 	 ELBO: -56.0620 	 RecLoss: 64.5095 	 KLD: 8.4475
Epoch: 14600 	 ELBO: -53.9102 	 RecLoss: 62.3557 	 KLD: 8.4456
Epoch: 14700 	 ELBO: -53.2029 	 RecLoss: 61.4997 	 KLD: 8.2969
Epoch: 14800 	 ELBO: -54.9706 	 RecLoss: 63.3591 	 KLD: 8.3885
Epoch: 14900 	 ELBO: -51.6347 	 RecLoss: 60.0353 	 KLD: 8.4006
Epoch: 15000 	 ELBO: -54.6040 	 RecLoss: 63.0446 	 KLD: 8.4406
Epoch: 15100 	 ELBO: -55.1990 	 RecLoss: 63.6796 	 KLD: 8.4805
Epoch: 15200 	 ELBO: -55.1047 	 RecLoss: 63.5924 	 KLD: 8.4877
Epoch: 15300 	 ELBO: -55.8459 	 RecLoss: 64.1487 	 KLD: 8.3028
Epoch: 15400 	 ELBO: -53.5991 	 RecLoss: 62.1254 	 KLD: 8.5263
Epoch: 15500 	 ELBO: -54.8635 	 RecLoss: 63.3794 	 KLD: 8.5158
Epoch: 15600 	 ELBO: -49.8629 	 RecLoss: 58.3864 	 KLD: 8.5235
Epoch: 15700 	 ELBO: -48.1779 	 RecLoss: 56.6677 	 KLD: 8.4898
Epoch: 15800 	 ELBO: -54.4561 	 RecLoss: 62.8322 	 KLD: 8.3761
Epoch: 15900 	 ELBO: -55.3667 	 RecLoss: 63.8281 	 KLD: 8.4614
Epoch: 16000 	 ELBO: -51.4042 	 RecLoss: 59.9835 	 KLD: 8.5793
Epoch: 16100 	 ELBO: -47.7771 	 RecLoss: 56.3348 	 KLD: 8.5578
Epoch: 16200 	 ELBO: -56.2879 	 RecLoss: 64.7643 	 KLD: 8.4763
Epoch: 16300 	 ELBO: -40.7143 	 RecLoss: 49.2555 	 KLD: 8.5412
Epoch: 16400 	 ELBO: -55.3878 	 RecLoss: 63.8343 	 KLD: 8.4465
Epoch: 16500 	 ELBO: -53.0288 	 RecLoss: 61.2952 	 KLD: 8.2664
Epoch: 16600 	 ELBO: -56.3725 	 RecLoss: 64.7536 	 KLD: 8.3811
Epoch: 16700 	 ELBO: -54.3342 	 RecLoss: 62.8119 	 KLD: 8.4776
Epoch: 16800 	 ELBO: -55.0288 	 RecLoss: 63.6935 	 KLD: 8.6646
Epoch: 16900 	 ELBO: -56.1434 	 RecLoss: 64.6096 	 KLD: 8.4662
Epoch: 17000 	 ELBO: -55.7348 	 RecLoss: 64.1468 	 KLD: 8.4121
Epoch: 17100 	 ELBO: -54.4237 	 RecLoss: 62.8884 	 KLD: 8.4647
Epoch: 17200 	 ELBO: -46.8686 	 RecLoss: 55.4599 	 KLD: 8.5913
Epoch: 17300 	 ELBO: -53.3959 	 RecLoss: 61.9459 	 KLD: 8.5500
Epoch: 17400 	 ELBO: -55.6433 	 RecLoss: 64.1230 	 KLD: 8.4797
Epoch: 17500 	 ELBO: -56.1358 	 RecLoss: 64.6791 	 KLD: 8.5434
Epoch: 17600 	 ELBO: -53.0564 	 RecLoss: 61.6334 	 KLD: 8.5770
Epoch: 17700 	 ELBO: -53.9026 	 RecLoss: 62.3994 	 KLD: 8.4968
Epoch: 17800 	 ELBO: -44.6616 	 RecLoss: 53.0731 	 KLD: 8.4115
Epoch: 17900 	 ELBO: -54.0191 	 RecLoss: 62.4784 	 KLD: 8.4593
Epoch: 18000 	 ELBO: -56.1260 	 RecLoss: 64.6243 	 KLD: 8.4983
Epoch: 18100 	 ELBO: -54.4810 	 RecLoss: 62.9511 	 KLD: 8.4701
Epoch: 18200 	 ELBO: -54.8256 	 RecLoss: 63.3238 	 KLD: 8.4982
Epoch: 18300 	 ELBO: -57.0627 	 RecLoss: 65.5582 	 KLD: 8.4955
Epoch: 18400 	 ELBO: -56.6041 	 RecLoss: 65.0121 	 KLD: 8.4080
Epoch: 18500 	 ELBO: -54.1602 	 RecLoss: 62.5935 	 KLD: 8.4333
Epoch: 18600 	 ELBO: -51.3828 	 RecLoss: 59.9297 	 KLD: 8.5469
Epoch: 18700 	 ELBO: -56.6498 	 RecLoss: 65.1721 	 KLD: 8.5223
Epoch: 18800 	 ELBO: -57.4271 	 RecLoss: 65.8197 	 KLD: 8.3927
Epoch: 18900 	 ELBO: -55.8770 	 RecLoss: 64.4668 	 KLD: 8.5898
Epoch: 19000 	 ELBO: -56.0645 	 RecLoss: 64.7255 	 KLD: 8.6610
Epoch: 19100 	 ELBO: -54.9065 	 RecLoss: 63.4862 	 KLD: 8.5796
Epoch: 19200 	 ELBO: -56.0104 	 RecLoss: 64.6330 	 KLD: 8.6227
Epoch: 19300 	 ELBO: -54.5782 	 RecLoss: 63.1301 	 KLD: 8.5519
Epoch: 19400 	 ELBO: -53.4374 	 RecLoss: 61.9625 	 KLD: 8.5252
Epoch: 19500 	 ELBO: -52.8989 	 RecLoss: 61.5607 	 KLD: 8.6618
Epoch: 19600 	 ELBO: -55.1400 	 RecLoss: 63.6912 	 KLD: 8.5512
Epoch: 19700 	 ELBO: -54.6435 	 RecLoss: 63.0872 	 KLD: 8.4437
Epoch: 19800 	 ELBO: -56.2210 	 RecLoss: 64.9682 	 KLD: 8.7472
Epoch: 19900 	 ELBO: -45.8892 	 RecLoss: 54.4495 	 KLD: 8.5604
Epoch: 20000 	 ELBO: -56.1528 	 RecLoss: 64.6142 	 KLD: 8.4614
Epoch: 20100 	 ELBO: -57.4976 	 RecLoss: 66.0469 	 KLD: 8.5493
Epoch: 20200 	 ELBO: -55.5126 	 RecLoss: 64.0323 	 KLD: 8.5197
Epoch: 20300 	 ELBO: -56.5279 	 RecLoss: 65.1086 	 KLD: 8.5808
Epoch: 20400 	 ELBO: -53.2648 	 RecLoss: 62.0283 	 KLD: 8.7635
Epoch: 20500 	 ELBO: -56.6380 	 RecLoss: 65.3039 	 KLD: 8.6659
Epoch: 20600 	 ELBO: -55.7783 	 RecLoss: 64.4203 	 KLD: 8.6421
Epoch: 20700 	 ELBO: -54.8937 	 RecLoss: 63.5583 	 KLD: 8.6646
Epoch: 20800 	 ELBO: -55.7285 	 RecLoss: 64.2586 	 KLD: 8.5301
Epoch: 20900 	 ELBO: -56.5129 	 RecLoss: 65.2303 	 KLD: 8.7175
Epoch: 21000 	 ELBO: -51.4012 	 RecLoss: 60.0313 	 KLD: 8.6301
Epoch: 21100 	 ELBO: -53.5689 	 RecLoss: 62.2007 	 KLD: 8.6317
Epoch: 21200 	 ELBO: -56.8175 	 RecLoss: 65.3286 	 KLD: 8.5112
Epoch: 21300 	 ELBO: -55.1554 	 RecLoss: 63.7662 	 KLD: 8.6108
Epoch: 21400 	 ELBO: -56.8633 	 RecLoss: 65.5554 	 KLD: 8.6921
Epoch: 21500 	 ELBO: -55.3772 	 RecLoss: 63.7866 	 KLD: 8.4094
Epoch: 21600 	 ELBO: -54.9522 	 RecLoss: 63.5677 	 KLD: 8.6154
Epoch: 21700 	 ELBO: -56.7713 	 RecLoss: 65.3558 	 KLD: 8.5845
Epoch: 21800 	 ELBO: -56.3227 	 RecLoss: 64.9428 	 KLD: 8.6201
Epoch: 21900 	 ELBO: -55.6509 	 RecLoss: 64.0472 	 KLD: 8.3963
Epoch: 22000 	 ELBO: -53.0140 	 RecLoss: 61.5747 	 KLD: 8.5606
Epoch: 22100 	 ELBO: -52.4334 	 RecLoss: 61.1418 	 KLD: 8.7084
Epoch: 22200 	 ELBO: -56.8398 	 RecLoss: 65.5139 	 KLD: 8.6740
Epoch: 22300 	 ELBO: -56.6730 	 RecLoss: 65.0084 	 KLD: 8.3354
Epoch: 22400 	 ELBO: -56.8320 	 RecLoss: 65.4567 	 KLD: 8.6247
Epoch: 22500 	 ELBO: -56.6521 	 RecLoss: 65.0239 	 KLD: 8.3719
Epoch: 22600 	 ELBO: -57.4981 	 RecLoss: 65.9605 	 KLD: 8.4624
Epoch: 22700 	 ELBO: -56.9331 	 RecLoss: 65.5486 	 KLD: 8.6154
Epoch: 22800 	 ELBO: -52.7054 	 RecLoss: 61.2414 	 KLD: 8.5360
Epoch: 22900 	 ELBO: -56.6037 	 RecLoss: 65.2288 	 KLD: 8.6251
Epoch: 23000 	 ELBO: -55.7379 	 RecLoss: 64.3234 	 KLD: 8.5855
Epoch: 23100 	 ELBO: -55.1822 	 RecLoss: 63.8180 	 KLD: 8.6358
Epoch: 23200 	 ELBO: -56.3508 	 RecLoss: 64.8649 	 KLD: 8.5140
Epoch: 23300 	 ELBO: -55.4968 	 RecLoss: 63.9636 	 KLD: 8.4668
Epoch: 23400 	 ELBO: -56.7997 	 RecLoss: 65.5964 	 KLD: 8.7967
Epoch: 23500 	 ELBO: -55.0301 	 RecLoss: 63.6496 	 KLD: 8.6195
Epoch: 23600 	 ELBO: -55.6296 	 RecLoss: 64.2915 	 KLD: 8.6619
Epoch: 23700 	 ELBO: -54.5580 	 RecLoss: 63.2324 	 KLD: 8.6744
Epoch: 23800 	 ELBO: -56.8016 	 RecLoss: 65.2765 	 KLD: 8.4749
Epoch: 23900 	 ELBO: -57.2701 	 RecLoss: 65.9873 	 KLD: 8.7172
Epoch: 24000 	 ELBO: -57.0793 	 RecLoss: 65.4597 	 KLD: 8.3804
Epoch: 24100 	 ELBO: -57.2962 	 RecLoss: 65.9667 	 KLD: 8.6704
Epoch: 24200 	 ELBO: -51.0585 	 RecLoss: 59.6655 	 KLD: 8.6070
Epoch: 24300 	 ELBO: -55.5762 	 RecLoss: 64.3308 	 KLD: 8.7546
Epoch: 24400 	 ELBO: -56.4410 	 RecLoss: 65.0124 	 KLD: 8.5714
Epoch: 24500 	 ELBO: -54.7402 	 RecLoss: 63.5909 	 KLD: 8.8507
Epoch: 24600 	 ELBO: -57.4882 	 RecLoss: 66.1297 	 KLD: 8.6415
Epoch: 24700 	 ELBO: -55.9932 	 RecLoss: 64.6075 	 KLD: 8.6142
Epoch: 24800 	 ELBO: -56.2298 	 RecLoss: 65.0518 	 KLD: 8.8221
Epoch: 24900 	 ELBO: -56.0746 	 RecLoss: 64.5038 	 KLD: 8.4292
Epoch: 25000 	 ELBO: -53.8092 	 RecLoss: 62.5410 	 KLD: 8.7318
Epoch: 25100 	 ELBO: -55.5755 	 RecLoss: 64.1516 	 KLD: 8.5761
Epoch: 25200 	 ELBO: -57.2302 	 RecLoss: 65.6879 	 KLD: 8.4577
Epoch: 25300 	 ELBO: -56.8474 	 RecLoss: 65.3535 	 KLD: 8.5062
Epoch: 25400 	 ELBO: -54.2150 	 RecLoss: 62.7874 	 KLD: 8.5724
Epoch: 25500 	 ELBO: -55.1696 	 RecLoss: 63.7862 	 KLD: 8.6167
Epoch: 25600 	 ELBO: -40.5929 	 RecLoss: 49.1863 	 KLD: 8.5934
Epoch: 25700 	 ELBO: -57.0389 	 RecLoss: 65.8224 	 KLD: 8.7835
Epoch: 25800 	 ELBO: -57.5043 	 RecLoss: 66.0993 	 KLD: 8.5950
Epoch: 25900 	 ELBO: -53.9267 	 RecLoss: 62.5684 	 KLD: 8.6416
Epoch: 26000 	 ELBO: -56.5720 	 RecLoss: 65.1311 	 KLD: 8.5591
Epoch: 26100 	 ELBO: -57.2131 	 RecLoss: 65.9396 	 KLD: 8.7265
Epoch: 26200 	 ELBO: -56.9946 	 RecLoss: 65.5765 	 KLD: 8.5819
Epoch: 26300 	 ELBO: -56.1756 	 RecLoss: 64.8691 	 KLD: 8.6935
Epoch: 26400 	 ELBO: -55.5147 	 RecLoss: 64.3224 	 KLD: 8.8077
Epoch: 26500 	 ELBO: -52.7845 	 RecLoss: 61.5679 	 KLD: 8.7834
Epoch: 26600 	 ELBO: -52.4126 	 RecLoss: 61.2624 	 KLD: 8.8498
Epoch: 26700 	 ELBO: -57.4159 	 RecLoss: 66.2752 	 KLD: 8.8593
Epoch: 26800 	 ELBO: -52.4445 	 RecLoss: 61.0652 	 KLD: 8.6207
Epoch: 26900 	 ELBO: -52.6697 	 RecLoss: 61.4865 	 KLD: 8.8168
Epoch: 27000 	 ELBO: -56.7915 	 RecLoss: 65.4482 	 KLD: 8.6567
Epoch: 27100 	 ELBO: -55.5117 	 RecLoss: 64.2669 	 KLD: 8.7553
Epoch: 27200 	 ELBO: -56.1673 	 RecLoss: 64.7383 	 KLD: 8.5710
Epoch: 27300 	 ELBO: -6.1996 	 RecLoss: 14.9503 	 KLD: 8.7507
Epoch: 27400 	 ELBO: -49.6942 	 RecLoss: 58.3945 	 KLD: 8.7002
Epoch: 27500 	 ELBO: -56.6642 	 RecLoss: 65.1204 	 KLD: 8.4562
Epoch: 27600 	 ELBO: -57.1942 	 RecLoss: 65.7268 	 KLD: 8.5325
Epoch: 27700 	 ELBO: -48.9351 	 RecLoss: 57.5373 	 KLD: 8.6022
Epoch: 27800 	 ELBO: -56.5713 	 RecLoss: 65.0945 	 KLD: 8.5232
Epoch: 27900 	 ELBO: -54.6422 	 RecLoss: 63.2505 	 KLD: 8.6083
Epoch: 28000 	 ELBO: -57.1920 	 RecLoss: 65.8673 	 KLD: 8.6753
Epoch: 28100 	 ELBO: -55.1066 	 RecLoss: 63.8569 	 KLD: 8.7503
Epoch: 28200 	 ELBO: -55.1532 	 RecLoss: 63.7662 	 KLD: 8.6129
Epoch: 28300 	 ELBO: -57.0733 	 RecLoss: 65.5983 	 KLD: 8.5251
Epoch: 28400 	 ELBO: -57.1595 	 RecLoss: 65.8623 	 KLD: 8.7029
Epoch: 28500 	 ELBO: -56.2052 	 RecLoss: 64.6821 	 KLD: 8.4769
Epoch: 28600 	 ELBO: -56.9986 	 RecLoss: 65.6203 	 KLD: 8.6218
Epoch: 28700 	 ELBO: -56.6964 	 RecLoss: 65.3085 	 KLD: 8.6121
Epoch: 28800 	 ELBO: -56.2617 	 RecLoss: 64.9361 	 KLD: 8.6744
Epoch: 28900 	 ELBO: -56.5774 	 RecLoss: 65.3627 	 KLD: 8.7853
Epoch: 29000 	 ELBO: -57.6627 	 RecLoss: 66.4127 	 KLD: 8.7500
Epoch: 29100 	 ELBO: -57.8847 	 RecLoss: 66.6550 	 KLD: 8.7703
Epoch: 29200 	 ELBO: -52.2135 	 RecLoss: 60.6939 	 KLD: 8.4805
Epoch: 29300 	 ELBO: -54.9498 	 RecLoss: 63.7869 	 KLD: 8.8371
Epoch: 29400 	 ELBO: -50.5796 	 RecLoss: 59.2872 	 KLD: 8.7076
Epoch: 29500 	 ELBO: -56.1146 	 RecLoss: 64.7084 	 KLD: 8.5938
Epoch: 29600 	 ELBO: -55.2803 	 RecLoss: 63.9144 	 KLD: 8.6341
Epoch: 29700 	 ELBO: -56.7807 	 RecLoss: 65.3843 	 KLD: 8.6036
Epoch: 29800 	 ELBO: -56.0004 	 RecLoss: 64.5553 	 KLD: 8.5550
Epoch: 29900 	 ELBO: -57.2056 	 RecLoss: 65.9430 	 KLD: 8.7374
Epoch: 30000 	 ELBO: -55.5684 	 RecLoss: 64.1652 	 KLD: 8.5968
Epoch: 30100 	 ELBO: -53.5874 	 RecLoss: 61.8987 	 KLD: 8.3113
Epoch: 30200 	 ELBO: -56.4947 	 RecLoss: 65.0859 	 KLD: 8.5913
Epoch: 30300 	 ELBO: -55.4578 	 RecLoss: 64.2632 	 KLD: 8.8054
Epoch: 30400 	 ELBO: -56.1470 	 RecLoss: 64.8863 	 KLD: 8.7393
Epoch: 30500 	 ELBO: -55.9423 	 RecLoss: 64.6456 	 KLD: 8.7033
Epoch: 30600 	 ELBO: -55.7094 	 RecLoss: 64.1713 	 KLD: 8.4619
Epoch: 30700 	 ELBO: -57.3970 	 RecLoss: 66.1272 	 KLD: 8.7301
Epoch: 30800 	 ELBO: -57.4703 	 RecLoss: 66.1724 	 KLD: 8.7021
Epoch: 30900 	 ELBO: -56.6071 	 RecLoss: 65.1056 	 KLD: 8.4985
Epoch: 31000 	 ELBO: -55.5063 	 RecLoss: 64.2579 	 KLD: 8.7516
Epoch: 31100 	 ELBO: -57.1337 	 RecLoss: 65.7233 	 KLD: 8.5896
Epoch: 31200 	 ELBO: -57.9391 	 RecLoss: 66.5478 	 KLD: 8.6087
Epoch: 31300 	 ELBO: -55.5825 	 RecLoss: 64.4679 	 KLD: 8.8855
Epoch: 31400 	 ELBO: -56.9170 	 RecLoss: 65.5767 	 KLD: 8.6597
Epoch: 31500 	 ELBO: -58.1655 	 RecLoss: 66.7161 	 KLD: 8.5506
Epoch: 31600 	 ELBO: -54.2528 	 RecLoss: 63.0916 	 KLD: 8.8388
Epoch: 31700 	 ELBO: -57.1306 	 RecLoss: 65.8515 	 KLD: 8.7209
Epoch: 31800 	 ELBO: -57.1914 	 RecLoss: 66.0315 	 KLD: 8.8401
Epoch: 31900 	 ELBO: -55.6167 	 RecLoss: 64.3541 	 KLD: 8.7374
Epoch: 32000 	 ELBO: -57.6225 	 RecLoss: 66.1376 	 KLD: 8.5151
Epoch: 32100 	 ELBO: -57.7050 	 RecLoss: 66.2860 	 KLD: 8.5810
Epoch: 32200 	 ELBO: -54.3207 	 RecLoss: 62.9048 	 KLD: 8.5841
Epoch: 32300 	 ELBO: -54.8259 	 RecLoss: 63.4842 	 KLD: 8.6583
Epoch: 32400 	 ELBO: -54.3087 	 RecLoss: 62.9411 	 KLD: 8.6324
Epoch: 32500 	 ELBO: -57.4380 	 RecLoss: 66.2639 	 KLD: 8.8259
Epoch: 32600 	 ELBO: -56.0489 	 RecLoss: 64.7357 	 KLD: 8.6868
Epoch: 32700 	 ELBO: -56.7070 	 RecLoss: 65.4233 	 KLD: 8.7164
Epoch: 32800 	 ELBO: -57.1503 	 RecLoss: 65.8097 	 KLD: 8.6594
Epoch: 32900 	 ELBO: -57.6391 	 RecLoss: 66.3312 	 KLD: 8.6921
Epoch: 33000 	 ELBO: -57.5737 	 RecLoss: 66.4176 	 KLD: 8.8439
Epoch: 33100 	 ELBO: -57.4907 	 RecLoss: 66.1205 	 KLD: 8.6297
Epoch: 33200 	 ELBO: -50.9658 	 RecLoss: 59.7882 	 KLD: 8.8224
Epoch: 33300 	 ELBO: -52.5019 	 RecLoss: 61.1655 	 KLD: 8.6636
Epoch: 33400 	 ELBO: -56.4014 	 RecLoss: 65.0124 	 KLD: 8.6110
Epoch: 33500 	 ELBO: -51.1489 	 RecLoss: 60.0596 	 KLD: 8.9107
Epoch: 33600 	 ELBO: -55.5709 	 RecLoss: 64.2947 	 KLD: 8.7238
Epoch: 33700 	 ELBO: -56.5738 	 RecLoss: 65.3424 	 KLD: 8.7686
Epoch: 33800 	 ELBO: -52.4848 	 RecLoss: 61.1107 	 KLD: 8.6259
Epoch: 33900 	 ELBO: -57.9576 	 RecLoss: 66.6503 	 KLD: 8.6928
Epoch: 34000 	 ELBO: -57.3301 	 RecLoss: 66.0019 	 KLD: 8.6718
Epoch: 34100 	 ELBO: -54.1118 	 RecLoss: 62.7899 	 KLD: 8.6781
Epoch: 34200 	 ELBO: -55.5301 	 RecLoss: 64.1229 	 KLD: 8.5928
Epoch: 34300 	 ELBO: -53.4777 	 RecLoss: 62.1208 	 KLD: 8.6432
Epoch: 34400 	 ELBO: -55.6625 	 RecLoss: 64.4417 	 KLD: 8.7792
Epoch: 34500 	 ELBO: -56.7458 	 RecLoss: 65.5464 	 KLD: 8.8006
Epoch: 34600 	 ELBO: -56.7490 	 RecLoss: 65.4211 	 KLD: 8.6720
Epoch: 34700 	 ELBO: -56.4092 	 RecLoss: 65.0325 	 KLD: 8.6232
Epoch: 34800 	 ELBO: -57.8045 	 RecLoss: 66.6172 	 KLD: 8.8127
Epoch: 34900 	 ELBO: -53.3744 	 RecLoss: 61.9658 	 KLD: 8.5914
Epoch: 35000 	 ELBO: -57.3477 	 RecLoss: 65.9528 	 KLD: 8.6050
Epoch: 35100 	 ELBO: -45.0164 	 RecLoss: 53.8649 	 KLD: 8.8485
Epoch: 35200 	 ELBO: -55.8343 	 RecLoss: 64.4121 	 KLD: 8.5778
Epoch: 35300 	 ELBO: -57.3755 	 RecLoss: 66.2411 	 KLD: 8.8657
Epoch: 35400 	 ELBO: -51.6660 	 RecLoss: 60.3048 	 KLD: 8.6388
Epoch: 35500 	 ELBO: -57.8643 	 RecLoss: 66.7076 	 KLD: 8.8433
Epoch: 35600 	 ELBO: -56.7353 	 RecLoss: 65.3882 	 KLD: 8.6529
Epoch: 35700 	 ELBO: -56.8660 	 RecLoss: 65.5382 	 KLD: 8.6722
Epoch: 35800 	 ELBO: -43.4148 	 RecLoss: 52.3122 	 KLD: 8.8974
Epoch: 35900 	 ELBO: -57.3394 	 RecLoss: 66.0218 	 KLD: 8.6823
Epoch: 36000 	 ELBO: -49.4117 	 RecLoss: 58.3251 	 KLD: 8.9134
Epoch: 36100 	 ELBO: -58.0500 	 RecLoss: 66.7948 	 KLD: 8.7448
Epoch: 36200 	 ELBO: -56.6824 	 RecLoss: 65.3651 	 KLD: 8.6828
Epoch: 36300 	 ELBO: -54.6854 	 RecLoss: 63.4652 	 KLD: 8.7798
Epoch: 36400 	 ELBO: -57.8818 	 RecLoss: 66.4780 	 KLD: 8.5961
Epoch: 36500 	 ELBO: -54.8351 	 RecLoss: 63.5151 	 KLD: 8.6800
Epoch: 36600 	 ELBO: -47.6254 	 RecLoss: 56.4074 	 KLD: 8.7820
Epoch: 36700 	 ELBO: -56.7254 	 RecLoss: 65.5980 	 KLD: 8.8726
Epoch: 36800 	 ELBO: -56.1887 	 RecLoss: 64.8889 	 KLD: 8.7002
Epoch: 36900 	 ELBO: -55.1099 	 RecLoss: 63.8557 	 KLD: 8.7459
Epoch: 37000 	 ELBO: -54.7694 	 RecLoss: 63.4107 	 KLD: 8.6413
Epoch: 37100 	 ELBO: -55.2658 	 RecLoss: 63.7484 	 KLD: 8.4826
Epoch: 37200 	 ELBO: -57.5193 	 RecLoss: 66.1351 	 KLD: 8.6158
Epoch: 37300 	 ELBO: -56.7972 	 RecLoss: 65.4542 	 KLD: 8.6570
Epoch: 37400 	 ELBO: -57.9333 	 RecLoss: 66.8111 	 KLD: 8.8778
Epoch: 37500 	 ELBO: -57.0507 	 RecLoss: 65.8556 	 KLD: 8.8049
Epoch: 37600 	 ELBO: -55.2599 	 RecLoss: 63.8651 	 KLD: 8.6053
Epoch: 37700 	 ELBO: -55.3235 	 RecLoss: 64.0201 	 KLD: 8.6966
Epoch: 37800 	 ELBO: -54.7370 	 RecLoss: 63.4687 	 KLD: 8.7316
Epoch: 37900 	 ELBO: -55.6517 	 RecLoss: 64.4234 	 KLD: 8.7716
Epoch: 38000 	 ELBO: -57.3926 	 RecLoss: 66.1854 	 KLD: 8.7928
Epoch: 38100 	 ELBO: -57.2918 	 RecLoss: 66.0646 	 KLD: 8.7728
Epoch: 38200 	 ELBO: -57.5965 	 RecLoss: 66.3511 	 KLD: 8.7545
Epoch: 38300 	 ELBO: -53.2206 	 RecLoss: 61.7818 	 KLD: 8.5613
Epoch: 38400 	 ELBO: -55.9195 	 RecLoss: 64.8036 	 KLD: 8.8841
Epoch: 38500 	 ELBO: -57.0081 	 RecLoss: 65.4926 	 KLD: 8.4845
Epoch: 38600 	 ELBO: -52.8936 	 RecLoss: 61.7834 	 KLD: 8.8898
Epoch: 38700 	 ELBO: -56.2909 	 RecLoss: 65.0601 	 KLD: 8.7692
Epoch: 38800 	 ELBO: -58.4120 	 RecLoss: 67.1479 	 KLD: 8.7359
Epoch: 38900 	 ELBO: -56.8184 	 RecLoss: 65.4488 	 KLD: 8.6304
Epoch: 39000 	 ELBO: -57.7136 	 RecLoss: 66.4199 	 KLD: 8.7064
Epoch: 39100 	 ELBO: -57.5030 	 RecLoss: 66.0995 	 KLD: 8.5965
Epoch: 39200 	 ELBO: -56.1628 	 RecLoss: 64.7847 	 KLD: 8.6218
Epoch: 39300 	 ELBO: -56.5490 	 RecLoss: 65.4493 	 KLD: 8.9002
Epoch: 39400 	 ELBO: -57.9582 	 RecLoss: 66.6657 	 KLD: 8.7075
Epoch: 39500 	 ELBO: -56.4368 	 RecLoss: 65.2901 	 KLD: 8.8533
Epoch: 39600 	 ELBO: -57.1211 	 RecLoss: 65.8614 	 KLD: 8.7403
Epoch: 39700 	 ELBO: -57.2821 	 RecLoss: 66.0951 	 KLD: 8.8131
Epoch: 39800 	 ELBO: -57.5564 	 RecLoss: 66.3159 	 KLD: 8.7595
Epoch: 39900 	 ELBO: -57.1580 	 RecLoss: 65.9150 	 KLD: 8.7570
Epoch: 40000 	 ELBO: -53.9955 	 RecLoss: 62.8636 	 KLD: 8.8681
Epoch: 40100 	 ELBO: -56.8452 	 RecLoss: 65.5375 	 KLD: 8.6924
Epoch: 40200 	 ELBO: -55.9481 	 RecLoss: 64.6498 	 KLD: 8.7017
Epoch: 40300 	 ELBO: -57.9290 	 RecLoss: 66.6478 	 KLD: 8.7188
Epoch: 40400 	 ELBO: -52.9427 	 RecLoss: 61.7382 	 KLD: 8.7955
Epoch: 40500 	 ELBO: -57.0517 	 RecLoss: 65.7654 	 KLD: 8.7137
Epoch: 40600 	 ELBO: -53.4337 	 RecLoss: 62.1105 	 KLD: 8.6768
Epoch: 40700 	 ELBO: -56.7657 	 RecLoss: 65.5941 	 KLD: 8.8284
Epoch: 40800 	 ELBO: -56.9312 	 RecLoss: 65.8053 	 KLD: 8.8741
Epoch: 40900 	 ELBO: -57.0335 	 RecLoss: 65.8579 	 KLD: 8.8245
Epoch: 41000 	 ELBO: -57.3054 	 RecLoss: 66.0015 	 KLD: 8.6961
Epoch: 41100 	 ELBO: -50.9402 	 RecLoss: 59.6698 	 KLD: 8.7296
Epoch: 41200 	 ELBO: -55.6022 	 RecLoss: 64.5044 	 KLD: 8.9022
Epoch: 41300 	 ELBO: -52.1884 	 RecLoss: 60.8907 	 KLD: 8.7023
Epoch: 41400 	 ELBO: -57.9583 	 RecLoss: 66.7364 	 KLD: 8.7781
Epoch: 41500 	 ELBO: -55.3879 	 RecLoss: 64.2043 	 KLD: 8.8164
Epoch: 41600 	 ELBO: -57.5702 	 RecLoss: 66.2387 	 KLD: 8.6685
Epoch: 41700 	 ELBO: -53.7810 	 RecLoss: 62.5431 	 KLD: 8.7622
Epoch: 41800 	 ELBO: -58.2556 	 RecLoss: 67.0369 	 KLD: 8.7813
Epoch: 41900 	 ELBO: -57.3611 	 RecLoss: 66.2329 	 KLD: 8.8719
Epoch: 42000 	 ELBO: -51.0788 	 RecLoss: 59.8041 	 KLD: 8.7253
Epoch: 42100 	 ELBO: -56.1099 	 RecLoss: 64.8384 	 KLD: 8.7285
Epoch: 42200 	 ELBO: -56.3188 	 RecLoss: 65.0564 	 KLD: 8.7376
Epoch: 42300 	 ELBO: -57.7491 	 RecLoss: 66.5107 	 KLD: 8.7615
Epoch: 42400 	 ELBO: -57.4809 	 RecLoss: 66.1841 	 KLD: 8.7032
Epoch: 42500 	 ELBO: -58.6416 	 RecLoss: 67.3306 	 KLD: 8.6889
Epoch: 42600 	 ELBO: -54.4347 	 RecLoss: 63.0757 	 KLD: 8.6409
Epoch: 42700 	 ELBO: -58.1773 	 RecLoss: 66.8540 	 KLD: 8.6767
Epoch: 42800 	 ELBO: -56.9498 	 RecLoss: 65.8637 	 KLD: 8.9139
Epoch: 42900 	 ELBO: -46.4899 	 RecLoss: 55.2621 	 KLD: 8.7722
Epoch: 43000 	 ELBO: -55.5265 	 RecLoss: 64.1472 	 KLD: 8.6208
Epoch: 43100 	 ELBO: -57.6170 	 RecLoss: 66.2662 	 KLD: 8.6492
Epoch: 43200 	 ELBO: -56.8969 	 RecLoss: 65.7888 	 KLD: 8.8919
Epoch: 43300 	 ELBO: -53.8785 	 RecLoss: 62.8626 	 KLD: 8.9841
Epoch: 43400 	 ELBO: -57.3453 	 RecLoss: 66.0646 	 KLD: 8.7193
Epoch: 43500 	 ELBO: -57.2819 	 RecLoss: 66.1494 	 KLD: 8.8675
Epoch: 43600 	 ELBO: -55.6344 	 RecLoss: 64.1924 	 KLD: 8.5580
Epoch: 43700 	 ELBO: -51.6694 	 RecLoss: 60.5206 	 KLD: 8.8512
Epoch: 43800 	 ELBO: -58.0158 	 RecLoss: 66.8618 	 KLD: 8.8460
Epoch: 43900 	 ELBO: -56.0576 	 RecLoss: 64.7851 	 KLD: 8.7275
Epoch: 44000 	 ELBO: -57.9753 	 RecLoss: 66.8104 	 KLD: 8.8351
Epoch: 44100 	 ELBO: -57.0750 	 RecLoss: 66.0951 	 KLD: 9.0201
Epoch: 44200 	 ELBO: -51.6874 	 RecLoss: 60.2979 	 KLD: 8.6105
Epoch: 44300 	 ELBO: -58.4307 	 RecLoss: 67.0044 	 KLD: 8.5737
Epoch: 44400 	 ELBO: -58.0787 	 RecLoss: 66.8952 	 KLD: 8.8165
Epoch: 44500 	 ELBO: -53.0811 	 RecLoss: 61.9762 	 KLD: 8.8951
Epoch: 44600 	 ELBO: -56.2168 	 RecLoss: 64.9950 	 KLD: 8.7782
Epoch: 44700 	 ELBO: -57.7252 	 RecLoss: 66.5663 	 KLD: 8.8411
Epoch: 44800 	 ELBO: -57.6731 	 RecLoss: 66.4032 	 KLD: 8.7301
Epoch: 44900 	 ELBO: -55.7648 	 RecLoss: 64.7516 	 KLD: 8.9868
Epoch: 45000 	 ELBO: -56.5645 	 RecLoss: 65.3355 	 KLD: 8.7710
Epoch: 45100 	 ELBO: -57.1928 	 RecLoss: 65.7529 	 KLD: 8.5601
Epoch: 45200 	 ELBO: -55.1034 	 RecLoss: 63.7706 	 KLD: 8.6673
Epoch: 45300 	 ELBO: -57.1448 	 RecLoss: 66.0282 	 KLD: 8.8834
Epoch: 45400 	 ELBO: -56.7618 	 RecLoss: 65.4864 	 KLD: 8.7246
Epoch: 45500 	 ELBO: -58.3223 	 RecLoss: 67.1334 	 KLD: 8.8111
Epoch: 45600 	 ELBO: -55.7329 	 RecLoss: 64.5953 	 KLD: 8.8624
Epoch: 45700 	 ELBO: -56.5301 	 RecLoss: 65.2816 	 KLD: 8.7515
Epoch: 45800 	 ELBO: -56.2692 	 RecLoss: 65.2232 	 KLD: 8.9540
Epoch: 45900 	 ELBO: -58.0376 	 RecLoss: 66.9157 	 KLD: 8.8781
Epoch: 46000 	 ELBO: -55.7188 	 RecLoss: 64.5952 	 KLD: 8.8764
Epoch: 46100 	 ELBO: -57.6415 	 RecLoss: 66.3418 	 KLD: 8.7004
Epoch: 46200 	 ELBO: -57.9732 	 RecLoss: 66.6614 	 KLD: 8.6881
Epoch: 46300 	 ELBO: -56.5433 	 RecLoss: 65.2775 	 KLD: 8.7343
Epoch: 46400 	 ELBO: -57.1909 	 RecLoss: 65.8533 	 KLD: 8.6624
Epoch: 46500 	 ELBO: -57.6638 	 RecLoss: 66.4865 	 KLD: 8.8226
Epoch: 46600 	 ELBO: -48.1176 	 RecLoss: 56.8223 	 KLD: 8.7046
Epoch: 46700 	 ELBO: -57.9670 	 RecLoss: 66.7959 	 KLD: 8.8289
Epoch: 46800 	 ELBO: -56.9082 	 RecLoss: 65.6126 	 KLD: 8.7043
Epoch: 46900 	 ELBO: -58.2316 	 RecLoss: 66.9435 	 KLD: 8.7119
Epoch: 47000 	 ELBO: -55.8046 	 RecLoss: 64.4351 	 KLD: 8.6305
Epoch: 47100 	 ELBO: -49.4577 	 RecLoss: 58.2334 	 KLD: 8.7756
Epoch: 47200 	 ELBO: -57.7228 	 RecLoss: 66.5637 	 KLD: 8.8409
Epoch: 47300 	 ELBO: -46.7159 	 RecLoss: 55.6195 	 KLD: 8.9036
Epoch: 47400 	 ELBO: -58.0949 	 RecLoss: 67.0647 	 KLD: 8.9698
Epoch: 47500 	 ELBO: -57.1030 	 RecLoss: 65.8973 	 KLD: 8.7942
Epoch: 47600 	 ELBO: -46.4855 	 RecLoss: 55.4326 	 KLD: 8.9471
Epoch: 47700 	 ELBO: -57.3095 	 RecLoss: 65.8071 	 KLD: 8.4976
Epoch: 47800 	 ELBO: -54.8730 	 RecLoss: 63.6585 	 KLD: 8.7855
Epoch: 47900 	 ELBO: -58.1537 	 RecLoss: 66.9882 	 KLD: 8.8344
Epoch: 48000 	 ELBO: -56.1300 	 RecLoss: 64.8488 	 KLD: 8.7189
Epoch: 48100 	 ELBO: -55.9121 	 RecLoss: 64.7350 	 KLD: 8.8229
Epoch: 48200 	 ELBO: -57.1866 	 RecLoss: 65.8830 	 KLD: 8.6964
Epoch: 48300 	 ELBO: -57.4705 	 RecLoss: 66.2987 	 KLD: 8.8282
Epoch: 48400 	 ELBO: -58.1265 	 RecLoss: 67.0890 	 KLD: 8.9625
Epoch: 48500 	 ELBO: -57.1699 	 RecLoss: 66.1696 	 KLD: 8.9997
Epoch: 48600 	 ELBO: -57.1880 	 RecLoss: 66.1202 	 KLD: 8.9322
Epoch: 48700 	 ELBO: -56.6864 	 RecLoss: 65.5372 	 KLD: 8.8508
Epoch: 48800 	 ELBO: -54.0385 	 RecLoss: 62.8880 	 KLD: 8.8496
Epoch: 48900 	 ELBO: -57.2630 	 RecLoss: 65.9183 	 KLD: 8.6553
Epoch: 49000 	 ELBO: -57.0438 	 RecLoss: 65.8420 	 KLD: 8.7982
Epoch: 49100 	 ELBO: -54.7644 	 RecLoss: 63.1737 	 KLD: 8.4093
Epoch: 49200 	 ELBO: -55.2900 	 RecLoss: 64.1007 	 KLD: 8.8107
Epoch: 49300 	 ELBO: -53.7282 	 RecLoss: 62.7572 	 KLD: 9.0290
Epoch: 49400 	 ELBO: -59.0658 	 RecLoss: 67.9426 	 KLD: 8.8768
Epoch: 49500 	 ELBO: -58.0599 	 RecLoss: 66.8005 	 KLD: 8.7407
Epoch: 49600 	 ELBO: -58.9380 	 RecLoss: 67.7761 	 KLD: 8.8381
Epoch: 49700 	 ELBO: -56.8891 	 RecLoss: 65.8290 	 KLD: 8.9399
Epoch: 49800 	 ELBO: -52.5312 	 RecLoss: 61.4917 	 KLD: 8.9606
Epoch: 49900 	 ELBO: -57.4970 	 RecLoss: 66.3315 	 KLD: 8.8345
Epoch: 50000 	 ELBO: -58.4778 	 RecLoss: 67.3505 	 KLD: 8.8728
