Epoch: 100 	 ELBO: -8.7601 	 RecLoss: 15.4496 	 KLD: 6.6895
Epoch: 200 	 ELBO: -34.8654 	 RecLoss: 41.7203 	 KLD: 6.8550
Epoch: 300 	 ELBO: -39.3749 	 RecLoss: 46.2037 	 KLD: 6.8288
Epoch: 400 	 ELBO: -40.9480 	 RecLoss: 47.5502 	 KLD: 6.6022
Epoch: 500 	 ELBO: -41.1787 	 RecLoss: 48.4936 	 KLD: 7.3150
Epoch: 600 	 ELBO: -41.5637 	 RecLoss: 48.4542 	 KLD: 6.8905
Epoch: 700 	 ELBO: -40.6071 	 RecLoss: 47.8070 	 KLD: 7.1998
Epoch: 800 	 ELBO: -42.3172 	 RecLoss: 49.4266 	 KLD: 7.1094
Epoch: 900 	 ELBO: -43.7465 	 RecLoss: 51.1437 	 KLD: 7.3972
Epoch: 1000 	 ELBO: -43.4508 	 RecLoss: 50.7431 	 KLD: 7.2923
Epoch: 1100 	 ELBO: -43.6116 	 RecLoss: 50.7706 	 KLD: 7.1590
Epoch: 1200 	 ELBO: -41.3604 	 RecLoss: 49.0149 	 KLD: 7.6545
Epoch: 1300 	 ELBO: -45.0276 	 RecLoss: 52.5505 	 KLD: 7.5229
Epoch: 1400 	 ELBO: -44.7250 	 RecLoss: 52.1589 	 KLD: 7.4339
Epoch: 1500 	 ELBO: -39.4575 	 RecLoss: 47.0129 	 KLD: 7.5555
Epoch: 1600 	 ELBO: -45.3231 	 RecLoss: 52.7210 	 KLD: 7.3979
Epoch: 1700 	 ELBO: -45.4282 	 RecLoss: 53.1329 	 KLD: 7.7046
Epoch: 1800 	 ELBO: -40.6987 	 RecLoss: 48.2960 	 KLD: 7.5974
Epoch: 1900 	 ELBO: -45.2731 	 RecLoss: 52.9398 	 KLD: 7.6668
Epoch: 2000 	 ELBO: -46.0981 	 RecLoss: 53.9063 	 KLD: 7.8082
Epoch: 2100 	 ELBO: -45.0050 	 RecLoss: 52.8600 	 KLD: 7.8550
Epoch: 2200 	 ELBO: -44.6294 	 RecLoss: 52.2026 	 KLD: 7.5732
Epoch: 2300 	 ELBO: -44.8891 	 RecLoss: 52.3816 	 KLD: 7.4925
Epoch: 2400 	 ELBO: -46.0732 	 RecLoss: 53.9147 	 KLD: 7.8415
Epoch: 2500 	 ELBO: -44.7731 	 RecLoss: 52.6072 	 KLD: 7.8341
Epoch: 2600 	 ELBO: -43.9317 	 RecLoss: 51.8092 	 KLD: 7.8775
Epoch: 2700 	 ELBO: -45.8094 	 RecLoss: 53.8503 	 KLD: 8.0409
Epoch: 2800 	 ELBO: -43.9097 	 RecLoss: 51.9483 	 KLD: 8.0387
Epoch: 2900 	 ELBO: -23.7421 	 RecLoss: 31.4840 	 KLD: 7.7419
Epoch: 3000 	 ELBO: -45.3292 	 RecLoss: 52.9812 	 KLD: 7.6520
Epoch: 3100 	 ELBO: -44.5690 	 RecLoss: 52.3073 	 KLD: 7.7383
Epoch: 3200 	 ELBO: -44.5027 	 RecLoss: 52.2917 	 KLD: 7.7890
Epoch: 3300 	 ELBO: -45.1711 	 RecLoss: 53.0805 	 KLD: 7.9094
Epoch: 3400 	 ELBO: -46.2927 	 RecLoss: 54.1702 	 KLD: 7.8775
Epoch: 3500 	 ELBO: -44.3001 	 RecLoss: 51.9934 	 KLD: 7.6933
Epoch: 3600 	 ELBO: -46.3245 	 RecLoss: 54.2647 	 KLD: 7.9402
Epoch: 3700 	 ELBO: -46.5746 	 RecLoss: 54.5860 	 KLD: 8.0114
Epoch: 3800 	 ELBO: -46.7344 	 RecLoss: 54.9229 	 KLD: 8.1884
Epoch: 3900 	 ELBO: -43.6827 	 RecLoss: 51.6286 	 KLD: 7.9459
Epoch: 4000 	 ELBO: -46.7878 	 RecLoss: 54.7019 	 KLD: 7.9140
Epoch: 4100 	 ELBO: -44.8238 	 RecLoss: 52.8706 	 KLD: 8.0468
Epoch: 4200 	 ELBO: -45.8172 	 RecLoss: 54.0464 	 KLD: 8.2292
Epoch: 4300 	 ELBO: -44.0795 	 RecLoss: 51.9207 	 KLD: 7.8412
Epoch: 4400 	 ELBO: -46.5018 	 RecLoss: 54.5122 	 KLD: 8.0104
Epoch: 4500 	 ELBO: -45.3060 	 RecLoss: 53.4383 	 KLD: 8.1323
Epoch: 4600 	 ELBO: -45.5939 	 RecLoss: 53.5065 	 KLD: 7.9126
Epoch: 4700 	 ELBO: -45.6897 	 RecLoss: 53.7841 	 KLD: 8.0945
Epoch: 4800 	 ELBO: -43.4906 	 RecLoss: 51.5349 	 KLD: 8.0443
Epoch: 4900 	 ELBO: -44.1573 	 RecLoss: 52.3239 	 KLD: 8.1666
Epoch: 5000 	 ELBO: -47.3752 	 RecLoss: 55.3793 	 KLD: 8.0041
Epoch: 5100 	 ELBO: -46.4852 	 RecLoss: 54.4237 	 KLD: 7.9385
Epoch: 5200 	 ELBO: -41.8517 	 RecLoss: 49.8864 	 KLD: 8.0347
Epoch: 5300 	 ELBO: -35.8445 	 RecLoss: 43.8066 	 KLD: 7.9621
Epoch: 5400 	 ELBO: -45.4828 	 RecLoss: 53.5573 	 KLD: 8.0745
Epoch: 5500 	 ELBO: -46.0999 	 RecLoss: 54.2057 	 KLD: 8.1058
Epoch: 5600 	 ELBO: -45.5925 	 RecLoss: 53.8315 	 KLD: 8.2391
Epoch: 5700 	 ELBO: -47.4211 	 RecLoss: 55.4951 	 KLD: 8.0740
Epoch: 5800 	 ELBO: -44.4347 	 RecLoss: 52.5732 	 KLD: 8.1385
Epoch: 5900 	 ELBO: -40.4109 	 RecLoss: 48.5610 	 KLD: 8.1501
Epoch: 6000 	 ELBO: -46.7219 	 RecLoss: 54.9412 	 KLD: 8.2194
Epoch: 6100 	 ELBO: -47.7151 	 RecLoss: 56.0278 	 KLD: 8.3127
Epoch: 6200 	 ELBO: -46.7234 	 RecLoss: 54.9575 	 KLD: 8.2342
Epoch: 6300 	 ELBO: -47.3890 	 RecLoss: 55.6655 	 KLD: 8.2765
Epoch: 6400 	 ELBO: -45.8947 	 RecLoss: 54.1771 	 KLD: 8.2824
Epoch: 6500 	 ELBO: -44.4257 	 RecLoss: 52.6832 	 KLD: 8.2575
Epoch: 6600 	 ELBO: -35.5043 	 RecLoss: 43.7829 	 KLD: 8.2786
Epoch: 6700 	 ELBO: -45.6147 	 RecLoss: 53.8705 	 KLD: 8.2558
Epoch: 6800 	 ELBO: -46.3189 	 RecLoss: 54.4945 	 KLD: 8.1756
Epoch: 6900 	 ELBO: -47.5000 	 RecLoss: 55.6614 	 KLD: 8.1614
Epoch: 7000 	 ELBO: -45.4443 	 RecLoss: 53.5140 	 KLD: 8.0697
Epoch: 7100 	 ELBO: -43.0861 	 RecLoss: 51.4191 	 KLD: 8.3329
Epoch: 7200 	 ELBO: -43.3144 	 RecLoss: 51.4769 	 KLD: 8.1625
Epoch: 7300 	 ELBO: -46.1590 	 RecLoss: 54.5303 	 KLD: 8.3712
Epoch: 7400 	 ELBO: -47.0135 	 RecLoss: 55.3229 	 KLD: 8.3094
Epoch: 7500 	 ELBO: -46.1495 	 RecLoss: 54.4478 	 KLD: 8.2982
Epoch: 7600 	 ELBO: -47.2559 	 RecLoss: 55.4952 	 KLD: 8.2394
Epoch: 7700 	 ELBO: -46.9609 	 RecLoss: 55.1148 	 KLD: 8.1539
Epoch: 7800 	 ELBO: -40.5635 	 RecLoss: 48.8298 	 KLD: 8.2663
Epoch: 7900 	 ELBO: -47.7934 	 RecLoss: 55.8680 	 KLD: 8.0746
Epoch: 8000 	 ELBO: -47.8652 	 RecLoss: 56.3605 	 KLD: 8.4953
Epoch: 8100 	 ELBO: -47.2449 	 RecLoss: 55.5219 	 KLD: 8.2769
Epoch: 8200 	 ELBO: -42.8689 	 RecLoss: 51.0028 	 KLD: 8.1339
Epoch: 8300 	 ELBO: -47.1513 	 RecLoss: 55.5145 	 KLD: 8.3632
Epoch: 8400 	 ELBO: -48.7491 	 RecLoss: 56.9515 	 KLD: 8.2025
Epoch: 8500 	 ELBO: -46.5121 	 RecLoss: 54.9024 	 KLD: 8.3903
Epoch: 8600 	 ELBO: -45.3441 	 RecLoss: 53.4975 	 KLD: 8.1535
Epoch: 8700 	 ELBO: -41.9287 	 RecLoss: 50.3497 	 KLD: 8.4211
Epoch: 8800 	 ELBO: -48.6808 	 RecLoss: 56.9101 	 KLD: 8.2293
Epoch: 8900 	 ELBO: -48.2472 	 RecLoss: 56.5308 	 KLD: 8.2836
Epoch: 9000 	 ELBO: -47.0482 	 RecLoss: 55.3063 	 KLD: 8.2581
Epoch: 9100 	 ELBO: -48.5595 	 RecLoss: 56.7984 	 KLD: 8.2389
Epoch: 9200 	 ELBO: -47.4335 	 RecLoss: 55.6228 	 KLD: 8.1894
Epoch: 9300 	 ELBO: -46.8269 	 RecLoss: 55.0717 	 KLD: 8.2448
Epoch: 9400 	 ELBO: -48.3961 	 RecLoss: 56.5699 	 KLD: 8.1739
Epoch: 9500 	 ELBO: -47.2046 	 RecLoss: 55.6188 	 KLD: 8.4143
Epoch: 9600 	 ELBO: -38.8322 	 RecLoss: 47.0695 	 KLD: 8.2373
Epoch: 9700 	 ELBO: -44.1367 	 RecLoss: 52.5124 	 KLD: 8.3757
Epoch: 9800 	 ELBO: -45.7348 	 RecLoss: 54.1248 	 KLD: 8.3900
Epoch: 9900 	 ELBO: -47.5758 	 RecLoss: 55.9217 	 KLD: 8.3460
Epoch: 10000 	 ELBO: -46.9570 	 RecLoss: 55.3395 	 KLD: 8.3824
Epoch: 10100 	 ELBO: -47.6759 	 RecLoss: 55.8923 	 KLD: 8.2164
Epoch: 10200 	 ELBO: -48.1112 	 RecLoss: 56.3308 	 KLD: 8.2196
Epoch: 10300 	 ELBO: -46.9968 	 RecLoss: 55.2937 	 KLD: 8.2970
Epoch: 10400 	 ELBO: -47.0177 	 RecLoss: 55.3069 	 KLD: 8.2892
Epoch: 10500 	 ELBO: -43.1414 	 RecLoss: 51.4858 	 KLD: 8.3445
Epoch: 10600 	 ELBO: -48.8593 	 RecLoss: 56.9957 	 KLD: 8.1364
Epoch: 10700 	 ELBO: -46.6152 	 RecLoss: 55.0236 	 KLD: 8.4085
Epoch: 10800 	 ELBO: -48.6486 	 RecLoss: 56.8101 	 KLD: 8.1616
Epoch: 10900 	 ELBO: -47.2192 	 RecLoss: 55.7347 	 KLD: 8.5154
Epoch: 11000 	 ELBO: -46.4286 	 RecLoss: 54.6336 	 KLD: 8.2050
Epoch: 11100 	 ELBO: -47.8969 	 RecLoss: 56.2178 	 KLD: 8.3209
Epoch: 11200 	 ELBO: -46.1976 	 RecLoss: 54.5795 	 KLD: 8.3820
Epoch: 11300 	 ELBO: -48.4440 	 RecLoss: 56.8667 	 KLD: 8.4227
Epoch: 11400 	 ELBO: -48.8414 	 RecLoss: 57.2335 	 KLD: 8.3921
Epoch: 11500 	 ELBO: -47.4540 	 RecLoss: 55.6926 	 KLD: 8.2386
Epoch: 11600 	 ELBO: -41.5803 	 RecLoss: 49.8638 	 KLD: 8.2835
Epoch: 11700 	 ELBO: -48.0715 	 RecLoss: 56.6624 	 KLD: 8.5909
Epoch: 11800 	 ELBO: -48.3445 	 RecLoss: 56.8539 	 KLD: 8.5094
Epoch: 11900 	 ELBO: -45.3265 	 RecLoss: 53.8183 	 KLD: 8.4918
Epoch: 12000 	 ELBO: -44.3322 	 RecLoss: 52.7715 	 KLD: 8.4393
Epoch: 12100 	 ELBO: -44.0625 	 RecLoss: 52.5070 	 KLD: 8.4445
Epoch: 12200 	 ELBO: -45.6136 	 RecLoss: 54.1363 	 KLD: 8.5227
Epoch: 12300 	 ELBO: -48.7668 	 RecLoss: 57.1754 	 KLD: 8.4086
Epoch: 12400 	 ELBO: -48.4020 	 RecLoss: 56.8553 	 KLD: 8.4534
Epoch: 12500 	 ELBO: -48.3476 	 RecLoss: 56.8760 	 KLD: 8.5284
Epoch: 12600 	 ELBO: -49.1161 	 RecLoss: 57.6618 	 KLD: 8.5457
Epoch: 12700 	 ELBO: -47.7488 	 RecLoss: 56.3832 	 KLD: 8.6344
Epoch: 12800 	 ELBO: -46.9274 	 RecLoss: 55.3063 	 KLD: 8.3788
Epoch: 12900 	 ELBO: -48.0789 	 RecLoss: 56.4534 	 KLD: 8.3746
Epoch: 13000 	 ELBO: -47.8926 	 RecLoss: 56.4387 	 KLD: 8.5461
Epoch: 13100 	 ELBO: -32.7828 	 RecLoss: 41.3509 	 KLD: 8.5681
Epoch: 13200 	 ELBO: -47.8966 	 RecLoss: 56.3019 	 KLD: 8.4053
Epoch: 13300 	 ELBO: -49.2273 	 RecLoss: 57.6054 	 KLD: 8.3781
Epoch: 13400 	 ELBO: -46.8419 	 RecLoss: 55.1610 	 KLD: 8.3191
Epoch: 13500 	 ELBO: -46.3152 	 RecLoss: 54.6200 	 KLD: 8.3048
Epoch: 13600 	 ELBO: -47.8706 	 RecLoss: 56.4741 	 KLD: 8.6035
Epoch: 13700 	 ELBO: -48.4273 	 RecLoss: 56.9092 	 KLD: 8.4819
Epoch: 13800 	 ELBO: -46.4555 	 RecLoss: 54.9592 	 KLD: 8.5037
Epoch: 13900 	 ELBO: -49.2137 	 RecLoss: 57.5796 	 KLD: 8.3659
Epoch: 14000 	 ELBO: -48.8911 	 RecLoss: 57.5354 	 KLD: 8.6443
Epoch: 14100 	 ELBO: -47.4867 	 RecLoss: 55.5751 	 KLD: 8.0884
Epoch: 14200 	 ELBO: -49.7644 	 RecLoss: 58.1798 	 KLD: 8.4153
Epoch: 14300 	 ELBO: -46.5828 	 RecLoss: 55.1215 	 KLD: 8.5387
Epoch: 14400 	 ELBO: -45.9690 	 RecLoss: 54.4707 	 KLD: 8.5017
Epoch: 14500 	 ELBO: -49.0652 	 RecLoss: 57.5087 	 KLD: 8.4435
Epoch: 14600 	 ELBO: -49.2787 	 RecLoss: 57.8178 	 KLD: 8.5391
Epoch: 14700 	 ELBO: -49.3439 	 RecLoss: 57.6551 	 KLD: 8.3111
Epoch: 14800 	 ELBO: -39.5623 	 RecLoss: 48.0006 	 KLD: 8.4383
Epoch: 14900 	 ELBO: -46.8846 	 RecLoss: 55.3623 	 KLD: 8.4777
Epoch: 15000 	 ELBO: -48.5453 	 RecLoss: 56.9991 	 KLD: 8.4538
Epoch: 15100 	 ELBO: -47.7981 	 RecLoss: 56.3405 	 KLD: 8.5424
Epoch: 15200 	 ELBO: -47.6208 	 RecLoss: 56.1828 	 KLD: 8.5620
Epoch: 15300 	 ELBO: -48.5595 	 RecLoss: 56.9002 	 KLD: 8.3407
Epoch: 15400 	 ELBO: -48.1637 	 RecLoss: 56.6781 	 KLD: 8.5145
Epoch: 15500 	 ELBO: -47.7431 	 RecLoss: 56.2419 	 KLD: 8.4987
Epoch: 15600 	 ELBO: -46.7376 	 RecLoss: 55.2785 	 KLD: 8.5408
Epoch: 15700 	 ELBO: -48.1312 	 RecLoss: 56.6448 	 KLD: 8.5136
Epoch: 15800 	 ELBO: -45.5683 	 RecLoss: 54.1389 	 KLD: 8.5707
Epoch: 15900 	 ELBO: -49.0799 	 RecLoss: 57.6287 	 KLD: 8.5488
Epoch: 16000 	 ELBO: -49.4351 	 RecLoss: 58.0625 	 KLD: 8.6274
Epoch: 16100 	 ELBO: -46.3934 	 RecLoss: 54.9231 	 KLD: 8.5297
Epoch: 16200 	 ELBO: -43.4952 	 RecLoss: 52.0036 	 KLD: 8.5084
Epoch: 16300 	 ELBO: -46.1871 	 RecLoss: 54.7275 	 KLD: 8.5404
Epoch: 16400 	 ELBO: -48.3419 	 RecLoss: 56.8886 	 KLD: 8.5467
Epoch: 16500 	 ELBO: -47.8178 	 RecLoss: 56.1342 	 KLD: 8.3164
Epoch: 16600 	 ELBO: -47.6290 	 RecLoss: 55.9773 	 KLD: 8.3483
Epoch: 16700 	 ELBO: -48.7150 	 RecLoss: 57.2250 	 KLD: 8.5100
Epoch: 16800 	 ELBO: -47.7567 	 RecLoss: 56.3819 	 KLD: 8.6252
Epoch: 16900 	 ELBO: -47.6286 	 RecLoss: 56.1967 	 KLD: 8.5681
Epoch: 17000 	 ELBO: -48.4023 	 RecLoss: 56.7707 	 KLD: 8.3684
Epoch: 17100 	 ELBO: -47.2469 	 RecLoss: 55.6953 	 KLD: 8.4483
Epoch: 17200 	 ELBO: -46.0996 	 RecLoss: 54.7135 	 KLD: 8.6139
Epoch: 17300 	 ELBO: -48.2847 	 RecLoss: 56.7589 	 KLD: 8.4743
Epoch: 17400 	 ELBO: -48.7138 	 RecLoss: 57.2406 	 KLD: 8.5268
Epoch: 17500 	 ELBO: -48.7109 	 RecLoss: 57.2364 	 KLD: 8.5256
Epoch: 17600 	 ELBO: -49.6676 	 RecLoss: 58.3027 	 KLD: 8.6350
Epoch: 17700 	 ELBO: -46.7744 	 RecLoss: 55.2649 	 KLD: 8.4904
Epoch: 17800 	 ELBO: -47.5315 	 RecLoss: 55.9703 	 KLD: 8.4387
Epoch: 17900 	 ELBO: -49.6738 	 RecLoss: 58.1651 	 KLD: 8.4913
Epoch: 18000 	 ELBO: -39.5800 	 RecLoss: 48.0489 	 KLD: 8.4688
Epoch: 18100 	 ELBO: -43.1447 	 RecLoss: 51.6495 	 KLD: 8.5047
Epoch: 18200 	 ELBO: -49.2400 	 RecLoss: 57.7549 	 KLD: 8.5149
Epoch: 18300 	 ELBO: -38.9617 	 RecLoss: 47.5722 	 KLD: 8.6105
Epoch: 18400 	 ELBO: -47.8990 	 RecLoss: 56.3864 	 KLD: 8.4875
Epoch: 18500 	 ELBO: -47.5199 	 RecLoss: 55.9941 	 KLD: 8.4742
Epoch: 18600 	 ELBO: -43.8284 	 RecLoss: 52.4103 	 KLD: 8.5819
Epoch: 18700 	 ELBO: -46.5316 	 RecLoss: 55.0547 	 KLD: 8.5231
Epoch: 18800 	 ELBO: -49.2261 	 RecLoss: 57.5871 	 KLD: 8.3610
Epoch: 18900 	 ELBO: -49.2403 	 RecLoss: 57.7951 	 KLD: 8.5548
Epoch: 19000 	 ELBO: -43.0810 	 RecLoss: 51.7500 	 KLD: 8.6689
Epoch: 19100 	 ELBO: -49.7772 	 RecLoss: 58.3304 	 KLD: 8.5532
Epoch: 19200 	 ELBO: -48.9609 	 RecLoss: 57.7653 	 KLD: 8.8044
Epoch: 19300 	 ELBO: -48.7662 	 RecLoss: 57.2775 	 KLD: 8.5112
Epoch: 19400 	 ELBO: -47.9485 	 RecLoss: 56.5462 	 KLD: 8.5977
Epoch: 19500 	 ELBO: -49.3037 	 RecLoss: 57.8742 	 KLD: 8.5705
Epoch: 19600 	 ELBO: -48.1402 	 RecLoss: 56.7162 	 KLD: 8.5760
Epoch: 19700 	 ELBO: -48.0884 	 RecLoss: 56.5668 	 KLD: 8.4784
Epoch: 19800 	 ELBO: -48.0232 	 RecLoss: 56.7239 	 KLD: 8.7007
Epoch: 19900 	 ELBO: -48.8640 	 RecLoss: 57.3302 	 KLD: 8.4661
Epoch: 20000 	 ELBO: -49.4759 	 RecLoss: 57.9740 	 KLD: 8.4981
Epoch: 20100 	 ELBO: -47.8146 	 RecLoss: 56.3811 	 KLD: 8.5666
Epoch: 20200 	 ELBO: -48.6458 	 RecLoss: 57.2630 	 KLD: 8.6172
Epoch: 20300 	 ELBO: -42.4938 	 RecLoss: 51.1020 	 KLD: 8.6082
Epoch: 20400 	 ELBO: -45.0542 	 RecLoss: 53.8301 	 KLD: 8.7759
Epoch: 20500 	 ELBO: -45.4596 	 RecLoss: 54.0772 	 KLD: 8.6176
Epoch: 20600 	 ELBO: -47.5134 	 RecLoss: 56.1513 	 KLD: 8.6379
Epoch: 20700 	 ELBO: -48.9276 	 RecLoss: 57.6541 	 KLD: 8.7265
Epoch: 20800 	 ELBO: -48.1172 	 RecLoss: 56.6333 	 KLD: 8.5161
Epoch: 20900 	 ELBO: -49.1934 	 RecLoss: 57.9186 	 KLD: 8.7252
Epoch: 21000 	 ELBO: -46.9380 	 RecLoss: 55.4882 	 KLD: 8.5502
Epoch: 21100 	 ELBO: -49.2849 	 RecLoss: 57.9616 	 KLD: 8.6767
Epoch: 21200 	 ELBO: -45.0044 	 RecLoss: 53.4963 	 KLD: 8.4919
Epoch: 21300 	 ELBO: -48.0053 	 RecLoss: 56.6942 	 KLD: 8.6890
Epoch: 21400 	 ELBO: -47.0970 	 RecLoss: 55.8347 	 KLD: 8.7377
Epoch: 21500 	 ELBO: -48.9124 	 RecLoss: 57.5159 	 KLD: 8.6035
Epoch: 21600 	 ELBO: -42.5152 	 RecLoss: 51.1402 	 KLD: 8.6250
Epoch: 21700 	 ELBO: -49.3117 	 RecLoss: 57.8928 	 KLD: 8.5811
Epoch: 21800 	 ELBO: -49.1644 	 RecLoss: 57.7641 	 KLD: 8.5998
Epoch: 21900 	 ELBO: -48.9503 	 RecLoss: 57.3424 	 KLD: 8.3922
Epoch: 22000 	 ELBO: -47.3330 	 RecLoss: 55.8848 	 KLD: 8.5517
Epoch: 22100 	 ELBO: -47.2535 	 RecLoss: 55.9861 	 KLD: 8.7326
Epoch: 22200 	 ELBO: -48.2472 	 RecLoss: 57.0082 	 KLD: 8.7610
Epoch: 22300 	 ELBO: -47.7621 	 RecLoss: 56.1268 	 KLD: 8.3647
Epoch: 22400 	 ELBO: -46.5922 	 RecLoss: 55.1692 	 KLD: 8.5771
Epoch: 22500 	 ELBO: -38.0162 	 RecLoss: 46.5253 	 KLD: 8.5092
Epoch: 22600 	 ELBO: -48.3512 	 RecLoss: 56.8402 	 KLD: 8.4890
Epoch: 22700 	 ELBO: -46.8454 	 RecLoss: 55.4667 	 KLD: 8.6213
Epoch: 22800 	 ELBO: -44.5695 	 RecLoss: 53.1659 	 KLD: 8.5965
Epoch: 22900 	 ELBO: -46.5199 	 RecLoss: 55.0993 	 KLD: 8.5794
Epoch: 23000 	 ELBO: -47.0017 	 RecLoss: 55.5712 	 KLD: 8.5695
Epoch: 23100 	 ELBO: -49.2732 	 RecLoss: 57.8986 	 KLD: 8.6254
Epoch: 23200 	 ELBO: -48.4582 	 RecLoss: 57.0600 	 KLD: 8.6017
Epoch: 23300 	 ELBO: -44.9938 	 RecLoss: 53.4453 	 KLD: 8.4515
Epoch: 23400 	 ELBO: -49.0348 	 RecLoss: 57.8269 	 KLD: 8.7921
Epoch: 23500 	 ELBO: -46.3148 	 RecLoss: 54.8676 	 KLD: 8.5528
Epoch: 23600 	 ELBO: -47.3861 	 RecLoss: 56.0614 	 KLD: 8.6753
Epoch: 23700 	 ELBO: -48.9349 	 RecLoss: 57.6324 	 KLD: 8.6976
Epoch: 23800 	 ELBO: -45.9696 	 RecLoss: 54.4527 	 KLD: 8.4831
Epoch: 23900 	 ELBO: -44.4691 	 RecLoss: 53.1160 	 KLD: 8.6469
Epoch: 24000 	 ELBO: -44.2955 	 RecLoss: 52.6617 	 KLD: 8.3662
Epoch: 24100 	 ELBO: -49.5046 	 RecLoss: 58.0735 	 KLD: 8.5689
Epoch: 24200 	 ELBO: -47.9120 	 RecLoss: 56.6006 	 KLD: 8.6886
Epoch: 24300 	 ELBO: -49.3722 	 RecLoss: 58.0567 	 KLD: 8.6845
Epoch: 24400 	 ELBO: -47.2491 	 RecLoss: 55.8611 	 KLD: 8.6119
Epoch: 24500 	 ELBO: -45.3097 	 RecLoss: 54.1583 	 KLD: 8.8487
Epoch: 24600 	 ELBO: -49.6816 	 RecLoss: 58.2346 	 KLD: 8.5531
Epoch: 24700 	 ELBO: -47.8522 	 RecLoss: 56.4469 	 KLD: 8.5948
Epoch: 24800 	 ELBO: -48.6943 	 RecLoss: 57.4074 	 KLD: 8.7131
Epoch: 24900 	 ELBO: -48.8646 	 RecLoss: 57.3160 	 KLD: 8.4514
Epoch: 25000 	 ELBO: -46.8716 	 RecLoss: 55.5844 	 KLD: 8.7128
Epoch: 25100 	 ELBO: -47.3470 	 RecLoss: 55.9309 	 KLD: 8.5840
Epoch: 25200 	 ELBO: -50.1568 	 RecLoss: 58.6315 	 KLD: 8.4747
Epoch: 25300 	 ELBO: -48.4665 	 RecLoss: 56.9025 	 KLD: 8.4360
Epoch: 25400 	 ELBO: -50.4104 	 RecLoss: 58.9296 	 KLD: 8.5192
Epoch: 25500 	 ELBO: -41.9580 	 RecLoss: 50.6082 	 KLD: 8.6502
Epoch: 25600 	 ELBO: -37.7555 	 RecLoss: 46.3314 	 KLD: 8.5759
Epoch: 25700 	 ELBO: -42.6981 	 RecLoss: 51.3820 	 KLD: 8.6839
Epoch: 25800 	 ELBO: -47.9882 	 RecLoss: 56.5874 	 KLD: 8.5992
Epoch: 25900 	 ELBO: -45.1382 	 RecLoss: 53.7927 	 KLD: 8.6545
Epoch: 26000 	 ELBO: -45.5996 	 RecLoss: 54.2180 	 KLD: 8.6184
Epoch: 26100 	 ELBO: -49.5741 	 RecLoss: 58.1913 	 KLD: 8.6171
Epoch: 26200 	 ELBO: -47.8354 	 RecLoss: 56.4274 	 KLD: 8.5920
Epoch: 26300 	 ELBO: -47.4669 	 RecLoss: 56.2165 	 KLD: 8.7497
Epoch: 26400 	 ELBO: -46.8267 	 RecLoss: 55.5718 	 KLD: 8.7451
Epoch: 26500 	 ELBO: -48.9125 	 RecLoss: 57.6661 	 KLD: 8.7536
Epoch: 26600 	 ELBO: -47.1726 	 RecLoss: 56.0058 	 KLD: 8.8332
Epoch: 26700 	 ELBO: -32.0714 	 RecLoss: 40.9335 	 KLD: 8.8621
Epoch: 26800 	 ELBO: -49.2030 	 RecLoss: 57.7687 	 KLD: 8.5657
Epoch: 26900 	 ELBO: -46.0636 	 RecLoss: 54.9218 	 KLD: 8.8582
Epoch: 27000 	 ELBO: -47.5057 	 RecLoss: 56.2425 	 KLD: 8.7368
Epoch: 27100 	 ELBO: -48.9342 	 RecLoss: 57.6570 	 KLD: 8.7228
Epoch: 27200 	 ELBO: -46.3678 	 RecLoss: 54.9375 	 KLD: 8.5697
Epoch: 27300 	 ELBO: -42.1482 	 RecLoss: 50.9111 	 KLD: 8.7628
Epoch: 27400 	 ELBO: -49.2746 	 RecLoss: 57.9120 	 KLD: 8.6374
Epoch: 27500 	 ELBO: -15.9436 	 RecLoss: 24.4662 	 KLD: 8.5227
Epoch: 27600 	 ELBO: -49.3714 	 RecLoss: 57.8531 	 KLD: 8.4817
Epoch: 27700 	 ELBO: -48.5164 	 RecLoss: 57.1804 	 KLD: 8.6640
Epoch: 27800 	 ELBO: -47.9137 	 RecLoss: 56.5171 	 KLD: 8.6033
Epoch: 27900 	 ELBO: -45.8529 	 RecLoss: 54.4671 	 KLD: 8.6142
Epoch: 28000 	 ELBO: -43.8707 	 RecLoss: 52.5425 	 KLD: 8.6718
Epoch: 28100 	 ELBO: -49.8622 	 RecLoss: 58.6336 	 KLD: 8.7714
Epoch: 28200 	 ELBO: -48.3614 	 RecLoss: 57.0219 	 KLD: 8.6605
Epoch: 28300 	 ELBO: -47.8635 	 RecLoss: 56.3669 	 KLD: 8.5034
Epoch: 28400 	 ELBO: -49.0870 	 RecLoss: 57.6903 	 KLD: 8.6032
Epoch: 28500 	 ELBO: -36.8599 	 RecLoss: 45.4333 	 KLD: 8.5734
Epoch: 28600 	 ELBO: -46.1368 	 RecLoss: 54.7258 	 KLD: 8.5890
Epoch: 28700 	 ELBO: -42.3818 	 RecLoss: 50.9921 	 KLD: 8.6103
Epoch: 28800 	 ELBO: -49.2581 	 RecLoss: 57.8885 	 KLD: 8.6304
Epoch: 28900 	 ELBO: -48.4833 	 RecLoss: 57.2724 	 KLD: 8.7891
Epoch: 29000 	 ELBO: -45.3027 	 RecLoss: 54.0543 	 KLD: 8.7516
Epoch: 29100 	 ELBO: -48.3230 	 RecLoss: 57.1013 	 KLD: 8.7783
Epoch: 29200 	 ELBO: -47.9724 	 RecLoss: 56.5122 	 KLD: 8.5398
Epoch: 29300 	 ELBO: -46.5394 	 RecLoss: 55.3443 	 KLD: 8.8048
Epoch: 29400 	 ELBO: -46.5724 	 RecLoss: 55.2933 	 KLD: 8.7209
Epoch: 29500 	 ELBO: -49.5211 	 RecLoss: 58.0600 	 KLD: 8.5389
Epoch: 29600 	 ELBO: -48.2994 	 RecLoss: 57.0184 	 KLD: 8.7190
Epoch: 29700 	 ELBO: -49.8569 	 RecLoss: 58.4327 	 KLD: 8.5758
Epoch: 29800 	 ELBO: -50.1048 	 RecLoss: 58.7071 	 KLD: 8.6023
Epoch: 29900 	 ELBO: -48.7870 	 RecLoss: 57.5175 	 KLD: 8.7306
Epoch: 30000 	 ELBO: -49.8650 	 RecLoss: 58.3670 	 KLD: 8.5020
Epoch: 30100 	 ELBO: -48.5506 	 RecLoss: 56.7932 	 KLD: 8.2426
Epoch: 30200 	 ELBO: -48.1140 	 RecLoss: 56.7490 	 KLD: 8.6350
Epoch: 30300 	 ELBO: -49.7560 	 RecLoss: 58.5113 	 KLD: 8.7553
Epoch: 30400 	 ELBO: -41.3719 	 RecLoss: 50.1904 	 KLD: 8.8186
Epoch: 30500 	 ELBO: -49.1168 	 RecLoss: 57.7934 	 KLD: 8.6766
Epoch: 30600 	 ELBO: -49.9318 	 RecLoss: 58.4275 	 KLD: 8.4957
Epoch: 30700 	 ELBO: -48.9587 	 RecLoss: 57.5863 	 KLD: 8.6276
Epoch: 30800 	 ELBO: -43.0141 	 RecLoss: 51.6879 	 KLD: 8.6738
Epoch: 30900 	 ELBO: -49.4809 	 RecLoss: 57.9881 	 KLD: 8.5072
Epoch: 31000 	 ELBO: -47.6044 	 RecLoss: 56.3555 	 KLD: 8.7511
Epoch: 31100 	 ELBO: -48.7614 	 RecLoss: 57.3631 	 KLD: 8.6016
Epoch: 31200 	 ELBO: -49.1575 	 RecLoss: 57.7357 	 KLD: 8.5782
Epoch: 31300 	 ELBO: -47.5542 	 RecLoss: 56.3791 	 KLD: 8.8249
Epoch: 31400 	 ELBO: -49.8134 	 RecLoss: 58.4184 	 KLD: 8.6050
Epoch: 31500 	 ELBO: -45.5580 	 RecLoss: 54.1131 	 KLD: 8.5551
Epoch: 31600 	 ELBO: -49.9064 	 RecLoss: 58.7386 	 KLD: 8.8321
Epoch: 31700 	 ELBO: -49.8256 	 RecLoss: 58.5440 	 KLD: 8.7184
Epoch: 31800 	 ELBO: -50.6868 	 RecLoss: 59.5016 	 KLD: 8.8147
Epoch: 31900 	 ELBO: -49.4689 	 RecLoss: 58.2316 	 KLD: 8.7627
Epoch: 32000 	 ELBO: -49.1227 	 RecLoss: 57.6232 	 KLD: 8.5005
Epoch: 32100 	 ELBO: -48.2114 	 RecLoss: 56.7913 	 KLD: 8.5799
Epoch: 32200 	 ELBO: -45.9690 	 RecLoss: 54.6022 	 KLD: 8.6332
Epoch: 32300 	 ELBO: -48.0954 	 RecLoss: 56.7834 	 KLD: 8.6880
Epoch: 32400 	 ELBO: -50.7925 	 RecLoss: 59.3947 	 KLD: 8.6022
Epoch: 32500 	 ELBO: -48.6240 	 RecLoss: 57.3973 	 KLD: 8.7732
Epoch: 32600 	 ELBO: -49.9982 	 RecLoss: 58.7111 	 KLD: 8.7129
Epoch: 32700 	 ELBO: -48.1905 	 RecLoss: 56.9188 	 KLD: 8.7284
Epoch: 32800 	 ELBO: -47.6767 	 RecLoss: 56.2737 	 KLD: 8.5970
Epoch: 32900 	 ELBO: -49.0647 	 RecLoss: 57.6991 	 KLD: 8.6344
Epoch: 33000 	 ELBO: -49.2183 	 RecLoss: 58.0259 	 KLD: 8.8076
Epoch: 33100 	 ELBO: -48.8671 	 RecLoss: 57.5477 	 KLD: 8.6806
Epoch: 33200 	 ELBO: -48.1678 	 RecLoss: 56.9728 	 KLD: 8.8050
Epoch: 33300 	 ELBO: -49.2349 	 RecLoss: 57.8414 	 KLD: 8.6065
Epoch: 33400 	 ELBO: -44.8923 	 RecLoss: 53.5228 	 KLD: 8.6305
Epoch: 33500 	 ELBO: -47.5893 	 RecLoss: 56.5243 	 KLD: 8.9351
Epoch: 33600 	 ELBO: -49.6235 	 RecLoss: 58.2106 	 KLD: 8.5871
Epoch: 33700 	 ELBO: -48.8854 	 RecLoss: 57.6649 	 KLD: 8.7795
Epoch: 33800 	 ELBO: -38.5855 	 RecLoss: 47.2441 	 KLD: 8.6586
Epoch: 33900 	 ELBO: -50.0943 	 RecLoss: 58.7693 	 KLD: 8.6750
Epoch: 34000 	 ELBO: -48.7267 	 RecLoss: 57.4124 	 KLD: 8.6857
Epoch: 34100 	 ELBO: -49.7827 	 RecLoss: 58.4013 	 KLD: 8.6186
Epoch: 34200 	 ELBO: -48.4211 	 RecLoss: 57.0127 	 KLD: 8.5916
Epoch: 34300 	 ELBO: -49.7993 	 RecLoss: 58.3587 	 KLD: 8.5594
Epoch: 34400 	 ELBO: -47.0272 	 RecLoss: 55.7595 	 KLD: 8.7323
Epoch: 34500 	 ELBO: -49.0357 	 RecLoss: 57.8073 	 KLD: 8.7716
Epoch: 34600 	 ELBO: -48.7238 	 RecLoss: 57.4181 	 KLD: 8.6943
Epoch: 34700 	 ELBO: -50.3434 	 RecLoss: 58.9574 	 KLD: 8.6141
Epoch: 34800 	 ELBO: -50.7914 	 RecLoss: 59.5926 	 KLD: 8.8012
Epoch: 34900 	 ELBO: -49.3430 	 RecLoss: 57.8891 	 KLD: 8.5461
Epoch: 35000 	 ELBO: -50.7211 	 RecLoss: 59.3657 	 KLD: 8.6446
Epoch: 35100 	 ELBO: -47.2417 	 RecLoss: 56.0827 	 KLD: 8.8410
Epoch: 35200 	 ELBO: -47.6966 	 RecLoss: 56.2644 	 KLD: 8.5678
Epoch: 35300 	 ELBO: -50.0798 	 RecLoss: 58.9929 	 KLD: 8.9131
Epoch: 35400 	 ELBO: -49.3679 	 RecLoss: 58.0110 	 KLD: 8.6431
Epoch: 35500 	 ELBO: -48.1141 	 RecLoss: 56.9920 	 KLD: 8.8779
Epoch: 35600 	 ELBO: -49.7888 	 RecLoss: 58.4908 	 KLD: 8.7020
Epoch: 35700 	 ELBO: -49.5345 	 RecLoss: 58.1885 	 KLD: 8.6540
Epoch: 35800 	 ELBO: -49.8295 	 RecLoss: 58.7057 	 KLD: 8.8761
Epoch: 35900 	 ELBO: -49.4028 	 RecLoss: 58.1771 	 KLD: 8.7743
Epoch: 36000 	 ELBO: -38.2841 	 RecLoss: 47.2009 	 KLD: 8.9168
Epoch: 36100 	 ELBO: -47.7116 	 RecLoss: 56.4917 	 KLD: 8.7800
Epoch: 36200 	 ELBO: -50.6643 	 RecLoss: 59.4838 	 KLD: 8.8195
Epoch: 36300 	 ELBO: -41.4289 	 RecLoss: 50.1891 	 KLD: 8.7602
Epoch: 36400 	 ELBO: -46.6281 	 RecLoss: 55.1786 	 KLD: 8.5505
Epoch: 36500 	 ELBO: -49.1551 	 RecLoss: 57.9100 	 KLD: 8.7549
Epoch: 36600 	 ELBO: -47.4805 	 RecLoss: 56.2782 	 KLD: 8.7977
Epoch: 36700 	 ELBO: -50.7019 	 RecLoss: 59.6264 	 KLD: 8.9245
Epoch: 36800 	 ELBO: -42.0727 	 RecLoss: 50.7633 	 KLD: 8.6906
Epoch: 36900 	 ELBO: -49.6771 	 RecLoss: 58.4196 	 KLD: 8.7425
Epoch: 37000 	 ELBO: -45.4346 	 RecLoss: 54.1101 	 KLD: 8.6755
Epoch: 37100 	 ELBO: -49.3099 	 RecLoss: 57.8448 	 KLD: 8.5349
Epoch: 37200 	 ELBO: -50.6333 	 RecLoss: 59.3693 	 KLD: 8.7361
Epoch: 37300 	 ELBO: -50.2496 	 RecLoss: 58.9746 	 KLD: 8.7250
Epoch: 37400 	 ELBO: -48.2607 	 RecLoss: 57.1407 	 KLD: 8.8800
Epoch: 37500 	 ELBO: -48.7857 	 RecLoss: 57.6089 	 KLD: 8.8233
Epoch: 37600 	 ELBO: -50.2881 	 RecLoss: 58.9345 	 KLD: 8.6464
Epoch: 37700 	 ELBO: -44.0575 	 RecLoss: 52.8024 	 KLD: 8.7449
Epoch: 37800 	 ELBO: -48.1775 	 RecLoss: 57.0084 	 KLD: 8.8308
Epoch: 37900 	 ELBO: -49.8048 	 RecLoss: 58.5494 	 KLD: 8.7446
Epoch: 38000 	 ELBO: -47.7406 	 RecLoss: 56.5691 	 KLD: 8.8285
Epoch: 38100 	 ELBO: -50.4791 	 RecLoss: 59.2672 	 KLD: 8.7881
Epoch: 38200 	 ELBO: -49.0775 	 RecLoss: 57.7989 	 KLD: 8.7214
Epoch: 38300 	 ELBO: -50.0080 	 RecLoss: 58.5623 	 KLD: 8.5543
Epoch: 38400 	 ELBO: -48.9584 	 RecLoss: 57.7599 	 KLD: 8.8015
Epoch: 38500 	 ELBO: -51.1215 	 RecLoss: 59.6645 	 KLD: 8.5430
Epoch: 38600 	 ELBO: -49.7617 	 RecLoss: 58.6200 	 KLD: 8.8583
Epoch: 38700 	 ELBO: -48.8059 	 RecLoss: 57.6160 	 KLD: 8.8102
Epoch: 38800 	 ELBO: -50.4191 	 RecLoss: 59.2039 	 KLD: 8.7848
Epoch: 38900 	 ELBO: -50.6570 	 RecLoss: 59.3969 	 KLD: 8.7399
Epoch: 39000 	 ELBO: -51.1960 	 RecLoss: 59.9329 	 KLD: 8.7370
Epoch: 39100 	 ELBO: -49.7727 	 RecLoss: 58.6042 	 KLD: 8.8314
Epoch: 39200 	 ELBO: -49.7648 	 RecLoss: 58.4115 	 KLD: 8.6467
Epoch: 39300 	 ELBO: -49.5003 	 RecLoss: 58.3338 	 KLD: 8.8335
Epoch: 39400 	 ELBO: -50.8912 	 RecLoss: 59.7165 	 KLD: 8.8252
Epoch: 39500 	 ELBO: -50.6332 	 RecLoss: 59.4572 	 KLD: 8.8241
Epoch: 39600 	 ELBO: -50.4560 	 RecLoss: 59.1669 	 KLD: 8.7109
Epoch: 39700 	 ELBO: -43.3656 	 RecLoss: 52.2043 	 KLD: 8.8388
Epoch: 39800 	 ELBO: -50.8542 	 RecLoss: 59.6688 	 KLD: 8.8145
Epoch: 39900 	 ELBO: -49.0893 	 RecLoss: 57.7827 	 KLD: 8.6933
Epoch: 40000 	 ELBO: -50.4320 	 RecLoss: 59.3150 	 KLD: 8.8830
Epoch: 40100 	 ELBO: -50.0366 	 RecLoss: 58.7494 	 KLD: 8.7129
Epoch: 40200 	 ELBO: -47.7219 	 RecLoss: 56.4094 	 KLD: 8.6875
Epoch: 40300 	 ELBO: -46.5339 	 RecLoss: 55.2314 	 KLD: 8.6975
Epoch: 40400 	 ELBO: -50.4037 	 RecLoss: 59.2483 	 KLD: 8.8445
Epoch: 40500 	 ELBO: -47.6105 	 RecLoss: 56.4157 	 KLD: 8.8052
Epoch: 40600 	 ELBO: -50.3275 	 RecLoss: 59.0166 	 KLD: 8.6891
Epoch: 40700 	 ELBO: -50.3811 	 RecLoss: 59.1964 	 KLD: 8.8152
Epoch: 40800 	 ELBO: -50.4724 	 RecLoss: 59.3355 	 KLD: 8.8631
Epoch: 40900 	 ELBO: -50.9728 	 RecLoss: 59.8334 	 KLD: 8.8606
Epoch: 41000 	 ELBO: -49.4087 	 RecLoss: 58.1409 	 KLD: 8.7322
Epoch: 41100 	 ELBO: -51.1086 	 RecLoss: 59.9026 	 KLD: 8.7941
Epoch: 41200 	 ELBO: -49.5453 	 RecLoss: 58.4162 	 KLD: 8.8709
Epoch: 41300 	 ELBO: -49.5764 	 RecLoss: 58.2266 	 KLD: 8.6502
Epoch: 41400 	 ELBO: -50.0792 	 RecLoss: 58.8894 	 KLD: 8.8103
Epoch: 41500 	 ELBO: -48.9801 	 RecLoss: 57.7174 	 KLD: 8.7374
Epoch: 41600 	 ELBO: -47.3103 	 RecLoss: 56.0807 	 KLD: 8.7704
Epoch: 41700 	 ELBO: -49.0265 	 RecLoss: 57.7681 	 KLD: 8.7416
Epoch: 41800 	 ELBO: -48.9399 	 RecLoss: 57.6571 	 KLD: 8.7173
Epoch: 41900 	 ELBO: -49.3855 	 RecLoss: 58.3498 	 KLD: 8.9643
Epoch: 42000 	 ELBO: -47.9590 	 RecLoss: 56.6737 	 KLD: 8.7147
Epoch: 42100 	 ELBO: -50.9391 	 RecLoss: 59.7077 	 KLD: 8.7686
Epoch: 42200 	 ELBO: -49.5559 	 RecLoss: 58.3380 	 KLD: 8.7821
Epoch: 42300 	 ELBO: -49.3396 	 RecLoss: 58.1233 	 KLD: 8.7837
Epoch: 42400 	 ELBO: -43.0121 	 RecLoss: 51.6698 	 KLD: 8.6577
Epoch: 42500 	 ELBO: -49.0911 	 RecLoss: 57.7330 	 KLD: 8.6419
Epoch: 42600 	 ELBO: -46.7684 	 RecLoss: 55.4282 	 KLD: 8.6598
Epoch: 42700 	 ELBO: -50.9646 	 RecLoss: 59.5952 	 KLD: 8.6307
Epoch: 42800 	 ELBO: -49.1289 	 RecLoss: 58.0278 	 KLD: 8.8989
Epoch: 42900 	 ELBO: -41.7365 	 RecLoss: 50.4863 	 KLD: 8.7498
Epoch: 43000 	 ELBO: -49.0822 	 RecLoss: 57.6749 	 KLD: 8.5927
Epoch: 43100 	 ELBO: -50.3359 	 RecLoss: 59.1220 	 KLD: 8.7861
Epoch: 43200 	 ELBO: -51.1382 	 RecLoss: 60.0457 	 KLD: 8.9075
Epoch: 43300 	 ELBO: -48.9074 	 RecLoss: 57.8639 	 KLD: 8.9565
Epoch: 43400 	 ELBO: -47.0194 	 RecLoss: 55.7841 	 KLD: 8.7647
Epoch: 43500 	 ELBO: -50.6126 	 RecLoss: 59.4962 	 KLD: 8.8837
Epoch: 43600 	 ELBO: -48.6808 	 RecLoss: 57.1950 	 KLD: 8.5143
Epoch: 43700 	 ELBO: -45.9205 	 RecLoss: 54.8237 	 KLD: 8.9032
Epoch: 43800 	 ELBO: -49.3818 	 RecLoss: 58.2687 	 KLD: 8.8869
Epoch: 43900 	 ELBO: -49.1254 	 RecLoss: 57.8724 	 KLD: 8.7470
Epoch: 44000 	 ELBO: -50.3125 	 RecLoss: 59.1116 	 KLD: 8.7992
Epoch: 44100 	 ELBO: -50.1292 	 RecLoss: 59.0828 	 KLD: 8.9537
Epoch: 44200 	 ELBO: -46.8236 	 RecLoss: 55.4393 	 KLD: 8.6157
Epoch: 44300 	 ELBO: -48.8398 	 RecLoss: 57.4099 	 KLD: 8.5701
Epoch: 44400 	 ELBO: -50.0437 	 RecLoss: 58.8205 	 KLD: 8.7768
Epoch: 44500 	 ELBO: -50.0590 	 RecLoss: 58.9303 	 KLD: 8.8713
Epoch: 44600 	 ELBO: -48.8890 	 RecLoss: 57.6714 	 KLD: 8.7824
Epoch: 44700 	 ELBO: -50.7271 	 RecLoss: 59.5385 	 KLD: 8.8114
Epoch: 44800 	 ELBO: -49.4420 	 RecLoss: 58.2222 	 KLD: 8.7802
Epoch: 44900 	 ELBO: -49.9977 	 RecLoss: 58.9926 	 KLD: 8.9949
Epoch: 45000 	 ELBO: -50.1456 	 RecLoss: 58.9003 	 KLD: 8.7547
Epoch: 45100 	 ELBO: -50.4465 	 RecLoss: 58.9736 	 KLD: 8.5271
Epoch: 45200 	 ELBO: -50.6699 	 RecLoss: 59.3647 	 KLD: 8.6949
Epoch: 45300 	 ELBO: -48.2309 	 RecLoss: 57.0896 	 KLD: 8.8587
Epoch: 45400 	 ELBO: -50.2018 	 RecLoss: 58.9169 	 KLD: 8.7151
Epoch: 45500 	 ELBO: -45.4129 	 RecLoss: 54.1929 	 KLD: 8.7800
Epoch: 45600 	 ELBO: -48.1338 	 RecLoss: 56.9981 	 KLD: 8.8643
Epoch: 45700 	 ELBO: -49.5843 	 RecLoss: 58.3652 	 KLD: 8.7809
Epoch: 45800 	 ELBO: -49.6023 	 RecLoss: 58.5862 	 KLD: 8.9838
Epoch: 45900 	 ELBO: -48.2456 	 RecLoss: 57.0195 	 KLD: 8.7738
Epoch: 46000 	 ELBO: -51.0012 	 RecLoss: 59.8431 	 KLD: 8.8418
Epoch: 46100 	 ELBO: -50.4365 	 RecLoss: 59.1592 	 KLD: 8.7227
Epoch: 46200 	 ELBO: -48.5037 	 RecLoss: 57.2546 	 KLD: 8.7509
Epoch: 46300 	 ELBO: -49.4793 	 RecLoss: 58.2007 	 KLD: 8.7214
Epoch: 46400 	 ELBO: -44.1709 	 RecLoss: 52.8762 	 KLD: 8.7053
Epoch: 46500 	 ELBO: -50.9595 	 RecLoss: 59.8060 	 KLD: 8.8465
Epoch: 46600 	 ELBO: -49.9165 	 RecLoss: 58.6145 	 KLD: 8.6981
Epoch: 46700 	 ELBO: -51.0308 	 RecLoss: 59.9214 	 KLD: 8.8906
Epoch: 46800 	 ELBO: -50.1998 	 RecLoss: 58.9833 	 KLD: 8.7835
Epoch: 46900 	 ELBO: -46.9626 	 RecLoss: 55.6400 	 KLD: 8.6775
Epoch: 47000 	 ELBO: -50.8061 	 RecLoss: 59.4300 	 KLD: 8.6238
Epoch: 47100 	 ELBO: -48.3497 	 RecLoss: 57.1204 	 KLD: 8.7706
Epoch: 47200 	 ELBO: -50.5399 	 RecLoss: 59.4071 	 KLD: 8.8672
Epoch: 47300 	 ELBO: -48.2894 	 RecLoss: 57.1731 	 KLD: 8.8837
Epoch: 47400 	 ELBO: -49.6283 	 RecLoss: 58.6217 	 KLD: 8.9933
Epoch: 47500 	 ELBO: -50.7817 	 RecLoss: 59.6225 	 KLD: 8.8408
Epoch: 47600 	 ELBO: -49.6491 	 RecLoss: 58.5046 	 KLD: 8.8555
Epoch: 47700 	 ELBO: -51.7854 	 RecLoss: 60.2879 	 KLD: 8.5025
Epoch: 47800 	 ELBO: -47.9230 	 RecLoss: 56.6745 	 KLD: 8.7515
Epoch: 47900 	 ELBO: -50.8462 	 RecLoss: 59.6900 	 KLD: 8.8437
Epoch: 48000 	 ELBO: -50.5917 	 RecLoss: 59.3716 	 KLD: 8.7799
Epoch: 48100 	 ELBO: -48.0238 	 RecLoss: 56.8918 	 KLD: 8.8681
Epoch: 48200 	 ELBO: -48.9048 	 RecLoss: 57.5239 	 KLD: 8.6192
Epoch: 48300 	 ELBO: -50.4037 	 RecLoss: 59.2460 	 KLD: 8.8424
Epoch: 48400 	 ELBO: -45.5848 	 RecLoss: 54.5287 	 KLD: 8.9438
Epoch: 48500 	 ELBO: -51.0406 	 RecLoss: 60.0054 	 KLD: 8.9648
Epoch: 48600 	 ELBO: -50.1441 	 RecLoss: 59.0525 	 KLD: 8.9085
Epoch: 48700 	 ELBO: -50.6975 	 RecLoss: 59.5568 	 KLD: 8.8593
Epoch: 48800 	 ELBO: -50.2947 	 RecLoss: 59.1366 	 KLD: 8.8418
Epoch: 48900 	 ELBO: -49.6556 	 RecLoss: 58.3467 	 KLD: 8.6910
Epoch: 49000 	 ELBO: -49.9189 	 RecLoss: 58.7635 	 KLD: 8.8446
Epoch: 49100 	 ELBO: -50.9247 	 RecLoss: 59.3710 	 KLD: 8.4463
Epoch: 49200 	 ELBO: -50.4834 	 RecLoss: 59.2556 	 KLD: 8.7722
Epoch: 49300 	 ELBO: -49.8772 	 RecLoss: 58.8817 	 KLD: 9.0045
Epoch: 49400 	 ELBO: -45.5637 	 RecLoss: 54.3981 	 KLD: 8.8344
Epoch: 49500 	 ELBO: -47.6900 	 RecLoss: 56.3992 	 KLD: 8.7092
Epoch: 49600 	 ELBO: -50.9050 	 RecLoss: 59.6696 	 KLD: 8.7646
Epoch: 49700 	 ELBO: -50.1219 	 RecLoss: 59.0962 	 KLD: 8.9743
Epoch: 49800 	 ELBO: -49.7467 	 RecLoss: 58.7030 	 KLD: 8.9563
Epoch: 49900 	 ELBO: -45.7119 	 RecLoss: 54.5727 	 KLD: 8.8608
Epoch: 50000 	 ELBO: -50.1630 	 RecLoss: 59.0230 	 KLD: 8.8600
