Epoch: 100 	 Loss: 0.7057
Epoch: 200 	 Loss: 0.4634
Epoch: 300 	 Loss: 0.6006
Epoch: 400 	 Loss: 0.6256
Epoch: 500 	 Loss: 0.5338
Epoch: 600 	 Loss: 0.8203
Epoch: 700 	 Loss: 0.5528
Epoch: 800 	 Loss: 0.5914
Epoch: 900 	 Loss: 0.6635
Epoch: 1000 	 Loss: 1.0551
Epoch: 1100 	 Loss: 0.7180
Epoch: 1200 	 Loss: 0.8120
Epoch: 1300 	 Loss: 1.0424
Epoch: 1400 	 Loss: 1.0140
Epoch: 1500 	 Loss: 1.2474
Epoch: 1600 	 Loss: 1.1348
Epoch: 1700 	 Loss: 1.2425
Epoch: 1800 	 Loss: 0.9890
Epoch: 1900 	 Loss: 1.0591
Epoch: 2000 	 Loss: 1.0066
Epoch: 2100 	 Loss: 1.3065
Epoch: 2200 	 Loss: 0.9321
Epoch: 2300 	 Loss: 1.0685
Epoch: 2400 	 Loss: 0.8985
Epoch: 2500 	 Loss: 1.0045
Epoch: 2600 	 Loss: 0.9703
Epoch: 2700 	 Loss: 0.7754
Epoch: 2800 	 Loss: 0.9081
Epoch: 2900 	 Loss: 0.9046
Epoch: 3000 	 Loss: 0.9150
Epoch: 3100 	 Loss: 1.0383
Epoch: 3200 	 Loss: 0.8204
Epoch: 3300 	 Loss: 0.8853
Epoch: 3400 	 Loss: 0.8508
Epoch: 3500 	 Loss: 0.7341
Epoch: 3600 	 Loss: 0.6731
Epoch: 3700 	 Loss: 0.6615
Epoch: 3800 	 Loss: 0.5988
Epoch: 3900 	 Loss: 0.5709
Epoch: 4000 	 Loss: 0.5725
Epoch: 4100 	 Loss: 0.4969
Epoch: 4200 	 Loss: 0.4928
Epoch: 4300 	 Loss: 0.5126
Epoch: 4400 	 Loss: 0.5623
Epoch: 4500 	 Loss: 0.6080
Epoch: 4600 	 Loss: 0.6168
Epoch: 4700 	 Loss: 0.6262
Epoch: 4800 	 Loss: 0.6095
Epoch: 4900 	 Loss: 0.5901
Epoch: 5000 	 Loss: 0.5757
Epoch: 5100 	 Loss: 0.5265
Epoch: 5200 	 Loss: 0.5135
Epoch: 5300 	 Loss: 0.5017
Epoch: 5400 	 Loss: 0.4959
Epoch: 5500 	 Loss: 0.5134
Epoch: 5600 	 Loss: 0.5118
Epoch: 5700 	 Loss: 0.4950
Epoch: 5800 	 Loss: 0.5021
Epoch: 5900 	 Loss: 0.5055
Epoch: 6000 	 Loss: 0.5029
Epoch: 6100 	 Loss: 0.4969
Epoch: 6200 	 Loss: 0.5019
Epoch: 6300 	 Loss: 0.5008
Epoch: 6400 	 Loss: 0.4930
Epoch: 6500 	 Loss: 0.5013
Epoch: 6600 	 Loss: 0.5038
Epoch: 6700 	 Loss: 0.4999
Epoch: 6800 	 Loss: 0.4972
Epoch: 6900 	 Loss: 0.5059
Epoch: 7000 	 Loss: 0.4933
Epoch: 7100 	 Loss: 0.4980
Epoch: 7200 	 Loss: 0.5013
Epoch: 7300 	 Loss: 0.4850
Epoch: 7400 	 Loss: 0.5060
Epoch: 7500 	 Loss: 0.5107
Epoch: 7600 	 Loss: 0.5043
Epoch: 7700 	 Loss: 0.4875
Epoch: 7800 	 Loss: 0.4958
Epoch: 7900 	 Loss: 0.5059
Epoch: 8000 	 Loss: 0.5008
Epoch: 8100 	 Loss: 0.4980
Epoch: 8200 	 Loss: 0.5015
Epoch: 8300 	 Loss: 0.5011
Epoch: 8400 	 Loss: 0.4900
Epoch: 8500 	 Loss: 0.5020
Epoch: 8600 	 Loss: 0.4992
Epoch: 8700 	 Loss: 0.5030
Epoch: 8800 	 Loss: 0.4994
Epoch: 8900 	 Loss: 0.5088
Epoch: 9000 	 Loss: 0.5168
Epoch: 9100 	 Loss: 0.5048
Epoch: 9200 	 Loss: 0.5004
Epoch: 9300 	 Loss: 0.5004
Epoch: 9400 	 Loss: 0.5001
Epoch: 9500 	 Loss: 0.5061
Epoch: 9600 	 Loss: 0.5078
Epoch: 9700 	 Loss: 0.5000
Epoch: 9800 	 Loss: 0.5020
Epoch: 9900 	 Loss: 0.4979
Epoch: 10000 	 Loss: 0.5025
Epoch: 10100 	 Loss: 0.5035
Epoch: 10200 	 Loss: 0.4995
Epoch: 10300 	 Loss: 0.4987
Epoch: 10400 	 Loss: 0.5038
Epoch: 10500 	 Loss: 0.4948
Epoch: 10600 	 Loss: 0.4968
Epoch: 10700 	 Loss: 0.4972
Epoch: 10800 	 Loss: 0.4907
Epoch: 10900 	 Loss: 0.4994
Epoch: 11000 	 Loss: 0.5020
Epoch: 11100 	 Loss: 0.4928
Epoch: 11200 	 Loss: 0.4981
Epoch: 11300 	 Loss: 0.5031
Epoch: 11400 	 Loss: 0.4931
Epoch: 11500 	 Loss: 0.4990
Epoch: 11600 	 Loss: 0.5000
Epoch: 11700 	 Loss: 0.4999
Epoch: 11800 	 Loss: 0.5003
Epoch: 11900 	 Loss: 0.4975
Epoch: 12000 	 Loss: 0.4989
Epoch: 12100 	 Loss: 0.5045
Epoch: 12200 	 Loss: 0.5020
Epoch: 12300 	 Loss: 0.4995
Epoch: 12400 	 Loss: 0.5005
Epoch: 12500 	 Loss: 0.5104
Epoch: 12600 	 Loss: 0.4900
Epoch: 12700 	 Loss: 0.4954
Epoch: 12800 	 Loss: 0.5019
Epoch: 12900 	 Loss: 0.4903
Epoch: 13000 	 Loss: 0.4969
Epoch: 13100 	 Loss: 0.5045
Epoch: 13200 	 Loss: 0.4901
Epoch: 13300 	 Loss: 0.4977
Epoch: 13400 	 Loss: 0.4969
Epoch: 13500 	 Loss: 0.5012
Epoch: 13600 	 Loss: 0.5040
Epoch: 13700 	 Loss: 0.4994
Epoch: 13800 	 Loss: 0.4995
Epoch: 13900 	 Loss: 0.4997
Epoch: 14000 	 Loss: 0.4996
Epoch: 14100 	 Loss: 0.4966
Epoch: 14200 	 Loss: 0.5000
Epoch: 14300 	 Loss: 0.5054
Epoch: 14400 	 Loss: 0.5012
Epoch: 14500 	 Loss: 0.5017
Epoch: 14600 	 Loss: 0.4965
Epoch: 14700 	 Loss: 0.4923
Epoch: 14800 	 Loss: 0.4979
Epoch: 14900 	 Loss: 0.4943
Epoch: 15000 	 Loss: 0.5011
Epoch: 15100 	 Loss: 0.5021
Epoch: 15200 	 Loss: 0.5108
Epoch: 15300 	 Loss: 0.4989
Epoch: 15400 	 Loss: 0.4976
Epoch: 15500 	 Loss: 0.4960
Epoch: 15600 	 Loss: 0.4928
Epoch: 15700 	 Loss: 0.4958
Epoch: 15800 	 Loss: 0.5059
Epoch: 15900 	 Loss: 0.4966
Epoch: 16000 	 Loss: 0.5050
Epoch: 16100 	 Loss: 0.4970
Epoch: 16200 	 Loss: 0.5044
Epoch: 16300 	 Loss: 0.5041
Epoch: 16400 	 Loss: 0.4994
Epoch: 16500 	 Loss: 0.4910
Epoch: 100 	 Loss: -16.1291
Epoch: 200 	 Loss: -16.6219
Epoch: 300 	 Loss: -16.6151
Epoch: 400 	 Loss: -16.5242
Epoch: 500 	 Loss: -15.8718
Epoch: 600 	 Loss: -16.4770
Epoch: 700 	 Loss: -16.3399
Epoch: 800 	 Loss: -16.2779
Epoch: 900 	 Loss: -16.4414
Epoch: 1000 	 Loss: -16.4259
Epoch: 1100 	 Loss: -16.4387
Epoch: 1200 	 Loss: -16.4248
Epoch: 1300 	 Loss: -16.3778
Epoch: 1400 	 Loss: -16.1417
Epoch: 1500 	 Loss: -16.3640
Epoch: 1600 	 Loss: -16.0359
Epoch: 1700 	 Loss: -15.6037
Epoch: 1800 	 Loss: -11.1336
Epoch: 1900 	 Loss: -10.8771
Epoch: 2000 	 Loss: -10.3615
Epoch: 2100 	 Loss: -10.4556
Epoch: 2200 	 Loss: -10.1117
Epoch: 2300 	 Loss: -11.1385
Epoch: 2400 	 Loss: -10.7162
Epoch: 2500 	 Loss: -10.2269
Epoch: 2600 	 Loss: -10.4850
Epoch: 2700 	 Loss: -11.0350
Epoch: 2800 	 Loss: -10.8954
Epoch: 2900 	 Loss: -11.2976
Epoch: 3000 	 Loss: -10.3673
Epoch: 3100 	 Loss: -10.8971
Epoch: 3200 	 Loss: -10.9279
Epoch: 3300 	 Loss: -11.1762
Epoch: 3400 	 Loss: -10.9754
Epoch: 3500 	 Loss: -10.4258
Epoch: 3600 	 Loss: -10.8257
Epoch: 3700 	 Loss: -11.0468
Epoch: 3800 	 Loss: -11.9261
Epoch: 3900 	 Loss: -10.9985
Epoch: 4000 	 Loss: -11.2820
Epoch: 4100 	 Loss: -11.6023
Epoch: 4200 	 Loss: -11.2809
Epoch: 4300 	 Loss: -11.3783
Epoch: 4400 	 Loss: -11.0186
Epoch: 4500 	 Loss: -11.7819
Epoch: 4600 	 Loss: -11.3290
Epoch: 4700 	 Loss: -11.1377
Epoch: 4800 	 Loss: -11.4004
Epoch: 4900 	 Loss: -11.1380
Epoch: 5000 	 Loss: -11.0445
Epoch: 5100 	 Loss: -11.0339
Epoch: 5200 	 Loss: -11.4844
Epoch: 5300 	 Loss: -11.6322
Epoch: 5400 	 Loss: -11.4481
Epoch: 5500 	 Loss: -11.0820
Epoch: 5600 	 Loss: -11.2417
Epoch: 5700 	 Loss: -11.1046
Epoch: 5800 	 Loss: -10.8689
Epoch: 5900 	 Loss: -11.9478
Epoch: 6000 	 Loss: -10.8791
Epoch: 6100 	 Loss: -11.4355
Epoch: 6200 	 Loss: -11.1494
Epoch: 6300 	 Loss: -11.5426
Epoch: 6400 	 Loss: -10.7371
Epoch: 6500 	 Loss: -11.1112
Epoch: 6600 	 Loss: -11.1943
Epoch: 6700 	 Loss: -11.4729
Epoch: 6800 	 Loss: -11.1934
Epoch: 6900 	 Loss: -10.6392
Epoch: 7000 	 Loss: -11.6305
Epoch: 7100 	 Loss: -10.4334
Epoch: 7200 	 Loss: -10.6608
Epoch: 7300 	 Loss: -10.7821
Epoch: 7400 	 Loss: -10.5251
Epoch: 7500 	 Loss: -10.5892
Epoch: 7600 	 Loss: -10.9195
Epoch: 7700 	 Loss: -10.2787
Epoch: 7800 	 Loss: -10.9225
Epoch: 7900 	 Loss: -10.6288
Epoch: 8000 	 Loss: -10.2975
Epoch: 8100 	 Loss: -10.6860
Epoch: 8200 	 Loss: -10.2158
Epoch: 8300 	 Loss: -10.8810
Epoch: 8400 	 Loss: -10.1015
Epoch: 8500 	 Loss: -10.7715
Epoch: 8600 	 Loss: -10.2103
Epoch: 8700 	 Loss: -10.4858
Epoch: 8800 	 Loss: -10.4425
Epoch: 8900 	 Loss: -10.5354
Epoch: 9000 	 Loss: -10.5577
Epoch: 9100 	 Loss: -10.5483
Epoch: 9200 	 Loss: -10.7161
Epoch: 9300 	 Loss: -10.8055
Epoch: 9400 	 Loss: -10.8905
Epoch: 9500 	 Loss: -10.8144
Epoch: 9600 	 Loss: -10.7132
Epoch: 9700 	 Loss: -11.1428
Epoch: 9800 	 Loss: -11.2111
Epoch: 9900 	 Loss: -11.7295
Epoch: 10000 	 Loss: -11.3204
Epoch: 10100 	 Loss: -11.7105
Epoch: 10200 	 Loss: -10.4866
Epoch: 10300 	 Loss: -11.0823
Epoch: 10400 	 Loss: -11.6800
Epoch: 10500 	 Loss: -12.5338
Epoch: 10600 	 Loss: -11.9074
Epoch: 10700 	 Loss: -12.2921
Epoch: 10800 	 Loss: -11.6935
Epoch: 10900 	 Loss: -11.6989
Epoch: 11000 	 Loss: -11.4057
Epoch: 11100 	 Loss: -10.8768
Epoch: 11200 	 Loss: -12.2400
Epoch: 11300 	 Loss: -12.0924
Epoch: 11400 	 Loss: -11.7067
Epoch: 11500 	 Loss: -11.6963
Epoch: 11600 	 Loss: -11.6990
Epoch: 11700 	 Loss: -12.3064
Epoch: 11800 	 Loss: -12.3635
Epoch: 11900 	 Loss: -11.0675
Epoch: 12000 	 Loss: -11.0173
Epoch: 12100 	 Loss: -12.0893
Epoch: 12200 	 Loss: -11.8577
Epoch: 12300 	 Loss: -11.7623
Epoch: 12400 	 Loss: -11.9109
Epoch: 12500 	 Loss: -11.1198
Epoch: 12600 	 Loss: -11.1567
Epoch: 12700 	 Loss: -10.9671
Epoch: 12800 	 Loss: -11.6535
Epoch: 12900 	 Loss: -11.8431
Epoch: 13000 	 Loss: -11.7625
Epoch: 13100 	 Loss: -11.7186
Epoch: 13200 	 Loss: -10.9531
Epoch: 13300 	 Loss: -10.8426
Epoch: 13400 	 Loss: -11.5087
Epoch: 13500 	 Loss: -10.6396
Epoch: 13600 	 Loss: -11.4207
Epoch: 13700 	 Loss: -10.6792
Epoch: 13800 	 Loss: -11.4197
Epoch: 13900 	 Loss: -10.3970
Epoch: 14000 	 Loss: -10.7852
Epoch: 14100 	 Loss: -10.7771
Epoch: 14200 	 Loss: -9.9496
Epoch: 14300 	 Loss: -10.4161
Epoch: 14400 	 Loss: -10.7797
Epoch: 14500 	 Loss: -9.9145
Epoch: 14600 	 Loss: -9.8766
Epoch: 14700 	 Loss: -9.7391
Epoch: 14800 	 Loss: -9.6018
Epoch: 14900 	 Loss: -9.9252
Epoch: 15000 	 Loss: -10.0498
Epoch: 15100 	 Loss: -9.8242
Epoch: 15200 	 Loss: -10.2138
Epoch: 15300 	 Loss: -9.3885
Epoch: 15400 	 Loss: -9.5388
Epoch: 15500 	 Loss: -10.4257
Epoch: 15600 	 Loss: -9.0256
Epoch: 15700 	 Loss: -10.3891
Epoch: 15800 	 Loss: -9.9786
Epoch: 15900 	 Loss: -10.5771
Epoch: 16000 	 Loss: -9.9303
Epoch: 16100 	 Loss: -9.6911
Epoch: 16200 	 Loss: -10.2537
Epoch: 16300 	 Loss: -9.8049
Epoch: 16400 	 Loss: -10.2058
Epoch: 16500 	 Loss: -9.8006
Epoch: 16600 	 Loss: -11.2263
Epoch: 16700 	 Loss: -9.7477
Epoch: 16800 	 Loss: -10.6107
Epoch: 16900 	 Loss: -11.8773
Epoch: 17000 	 Loss: -14.6014
Epoch: 17100 	 Loss: -15.6536
Epoch: 17200 	 Loss: -16.5724
Epoch: 17300 	 Loss: -14.5398
Epoch: 17400 	 Loss: -14.6352
Epoch: 17500 	 Loss: -12.8305
Epoch: 17600 	 Loss: -13.5598
Epoch: 17700 	 Loss: -13.0531
Epoch: 17800 	 Loss: -12.0512
Epoch: 17900 	 Loss: -11.6719
Epoch: 18000 	 Loss: -11.0752
Epoch: 18100 	 Loss: -11.5069
Epoch: 18200 	 Loss: -10.3279
Epoch: 18300 	 Loss: -10.7696
Epoch: 18400 	 Loss: -9.9360
Epoch: 18500 	 Loss: -9.7796
Epoch: 18600 	 Loss: -10.3321
Epoch: 18700 	 Loss: -10.7047
Epoch: 18800 	 Loss: -9.8687
Epoch: 18900 	 Loss: -10.6356
Epoch: 19000 	 Loss: -9.1394
Epoch: 19100 	 Loss: -9.7152
Epoch: 19200 	 Loss: -10.0463
Epoch: 19300 	 Loss: -9.2458
Epoch: 19400 	 Loss: -8.4773
Epoch: 19500 	 Loss: -8.3518
Epoch: 19600 	 Loss: -7.8823
Epoch: 19700 	 Loss: -7.3707
Epoch: 19800 	 Loss: -6.8927
Epoch: 19900 	 Loss: -7.0932
Epoch: 20000 	 Loss: -7.2132
Epoch: 20100 	 Loss: -6.8804
Epoch: 20200 	 Loss: -7.0806
Epoch: 20300 	 Loss: -6.9980
Epoch: 20400 	 Loss: -6.7844
Epoch: 20500 	 Loss: -7.0127
Epoch: 20600 	 Loss: -7.0791
Epoch: 20700 	 Loss: -6.9373
Epoch: 20800 	 Loss: -6.9301
Epoch: 20900 	 Loss: -6.8133
Epoch: 21000 	 Loss: -7.2243
Epoch: 21100 	 Loss: -6.5246
Epoch: 21200 	 Loss: -7.7496
Epoch: 21300 	 Loss: -7.5655
Epoch: 21400 	 Loss: -7.7337
Epoch: 21500 	 Loss: -7.7015
Epoch: 21600 	 Loss: -7.8103
Epoch: 21700 	 Loss: -7.1721
Epoch: 21800 	 Loss: -7.4468
Epoch: 21900 	 Loss: -7.6268
Epoch: 22000 	 Loss: -8.4142
Epoch: 22100 	 Loss: -8.2339
Epoch: 22200 	 Loss: -7.1314
Epoch: 22300 	 Loss: -7.3544
Epoch: 22400 	 Loss: -7.9175
Epoch: 22500 	 Loss: -7.6662
Epoch: 22600 	 Loss: -7.8180
Epoch: 22700 	 Loss: -8.1750
Epoch: 22800 	 Loss: -7.9196
Epoch: 22900 	 Loss: -8.2928
Epoch: 23000 	 Loss: -8.8889
Epoch: 23100 	 Loss: -7.6045
Epoch: 23200 	 Loss: -8.9832
Epoch: 23300 	 Loss: -8.9170
Epoch: 23400 	 Loss: -8.7997
Epoch: 23500 	 Loss: -9.0229
Epoch: 23600 	 Loss: -9.3980
Epoch: 23700 	 Loss: -8.8725
Epoch: 23800 	 Loss: -9.4986
Epoch: 23900 	 Loss: -9.7402
Epoch: 24000 	 Loss: -9.5412
Epoch: 24100 	 Loss: -9.8798
Epoch: 24200 	 Loss: -10.4158
Epoch: 24300 	 Loss: -10.2308
Epoch: 24400 	 Loss: -10.0296
Epoch: 24500 	 Loss: -10.2604
Epoch: 24600 	 Loss: -10.0237
Epoch: 24700 	 Loss: -10.1730
Epoch: 24800 	 Loss: -10.2057
Epoch: 24900 	 Loss: -10.5721
Epoch: 25000 	 Loss: -10.7547
Epoch: 25100 	 Loss: -11.6156
Epoch: 25200 	 Loss: -10.7067
Epoch: 25300 	 Loss: -11.6227
Epoch: 25400 	 Loss: -12.3563
Epoch: 25500 	 Loss: -12.9701
Epoch: 25600 	 Loss: -12.6713
Epoch: 25700 	 Loss: -12.3180
Epoch: 25800 	 Loss: -13.0241
Epoch: 25900 	 Loss: -13.2778
Epoch: 26000 	 Loss: -12.2924
Epoch: 26100 	 Loss: -12.0927
Epoch: 26200 	 Loss: -12.7247
Epoch: 26300 	 Loss: -12.8789
Epoch: 26400 	 Loss: -12.2497
Epoch: 26500 	 Loss: -12.2934
Epoch: 26600 	 Loss: -12.0785
Epoch: 26700 	 Loss: -12.5858
Epoch: 26800 	 Loss: -12.4826
Epoch: 26900 	 Loss: -12.8871
Epoch: 27000 	 Loss: -12.4485
Epoch: 27100 	 Loss: -13.0489
Epoch: 27200 	 Loss: -12.2470
Epoch: 27300 	 Loss: -13.1805
Epoch: 27400 	 Loss: -12.5142
Epoch: 27500 	 Loss: -12.9742
Epoch: 27600 	 Loss: -12.7273
Epoch: 27700 	 Loss: -13.1116
Epoch: 27800 	 Loss: -12.9941
Epoch: 27900 	 Loss: -12.7848
Epoch: 28000 	 Loss: -12.9768
Epoch: 28100 	 Loss: -13.3926
Epoch: 28200 	 Loss: -12.7172
Epoch: 28300 	 Loss: -12.3827
Epoch: 28400 	 Loss: -12.4370
Epoch: 28500 	 Loss: -13.1863
Epoch: 28600 	 Loss: -12.9888
Epoch: 28700 	 Loss: -13.5640
Epoch: 28800 	 Loss: -13.2550
Epoch: 28900 	 Loss: -12.9267
Epoch: 29000 	 Loss: -12.3780
Epoch: 29100 	 Loss: -12.9642
Epoch: 29200 	 Loss: -12.8574
Epoch: 29300 	 Loss: -12.8175
Epoch: 29400 	 Loss: -12.4928
Epoch: 29500 	 Loss: -12.8581
Epoch: 29600 	 Loss: -13.1537
Epoch: 29700 	 Loss: -12.7452
Epoch: 29800 	 Loss: -12.6351
Epoch: 29900 	 Loss: -12.9302
Epoch: 30000 	 Loss: -13.1262
Epoch: 30100 	 Loss: -13.4734
Epoch: 30200 	 Loss: -13.5724
Epoch: 30300 	 Loss: -13.2397
Epoch: 30400 	 Loss: -12.7275
Epoch: 30500 	 Loss: -13.4110
Epoch: 30600 	 Loss: -12.6533
Epoch: 30700 	 Loss: -13.0905
Epoch: 30800 	 Loss: -13.5047
Epoch: 30900 	 Loss: -13.5914
Epoch: 31000 	 Loss: -13.5989
Epoch: 31100 	 Loss: -13.5429
Epoch: 31200 	 Loss: -12.6354
Epoch: 31300 	 Loss: -13.4904
Epoch: 31400 	 Loss: -14.2346
Epoch: 31500 	 Loss: -11.7152
Epoch: 31600 	 Loss: -11.3016
Epoch: 31700 	 Loss: -10.9572
Epoch: 31800 	 Loss: -10.9854
Epoch: 31900 	 Loss: -9.0491
Epoch: 32000 	 Loss: -8.7362
Epoch: 32100 	 Loss: -9.2563
Epoch: 32200 	 Loss: -8.4339
Epoch: 32300 	 Loss: -7.9977
Epoch: 32400 	 Loss: -7.8367
Epoch: 32500 	 Loss: -8.2991
Epoch: 32600 	 Loss: -8.8646
Epoch: 32700 	 Loss: -7.9851
Epoch: 32800 	 Loss: -8.3811
Epoch: 32900 	 Loss: -8.4134
Epoch: 33000 	 Loss: -8.5557
Epoch: 33100 	 Loss: -7.7221
Epoch: 33200 	 Loss: -7.4392
Epoch: 33300 	 Loss: -7.4556
Epoch: 33400 	 Loss: -7.7504
Epoch: 33500 	 Loss: -7.5187
